2023-10-17 21:51:17.370 UTC [1] LOG:  starting PostgreSQL 15.3 (Debian 15.3-1.pgdg120+1) on x86_64-pc-linux-gnu, compiled by gcc (Debian 12.2.0-14) 12.2.0, 64-bit
2023-10-17 21:51:17.376 UTC [1] LOG:  listening on IPv4 address "0.0.0.0", port 5432
2023-10-17 21:51:17.376 UTC [1] LOG:  listening on IPv6 address "::", port 5432
2023-10-17 21:51:17.425 UTC [1] LOG:  listening on Unix socket "/var/run/postgresql/.s.PGSQL.5432"
2023-10-17 21:51:17.528 UTC [30] LOG:  database system was interrupted; last known up at 2023-10-16 13:27:46 UTC
2023-10-17 21:51:27.542 UTC [30] LOG:  syncing data directory (pre-fsync), elapsed time: 10.00 s, current path: ./base/4/3997
2023-10-17 21:51:34.072 UTC [30] LOG:  database system was not properly shut down; automatic recovery in progress
2023-10-17 21:51:34.122 UTC [30] LOG:  redo starts at 0/ADF04D8
2023-10-17 21:51:34.123 UTC [30] LOG:  invalid record length at 0/ADF05C0: wanted 24, got 0
2023-10-17 21:51:34.123 UTC [30] LOG:  redo done at 0/ADF0588 system usage: CPU: user: 0.00 s, system: 0.00 s, elapsed: 0.00 s
2023-10-17 21:51:34.195 UTC [28] LOG:  checkpoint starting: end-of-recovery immediate wait
2023-10-17 21:51:34.269 UTC [28] LOG:  checkpoint complete: wrote 2 buffers (0.0%); 0 WAL file(s) added, 0 removed, 0 recycled; write=0.019 s, sync=0.011 s, total=0.078 s; sync files=3, longest=0.005 s, average=0.004 s; distance=0 kB, estimate=0 kB
2023-10-17 21:51:34.294 UTC [1] LOG:  database system is ready to accept connections
2023-10-17 21:53:54.892 UTC [34] LOG:  execute s1: SELECT t.typname, t.typtype, t.typelem, r.rngsubtype, t.typbasetype, n.nspname, t.typrelid
	FROM pg_catalog.pg_type t
	LEFT OUTER JOIN pg_catalog.pg_range r ON r.rngtypid = t.oid
	INNER JOIN pg_catalog.pg_namespace n ON t.typnamespace = n.oid
	WHERE t.oid = $1
	
2023-10-17 21:53:54.892 UTC [34] DETAIL:  parameters: $1 = '16537'
2023-10-17 21:53:54.904 UTC [34] LOG:  execute s2: SELECT enumlabel
	FROM pg_catalog.pg_enum
	WHERE enumtypid = $1
	ORDER BY enumsortorder
	
2023-10-17 21:53:54.904 UTC [34] DETAIL:  parameters: $1 = '16537'
2023-10-17 21:53:54.916 UTC [34] LOG:  execute s0: SELECT "public"."User"."id", "public"."User"."email", "public"."User"."password", "public"."User"."status", "public"."User"."id_departamento", "public"."User"."id_professor", "public"."User"."id_aluno" FROM "public"."User" WHERE ("public"."User"."id_aluno" = $1 OR "public"."User"."id_professor" = $2 OR "public"."User"."id_departamento" = $3) LIMIT $4 OFFSET $5
2023-10-17 21:53:54.916 UTC [34] DETAIL:  parameters: $1 = '1', $2 = '1', $3 = '1', $4 = '1', $5 = '0'
2023-10-17 21:53:54.938 UTC [34] LOG:  execute s3: SELECT "public"."Curso"."id", "public"."Curso"."nome", "public"."Curso"."id_departamento" FROM "public"."Curso" WHERE 1=1 OFFSET $1
2023-10-17 21:53:54.938 UTC [34] DETAIL:  parameters: $1 = '0'
2023-10-17 23:12:51.312 UTC [1] LOG:  received fast shutdown request
2023-10-17 23:12:51.346 UTC [1] LOG:  aborting any active transactions
2023-10-17 23:12:51.377 UTC [1] LOG:  background worker "logical replication launcher" (PID 33) exited with exit code 1
2023-10-17 23:12:51.387 UTC [28] LOG:  shutting down
2023-10-17 23:12:51.397 UTC [28] LOG:  checkpoint starting: shutdown immediate
2023-10-17 23:12:51.549 UTC [28] LOG:  checkpoint complete: wrote 0 buffers (0.0%); 0 WAL file(s) added, 0 removed, 0 recycled; write=0.057 s, sync=0.001 s, total=0.160 s; sync files=0, longest=0.000 s, average=0.000 s; distance=0 kB, estimate=0 kB
2023-10-17 23:12:51.600 UTC [1] LOG:  database system is shut down
