2023-09-06 00:00:54.241 UTC [118] LOG:  execute s1: SELECT t.typname, t.typtype, t.typelem, r.rngsubtype, t.typbasetype, n.nspname, t.typrelid
	FROM pg_catalog.pg_type t
	LEFT OUTER JOIN pg_catalog.pg_range r ON r.rngtypid = t.oid
	INNER JOIN pg_catalog.pg_namespace n ON t.typnamespace = n.oid
	WHERE t.oid = $1
	
2023-09-06 00:00:54.241 UTC [118] DETAIL:  parameters: $1 = '16537'
2023-09-06 00:00:54.251 UTC [118] LOG:  execute s2: SELECT enumlabel
	FROM pg_catalog.pg_enum
	WHERE enumtypid = $1
	ORDER BY enumsortorder
	
2023-09-06 00:00:54.251 UTC [118] DETAIL:  parameters: $1 = '16537'
2023-09-06 00:00:54.259 UTC [118] LOG:  execute s0: SELECT "public"."User"."id", "public"."User"."email", "public"."User"."password", "public"."User"."status", "public"."User"."id_departamento", "public"."User"."id_professor", "public"."User"."id_aluno" FROM "public"."User" WHERE ("public"."User"."id_aluno" = $1 OR "public"."User"."id_professor" = $2 OR "public"."User"."id_departamento" = $3) LIMIT $4 OFFSET $5
2023-09-06 00:00:54.259 UTC [118] DETAIL:  parameters: $1 = '3c39faa8-1c9d-4e0c-9118-21225f728090', $2 = '3c39faa8-1c9d-4e0c-9118-21225f728090', $3 = '999999999', $4 = '1', $5 = '0'
2023-09-06 00:01:04.023 UTC [118] LOG:  execute s0: SELECT "public"."User"."id", "public"."User"."email", "public"."User"."password", "public"."User"."status", "public"."User"."id_departamento", "public"."User"."id_professor", "public"."User"."id_aluno" FROM "public"."User" WHERE ("public"."User"."id_aluno" = $1 OR "public"."User"."id_professor" = $2 OR "public"."User"."id_departamento" = $3) LIMIT $4 OFFSET $5
2023-09-06 00:01:04.023 UTC [118] DETAIL:  parameters: $1 = '1', $2 = '1', $3 = '1', $4 = '1', $5 = '0'
2023-09-06 00:01:04.035 UTC [118] LOG:  execute s1: SELECT t.typname, t.typtype, t.typelem, r.rngsubtype, t.typbasetype, n.nspname, t.typrelid
	FROM pg_catalog.pg_type t
	LEFT OUTER JOIN pg_catalog.pg_range r ON r.rngtypid = t.oid
	INNER JOIN pg_catalog.pg_namespace n ON t.typnamespace = n.oid
	WHERE t.oid = $1
	
2023-09-06 00:01:04.035 UTC [118] DETAIL:  parameters: $1 = '16419'
2023-09-06 00:01:04.038 UTC [118] LOG:  execute s2: SELECT enumlabel
	FROM pg_catalog.pg_enum
	WHERE enumtypid = $1
	ORDER BY enumsortorder
	
2023-09-06 00:01:04.038 UTC [118] DETAIL:  parameters: $1 = '16419'
2023-09-06 00:01:04.048 UTC [118] LOG:  execute s3: SELECT "public"."Aluno"."id", "public"."Aluno"."nome", "public"."Aluno"."email", "public"."Aluno"."cpf", "public"."Aluno"."sexo", "public"."Aluno"."telefone", "public"."Aluno"."createdAt", "public"."Aluno"."id_turma", "public"."Aluno"."id_curso" FROM "public"."Aluno" WHERE 1=1 OFFSET $1
2023-09-06 00:01:04.048 UTC [118] DETAIL:  parameters: $1 = '0'
2023-09-06 00:04:15.794 UTC [122] LOG:  execute s1: SELECT t.typname, t.typtype, t.typelem, r.rngsubtype, t.typbasetype, n.nspname, t.typrelid
	FROM pg_catalog.pg_type t
	LEFT OUTER JOIN pg_catalog.pg_range r ON r.rngtypid = t.oid
	INNER JOIN pg_catalog.pg_namespace n ON t.typnamespace = n.oid
	WHERE t.oid = $1
	
2023-09-06 00:04:15.794 UTC [122] DETAIL:  parameters: $1 = '16537'
2023-09-06 00:04:15.802 UTC [122] LOG:  execute s2: SELECT enumlabel
	FROM pg_catalog.pg_enum
	WHERE enumtypid = $1
	ORDER BY enumsortorder
	
2023-09-06 00:04:15.802 UTC [122] DETAIL:  parameters: $1 = '16537'
2023-09-06 00:04:15.807 UTC [122] LOG:  execute s0: SELECT "public"."User"."id", "public"."User"."email", "public"."User"."password", "public"."User"."status", "public"."User"."id_departamento", "public"."User"."id_professor", "public"."User"."id_aluno" FROM "public"."User" WHERE ("public"."User"."id_aluno" = $1 OR "public"."User"."id_professor" = $2 OR "public"."User"."id_departamento" = $3) LIMIT $4 OFFSET $5
2023-09-06 00:04:15.807 UTC [122] DETAIL:  parameters: $1 = '1', $2 = '1', $3 = '1', $4 = '1', $5 = '0'
2023-09-06 00:04:15.815 UTC [122] LOG:  execute s1: SELECT t.typname, t.typtype, t.typelem, r.rngsubtype, t.typbasetype, n.nspname, t.typrelid
	FROM pg_catalog.pg_type t
	LEFT OUTER JOIN pg_catalog.pg_range r ON r.rngtypid = t.oid
	INNER JOIN pg_catalog.pg_namespace n ON t.typnamespace = n.oid
	WHERE t.oid = $1
	
2023-09-06 00:04:15.815 UTC [122] DETAIL:  parameters: $1 = '16419'
2023-09-06 00:04:15.817 UTC [122] LOG:  execute s2: SELECT enumlabel
	FROM pg_catalog.pg_enum
	WHERE enumtypid = $1
	ORDER BY enumsortorder
	
2023-09-06 00:04:15.817 UTC [122] DETAIL:  parameters: $1 = '16419'
2023-09-06 00:04:15.820 UTC [122] LOG:  execute s3: SELECT "public"."Aluno"."id", "public"."Aluno"."nome", "public"."Aluno"."email", "public"."Aluno"."cpf", "public"."Aluno"."sexo", "public"."Aluno"."telefone", "public"."Aluno"."createdAt", "public"."Aluno"."id_turma", "public"."Aluno"."id_curso" FROM "public"."Aluno" WHERE 1=1 OFFSET $1
2023-09-06 00:04:15.820 UTC [122] DETAIL:  parameters: $1 = '0'
2023-09-06 00:04:25.529 UTC [122] LOG:  execute s0: SELECT "public"."User"."id", "public"."User"."email", "public"."User"."password", "public"."User"."status", "public"."User"."id_departamento", "public"."User"."id_professor", "public"."User"."id_aluno" FROM "public"."User" WHERE ("public"."User"."id_aluno" = $1 OR "public"."User"."id_professor" = $2 OR "public"."User"."id_departamento" = $3) LIMIT $4 OFFSET $5
2023-09-06 00:04:25.529 UTC [122] DETAIL:  parameters: $1 = '3c39faa8-1c9d-4e0c-9118-21225f728090', $2 = '3c39faa8-1c9d-4e0c-9118-21225f728090', $3 = '999999999', $4 = '1', $5 = '0'
2023-09-06 00:06:10.555 UTC [125] LOG:  execute s1: SELECT t.typname, t.typtype, t.typelem, r.rngsubtype, t.typbasetype, n.nspname, t.typrelid
	FROM pg_catalog.pg_type t
	LEFT OUTER JOIN pg_catalog.pg_range r ON r.rngtypid = t.oid
	INNER JOIN pg_catalog.pg_namespace n ON t.typnamespace = n.oid
	WHERE t.oid = $1
	
2023-09-06 00:06:10.555 UTC [125] DETAIL:  parameters: $1 = '16537'
2023-09-06 00:06:10.563 UTC [125] LOG:  execute s2: SELECT enumlabel
	FROM pg_catalog.pg_enum
	WHERE enumtypid = $1
	ORDER BY enumsortorder
	
2023-09-06 00:06:10.563 UTC [125] DETAIL:  parameters: $1 = '16537'
2023-09-06 00:06:10.569 UTC [125] LOG:  execute s0: SELECT "public"."User"."id", "public"."User"."email", "public"."User"."password", "public"."User"."status", "public"."User"."id_departamento", "public"."User"."id_professor", "public"."User"."id_aluno" FROM "public"."User" WHERE ("public"."User"."id_aluno" = $1 OR "public"."User"."id_professor" = $2 OR "public"."User"."id_departamento" = $3) LIMIT $4 OFFSET $5
2023-09-06 00:06:10.569 UTC [125] DETAIL:  parameters: $1 = '3c39faa8-1c9d-4e0c-9118-21225f728090', $2 = '3c39faa8-1c9d-4e0c-9118-21225f728090', $3 = '999999999', $4 = '1', $5 = '0'
2023-09-06 00:06:10.592 UTC [125] LOG:  execute s1: SELECT t.typname, t.typtype, t.typelem, r.rngsubtype, t.typbasetype, n.nspname, t.typrelid
	FROM pg_catalog.pg_type t
	LEFT OUTER JOIN pg_catalog.pg_range r ON r.rngtypid = t.oid
	INNER JOIN pg_catalog.pg_namespace n ON t.typnamespace = n.oid
	WHERE t.oid = $1
	
2023-09-06 00:06:10.592 UTC [125] DETAIL:  parameters: $1 = '16419'
2023-09-06 00:06:10.594 UTC [125] LOG:  execute s2: SELECT enumlabel
	FROM pg_catalog.pg_enum
	WHERE enumtypid = $1
	ORDER BY enumsortorder
	
2023-09-06 00:06:10.594 UTC [125] DETAIL:  parameters: $1 = '16419'
2023-09-06 00:06:10.606 UTC [125] LOG:  execute s3: SELECT "public"."Aluno"."id", "public"."Aluno"."nome", "public"."Aluno"."email", "public"."Aluno"."cpf", "public"."Aluno"."sexo", "public"."Aluno"."telefone", "public"."Aluno"."createdAt", "public"."Aluno"."id_turma", "public"."Aluno"."id_curso" FROM "public"."Aluno" WHERE "public"."Aluno"."id" = $1 LIMIT $2 OFFSET $3
2023-09-06 00:06:10.606 UTC [125] DETAIL:  parameters: $1 = '3c39faa8-1c9d-4e0c-9118-21225f728090', $2 = '1', $3 = '0'
2023-09-06 00:06:10.673 UTC [125] LOG:  execute s4: SELECT "public"."AlunoProfessorCursoDisciplina"."id", "public"."AlunoProfessorCursoDisciplina"."id_aluno", "public"."AlunoProfessorCursoDisciplina"."id_professorCursoDisciplina" FROM "public"."AlunoProfessorCursoDisciplina" WHERE "public"."AlunoProfessorCursoDisciplina"."id_aluno" = $1 OFFSET $2
2023-09-06 00:06:10.673 UTC [125] DETAIL:  parameters: $1 = '3c39faa8-1c9d-4e0c-9118-21225f728090', $2 = '0'
2023-09-06 00:06:10.682 UTC [125] LOG:  statement: BEGIN
2023-09-06 00:06:10.694 UTC [125] LOG:  execute s5: SELECT "public"."AlunoProfessorCursoDisciplina"."id" FROM "public"."AlunoProfessorCursoDisciplina" WHERE ("public"."AlunoProfessorCursoDisciplina"."id_aluno" = $1 AND 1=0) OFFSET $2
2023-09-06 00:06:10.694 UTC [125] DETAIL:  parameters: $1 = '3c39faa8-1c9d-4e0c-9118-21225f728090', $2 = '0'
2023-09-06 00:06:10.698 UTC [125] LOG:  execute s6: SELECT "public"."AlunoProfessorCursoDisciplina"."id" FROM "public"."AlunoProfessorCursoDisciplina" WHERE ("public"."AlunoProfessorCursoDisciplina"."id_aluno" = $1 AND 1=0)
2023-09-06 00:06:10.698 UTC [125] DETAIL:  parameters: $1 = '3c39faa8-1c9d-4e0c-9118-21225f728090'
2023-09-06 00:06:10.701 UTC [125] LOG:  statement: COMMIT
2023-09-06 00:06:10.705 UTC [125] LOG:  execute s4: SELECT "public"."AlunoProfessorCursoDisciplina"."id", "public"."AlunoProfessorCursoDisciplina"."id_aluno", "public"."AlunoProfessorCursoDisciplina"."id_professorCursoDisciplina" FROM "public"."AlunoProfessorCursoDisciplina" WHERE "public"."AlunoProfessorCursoDisciplina"."id_aluno" = $1 OFFSET $2
2023-09-06 00:06:10.705 UTC [125] DETAIL:  parameters: $1 = '3c39faa8-1c9d-4e0c-9118-21225f728090', $2 = '0'
2023-09-06 00:06:45.552 UTC [127] LOG:  execute s1: SELECT t.typname, t.typtype, t.typelem, r.rngsubtype, t.typbasetype, n.nspname, t.typrelid
	FROM pg_catalog.pg_type t
	LEFT OUTER JOIN pg_catalog.pg_range r ON r.rngtypid = t.oid
	INNER JOIN pg_catalog.pg_namespace n ON t.typnamespace = n.oid
	WHERE t.oid = $1
	
2023-09-06 00:06:45.552 UTC [127] DETAIL:  parameters: $1 = '16537'
2023-09-06 00:06:45.560 UTC [127] LOG:  execute s2: SELECT enumlabel
	FROM pg_catalog.pg_enum
	WHERE enumtypid = $1
	ORDER BY enumsortorder
	
2023-09-06 00:06:45.560 UTC [127] DETAIL:  parameters: $1 = '16537'
2023-09-06 00:06:45.567 UTC [127] LOG:  execute s0: SELECT "public"."User"."id", "public"."User"."email", "public"."User"."password", "public"."User"."status", "public"."User"."id_departamento", "public"."User"."id_professor", "public"."User"."id_aluno" FROM "public"."User" WHERE ("public"."User"."id_aluno" = $1 OR "public"."User"."id_professor" = $2 OR "public"."User"."id_departamento" = $3) LIMIT $4 OFFSET $5
2023-09-06 00:06:45.567 UTC [127] DETAIL:  parameters: $1 = '1', $2 = '1', $3 = '1', $4 = '1', $5 = '0'
2023-09-06 00:06:45.580 UTC [127] LOG:  execute s1: SELECT t.typname, t.typtype, t.typelem, r.rngsubtype, t.typbasetype, n.nspname, t.typrelid
	FROM pg_catalog.pg_type t
	LEFT OUTER JOIN pg_catalog.pg_range r ON r.rngtypid = t.oid
	INNER JOIN pg_catalog.pg_namespace n ON t.typnamespace = n.oid
	WHERE t.oid = $1
	
2023-09-06 00:06:45.580 UTC [127] DETAIL:  parameters: $1 = '16419'
2023-09-06 00:06:45.583 UTC [127] LOG:  execute s2: SELECT enumlabel
	FROM pg_catalog.pg_enum
	WHERE enumtypid = $1
	ORDER BY enumsortorder
	
2023-09-06 00:06:45.583 UTC [127] DETAIL:  parameters: $1 = '16419'
2023-09-06 00:06:45.588 UTC [127] LOG:  execute s3: SELECT "public"."Aluno"."id", "public"."Aluno"."nome", "public"."Aluno"."email", "public"."Aluno"."cpf", "public"."Aluno"."sexo", "public"."Aluno"."telefone", "public"."Aluno"."createdAt", "public"."Aluno"."id_turma", "public"."Aluno"."id_curso" FROM "public"."Aluno" WHERE "public"."Aluno"."id" = $1 LIMIT $2 OFFSET $3
2023-09-06 00:06:45.588 UTC [127] DETAIL:  parameters: $1 = '3c39faa8-1c9d-4e0c-9118-21225f728090', $2 = '1', $3 = '0'
2023-09-06 00:06:45.595 UTC [127] LOG:  execute s4: SELECT "public"."AlunoProfessorCursoDisciplina"."id", "public"."AlunoProfessorCursoDisciplina"."id_aluno", "public"."AlunoProfessorCursoDisciplina"."id_professorCursoDisciplina" FROM "public"."AlunoProfessorCursoDisciplina" WHERE "public"."AlunoProfessorCursoDisciplina"."id_aluno" = $1 OFFSET $2
2023-09-06 00:06:45.595 UTC [127] DETAIL:  parameters: $1 = '3c39faa8-1c9d-4e0c-9118-21225f728090', $2 = '0'
2023-09-06 00:06:45.603 UTC [127] LOG:  statement: BEGIN
2023-09-06 00:06:45.606 UTC [127] LOG:  execute s5: SELECT "public"."AlunoProfessorCursoDisciplina"."id" FROM "public"."AlunoProfessorCursoDisciplina" WHERE ("public"."AlunoProfessorCursoDisciplina"."id_aluno" = $1 AND 1=0) OFFSET $2
2023-09-06 00:06:45.606 UTC [127] DETAIL:  parameters: $1 = '3c39faa8-1c9d-4e0c-9118-21225f728090', $2 = '0'
2023-09-06 00:06:45.609 UTC [127] LOG:  execute s6: SELECT "public"."AlunoProfessorCursoDisciplina"."id" FROM "public"."AlunoProfessorCursoDisciplina" WHERE ("public"."AlunoProfessorCursoDisciplina"."id_aluno" = $1 AND 1=0)
2023-09-06 00:06:45.609 UTC [127] DETAIL:  parameters: $1 = '3c39faa8-1c9d-4e0c-9118-21225f728090'
2023-09-06 00:06:45.610 UTC [127] LOG:  statement: COMMIT
2023-09-06 00:06:45.614 UTC [127] LOG:  execute s4: SELECT "public"."AlunoProfessorCursoDisciplina"."id", "public"."AlunoProfessorCursoDisciplina"."id_aluno", "public"."AlunoProfessorCursoDisciplina"."id_professorCursoDisciplina" FROM "public"."AlunoProfessorCursoDisciplina" WHERE "public"."AlunoProfessorCursoDisciplina"."id_aluno" = $1 OFFSET $2
2023-09-06 00:06:45.614 UTC [127] DETAIL:  parameters: $1 = '3c39faa8-1c9d-4e0c-9118-21225f728090', $2 = '0'
2023-09-06 00:06:52.379 UTC [127] LOG:  execute s0: SELECT "public"."User"."id", "public"."User"."email", "public"."User"."password", "public"."User"."status", "public"."User"."id_departamento", "public"."User"."id_professor", "public"."User"."id_aluno" FROM "public"."User" WHERE ("public"."User"."id_aluno" = $1 OR "public"."User"."id_professor" = $2 OR "public"."User"."id_departamento" = $3) LIMIT $4 OFFSET $5
2023-09-06 00:06:52.379 UTC [127] DETAIL:  parameters: $1 = '1', $2 = '1', $3 = '1', $4 = '1', $5 = '0'
2023-09-06 00:06:52.384 UTC [127] LOG:  execute s3: SELECT "public"."Aluno"."id", "public"."Aluno"."nome", "public"."Aluno"."email", "public"."Aluno"."cpf", "public"."Aluno"."sexo", "public"."Aluno"."telefone", "public"."Aluno"."createdAt", "public"."Aluno"."id_turma", "public"."Aluno"."id_curso" FROM "public"."Aluno" WHERE "public"."Aluno"."id" = $1 LIMIT $2 OFFSET $3
2023-09-06 00:06:52.384 UTC [127] DETAIL:  parameters: $1 = '3c39faa8-1c9d-4e0c-9118-21225f728090', $2 = '1', $3 = '0'
2023-09-06 00:06:52.388 UTC [127] LOG:  execute s4: SELECT "public"."AlunoProfessorCursoDisciplina"."id", "public"."AlunoProfessorCursoDisciplina"."id_aluno", "public"."AlunoProfessorCursoDisciplina"."id_professorCursoDisciplina" FROM "public"."AlunoProfessorCursoDisciplina" WHERE "public"."AlunoProfessorCursoDisciplina"."id_aluno" = $1 OFFSET $2
2023-09-06 00:06:52.388 UTC [127] DETAIL:  parameters: $1 = '3c39faa8-1c9d-4e0c-9118-21225f728090', $2 = '0'
2023-09-06 00:06:52.391 UTC [127] LOG:  statement: BEGIN
2023-09-06 00:06:52.393 UTC [127] LOG:  execute s5: SELECT "public"."AlunoProfessorCursoDisciplina"."id" FROM "public"."AlunoProfessorCursoDisciplina" WHERE ("public"."AlunoProfessorCursoDisciplina"."id_aluno" = $1 AND 1=0) OFFSET $2
2023-09-06 00:06:52.393 UTC [127] DETAIL:  parameters: $1 = '3c39faa8-1c9d-4e0c-9118-21225f728090', $2 = '0'
2023-09-06 00:06:52.395 UTC [127] LOG:  execute s6: SELECT "public"."AlunoProfessorCursoDisciplina"."id" FROM "public"."AlunoProfessorCursoDisciplina" WHERE ("public"."AlunoProfessorCursoDisciplina"."id_aluno" = $1 AND 1=0)
2023-09-06 00:06:52.395 UTC [127] DETAIL:  parameters: $1 = '3c39faa8-1c9d-4e0c-9118-21225f728090'
2023-09-06 00:06:52.397 UTC [127] LOG:  statement: COMMIT
2023-09-06 00:06:52.402 UTC [127] LOG:  execute s4: SELECT "public"."AlunoProfessorCursoDisciplina"."id", "public"."AlunoProfessorCursoDisciplina"."id_aluno", "public"."AlunoProfessorCursoDisciplina"."id_professorCursoDisciplina" FROM "public"."AlunoProfessorCursoDisciplina" WHERE "public"."AlunoProfessorCursoDisciplina"."id_aluno" = $1 OFFSET $2
2023-09-06 00:06:52.402 UTC [127] DETAIL:  parameters: $1 = '3c39faa8-1c9d-4e0c-9118-21225f728090', $2 = '0'
2023-09-06 00:06:53.396 UTC [127] LOG:  execute s0: SELECT "public"."User"."id", "public"."User"."email", "public"."User"."password", "public"."User"."status", "public"."User"."id_departamento", "public"."User"."id_professor", "public"."User"."id_aluno" FROM "public"."User" WHERE ("public"."User"."id_aluno" = $1 OR "public"."User"."id_professor" = $2 OR "public"."User"."id_departamento" = $3) LIMIT $4 OFFSET $5
2023-09-06 00:06:53.396 UTC [127] DETAIL:  parameters: $1 = '1', $2 = '1', $3 = '1', $4 = '1', $5 = '0'
2023-09-06 00:06:53.404 UTC [127] LOG:  execute s3: SELECT "public"."Aluno"."id", "public"."Aluno"."nome", "public"."Aluno"."email", "public"."Aluno"."cpf", "public"."Aluno"."sexo", "public"."Aluno"."telefone", "public"."Aluno"."createdAt", "public"."Aluno"."id_turma", "public"."Aluno"."id_curso" FROM "public"."Aluno" WHERE "public"."Aluno"."id" = $1 LIMIT $2 OFFSET $3
2023-09-06 00:06:53.404 UTC [127] DETAIL:  parameters: $1 = '3c39faa8-1c9d-4e0c-9118-21225f728090', $2 = '1', $3 = '0'
2023-09-06 00:06:53.408 UTC [127] LOG:  execute s4: SELECT "public"."AlunoProfessorCursoDisciplina"."id", "public"."AlunoProfessorCursoDisciplina"."id_aluno", "public"."AlunoProfessorCursoDisciplina"."id_professorCursoDisciplina" FROM "public"."AlunoProfessorCursoDisciplina" WHERE "public"."AlunoProfessorCursoDisciplina"."id_aluno" = $1 OFFSET $2
2023-09-06 00:06:53.408 UTC [127] DETAIL:  parameters: $1 = '3c39faa8-1c9d-4e0c-9118-21225f728090', $2 = '0'
2023-09-06 00:06:53.412 UTC [127] LOG:  statement: BEGIN
2023-09-06 00:06:53.415 UTC [127] LOG:  execute s5: SELECT "public"."AlunoProfessorCursoDisciplina"."id" FROM "public"."AlunoProfessorCursoDisciplina" WHERE ("public"."AlunoProfessorCursoDisciplina"."id_aluno" = $1 AND 1=0) OFFSET $2
2023-09-06 00:06:53.415 UTC [127] DETAIL:  parameters: $1 = '3c39faa8-1c9d-4e0c-9118-21225f728090', $2 = '0'
2023-09-06 00:06:53.417 UTC [127] LOG:  execute s6: SELECT "public"."AlunoProfessorCursoDisciplina"."id" FROM "public"."AlunoProfessorCursoDisciplina" WHERE ("public"."AlunoProfessorCursoDisciplina"."id_aluno" = $1 AND 1=0)
2023-09-06 00:06:53.417 UTC [127] DETAIL:  parameters: $1 = '3c39faa8-1c9d-4e0c-9118-21225f728090'
2023-09-06 00:06:53.419 UTC [127] LOG:  statement: COMMIT
2023-09-06 00:06:53.422 UTC [127] LOG:  execute s4: SELECT "public"."AlunoProfessorCursoDisciplina"."id", "public"."AlunoProfessorCursoDisciplina"."id_aluno", "public"."AlunoProfessorCursoDisciplina"."id_professorCursoDisciplina" FROM "public"."AlunoProfessorCursoDisciplina" WHERE "public"."AlunoProfessorCursoDisciplina"."id_aluno" = $1 OFFSET $2
2023-09-06 00:06:53.422 UTC [127] DETAIL:  parameters: $1 = '3c39faa8-1c9d-4e0c-9118-21225f728090', $2 = '0'
2023-09-06 00:06:54.840 UTC [127] LOG:  execute s0: SELECT "public"."User"."id", "public"."User"."email", "public"."User"."password", "public"."User"."status", "public"."User"."id_departamento", "public"."User"."id_professor", "public"."User"."id_aluno" FROM "public"."User" WHERE ("public"."User"."id_aluno" = $1 OR "public"."User"."id_professor" = $2 OR "public"."User"."id_departamento" = $3) LIMIT $4 OFFSET $5
2023-09-06 00:06:54.840 UTC [127] DETAIL:  parameters: $1 = '1', $2 = '1', $3 = '1', $4 = '1', $5 = '0'
2023-09-06 00:06:54.845 UTC [127] LOG:  execute s3: SELECT "public"."Aluno"."id", "public"."Aluno"."nome", "public"."Aluno"."email", "public"."Aluno"."cpf", "public"."Aluno"."sexo", "public"."Aluno"."telefone", "public"."Aluno"."createdAt", "public"."Aluno"."id_turma", "public"."Aluno"."id_curso" FROM "public"."Aluno" WHERE "public"."Aluno"."id" = $1 LIMIT $2 OFFSET $3
2023-09-06 00:06:54.845 UTC [127] DETAIL:  parameters: $1 = '3c39faa8-1c9d-4e0c-9118-21225f728090', $2 = '1', $3 = '0'
2023-09-06 00:06:54.850 UTC [127] LOG:  execute s4: SELECT "public"."AlunoProfessorCursoDisciplina"."id", "public"."AlunoProfessorCursoDisciplina"."id_aluno", "public"."AlunoProfessorCursoDisciplina"."id_professorCursoDisciplina" FROM "public"."AlunoProfessorCursoDisciplina" WHERE "public"."AlunoProfessorCursoDisciplina"."id_aluno" = $1 OFFSET $2
2023-09-06 00:06:54.850 UTC [127] DETAIL:  parameters: $1 = '3c39faa8-1c9d-4e0c-9118-21225f728090', $2 = '0'
2023-09-06 00:06:54.854 UTC [127] LOG:  statement: BEGIN
2023-09-06 00:06:54.856 UTC [127] LOG:  execute s5: SELECT "public"."AlunoProfessorCursoDisciplina"."id" FROM "public"."AlunoProfessorCursoDisciplina" WHERE ("public"."AlunoProfessorCursoDisciplina"."id_aluno" = $1 AND 1=0) OFFSET $2
2023-09-06 00:06:54.856 UTC [127] DETAIL:  parameters: $1 = '3c39faa8-1c9d-4e0c-9118-21225f728090', $2 = '0'
2023-09-06 00:06:54.858 UTC [127] LOG:  execute s6: SELECT "public"."AlunoProfessorCursoDisciplina"."id" FROM "public"."AlunoProfessorCursoDisciplina" WHERE ("public"."AlunoProfessorCursoDisciplina"."id_aluno" = $1 AND 1=0)
2023-09-06 00:06:54.858 UTC [127] DETAIL:  parameters: $1 = '3c39faa8-1c9d-4e0c-9118-21225f728090'
2023-09-06 00:06:54.860 UTC [127] LOG:  statement: COMMIT
2023-09-06 00:06:54.865 UTC [127] LOG:  execute s4: SELECT "public"."AlunoProfessorCursoDisciplina"."id", "public"."AlunoProfessorCursoDisciplina"."id_aluno", "public"."AlunoProfessorCursoDisciplina"."id_professorCursoDisciplina" FROM "public"."AlunoProfessorCursoDisciplina" WHERE "public"."AlunoProfessorCursoDisciplina"."id_aluno" = $1 OFFSET $2
2023-09-06 00:06:54.865 UTC [127] DETAIL:  parameters: $1 = '3c39faa8-1c9d-4e0c-9118-21225f728090', $2 = '0'
2023-09-06 00:07:14.842 UTC [127] LOG:  statement: SELECT 1
2023-09-06 00:07:14.844 UTC [127] LOG:  execute s0: SELECT "public"."User"."id", "public"."User"."email", "public"."User"."password", "public"."User"."status", "public"."User"."id_departamento", "public"."User"."id_professor", "public"."User"."id_aluno" FROM "public"."User" WHERE ("public"."User"."id_aluno" = $1 OR "public"."User"."id_professor" = $2 OR "public"."User"."id_departamento" = $3) LIMIT $4 OFFSET $5
2023-09-06 00:07:14.844 UTC [127] DETAIL:  parameters: $1 = '3c39faa8-1c9d-4e0c-9118-21225f728090', $2 = '3c39faa8-1c9d-4e0c-9118-21225f728090', $3 = '999999999', $4 = '1', $5 = '0'
2023-09-06 00:07:14.852 UTC [127] LOG:  execute s3: SELECT "public"."Aluno"."id", "public"."Aluno"."nome", "public"."Aluno"."email", "public"."Aluno"."cpf", "public"."Aluno"."sexo", "public"."Aluno"."telefone", "public"."Aluno"."createdAt", "public"."Aluno"."id_turma", "public"."Aluno"."id_curso" FROM "public"."Aluno" WHERE "public"."Aluno"."id" = $1 LIMIT $2 OFFSET $3
2023-09-06 00:07:14.852 UTC [127] DETAIL:  parameters: $1 = '3c39faa8-1c9d-4e0c-9118-21225f728090', $2 = '1', $3 = '0'
2023-09-06 00:07:14.856 UTC [127] LOG:  execute s4: SELECT "public"."AlunoProfessorCursoDisciplina"."id", "public"."AlunoProfessorCursoDisciplina"."id_aluno", "public"."AlunoProfessorCursoDisciplina"."id_professorCursoDisciplina" FROM "public"."AlunoProfessorCursoDisciplina" WHERE "public"."AlunoProfessorCursoDisciplina"."id_aluno" = $1 OFFSET $2
2023-09-06 00:07:14.856 UTC [127] DETAIL:  parameters: $1 = '3c39faa8-1c9d-4e0c-9118-21225f728090', $2 = '0'
2023-09-06 00:07:14.860 UTC [127] LOG:  statement: BEGIN
2023-09-06 00:07:14.864 UTC [127] LOG:  execute s5: SELECT "public"."AlunoProfessorCursoDisciplina"."id" FROM "public"."AlunoProfessorCursoDisciplina" WHERE ("public"."AlunoProfessorCursoDisciplina"."id_aluno" = $1 AND 1=0) OFFSET $2
2023-09-06 00:07:14.864 UTC [127] DETAIL:  parameters: $1 = '3c39faa8-1c9d-4e0c-9118-21225f728090', $2 = '0'
2023-09-06 00:07:14.866 UTC [127] LOG:  execute s6: SELECT "public"."AlunoProfessorCursoDisciplina"."id" FROM "public"."AlunoProfessorCursoDisciplina" WHERE ("public"."AlunoProfessorCursoDisciplina"."id_aluno" = $1 AND 1=0)
2023-09-06 00:07:14.866 UTC [127] DETAIL:  parameters: $1 = '3c39faa8-1c9d-4e0c-9118-21225f728090'
2023-09-06 00:07:14.868 UTC [127] LOG:  statement: COMMIT
2023-09-06 00:07:14.871 UTC [127] LOG:  execute s4: SELECT "public"."AlunoProfessorCursoDisciplina"."id", "public"."AlunoProfessorCursoDisciplina"."id_aluno", "public"."AlunoProfessorCursoDisciplina"."id_professorCursoDisciplina" FROM "public"."AlunoProfessorCursoDisciplina" WHERE "public"."AlunoProfessorCursoDisciplina"."id_aluno" = $1 OFFSET $2
2023-09-06 00:07:14.871 UTC [127] DETAIL:  parameters: $1 = '3c39faa8-1c9d-4e0c-9118-21225f728090', $2 = '0'
2023-09-06 00:10:00.954 UTC [131] LOG:  execute s1: SELECT t.typname, t.typtype, t.typelem, r.rngsubtype, t.typbasetype, n.nspname, t.typrelid
	FROM pg_catalog.pg_type t
	LEFT OUTER JOIN pg_catalog.pg_range r ON r.rngtypid = t.oid
	INNER JOIN pg_catalog.pg_namespace n ON t.typnamespace = n.oid
	WHERE t.oid = $1
	
2023-09-06 00:10:00.954 UTC [131] DETAIL:  parameters: $1 = '16537'
2023-09-06 00:10:00.963 UTC [131] LOG:  execute s2: SELECT enumlabel
	FROM pg_catalog.pg_enum
	WHERE enumtypid = $1
	ORDER BY enumsortorder
	
2023-09-06 00:10:00.963 UTC [131] DETAIL:  parameters: $1 = '16537'
2023-09-06 00:10:00.967 UTC [131] LOG:  execute s0: SELECT "public"."User"."id", "public"."User"."email", "public"."User"."password", "public"."User"."status", "public"."User"."id_departamento", "public"."User"."id_professor", "public"."User"."id_aluno" FROM "public"."User" WHERE ("public"."User"."id_aluno" = $1 OR "public"."User"."id_professor" = $2 OR "public"."User"."id_departamento" = $3) LIMIT $4 OFFSET $5
2023-09-06 00:10:00.967 UTC [131] DETAIL:  parameters: $1 = '3c39faa8-1c9d-4e0c-9118-21225f728090', $2 = '3c39faa8-1c9d-4e0c-9118-21225f728090', $3 = '999999999', $4 = '1', $5 = '0'
2023-09-06 00:10:06.204 UTC [131] LOG:  execute s0: SELECT "public"."User"."id", "public"."User"."email", "public"."User"."password", "public"."User"."status", "public"."User"."id_departamento", "public"."User"."id_professor", "public"."User"."id_aluno" FROM "public"."User" WHERE ("public"."User"."id_aluno" = $1 OR "public"."User"."id_professor" = $2 OR "public"."User"."id_departamento" = $3) LIMIT $4 OFFSET $5
2023-09-06 00:10:06.204 UTC [131] DETAIL:  parameters: $1 = '3c39faa8-1c9d-4e0c-9118-21225f728090', $2 = '3c39faa8-1c9d-4e0c-9118-21225f728090', $3 = '999999999', $4 = '1', $5 = '0'
2023-09-06 00:10:08.374 UTC [131] LOG:  execute s0: SELECT "public"."User"."id", "public"."User"."email", "public"."User"."password", "public"."User"."status", "public"."User"."id_departamento", "public"."User"."id_professor", "public"."User"."id_aluno" FROM "public"."User" WHERE ("public"."User"."id_aluno" = $1 OR "public"."User"."id_professor" = $2 OR "public"."User"."id_departamento" = $3) LIMIT $4 OFFSET $5
2023-09-06 00:10:08.374 UTC [131] DETAIL:  parameters: $1 = '3c39faa8-1c9d-4e0c-9118-21225f728090', $2 = '3c39faa8-1c9d-4e0c-9118-21225f728090', $3 = '999999999', $4 = '1', $5 = '0'
2023-09-06 00:10:08.384 UTC [131] LOG:  execute s0: SELECT "public"."User"."id", "public"."User"."email", "public"."User"."password", "public"."User"."status", "public"."User"."id_departamento", "public"."User"."id_professor", "public"."User"."id_aluno" FROM "public"."User" WHERE ("public"."User"."id_aluno" = $1 OR "public"."User"."id_professor" = $2 OR "public"."User"."id_departamento" = $3) LIMIT $4 OFFSET $5
2023-09-06 00:10:08.384 UTC [131] DETAIL:  parameters: $1 = '3c39faa8-1c9d-4e0c-9118-21225f728090', $2 = '3c39faa8-1c9d-4e0c-9118-21225f728090', $3 = '999999999', $4 = '1', $5 = '0'
2023-09-06 00:10:08.391 UTC [131] LOG:  execute s0: SELECT "public"."User"."id", "public"."User"."email", "public"."User"."password", "public"."User"."status", "public"."User"."id_departamento", "public"."User"."id_professor", "public"."User"."id_aluno" FROM "public"."User" WHERE ("public"."User"."id_aluno" = $1 OR "public"."User"."id_professor" = $2 OR "public"."User"."id_departamento" = $3) LIMIT $4 OFFSET $5
2023-09-06 00:10:08.391 UTC [131] DETAIL:  parameters: $1 = '3c39faa8-1c9d-4e0c-9118-21225f728090', $2 = '3c39faa8-1c9d-4e0c-9118-21225f728090', $3 = '999999999', $4 = '1', $5 = '0'
2023-09-06 00:10:08.409 UTC [131] LOG:  execute s0: SELECT "public"."User"."id", "public"."User"."email", "public"."User"."password", "public"."User"."status", "public"."User"."id_departamento", "public"."User"."id_professor", "public"."User"."id_aluno" FROM "public"."User" WHERE ("public"."User"."id_aluno" = $1 OR "public"."User"."id_professor" = $2 OR "public"."User"."id_departamento" = $3) LIMIT $4 OFFSET $5
2023-09-06 00:10:08.409 UTC [131] DETAIL:  parameters: $1 = '3c39faa8-1c9d-4e0c-9118-21225f728090', $2 = '3c39faa8-1c9d-4e0c-9118-21225f728090', $3 = '999999999', $4 = '1', $5 = '0'
2023-09-06 00:10:18.685 UTC [131] LOG:  statement: SELECT 1
2023-09-06 00:10:18.687 UTC [131] LOG:  execute s0: SELECT "public"."User"."id", "public"."User"."email", "public"."User"."password", "public"."User"."status", "public"."User"."id_departamento", "public"."User"."id_professor", "public"."User"."id_aluno" FROM "public"."User" WHERE ("public"."User"."id_aluno" = $1 OR "public"."User"."id_professor" = $2 OR "public"."User"."id_departamento" = $3) LIMIT $4 OFFSET $5
2023-09-06 00:10:18.687 UTC [131] DETAIL:  parameters: $1 = '1', $2 = '1', $3 = '1', $4 = '1', $5 = '0'
2023-09-06 00:10:18.701 UTC [131] LOG:  execute s1: SELECT t.typname, t.typtype, t.typelem, r.rngsubtype, t.typbasetype, n.nspname, t.typrelid
	FROM pg_catalog.pg_type t
	LEFT OUTER JOIN pg_catalog.pg_range r ON r.rngtypid = t.oid
	INNER JOIN pg_catalog.pg_namespace n ON t.typnamespace = n.oid
	WHERE t.oid = $1
	
2023-09-06 00:10:18.701 UTC [131] DETAIL:  parameters: $1 = '16419'
2023-09-06 00:10:18.703 UTC [131] LOG:  execute s2: SELECT enumlabel
	FROM pg_catalog.pg_enum
	WHERE enumtypid = $1
	ORDER BY enumsortorder
	
2023-09-06 00:10:18.703 UTC [131] DETAIL:  parameters: $1 = '16419'
2023-09-06 00:10:18.709 UTC [131] LOG:  execute s3: SELECT "public"."Aluno"."id", "public"."Aluno"."nome", "public"."Aluno"."email", "public"."Aluno"."cpf", "public"."Aluno"."sexo", "public"."Aluno"."telefone", "public"."Aluno"."createdAt", "public"."Aluno"."id_turma", "public"."Aluno"."id_curso" FROM "public"."Aluno" WHERE "public"."Aluno"."id" = $1 LIMIT $2 OFFSET $3
2023-09-06 00:10:18.709 UTC [131] DETAIL:  parameters: $1 = '3c39faa8-1c9d-4e0c-9118-21225f728090', $2 = '1', $3 = '0'
2023-09-06 00:10:18.717 UTC [131] LOG:  execute s4: SELECT "public"."AlunoProfessorCursoDisciplina"."id", "public"."AlunoProfessorCursoDisciplina"."id_aluno", "public"."AlunoProfessorCursoDisciplina"."id_professorCursoDisciplina" FROM "public"."AlunoProfessorCursoDisciplina" WHERE "public"."AlunoProfessorCursoDisciplina"."id_aluno" = $1 OFFSET $2
2023-09-06 00:10:18.717 UTC [131] DETAIL:  parameters: $1 = '3c39faa8-1c9d-4e0c-9118-21225f728090', $2 = '0'
2023-09-06 00:10:18.724 UTC [131] LOG:  statement: BEGIN
2023-09-06 00:10:18.728 UTC [131] LOG:  execute s5: SELECT "public"."AlunoProfessorCursoDisciplina"."id" FROM "public"."AlunoProfessorCursoDisciplina" WHERE ("public"."AlunoProfessorCursoDisciplina"."id_aluno" = $1 AND 1=0) OFFSET $2
2023-09-06 00:10:18.728 UTC [131] DETAIL:  parameters: $1 = '3c39faa8-1c9d-4e0c-9118-21225f728090', $2 = '0'
2023-09-06 00:10:18.730 UTC [131] LOG:  execute s6: SELECT "public"."AlunoProfessorCursoDisciplina"."id" FROM "public"."AlunoProfessorCursoDisciplina" WHERE ("public"."AlunoProfessorCursoDisciplina"."id_aluno" = $1 AND 1=0)
2023-09-06 00:10:18.730 UTC [131] DETAIL:  parameters: $1 = '3c39faa8-1c9d-4e0c-9118-21225f728090'
2023-09-06 00:10:18.732 UTC [131] LOG:  statement: COMMIT
2023-09-06 00:10:18.736 UTC [131] LOG:  execute s4: SELECT "public"."AlunoProfessorCursoDisciplina"."id", "public"."AlunoProfessorCursoDisciplina"."id_aluno", "public"."AlunoProfessorCursoDisciplina"."id_professorCursoDisciplina" FROM "public"."AlunoProfessorCursoDisciplina" WHERE "public"."AlunoProfessorCursoDisciplina"."id_aluno" = $1 OFFSET $2
2023-09-06 00:10:18.736 UTC [131] DETAIL:  parameters: $1 = '3c39faa8-1c9d-4e0c-9118-21225f728090', $2 = '0'
2023-09-06 00:10:23.420 UTC [131] LOG:  execute s7: SELECT "public"."User"."id", "public"."User"."email", "public"."User"."password", "public"."User"."status", "public"."User"."id_departamento", "public"."User"."id_professor", "public"."User"."id_aluno" FROM "public"."User" WHERE "public"."User"."email" = $1 LIMIT $2 OFFSET $3
2023-09-06 00:10:23.420 UTC [131] DETAIL:  parameters: $1 = 'jhon_italo@gmail.com', $2 = '1', $3 = '0'
2023-09-06 00:10:32.149 UTC [131] LOG:  execute s0: SELECT "public"."User"."id", "public"."User"."email", "public"."User"."password", "public"."User"."status", "public"."User"."id_departamento", "public"."User"."id_professor", "public"."User"."id_aluno" FROM "public"."User" WHERE ("public"."User"."id_aluno" = $1 OR "public"."User"."id_professor" = $2 OR "public"."User"."id_departamento" = $3) LIMIT $4 OFFSET $5
2023-09-06 00:10:32.149 UTC [131] DETAIL:  parameters: $1 = '3c39faa8-1c9d-4e0c-9118-21225f728090', $2 = '3c39faa8-1c9d-4e0c-9118-21225f728090', $3 = '999999999', $4 = '1', $5 = '0'
2023-09-06 00:11:10.623 UTC [133] LOG:  execute s1: SELECT t.typname, t.typtype, t.typelem, r.rngsubtype, t.typbasetype, n.nspname, t.typrelid
	FROM pg_catalog.pg_type t
	LEFT OUTER JOIN pg_catalog.pg_range r ON r.rngtypid = t.oid
	INNER JOIN pg_catalog.pg_namespace n ON t.typnamespace = n.oid
	WHERE t.oid = $1
	
2023-09-06 00:11:10.623 UTC [133] DETAIL:  parameters: $1 = '16537'
2023-09-06 00:11:10.633 UTC [133] LOG:  execute s2: SELECT enumlabel
	FROM pg_catalog.pg_enum
	WHERE enumtypid = $1
	ORDER BY enumsortorder
	
2023-09-06 00:11:10.633 UTC [133] DETAIL:  parameters: $1 = '16537'
2023-09-06 00:11:10.638 UTC [133] LOG:  execute s0: SELECT "public"."User"."id", "public"."User"."email", "public"."User"."password", "public"."User"."status", "public"."User"."id_departamento", "public"."User"."id_professor", "public"."User"."id_aluno" FROM "public"."User" WHERE ("public"."User"."id_aluno" = $1 OR "public"."User"."id_professor" = $2 OR "public"."User"."id_departamento" = $3) LIMIT $4 OFFSET $5
2023-09-06 00:11:10.638 UTC [133] DETAIL:  parameters: $1 = '3c39faa8-1c9d-4e0c-9118-21225f728090', $2 = '3c39faa8-1c9d-4e0c-9118-21225f728090', $3 = '999999999', $4 = '1', $5 = '0'
2023-09-06 00:11:29.491 UTC [135] LOG:  execute s1: SELECT t.typname, t.typtype, t.typelem, r.rngsubtype, t.typbasetype, n.nspname, t.typrelid
	FROM pg_catalog.pg_type t
	LEFT OUTER JOIN pg_catalog.pg_range r ON r.rngtypid = t.oid
	INNER JOIN pg_catalog.pg_namespace n ON t.typnamespace = n.oid
	WHERE t.oid = $1
	
2023-09-06 00:11:29.491 UTC [135] DETAIL:  parameters: $1 = '16537'
2023-09-06 00:11:29.502 UTC [135] LOG:  execute s2: SELECT enumlabel
	FROM pg_catalog.pg_enum
	WHERE enumtypid = $1
	ORDER BY enumsortorder
	
2023-09-06 00:11:29.502 UTC [135] DETAIL:  parameters: $1 = '16537'
2023-09-06 00:11:29.508 UTC [135] LOG:  execute s0: SELECT "public"."User"."id", "public"."User"."email", "public"."User"."password", "public"."User"."status", "public"."User"."id_departamento", "public"."User"."id_professor", "public"."User"."id_aluno" FROM "public"."User" WHERE ("public"."User"."id_aluno" = $1 OR "public"."User"."id_professor" = $2 OR "public"."User"."id_departamento" = $3) LIMIT $4 OFFSET $5
2023-09-06 00:11:29.508 UTC [135] DETAIL:  parameters: $1 = '3c39faa8-1c9d-4e0c-9118-21225f728090', $2 = '3c39faa8-1c9d-4e0c-9118-21225f728090', $3 = '999999999', $4 = '1', $5 = '0'
2023-09-06 00:11:32.137 UTC [135] LOG:  execute s0: SELECT "public"."User"."id", "public"."User"."email", "public"."User"."password", "public"."User"."status", "public"."User"."id_departamento", "public"."User"."id_professor", "public"."User"."id_aluno" FROM "public"."User" WHERE ("public"."User"."id_aluno" = $1 OR "public"."User"."id_professor" = $2 OR "public"."User"."id_departamento" = $3) LIMIT $4 OFFSET $5
2023-09-06 00:11:32.137 UTC [135] DETAIL:  parameters: $1 = '3c39faa8-1c9d-4e0c-9118-21225f728090', $2 = '3c39faa8-1c9d-4e0c-9118-21225f728090', $3 = '999999999', $4 = '1', $5 = '0'
2023-09-06 00:11:43.297 UTC [135] LOG:  execute s0: SELECT "public"."User"."id", "public"."User"."email", "public"."User"."password", "public"."User"."status", "public"."User"."id_departamento", "public"."User"."id_professor", "public"."User"."id_aluno" FROM "public"."User" WHERE ("public"."User"."id_aluno" = $1 OR "public"."User"."id_professor" = $2 OR "public"."User"."id_departamento" = $3) LIMIT $4 OFFSET $5
2023-09-06 00:11:43.297 UTC [135] DETAIL:  parameters: $1 = '1', $2 = '1', $3 = '1', $4 = '1', $5 = '0'
2023-09-06 00:11:43.308 UTC [135] LOG:  execute s1: SELECT t.typname, t.typtype, t.typelem, r.rngsubtype, t.typbasetype, n.nspname, t.typrelid
	FROM pg_catalog.pg_type t
	LEFT OUTER JOIN pg_catalog.pg_range r ON r.rngtypid = t.oid
	INNER JOIN pg_catalog.pg_namespace n ON t.typnamespace = n.oid
	WHERE t.oid = $1
	
2023-09-06 00:11:43.308 UTC [135] DETAIL:  parameters: $1 = '16419'
2023-09-06 00:11:43.311 UTC [135] LOG:  execute s2: SELECT enumlabel
	FROM pg_catalog.pg_enum
	WHERE enumtypid = $1
	ORDER BY enumsortorder
	
2023-09-06 00:11:43.311 UTC [135] DETAIL:  parameters: $1 = '16419'
2023-09-06 00:11:43.315 UTC [135] LOG:  execute s3: SELECT "public"."Aluno"."id", "public"."Aluno"."nome", "public"."Aluno"."email", "public"."Aluno"."cpf", "public"."Aluno"."sexo", "public"."Aluno"."telefone", "public"."Aluno"."createdAt", "public"."Aluno"."id_turma", "public"."Aluno"."id_curso" FROM "public"."Aluno" WHERE "public"."Aluno"."id" = $1 LIMIT $2 OFFSET $3
2023-09-06 00:11:43.315 UTC [135] DETAIL:  parameters: $1 = '3c39faa8-1c9d-4e0c-9118-21225f728090', $2 = '1', $3 = '0'
2023-09-06 00:11:43.323 UTC [135] LOG:  execute s4: SELECT "public"."AlunoProfessorCursoDisciplina"."id", "public"."AlunoProfessorCursoDisciplina"."id_aluno", "public"."AlunoProfessorCursoDisciplina"."id_professorCursoDisciplina" FROM "public"."AlunoProfessorCursoDisciplina" WHERE "public"."AlunoProfessorCursoDisciplina"."id_aluno" = $1 OFFSET $2
2023-09-06 00:11:43.323 UTC [135] DETAIL:  parameters: $1 = '3c39faa8-1c9d-4e0c-9118-21225f728090', $2 = '0'
2023-09-06 00:11:43.330 UTC [135] LOG:  statement: BEGIN
2023-09-06 00:11:43.334 UTC [135] LOG:  execute s5: SELECT "public"."AlunoProfessorCursoDisciplina"."id" FROM "public"."AlunoProfessorCursoDisciplina" WHERE ("public"."AlunoProfessorCursoDisciplina"."id_aluno" = $1 AND 1=0) OFFSET $2
2023-09-06 00:11:43.334 UTC [135] DETAIL:  parameters: $1 = '3c39faa8-1c9d-4e0c-9118-21225f728090', $2 = '0'
2023-09-06 00:11:43.338 UTC [135] LOG:  execute s6: SELECT "public"."AlunoProfessorCursoDisciplina"."id" FROM "public"."AlunoProfessorCursoDisciplina" WHERE ("public"."AlunoProfessorCursoDisciplina"."id_aluno" = $1 AND 1=0)
2023-09-06 00:11:43.338 UTC [135] DETAIL:  parameters: $1 = '3c39faa8-1c9d-4e0c-9118-21225f728090'
2023-09-06 00:11:43.339 UTC [135] LOG:  statement: COMMIT
2023-09-06 00:11:43.344 UTC [135] LOG:  execute s4: SELECT "public"."AlunoProfessorCursoDisciplina"."id", "public"."AlunoProfessorCursoDisciplina"."id_aluno", "public"."AlunoProfessorCursoDisciplina"."id_professorCursoDisciplina" FROM "public"."AlunoProfessorCursoDisciplina" WHERE "public"."AlunoProfessorCursoDisciplina"."id_aluno" = $1 OFFSET $2
2023-09-06 00:11:43.344 UTC [135] DETAIL:  parameters: $1 = '3c39faa8-1c9d-4e0c-9118-21225f728090', $2 = '0'
2023-09-06 00:11:56.062 UTC [135] LOG:  statement: SELECT 1
2023-09-06 00:11:56.064 UTC [135] LOG:  execute s0: SELECT "public"."User"."id", "public"."User"."email", "public"."User"."password", "public"."User"."status", "public"."User"."id_departamento", "public"."User"."id_professor", "public"."User"."id_aluno" FROM "public"."User" WHERE ("public"."User"."id_aluno" = $1 OR "public"."User"."id_professor" = $2 OR "public"."User"."id_departamento" = $3) LIMIT $4 OFFSET $5
2023-09-06 00:11:56.064 UTC [135] DETAIL:  parameters: $1 = '3c39faa8-1c9d-4e0c-9118-21225f728090', $2 = '3c39faa8-1c9d-4e0c-9118-21225f728090', $3 = '999999999', $4 = '1', $5 = '0'
