2023-10-09 14:13:45.454 UTC [1] LOG:  starting PostgreSQL 15.3 (Debian 15.3-1.pgdg120+1) on x86_64-pc-linux-gnu, compiled by gcc (Debian 12.2.0-14) 12.2.0, 64-bit
2023-10-09 14:13:45.456 UTC [1] LOG:  listening on IPv4 address "0.0.0.0", port 5432
2023-10-09 14:13:45.456 UTC [1] LOG:  listening on IPv6 address "::", port 5432
2023-10-09 14:13:45.489 UTC [1] LOG:  listening on Unix socket "/var/run/postgresql/.s.PGSQL.5432"
2023-10-09 14:13:45.565 UTC [30] LOG:  database system was interrupted; last known up at 2023-09-19 22:25:19 UTC
2023-10-09 14:13:55.577 UTC [30] LOG:  syncing data directory (pre-fsync), elapsed time: 10.00 s, current path: ./base/16384/36238
2023-10-09 14:14:05.585 UTC [30] LOG:  syncing data directory (pre-fsync), elapsed time: 20.01 s, current path: ./log/postgresql-2023-07-05_182129.log
2023-10-09 14:14:18.334 UTC [30] LOG:  syncing data directory (fsync), elapsed time: 10.07 s, current path: ./base/16384/PG_VERSION
2023-10-09 14:14:21.299 UTC [30] LOG:  database system was not properly shut down; automatic recovery in progress
2023-10-09 14:14:21.386 UTC [30] LOG:  redo starts at 0/AD9E118
2023-10-09 14:14:21.387 UTC [30] LOG:  invalid record length at 0/AD9E200: wanted 24, got 0
2023-10-09 14:14:21.387 UTC [30] LOG:  redo done at 0/AD9E1C8 system usage: CPU: user: 0.00 s, system: 0.00 s, elapsed: 0.00 s
2023-10-09 14:14:21.501 UTC [28] LOG:  checkpoint starting: end-of-recovery immediate wait
2023-10-09 14:14:21.803 UTC [28] LOG:  checkpoint complete: wrote 2 buffers (0.0%); 0 WAL file(s) added, 0 removed, 0 recycled; write=0.021 s, sync=0.015 s, total=0.307 s; sync files=3, longest=0.006 s, average=0.005 s; distance=0 kB, estimate=0 kB
2023-10-09 14:14:21.906 UTC [1] LOG:  database system is ready to accept connections
2023-10-09 15:08:35.834 UTC [34] LOG:  execute s1: SELECT t.typname, t.typtype, t.typelem, r.rngsubtype, t.typbasetype, n.nspname, t.typrelid
	FROM pg_catalog.pg_type t
	LEFT OUTER JOIN pg_catalog.pg_range r ON r.rngtypid = t.oid
	INNER JOIN pg_catalog.pg_namespace n ON t.typnamespace = n.oid
	WHERE t.oid = $1
	
2023-10-09 15:08:35.834 UTC [34] DETAIL:  parameters: $1 = '16537'
2023-10-09 15:08:35.853 UTC [34] LOG:  execute s2: SELECT enumlabel
	FROM pg_catalog.pg_enum
	WHERE enumtypid = $1
	ORDER BY enumsortorder
	
2023-10-09 15:08:35.853 UTC [34] DETAIL:  parameters: $1 = '16537'
2023-10-09 15:08:35.867 UTC [34] LOG:  execute s0: SELECT "public"."User"."id", "public"."User"."email", "public"."User"."password", "public"."User"."status", "public"."User"."id_departamento", "public"."User"."id_professor", "public"."User"."id_aluno" FROM "public"."User" WHERE "public"."User"."email" = $1 LIMIT $2 OFFSET $3
2023-10-09 15:08:35.867 UTC [34] DETAIL:  parameters: $1 = 'ifce@gmail.com', $2 = '1', $3 = '0'
2023-10-09 15:08:48.269 UTC [34] LOG:  execute s3: SELECT "public"."User"."id", "public"."User"."email", "public"."User"."password", "public"."User"."status", "public"."User"."id_departamento", "public"."User"."id_professor", "public"."User"."id_aluno" FROM "public"."User" WHERE ("public"."User"."id_aluno" = $1 OR "public"."User"."id_professor" = $2 OR "public"."User"."id_departamento" = $3) LIMIT $4 OFFSET $5
2023-10-09 15:08:48.269 UTC [34] DETAIL:  parameters: $1 = '1', $2 = '1', $3 = '1', $4 = '1', $5 = '0'
2023-10-09 15:08:48.302 UTC [34] LOG:  execute s1: SELECT t.typname, t.typtype, t.typelem, r.rngsubtype, t.typbasetype, n.nspname, t.typrelid
	FROM pg_catalog.pg_type t
	LEFT OUTER JOIN pg_catalog.pg_range r ON r.rngtypid = t.oid
	INNER JOIN pg_catalog.pg_namespace n ON t.typnamespace = n.oid
	WHERE t.oid = $1
	
2023-10-09 15:08:48.302 UTC [34] DETAIL:  parameters: $1 = '16419'
2023-10-09 15:08:48.303 UTC [34] LOG:  execute s2: SELECT enumlabel
	FROM pg_catalog.pg_enum
	WHERE enumtypid = $1
	ORDER BY enumsortorder
	
2023-10-09 15:08:48.303 UTC [34] DETAIL:  parameters: $1 = '16419'
2023-10-09 15:08:48.310 UTC [34] LOG:  execute s4: SELECT "public"."Aluno"."id", "public"."Aluno"."nome", "public"."Aluno"."email", "public"."Aluno"."cpf", "public"."Aluno"."sexo", "public"."Aluno"."telefone", "public"."Aluno"."createdAt", "public"."Aluno"."id_turma", "public"."Aluno"."id_curso" FROM "public"."Aluno" WHERE 1=1 OFFSET $1
2023-10-09 15:08:48.310 UTC [34] DETAIL:  parameters: $1 = '0'
2023-10-09 15:09:00.952 UTC [34] LOG:  statement: SELECT 1
2023-10-09 15:09:00.956 UTC [34] LOG:  execute s3: SELECT "public"."User"."id", "public"."User"."email", "public"."User"."password", "public"."User"."status", "public"."User"."id_departamento", "public"."User"."id_professor", "public"."User"."id_aluno" FROM "public"."User" WHERE ("public"."User"."id_aluno" = $1 OR "public"."User"."id_professor" = $2 OR "public"."User"."id_departamento" = $3) LIMIT $4 OFFSET $5
2023-10-09 15:09:00.956 UTC [34] DETAIL:  parameters: $1 = '1', $2 = '1', $3 = '1', $4 = '1', $5 = '0'
2023-10-09 15:09:00.964 UTC [34] LOG:  execute s4: SELECT "public"."Aluno"."id", "public"."Aluno"."nome", "public"."Aluno"."email", "public"."Aluno"."cpf", "public"."Aluno"."sexo", "public"."Aluno"."telefone", "public"."Aluno"."createdAt", "public"."Aluno"."id_turma", "public"."Aluno"."id_curso" FROM "public"."Aluno" WHERE 1=1 OFFSET $1
2023-10-09 15:09:00.964 UTC [34] DETAIL:  parameters: $1 = '0'
2023-10-09 15:09:05.308 UTC [34] LOG:  execute s3: SELECT "public"."User"."id", "public"."User"."email", "public"."User"."password", "public"."User"."status", "public"."User"."id_departamento", "public"."User"."id_professor", "public"."User"."id_aluno" FROM "public"."User" WHERE ("public"."User"."id_aluno" = $1 OR "public"."User"."id_professor" = $2 OR "public"."User"."id_departamento" = $3) LIMIT $4 OFFSET $5
2023-10-09 15:09:05.308 UTC [34] DETAIL:  parameters: $1 = '1', $2 = '1', $3 = '1', $4 = '1', $5 = '0'
2023-10-09 15:09:05.315 UTC [34] LOG:  execute s4: SELECT "public"."Aluno"."id", "public"."Aluno"."nome", "public"."Aluno"."email", "public"."Aluno"."cpf", "public"."Aluno"."sexo", "public"."Aluno"."telefone", "public"."Aluno"."createdAt", "public"."Aluno"."id_turma", "public"."Aluno"."id_curso" FROM "public"."Aluno" WHERE 1=1 OFFSET $1
2023-10-09 15:09:05.315 UTC [34] DETAIL:  parameters: $1 = '0'
2023-10-09 15:09:07.257 UTC [34] LOG:  execute s3: SELECT "public"."User"."id", "public"."User"."email", "public"."User"."password", "public"."User"."status", "public"."User"."id_departamento", "public"."User"."id_professor", "public"."User"."id_aluno" FROM "public"."User" WHERE ("public"."User"."id_aluno" = $1 OR "public"."User"."id_professor" = $2 OR "public"."User"."id_departamento" = $3) LIMIT $4 OFFSET $5
2023-10-09 15:09:07.257 UTC [34] DETAIL:  parameters: $1 = '1', $2 = '1', $3 = '1', $4 = '1', $5 = '0'
2023-10-09 15:09:07.264 UTC [34] LOG:  execute s4: SELECT "public"."Aluno"."id", "public"."Aluno"."nome", "public"."Aluno"."email", "public"."Aluno"."cpf", "public"."Aluno"."sexo", "public"."Aluno"."telefone", "public"."Aluno"."createdAt", "public"."Aluno"."id_turma", "public"."Aluno"."id_curso" FROM "public"."Aluno" WHERE 1=1 OFFSET $1
2023-10-09 15:09:07.264 UTC [34] DETAIL:  parameters: $1 = '0'
2023-10-09 15:09:08.988 UTC [34] LOG:  execute s3: SELECT "public"."User"."id", "public"."User"."email", "public"."User"."password", "public"."User"."status", "public"."User"."id_departamento", "public"."User"."id_professor", "public"."User"."id_aluno" FROM "public"."User" WHERE ("public"."User"."id_aluno" = $1 OR "public"."User"."id_professor" = $2 OR "public"."User"."id_departamento" = $3) LIMIT $4 OFFSET $5
2023-10-09 15:09:08.988 UTC [34] DETAIL:  parameters: $1 = '1', $2 = '1', $3 = '1', $4 = '1', $5 = '0'
2023-10-09 15:09:08.995 UTC [34] LOG:  execute s4: SELECT "public"."Aluno"."id", "public"."Aluno"."nome", "public"."Aluno"."email", "public"."Aluno"."cpf", "public"."Aluno"."sexo", "public"."Aluno"."telefone", "public"."Aluno"."createdAt", "public"."Aluno"."id_turma", "public"."Aluno"."id_curso" FROM "public"."Aluno" WHERE 1=1 OFFSET $1
2023-10-09 15:09:08.995 UTC [34] DETAIL:  parameters: $1 = '0'
2023-10-09 15:09:10.219 UTC [34] LOG:  execute s3: SELECT "public"."User"."id", "public"."User"."email", "public"."User"."password", "public"."User"."status", "public"."User"."id_departamento", "public"."User"."id_professor", "public"."User"."id_aluno" FROM "public"."User" WHERE ("public"."User"."id_aluno" = $1 OR "public"."User"."id_professor" = $2 OR "public"."User"."id_departamento" = $3) LIMIT $4 OFFSET $5
2023-10-09 15:09:10.219 UTC [34] DETAIL:  parameters: $1 = '1', $2 = '1', $3 = '1', $4 = '1', $5 = '0'
2023-10-09 15:09:10.227 UTC [34] LOG:  execute s4: SELECT "public"."Aluno"."id", "public"."Aluno"."nome", "public"."Aluno"."email", "public"."Aluno"."cpf", "public"."Aluno"."sexo", "public"."Aluno"."telefone", "public"."Aluno"."createdAt", "public"."Aluno"."id_turma", "public"."Aluno"."id_curso" FROM "public"."Aluno" WHERE 1=1 OFFSET $1
2023-10-09 15:09:10.227 UTC [34] DETAIL:  parameters: $1 = '0'
2023-10-09 15:09:11.403 UTC [34] LOG:  execute s3: SELECT "public"."User"."id", "public"."User"."email", "public"."User"."password", "public"."User"."status", "public"."User"."id_departamento", "public"."User"."id_professor", "public"."User"."id_aluno" FROM "public"."User" WHERE ("public"."User"."id_aluno" = $1 OR "public"."User"."id_professor" = $2 OR "public"."User"."id_departamento" = $3) LIMIT $4 OFFSET $5
2023-10-09 15:09:11.403 UTC [34] DETAIL:  parameters: $1 = '1', $2 = '1', $3 = '1', $4 = '1', $5 = '0'
2023-10-09 15:09:11.411 UTC [34] LOG:  execute s4: SELECT "public"."Aluno"."id", "public"."Aluno"."nome", "public"."Aluno"."email", "public"."Aluno"."cpf", "public"."Aluno"."sexo", "public"."Aluno"."telefone", "public"."Aluno"."createdAt", "public"."Aluno"."id_turma", "public"."Aluno"."id_curso" FROM "public"."Aluno" WHERE 1=1 OFFSET $1
2023-10-09 15:09:11.411 UTC [34] DETAIL:  parameters: $1 = '0'
2023-10-09 15:09:42.103 UTC [36] LOG:  execute s1: SELECT t.typname, t.typtype, t.typelem, r.rngsubtype, t.typbasetype, n.nspname, t.typrelid
	FROM pg_catalog.pg_type t
	LEFT OUTER JOIN pg_catalog.pg_range r ON r.rngtypid = t.oid
	INNER JOIN pg_catalog.pg_namespace n ON t.typnamespace = n.oid
	WHERE t.oid = $1
	
2023-10-09 15:09:42.103 UTC [36] DETAIL:  parameters: $1 = '16537'
2023-10-09 15:09:42.112 UTC [36] LOG:  execute s2: SELECT enumlabel
	FROM pg_catalog.pg_enum
	WHERE enumtypid = $1
	ORDER BY enumsortorder
	
2023-10-09 15:09:42.112 UTC [36] DETAIL:  parameters: $1 = '16537'
2023-10-09 15:09:42.120 UTC [36] LOG:  execute s0: SELECT "public"."User"."id", "public"."User"."email", "public"."User"."password", "public"."User"."status", "public"."User"."id_departamento", "public"."User"."id_professor", "public"."User"."id_aluno" FROM "public"."User" WHERE ("public"."User"."id_aluno" = $1 OR "public"."User"."id_professor" = $2 OR "public"."User"."id_departamento" = $3) LIMIT $4 OFFSET $5
2023-10-09 15:09:42.120 UTC [36] DETAIL:  parameters: $1 = '1', $2 = '1', $3 = '1', $4 = '1', $5 = '0'
2023-10-09 15:09:42.135 UTC [36] LOG:  execute s1: SELECT t.typname, t.typtype, t.typelem, r.rngsubtype, t.typbasetype, n.nspname, t.typrelid
	FROM pg_catalog.pg_type t
	LEFT OUTER JOIN pg_catalog.pg_range r ON r.rngtypid = t.oid
	INNER JOIN pg_catalog.pg_namespace n ON t.typnamespace = n.oid
	WHERE t.oid = $1
	
2023-10-09 15:09:42.135 UTC [36] DETAIL:  parameters: $1 = '16419'
2023-10-09 15:09:42.138 UTC [36] LOG:  execute s2: SELECT enumlabel
	FROM pg_catalog.pg_enum
	WHERE enumtypid = $1
	ORDER BY enumsortorder
	
2023-10-09 15:09:42.138 UTC [36] DETAIL:  parameters: $1 = '16419'
2023-10-09 15:09:42.143 UTC [36] LOG:  execute s3: SELECT "public"."Aluno"."id", "public"."Aluno"."nome", "public"."Aluno"."email", "public"."Aluno"."cpf", "public"."Aluno"."sexo", "public"."Aluno"."telefone", "public"."Aluno"."createdAt", "public"."Aluno"."id_turma", "public"."Aluno"."id_curso" FROM "public"."Aluno" WHERE 1=1 OFFSET $1
2023-10-09 15:09:42.143 UTC [36] DETAIL:  parameters: $1 = '0'
2023-10-09 15:09:45.476 UTC [36] LOG:  execute s0: SELECT "public"."User"."id", "public"."User"."email", "public"."User"."password", "public"."User"."status", "public"."User"."id_departamento", "public"."User"."id_professor", "public"."User"."id_aluno" FROM "public"."User" WHERE ("public"."User"."id_aluno" = $1 OR "public"."User"."id_professor" = $2 OR "public"."User"."id_departamento" = $3) LIMIT $4 OFFSET $5
2023-10-09 15:09:45.476 UTC [36] DETAIL:  parameters: $1 = '1', $2 = '1', $3 = '1', $4 = '1', $5 = '0'
2023-10-09 15:09:45.482 UTC [36] LOG:  execute s3: SELECT "public"."Aluno"."id", "public"."Aluno"."nome", "public"."Aluno"."email", "public"."Aluno"."cpf", "public"."Aluno"."sexo", "public"."Aluno"."telefone", "public"."Aluno"."createdAt", "public"."Aluno"."id_turma", "public"."Aluno"."id_curso" FROM "public"."Aluno" WHERE 1=1 OFFSET $1
2023-10-09 15:09:45.482 UTC [36] DETAIL:  parameters: $1 = '0'
2023-10-09 22:09:04.375 UTC [82] LOG:  execute s1: SELECT t.typname, t.typtype, t.typelem, r.rngsubtype, t.typbasetype, n.nspname, t.typrelid
	FROM pg_catalog.pg_type t
	LEFT OUTER JOIN pg_catalog.pg_range r ON r.rngtypid = t.oid
	INNER JOIN pg_catalog.pg_namespace n ON t.typnamespace = n.oid
	WHERE t.oid = $1
	
2023-10-09 22:09:04.375 UTC [82] DETAIL:  parameters: $1 = '16537'
2023-10-09 22:09:04.387 UTC [82] LOG:  execute s2: SELECT enumlabel
	FROM pg_catalog.pg_enum
	WHERE enumtypid = $1
	ORDER BY enumsortorder
	
2023-10-09 22:09:04.387 UTC [82] DETAIL:  parameters: $1 = '16537'
2023-10-09 22:09:04.396 UTC [82] LOG:  execute s0: SELECT "public"."User"."id", "public"."User"."email", "public"."User"."password", "public"."User"."status", "public"."User"."id_departamento", "public"."User"."id_professor", "public"."User"."id_aluno" FROM "public"."User" WHERE ("public"."User"."id_aluno" = $1 OR "public"."User"."id_professor" = $2 OR "public"."User"."id_departamento" = $3) LIMIT $4 OFFSET $5
2023-10-09 22:09:04.396 UTC [82] DETAIL:  parameters: $1 = '1', $2 = '1', $3 = '1', $4 = '1', $5 = '0'
2023-10-09 22:09:04.416 UTC [82] LOG:  execute s1: SELECT t.typname, t.typtype, t.typelem, r.rngsubtype, t.typbasetype, n.nspname, t.typrelid
	FROM pg_catalog.pg_type t
	LEFT OUTER JOIN pg_catalog.pg_range r ON r.rngtypid = t.oid
	INNER JOIN pg_catalog.pg_namespace n ON t.typnamespace = n.oid
	WHERE t.oid = $1
	
2023-10-09 22:09:04.416 UTC [82] DETAIL:  parameters: $1 = '16419'
2023-10-09 22:09:04.418 UTC [82] LOG:  execute s2: SELECT enumlabel
	FROM pg_catalog.pg_enum
	WHERE enumtypid = $1
	ORDER BY enumsortorder
	
2023-10-09 22:09:04.418 UTC [82] DETAIL:  parameters: $1 = '16419'
2023-10-09 22:09:04.425 UTC [82] LOG:  execute s3: SELECT "public"."Aluno"."id", "public"."Aluno"."nome", "public"."Aluno"."email", "public"."Aluno"."cpf", "public"."Aluno"."sexo", "public"."Aluno"."telefone", "public"."Aluno"."createdAt", "public"."Aluno"."id_turma", "public"."Aluno"."id_curso" FROM "public"."Aluno" WHERE 1=1 OFFSET $1
2023-10-09 22:09:04.425 UTC [82] DETAIL:  parameters: $1 = '0'
2023-10-09 22:09:13.746 UTC [82] LOG:  execute s0: SELECT "public"."User"."id", "public"."User"."email", "public"."User"."password", "public"."User"."status", "public"."User"."id_departamento", "public"."User"."id_professor", "public"."User"."id_aluno" FROM "public"."User" WHERE ("public"."User"."id_aluno" = $1 OR "public"."User"."id_professor" = $2 OR "public"."User"."id_departamento" = $3) LIMIT $4 OFFSET $5
2023-10-09 22:09:13.746 UTC [82] DETAIL:  parameters: $1 = '1', $2 = '1', $3 = '1', $4 = '1', $5 = '0'
2023-10-09 22:21:07.128 UTC [95] LOG:  execute s1: SELECT t.typname, t.typtype, t.typelem, r.rngsubtype, t.typbasetype, n.nspname, t.typrelid
	FROM pg_catalog.pg_type t
	LEFT OUTER JOIN pg_catalog.pg_range r ON r.rngtypid = t.oid
	INNER JOIN pg_catalog.pg_namespace n ON t.typnamespace = n.oid
	WHERE t.oid = $1
	
2023-10-09 22:21:07.128 UTC [95] DETAIL:  parameters: $1 = '16537'
2023-10-09 22:21:07.141 UTC [95] LOG:  execute s2: SELECT enumlabel
	FROM pg_catalog.pg_enum
	WHERE enumtypid = $1
	ORDER BY enumsortorder
	
2023-10-09 22:21:07.141 UTC [95] DETAIL:  parameters: $1 = '16537'
2023-10-09 22:21:07.147 UTC [95] LOG:  execute s0: SELECT "public"."User"."id", "public"."User"."email", "public"."User"."password", "public"."User"."status", "public"."User"."id_departamento", "public"."User"."id_professor", "public"."User"."id_aluno" FROM "public"."User" WHERE ("public"."User"."id_aluno" = $1 OR "public"."User"."id_professor" = $2 OR "public"."User"."id_departamento" = $3) LIMIT $4 OFFSET $5
2023-10-09 22:21:07.147 UTC [95] DETAIL:  parameters: $1 = '1', $2 = '1', $3 = '1', $4 = '1', $5 = '0'
2023-10-09 22:21:19.078 UTC [95] LOG:  execute s0: SELECT "public"."User"."id", "public"."User"."email", "public"."User"."password", "public"."User"."status", "public"."User"."id_departamento", "public"."User"."id_professor", "public"."User"."id_aluno" FROM "public"."User" WHERE ("public"."User"."id_aluno" = $1 OR "public"."User"."id_professor" = $2 OR "public"."User"."id_departamento" = $3) LIMIT $4 OFFSET $5
2023-10-09 22:21:19.078 UTC [95] DETAIL:  parameters: $1 = '1', $2 = '1', $3 = '1', $4 = '1', $5 = '0'
2023-10-09 22:21:23.448 UTC [95] LOG:  statement: SELECT 1
2023-10-09 22:21:23.453 UTC [95] LOG:  execute s0: SELECT "public"."User"."id", "public"."User"."email", "public"."User"."password", "public"."User"."status", "public"."User"."id_departamento", "public"."User"."id_professor", "public"."User"."id_aluno" FROM "public"."User" WHERE ("public"."User"."id_aluno" = $1 OR "public"."User"."id_professor" = $2 OR "public"."User"."id_departamento" = $3) LIMIT $4 OFFSET $5
2023-10-09 22:21:23.453 UTC [95] DETAIL:  parameters: $1 = '1', $2 = '1', $3 = '1', $4 = '1', $5 = '0'
2023-10-09 22:21:25.612 UTC [95] LOG:  execute s0: SELECT "public"."User"."id", "public"."User"."email", "public"."User"."password", "public"."User"."status", "public"."User"."id_departamento", "public"."User"."id_professor", "public"."User"."id_aluno" FROM "public"."User" WHERE ("public"."User"."id_aluno" = $1 OR "public"."User"."id_professor" = $2 OR "public"."User"."id_departamento" = $3) LIMIT $4 OFFSET $5
2023-10-09 22:21:25.612 UTC [95] DETAIL:  parameters: $1 = '1', $2 = '1', $3 = '1', $4 = '1', $5 = '0'
2023-10-09 22:21:27.143 UTC [95] LOG:  execute s0: SELECT "public"."User"."id", "public"."User"."email", "public"."User"."password", "public"."User"."status", "public"."User"."id_departamento", "public"."User"."id_professor", "public"."User"."id_aluno" FROM "public"."User" WHERE ("public"."User"."id_aluno" = $1 OR "public"."User"."id_professor" = $2 OR "public"."User"."id_departamento" = $3) LIMIT $4 OFFSET $5
2023-10-09 22:21:27.143 UTC [95] DETAIL:  parameters: $1 = '1', $2 = '1', $3 = '1', $4 = '1', $5 = '0'
2023-10-09 22:21:28.550 UTC [95] LOG:  execute s0: SELECT "public"."User"."id", "public"."User"."email", "public"."User"."password", "public"."User"."status", "public"."User"."id_departamento", "public"."User"."id_professor", "public"."User"."id_aluno" FROM "public"."User" WHERE ("public"."User"."id_aluno" = $1 OR "public"."User"."id_professor" = $2 OR "public"."User"."id_departamento" = $3) LIMIT $4 OFFSET $5
2023-10-09 22:21:28.550 UTC [95] DETAIL:  parameters: $1 = '1', $2 = '1', $3 = '1', $4 = '1', $5 = '0'
2023-10-09 22:21:29.827 UTC [95] LOG:  execute s0: SELECT "public"."User"."id", "public"."User"."email", "public"."User"."password", "public"."User"."status", "public"."User"."id_departamento", "public"."User"."id_professor", "public"."User"."id_aluno" FROM "public"."User" WHERE ("public"."User"."id_aluno" = $1 OR "public"."User"."id_professor" = $2 OR "public"."User"."id_departamento" = $3) LIMIT $4 OFFSET $5
2023-10-09 22:21:29.827 UTC [95] DETAIL:  parameters: $1 = '1', $2 = '1', $3 = '1', $4 = '1', $5 = '0'
2023-10-09 22:21:31.258 UTC [95] LOG:  execute s0: SELECT "public"."User"."id", "public"."User"."email", "public"."User"."password", "public"."User"."status", "public"."User"."id_departamento", "public"."User"."id_professor", "public"."User"."id_aluno" FROM "public"."User" WHERE ("public"."User"."id_aluno" = $1 OR "public"."User"."id_professor" = $2 OR "public"."User"."id_departamento" = $3) LIMIT $4 OFFSET $5
2023-10-09 22:21:31.258 UTC [95] DETAIL:  parameters: $1 = '1', $2 = '1', $3 = '1', $4 = '1', $5 = '0'
2023-10-09 22:21:38.849 UTC [95] LOG:  statement: SELECT 1
2023-10-09 22:21:38.852 UTC [95] LOG:  execute s0: SELECT "public"."User"."id", "public"."User"."email", "public"."User"."password", "public"."User"."status", "public"."User"."id_departamento", "public"."User"."id_professor", "public"."User"."id_aluno" FROM "public"."User" WHERE ("public"."User"."id_aluno" = $1 OR "public"."User"."id_professor" = $2 OR "public"."User"."id_departamento" = $3) LIMIT $4 OFFSET $5
2023-10-09 22:21:38.852 UTC [95] DETAIL:  parameters: $1 = '1', $2 = '1', $3 = '1', $4 = '1', $5 = '0'
2023-10-09 22:21:38.874 UTC [95] LOG:  execute s3: SELECT "public"."User"."id", "public"."User"."email", "public"."User"."password", "public"."User"."status", "public"."User"."id_departamento", "public"."User"."id_professor", "public"."User"."id_aluno" FROM "public"."User" WHERE "public"."User"."email" = $1 LIMIT $2 OFFSET $3
2023-10-09 22:21:38.874 UTC [95] DETAIL:  parameters: $1 = 'jhon_italo4@gmail.com', $2 = '1', $3 = '0'
2023-10-09 22:21:38.881 UTC [95] LOG:  execute s1: SELECT t.typname, t.typtype, t.typelem, r.rngsubtype, t.typbasetype, n.nspname, t.typrelid
	FROM pg_catalog.pg_type t
	LEFT OUTER JOIN pg_catalog.pg_range r ON r.rngtypid = t.oid
	INNER JOIN pg_catalog.pg_namespace n ON t.typnamespace = n.oid
	WHERE t.oid = $1
	
2023-10-09 22:21:38.881 UTC [95] DETAIL:  parameters: $1 = '16419'
2023-10-09 22:21:38.883 UTC [95] LOG:  execute s2: SELECT enumlabel
	FROM pg_catalog.pg_enum
	WHERE enumtypid = $1
	ORDER BY enumsortorder
	
2023-10-09 22:21:38.883 UTC [95] DETAIL:  parameters: $1 = '16419'
2023-10-09 22:21:38.890 UTC [95] LOG:  execute s4: SELECT "public"."Aluno"."id", "public"."Aluno"."nome", "public"."Aluno"."email", "public"."Aluno"."cpf", "public"."Aluno"."sexo", "public"."Aluno"."telefone", "public"."Aluno"."createdAt", "public"."Aluno"."id_turma", "public"."Aluno"."id_curso" FROM "public"."Aluno" WHERE "public"."Aluno"."cpf" = $1 LIMIT $2 OFFSET $3
2023-10-09 22:21:38.890 UTC [95] DETAIL:  parameters: $1 = '068063743504', $2 = '1', $3 = '0'
2023-10-09 22:21:38.895 UTC [95] LOG:  execute s5: SELECT "public"."Aluno"."id", "public"."Aluno"."nome", "public"."Aluno"."email", "public"."Aluno"."cpf", "public"."Aluno"."sexo", "public"."Aluno"."telefone", "public"."Aluno"."createdAt", "public"."Aluno"."id_turma", "public"."Aluno"."id_curso" FROM "public"."Aluno" WHERE "public"."Aluno"."email" = $1 LIMIT $2 OFFSET $3
2023-10-09 22:21:38.895 UTC [95] DETAIL:  parameters: $1 = 'jhon_italo4@gmail.com', $2 = '1', $3 = '0'
2023-10-09 22:21:39.005 UTC [95] LOG:  statement: BEGIN
2023-10-09 22:21:39.024 UTC [95] LOG:  execute s6: SELECT "public"."Curso"."id" FROM "public"."Curso" WHERE ("public"."Curso"."id" = $1 AND 1=1) OFFSET $2
2023-10-09 22:21:39.024 UTC [95] DETAIL:  parameters: $1 = '53', $2 = '0'
2023-10-09 22:21:39.037 UTC [95] LOG:  execute s7: SELECT "public"."Turma"."id" FROM "public"."Turma" WHERE ("public"."Turma"."id" = $1 AND 1=1) OFFSET $2
2023-10-09 22:21:39.037 UTC [95] DETAIL:  parameters: $1 = '18', $2 = '0'
2023-10-09 22:21:39.061 UTC [95] LOG:  execute s8: INSERT INTO "public"."Aluno" ("id","nome","email","cpf","sexo","telefone","createdAt","id_turma","id_curso") VALUES ($1,$2,$3,$4,$5,$6,$7,$8,$9) RETURNING "public"."Aluno"."id"
2023-10-09 22:21:39.061 UTC [95] DETAIL:  parameters: $1 = 'b3c0cc04-d709-47af-b52b-aa51e59ac94f', $2 = 'john italo lucas lima', $3 = 'jhon_italo4@gmail.com', $4 = '068063743504', $5 = 'F', $6 = '889997727248', $7 = '2023-10-09 22:21:39.002', $8 = '18', $9 = '53'
2023-10-09 22:21:39.080 UTC [95] LOG:  execute s9: INSERT INTO "public"."User" ("id","email","password","status","id_aluno") VALUES ($1,$2,$3,$4,$5) RETURNING "public"."User"."id"
2023-10-09 22:21:39.080 UTC [95] DETAIL:  parameters: $1 = 'a766da0a-c834-4342-a37b-fde703c275d3', $2 = 'jhon_italo4@gmail.com', $3 = '$2b$10$9i5TO6FlJlEGPR2yeDLkf.V5gh04L8HJbI8On7sjfO0dewIZsZtba', $4 = 'aluno', $5 = 'b3c0cc04-d709-47af-b52b-aa51e59ac94f'
2023-10-09 22:21:39.091 UTC [95] LOG:  execute s10: SELECT "public"."Aluno"."id", "public"."Aluno"."nome", "public"."Aluno"."email", "public"."Aluno"."cpf", "public"."Aluno"."sexo", "public"."Aluno"."telefone", "public"."Aluno"."createdAt", "public"."Aluno"."id_turma", "public"."Aluno"."id_curso" FROM "public"."Aluno" WHERE "public"."Aluno"."id" = $1 LIMIT $2 OFFSET $3
2023-10-09 22:21:39.091 UTC [95] DETAIL:  parameters: $1 = 'b3c0cc04-d709-47af-b52b-aa51e59ac94f', $2 = '1', $3 = '0'
2023-10-09 22:21:39.093 UTC [95] LOG:  statement: COMMIT
2023-10-09 22:21:44.222 UTC [95] LOG:  execute s0: SELECT "public"."User"."id", "public"."User"."email", "public"."User"."password", "public"."User"."status", "public"."User"."id_departamento", "public"."User"."id_professor", "public"."User"."id_aluno" FROM "public"."User" WHERE ("public"."User"."id_aluno" = $1 OR "public"."User"."id_professor" = $2 OR "public"."User"."id_departamento" = $3) LIMIT $4 OFFSET $5
2023-10-09 22:21:44.222 UTC [95] DETAIL:  parameters: $1 = '1', $2 = '1', $3 = '1', $4 = '1', $5 = '0'
2023-10-09 22:21:44.229 UTC [95] LOG:  execute s11: SELECT "public"."Aluno"."id", "public"."Aluno"."nome", "public"."Aluno"."email", "public"."Aluno"."cpf", "public"."Aluno"."sexo", "public"."Aluno"."telefone", "public"."Aluno"."createdAt", "public"."Aluno"."id_turma", "public"."Aluno"."id_curso" FROM "public"."Aluno" WHERE 1=1 OFFSET $1
2023-10-09 22:21:44.229 UTC [95] DETAIL:  parameters: $1 = '0'
2023-10-09 22:22:53.715 UTC [97] LOG:  execute s1: SELECT t.typname, t.typtype, t.typelem, r.rngsubtype, t.typbasetype, n.nspname, t.typrelid
	FROM pg_catalog.pg_type t
	LEFT OUTER JOIN pg_catalog.pg_range r ON r.rngtypid = t.oid
	INNER JOIN pg_catalog.pg_namespace n ON t.typnamespace = n.oid
	WHERE t.oid = $1
	
2023-10-09 22:22:53.715 UTC [97] DETAIL:  parameters: $1 = '16537'
2023-10-09 22:22:53.723 UTC [97] LOG:  execute s2: SELECT enumlabel
	FROM pg_catalog.pg_enum
	WHERE enumtypid = $1
	ORDER BY enumsortorder
	
2023-10-09 22:22:53.723 UTC [97] DETAIL:  parameters: $1 = '16537'
2023-10-09 22:22:53.729 UTC [97] LOG:  execute s0: SELECT "public"."User"."id", "public"."User"."email", "public"."User"."password", "public"."User"."status", "public"."User"."id_departamento", "public"."User"."id_professor", "public"."User"."id_aluno" FROM "public"."User" WHERE ("public"."User"."id_aluno" = $1 OR "public"."User"."id_professor" = $2 OR "public"."User"."id_departamento" = $3) LIMIT $4 OFFSET $5
2023-10-09 22:22:53.729 UTC [97] DETAIL:  parameters: $1 = '1', $2 = '1', $3 = '1', $4 = '1', $5 = '0'
2023-10-09 22:22:53.745 UTC [97] LOG:  execute s3: SELECT "public"."User"."id", "public"."User"."email", "public"."User"."password", "public"."User"."status", "public"."User"."id_departamento", "public"."User"."id_professor", "public"."User"."id_aluno" FROM "public"."User" WHERE "public"."User"."email" = $1 LIMIT $2 OFFSET $3
2023-10-09 22:22:53.745 UTC [97] DETAIL:  parameters: $1 = 'jhon_italo4@gmail.com', $2 = '1', $3 = '0'
2023-10-09 22:23:03.253 UTC [97] LOG:  execute s0: SELECT "public"."User"."id", "public"."User"."email", "public"."User"."password", "public"."User"."status", "public"."User"."id_departamento", "public"."User"."id_professor", "public"."User"."id_aluno" FROM "public"."User" WHERE ("public"."User"."id_aluno" = $1 OR "public"."User"."id_professor" = $2 OR "public"."User"."id_departamento" = $3) LIMIT $4 OFFSET $5
2023-10-09 22:23:03.253 UTC [97] DETAIL:  parameters: $1 = '1', $2 = '1', $3 = '1', $4 = '1', $5 = '0'
2023-10-09 22:23:03.258 UTC [97] LOG:  execute s3: SELECT "public"."User"."id", "public"."User"."email", "public"."User"."password", "public"."User"."status", "public"."User"."id_departamento", "public"."User"."id_professor", "public"."User"."id_aluno" FROM "public"."User" WHERE "public"."User"."email" = $1 LIMIT $2 OFFSET $3
2023-10-09 22:23:03.258 UTC [97] DETAIL:  parameters: $1 = 'jhon_italo5@gmail.com', $2 = '1', $3 = '0'
2023-10-09 22:23:03.266 UTC [97] LOG:  execute s1: SELECT t.typname, t.typtype, t.typelem, r.rngsubtype, t.typbasetype, n.nspname, t.typrelid
	FROM pg_catalog.pg_type t
	LEFT OUTER JOIN pg_catalog.pg_range r ON r.rngtypid = t.oid
	INNER JOIN pg_catalog.pg_namespace n ON t.typnamespace = n.oid
	WHERE t.oid = $1
	
2023-10-09 22:23:03.266 UTC [97] DETAIL:  parameters: $1 = '16419'
2023-10-09 22:23:03.268 UTC [97] LOG:  execute s2: SELECT enumlabel
	FROM pg_catalog.pg_enum
	WHERE enumtypid = $1
	ORDER BY enumsortorder
	
2023-10-09 22:23:03.268 UTC [97] DETAIL:  parameters: $1 = '16419'
2023-10-09 22:23:03.272 UTC [97] LOG:  execute s4: SELECT "public"."Aluno"."id", "public"."Aluno"."nome", "public"."Aluno"."email", "public"."Aluno"."cpf", "public"."Aluno"."sexo", "public"."Aluno"."telefone", "public"."Aluno"."createdAt", "public"."Aluno"."id_turma", "public"."Aluno"."id_curso" FROM "public"."Aluno" WHERE "public"."Aluno"."cpf" = $1 LIMIT $2 OFFSET $3
2023-10-09 22:23:03.272 UTC [97] DETAIL:  parameters: $1 = '068063743505', $2 = '1', $3 = '0'
2023-10-09 22:23:03.277 UTC [97] LOG:  execute s5: SELECT "public"."Aluno"."id", "public"."Aluno"."nome", "public"."Aluno"."email", "public"."Aluno"."cpf", "public"."Aluno"."sexo", "public"."Aluno"."telefone", "public"."Aluno"."createdAt", "public"."Aluno"."id_turma", "public"."Aluno"."id_curso" FROM "public"."Aluno" WHERE "public"."Aluno"."email" = $1 LIMIT $2 OFFSET $3
2023-10-09 22:23:03.277 UTC [97] DETAIL:  parameters: $1 = 'jhon_italo5@gmail.com', $2 = '1', $3 = '0'
2023-10-09 22:23:03.401 UTC [97] LOG:  statement: BEGIN
2023-10-09 22:23:03.409 UTC [97] LOG:  execute s6: SELECT "public"."Curso"."id" FROM "public"."Curso" WHERE ("public"."Curso"."id" = $1 AND 1=1) OFFSET $2
2023-10-09 22:23:03.409 UTC [97] DETAIL:  parameters: $1 = '53', $2 = '0'
2023-10-09 22:23:03.417 UTC [97] LOG:  execute s7: SELECT "public"."Turma"."id" FROM "public"."Turma" WHERE ("public"."Turma"."id" = $1 AND 1=1) OFFSET $2
2023-10-09 22:23:03.417 UTC [97] DETAIL:  parameters: $1 = '18', $2 = '0'
2023-10-09 22:23:03.421 UTC [97] LOG:  execute s8: INSERT INTO "public"."Aluno" ("id","nome","email","cpf","sexo","telefone","createdAt","id_turma","id_curso") VALUES ($1,$2,$3,$4,$5,$6,$7,$8,$9) RETURNING "public"."Aluno"."id"
2023-10-09 22:23:03.421 UTC [97] DETAIL:  parameters: $1 = '4b23b9a6-cfa6-443f-80a6-85c8254a313b', $2 = 'john italo lucas lima', $3 = 'jhon_italo5@gmail.com', $4 = '068063743505', $5 = 'F', $6 = '8899977272485', $7 = '2023-10-09 22:23:03.4', $8 = '18', $9 = '53'
2023-10-09 22:23:03.426 UTC [97] LOG:  execute s9: INSERT INTO "public"."User" ("id","email","password","status","id_aluno") VALUES ($1,$2,$3,$4,$5) RETURNING "public"."User"."id"
2023-10-09 22:23:03.426 UTC [97] DETAIL:  parameters: $1 = 'afb9ceb4-bcea-4e16-b62f-ed820b825cdb', $2 = 'jhon_italo5@gmail.com', $3 = '$2b$10$yGNiRlIpHdbB7bOwMFtI.ObSp4Lqspb4CqXPCiXZX.KytOh84xYnO', $4 = 'aluno', $5 = '4b23b9a6-cfa6-443f-80a6-85c8254a313b'
2023-10-09 22:23:03.432 UTC [97] LOG:  execute s10: SELECT "public"."Aluno"."id", "public"."Aluno"."nome", "public"."Aluno"."email", "public"."Aluno"."cpf", "public"."Aluno"."sexo", "public"."Aluno"."telefone", "public"."Aluno"."createdAt", "public"."Aluno"."id_turma", "public"."Aluno"."id_curso" FROM "public"."Aluno" WHERE "public"."Aluno"."id" = $1 LIMIT $2 OFFSET $3
2023-10-09 22:23:03.432 UTC [97] DETAIL:  parameters: $1 = '4b23b9a6-cfa6-443f-80a6-85c8254a313b', $2 = '1', $3 = '0'
2023-10-09 22:23:03.433 UTC [97] LOG:  statement: COMMIT
2023-10-09 22:23:11.025 UTC [97] LOG:  statement: SELECT 1
2023-10-09 22:23:11.027 UTC [97] LOG:  execute s0: SELECT "public"."User"."id", "public"."User"."email", "public"."User"."password", "public"."User"."status", "public"."User"."id_departamento", "public"."User"."id_professor", "public"."User"."id_aluno" FROM "public"."User" WHERE ("public"."User"."id_aluno" = $1 OR "public"."User"."id_professor" = $2 OR "public"."User"."id_departamento" = $3) LIMIT $4 OFFSET $5
2023-10-09 22:23:11.027 UTC [97] DETAIL:  parameters: $1 = '1', $2 = '1', $3 = '1', $4 = '1', $5 = '0'
2023-10-09 22:23:11.039 UTC [97] LOG:  execute s11: SELECT "public"."Aluno"."id", "public"."Aluno"."nome", "public"."Aluno"."email", "public"."Aluno"."cpf", "public"."Aluno"."sexo", "public"."Aluno"."telefone", "public"."Aluno"."createdAt", "public"."Aluno"."id_turma", "public"."Aluno"."id_curso" FROM "public"."Aluno" WHERE 1=1 OFFSET $1
2023-10-09 22:23:11.039 UTC [97] DETAIL:  parameters: $1 = '0'
2023-10-09 22:23:19.116 UTC [97] LOG:  execute s0: SELECT "public"."User"."id", "public"."User"."email", "public"."User"."password", "public"."User"."status", "public"."User"."id_departamento", "public"."User"."id_professor", "public"."User"."id_aluno" FROM "public"."User" WHERE ("public"."User"."id_aluno" = $1 OR "public"."User"."id_professor" = $2 OR "public"."User"."id_departamento" = $3) LIMIT $4 OFFSET $5
2023-10-09 22:23:19.116 UTC [97] DETAIL:  parameters: $1 = '1', $2 = '1', $3 = '1', $4 = '1', $5 = '0'
2023-10-09 22:23:22.438 UTC [97] LOG:  execute s0: SELECT "public"."User"."id", "public"."User"."email", "public"."User"."password", "public"."User"."status", "public"."User"."id_departamento", "public"."User"."id_professor", "public"."User"."id_aluno" FROM "public"."User" WHERE ("public"."User"."id_aluno" = $1 OR "public"."User"."id_professor" = $2 OR "public"."User"."id_departamento" = $3) LIMIT $4 OFFSET $5
2023-10-09 22:23:22.438 UTC [97] DETAIL:  parameters: $1 = '1', $2 = '1', $3 = '1', $4 = '1', $5 = '0'
2023-10-09 22:23:46.351 UTC [97] LOG:  statement: SELECT 1
2023-10-09 22:23:46.353 UTC [97] LOG:  execute s0: SELECT "public"."User"."id", "public"."User"."email", "public"."User"."password", "public"."User"."status", "public"."User"."id_departamento", "public"."User"."id_professor", "public"."User"."id_aluno" FROM "public"."User" WHERE ("public"."User"."id_aluno" = $1 OR "public"."User"."id_professor" = $2 OR "public"."User"."id_departamento" = $3) LIMIT $4 OFFSET $5
2023-10-09 22:23:46.353 UTC [97] DETAIL:  parameters: $1 = '1', $2 = '1', $3 = '1', $4 = '1', $5 = '0'
2023-10-09 22:23:46.358 UTC [97] LOG:  execute s3: SELECT "public"."User"."id", "public"."User"."email", "public"."User"."password", "public"."User"."status", "public"."User"."id_departamento", "public"."User"."id_professor", "public"."User"."id_aluno" FROM "public"."User" WHERE "public"."User"."email" = $1 LIMIT $2 OFFSET $3
2023-10-09 22:23:46.358 UTC [97] DETAIL:  parameters: $1 = 'jhon_italo0@gmail.com', $2 = '1', $3 = '0'
2023-10-09 22:23:46.363 UTC [97] LOG:  execute s4: SELECT "public"."Aluno"."id", "public"."Aluno"."nome", "public"."Aluno"."email", "public"."Aluno"."cpf", "public"."Aluno"."sexo", "public"."Aluno"."telefone", "public"."Aluno"."createdAt", "public"."Aluno"."id_turma", "public"."Aluno"."id_curso" FROM "public"."Aluno" WHERE "public"."Aluno"."cpf" = $1 LIMIT $2 OFFSET $3
2023-10-09 22:23:46.363 UTC [97] DETAIL:  parameters: $1 = '068063743500', $2 = '1', $3 = '0'
2023-10-09 22:23:46.367 UTC [97] LOG:  execute s5: SELECT "public"."Aluno"."id", "public"."Aluno"."nome", "public"."Aluno"."email", "public"."Aluno"."cpf", "public"."Aluno"."sexo", "public"."Aluno"."telefone", "public"."Aluno"."createdAt", "public"."Aluno"."id_turma", "public"."Aluno"."id_curso" FROM "public"."Aluno" WHERE "public"."Aluno"."email" = $1 LIMIT $2 OFFSET $3
2023-10-09 22:23:46.367 UTC [97] DETAIL:  parameters: $1 = 'jhon_italo0@gmail.com', $2 = '1', $3 = '0'
2023-10-09 22:23:46.469 UTC [97] LOG:  statement: BEGIN
2023-10-09 22:23:46.471 UTC [97] LOG:  execute s6: SELECT "public"."Curso"."id" FROM "public"."Curso" WHERE ("public"."Curso"."id" = $1 AND 1=1) OFFSET $2
2023-10-09 22:23:46.471 UTC [97] DETAIL:  parameters: $1 = '53', $2 = '0'
2023-10-09 22:23:46.473 UTC [97] LOG:  execute s7: SELECT "public"."Turma"."id" FROM "public"."Turma" WHERE ("public"."Turma"."id" = $1 AND 1=1) OFFSET $2
2023-10-09 22:23:46.473 UTC [97] DETAIL:  parameters: $1 = '18', $2 = '0'
2023-10-09 22:23:46.474 UTC [97] LOG:  execute s8: INSERT INTO "public"."Aluno" ("id","nome","email","cpf","sexo","telefone","createdAt","id_turma","id_curso") VALUES ($1,$2,$3,$4,$5,$6,$7,$8,$9) RETURNING "public"."Aluno"."id"
2023-10-09 22:23:46.474 UTC [97] DETAIL:  parameters: $1 = '5348ec95-af58-4dd3-8e5f-c012721ff800', $2 = 'john italo lucas lima', $3 = 'jhon_italo0@gmail.com', $4 = '068063743500', $5 = 'F', $6 = '889997727240', $7 = '2023-10-09 22:23:46.468', $8 = '18', $9 = '53'
2023-10-09 22:23:46.477 UTC [97] LOG:  execute s9: INSERT INTO "public"."User" ("id","email","password","status","id_aluno") VALUES ($1,$2,$3,$4,$5) RETURNING "public"."User"."id"
2023-10-09 22:23:46.477 UTC [97] DETAIL:  parameters: $1 = '1096613d-59f9-4fce-9f1c-12701d22b768', $2 = 'jhon_italo0@gmail.com', $3 = '$2b$10$otucCv4BZ5T9fBPC2G53duNUo8sLg3r684EmmD5OOwVYrwb1sc9yW', $4 = 'aluno', $5 = '5348ec95-af58-4dd3-8e5f-c012721ff800'
2023-10-09 22:23:46.480 UTC [97] LOG:  execute s10: SELECT "public"."Aluno"."id", "public"."Aluno"."nome", "public"."Aluno"."email", "public"."Aluno"."cpf", "public"."Aluno"."sexo", "public"."Aluno"."telefone", "public"."Aluno"."createdAt", "public"."Aluno"."id_turma", "public"."Aluno"."id_curso" FROM "public"."Aluno" WHERE "public"."Aluno"."id" = $1 LIMIT $2 OFFSET $3
2023-10-09 22:23:46.480 UTC [97] DETAIL:  parameters: $1 = '5348ec95-af58-4dd3-8e5f-c012721ff800', $2 = '1', $3 = '0'
2023-10-09 22:23:46.482 UTC [97] LOG:  statement: COMMIT
2023-10-09 22:23:49.944 UTC [97] LOG:  execute s0: SELECT "public"."User"."id", "public"."User"."email", "public"."User"."password", "public"."User"."status", "public"."User"."id_departamento", "public"."User"."id_professor", "public"."User"."id_aluno" FROM "public"."User" WHERE ("public"."User"."id_aluno" = $1 OR "public"."User"."id_professor" = $2 OR "public"."User"."id_departamento" = $3) LIMIT $4 OFFSET $5
2023-10-09 22:23:49.944 UTC [97] DETAIL:  parameters: $1 = '1', $2 = '1', $3 = '1', $4 = '1', $5 = '0'
2023-10-09 22:23:49.950 UTC [97] LOG:  execute s11: SELECT "public"."Aluno"."id", "public"."Aluno"."nome", "public"."Aluno"."email", "public"."Aluno"."cpf", "public"."Aluno"."sexo", "public"."Aluno"."telefone", "public"."Aluno"."createdAt", "public"."Aluno"."id_turma", "public"."Aluno"."id_curso" FROM "public"."Aluno" WHERE 1=1 OFFSET $1
2023-10-09 22:23:49.950 UTC [97] DETAIL:  parameters: $1 = '0'
2023-10-09 22:23:54.255 UTC [97] LOG:  execute s0: SELECT "public"."User"."id", "public"."User"."email", "public"."User"."password", "public"."User"."status", "public"."User"."id_departamento", "public"."User"."id_professor", "public"."User"."id_aluno" FROM "public"."User" WHERE ("public"."User"."id_aluno" = $1 OR "public"."User"."id_professor" = $2 OR "public"."User"."id_departamento" = $3) LIMIT $4 OFFSET $5
2023-10-09 22:23:54.255 UTC [97] DETAIL:  parameters: $1 = '1', $2 = '1', $3 = '1', $4 = '1', $5 = '0'
2023-10-09 22:24:50.776 UTC [28] LOG:  checkpoint starting: time
2023-10-09 22:24:51.639 UTC [28] LOG:  checkpoint complete: wrote 8 buffers (0.0%); 0 WAL file(s) added, 0 removed, 0 recycled; write=0.780 s, sync=0.015 s, total=0.865 s; sync files=8, longest=0.006 s, average=0.002 s; distance=22 kB, estimate=22 kB
2023-10-09 22:42:23.653 UTC [118] LOG:  execute s1: SELECT t.typname, t.typtype, t.typelem, r.rngsubtype, t.typbasetype, n.nspname, t.typrelid
	FROM pg_catalog.pg_type t
	LEFT OUTER JOIN pg_catalog.pg_range r ON r.rngtypid = t.oid
	INNER JOIN pg_catalog.pg_namespace n ON t.typnamespace = n.oid
	WHERE t.oid = $1
	
2023-10-09 22:42:23.653 UTC [118] DETAIL:  parameters: $1 = '16537'
2023-10-09 22:42:23.664 UTC [118] LOG:  execute s2: SELECT enumlabel
	FROM pg_catalog.pg_enum
	WHERE enumtypid = $1
	ORDER BY enumsortorder
	
2023-10-09 22:42:23.664 UTC [118] DETAIL:  parameters: $1 = '16537'
2023-10-09 22:42:23.670 UTC [118] LOG:  execute s0: SELECT "public"."User"."id", "public"."User"."email", "public"."User"."password", "public"."User"."status", "public"."User"."id_departamento", "public"."User"."id_professor", "public"."User"."id_aluno" FROM "public"."User" WHERE ("public"."User"."id_aluno" = $1 OR "public"."User"."id_professor" = $2 OR "public"."User"."id_departamento" = $3) LIMIT $4 OFFSET $5
2023-10-09 22:42:23.670 UTC [118] DETAIL:  parameters: $1 = '1', $2 = '1', $3 = '1', $4 = '1', $5 = '0'
2023-10-09 22:42:23.688 UTC [118] LOG:  execute s1: SELECT t.typname, t.typtype, t.typelem, r.rngsubtype, t.typbasetype, n.nspname, t.typrelid
	FROM pg_catalog.pg_type t
	LEFT OUTER JOIN pg_catalog.pg_range r ON r.rngtypid = t.oid
	INNER JOIN pg_catalog.pg_namespace n ON t.typnamespace = n.oid
	WHERE t.oid = $1
	
2023-10-09 22:42:23.688 UTC [118] DETAIL:  parameters: $1 = '16419'
2023-10-09 22:42:23.691 UTC [118] LOG:  execute s2: SELECT enumlabel
	FROM pg_catalog.pg_enum
	WHERE enumtypid = $1
	ORDER BY enumsortorder
	
2023-10-09 22:42:23.691 UTC [118] DETAIL:  parameters: $1 = '16419'
2023-10-09 22:42:23.703 UTC [118] LOG:  execute s3: SELECT "public"."Professor"."id", "public"."Professor"."nome", "public"."Professor"."email", "public"."Professor"."cpf", "public"."Professor"."sexo", "public"."Professor"."telefone", "public"."Professor"."createt_at", "public"."Professor"."id_departamento" FROM "public"."Professor" WHERE 1=1 OFFSET $1
2023-10-09 22:42:23.703 UTC [118] DETAIL:  parameters: $1 = '0'
2023-10-09 22:42:27.508 UTC [118] LOG:  execute s0: SELECT "public"."User"."id", "public"."User"."email", "public"."User"."password", "public"."User"."status", "public"."User"."id_departamento", "public"."User"."id_professor", "public"."User"."id_aluno" FROM "public"."User" WHERE ("public"."User"."id_aluno" = $1 OR "public"."User"."id_professor" = $2 OR "public"."User"."id_departamento" = $3) LIMIT $4 OFFSET $5
2023-10-09 22:42:27.508 UTC [118] DETAIL:  parameters: $1 = '1', $2 = '1', $3 = '1', $4 = '1', $5 = '0'
2023-10-09 22:42:28.754 UTC [118] LOG:  execute s0: SELECT "public"."User"."id", "public"."User"."email", "public"."User"."password", "public"."User"."status", "public"."User"."id_departamento", "public"."User"."id_professor", "public"."User"."id_aluno" FROM "public"."User" WHERE ("public"."User"."id_aluno" = $1 OR "public"."User"."id_professor" = $2 OR "public"."User"."id_departamento" = $3) LIMIT $4 OFFSET $5
2023-10-09 22:42:28.754 UTC [118] DETAIL:  parameters: $1 = '1', $2 = '1', $3 = '1', $4 = '1', $5 = '0'
2023-10-09 22:42:29.928 UTC [118] LOG:  execute s0: SELECT "public"."User"."id", "public"."User"."email", "public"."User"."password", "public"."User"."status", "public"."User"."id_departamento", "public"."User"."id_professor", "public"."User"."id_aluno" FROM "public"."User" WHERE ("public"."User"."id_aluno" = $1 OR "public"."User"."id_professor" = $2 OR "public"."User"."id_departamento" = $3) LIMIT $4 OFFSET $5
2023-10-09 22:42:29.928 UTC [118] DETAIL:  parameters: $1 = '1', $2 = '1', $3 = '1', $4 = '1', $5 = '0'
2023-10-09 22:42:31.016 UTC [118] LOG:  execute s0: SELECT "public"."User"."id", "public"."User"."email", "public"."User"."password", "public"."User"."status", "public"."User"."id_departamento", "public"."User"."id_professor", "public"."User"."id_aluno" FROM "public"."User" WHERE ("public"."User"."id_aluno" = $1 OR "public"."User"."id_professor" = $2 OR "public"."User"."id_departamento" = $3) LIMIT $4 OFFSET $5
2023-10-09 22:42:31.016 UTC [118] DETAIL:  parameters: $1 = '1', $2 = '1', $3 = '1', $4 = '1', $5 = '0'
2023-10-09 22:42:32.130 UTC [118] LOG:  execute s0: SELECT "public"."User"."id", "public"."User"."email", "public"."User"."password", "public"."User"."status", "public"."User"."id_departamento", "public"."User"."id_professor", "public"."User"."id_aluno" FROM "public"."User" WHERE ("public"."User"."id_aluno" = $1 OR "public"."User"."id_professor" = $2 OR "public"."User"."id_departamento" = $3) LIMIT $4 OFFSET $5
2023-10-09 22:42:32.130 UTC [118] DETAIL:  parameters: $1 = '1', $2 = '1', $3 = '1', $4 = '1', $5 = '0'
2023-10-09 22:42:33.125 UTC [118] LOG:  execute s0: SELECT "public"."User"."id", "public"."User"."email", "public"."User"."password", "public"."User"."status", "public"."User"."id_departamento", "public"."User"."id_professor", "public"."User"."id_aluno" FROM "public"."User" WHERE ("public"."User"."id_aluno" = $1 OR "public"."User"."id_professor" = $2 OR "public"."User"."id_departamento" = $3) LIMIT $4 OFFSET $5
2023-10-09 22:42:33.125 UTC [118] DETAIL:  parameters: $1 = '1', $2 = '1', $3 = '1', $4 = '1', $5 = '0'
2023-10-09 22:42:34.147 UTC [118] LOG:  execute s0: SELECT "public"."User"."id", "public"."User"."email", "public"."User"."password", "public"."User"."status", "public"."User"."id_departamento", "public"."User"."id_professor", "public"."User"."id_aluno" FROM "public"."User" WHERE ("public"."User"."id_aluno" = $1 OR "public"."User"."id_professor" = $2 OR "public"."User"."id_departamento" = $3) LIMIT $4 OFFSET $5
2023-10-09 22:42:34.147 UTC [118] DETAIL:  parameters: $1 = '1', $2 = '1', $3 = '1', $4 = '1', $5 = '0'
2023-10-09 22:42:35.131 UTC [118] LOG:  execute s0: SELECT "public"."User"."id", "public"."User"."email", "public"."User"."password", "public"."User"."status", "public"."User"."id_departamento", "public"."User"."id_professor", "public"."User"."id_aluno" FROM "public"."User" WHERE ("public"."User"."id_aluno" = $1 OR "public"."User"."id_professor" = $2 OR "public"."User"."id_departamento" = $3) LIMIT $4 OFFSET $5
2023-10-09 22:42:35.131 UTC [118] DETAIL:  parameters: $1 = '1', $2 = '1', $3 = '1', $4 = '1', $5 = '0'
2023-10-09 22:42:36.119 UTC [118] LOG:  execute s0: SELECT "public"."User"."id", "public"."User"."email", "public"."User"."password", "public"."User"."status", "public"."User"."id_departamento", "public"."User"."id_professor", "public"."User"."id_aluno" FROM "public"."User" WHERE ("public"."User"."id_aluno" = $1 OR "public"."User"."id_professor" = $2 OR "public"."User"."id_departamento" = $3) LIMIT $4 OFFSET $5
2023-10-09 22:42:36.119 UTC [118] DETAIL:  parameters: $1 = '1', $2 = '1', $3 = '1', $4 = '1', $5 = '0'
2023-10-09 22:42:37.107 UTC [118] LOG:  execute s0: SELECT "public"."User"."id", "public"."User"."email", "public"."User"."password", "public"."User"."status", "public"."User"."id_departamento", "public"."User"."id_professor", "public"."User"."id_aluno" FROM "public"."User" WHERE ("public"."User"."id_aluno" = $1 OR "public"."User"."id_professor" = $2 OR "public"."User"."id_departamento" = $3) LIMIT $4 OFFSET $5
2023-10-09 22:42:37.107 UTC [118] DETAIL:  parameters: $1 = '1', $2 = '1', $3 = '1', $4 = '1', $5 = '0'
2023-10-09 22:42:56.531 UTC [118] LOG:  statement: SELECT 1
2023-10-09 22:42:56.534 UTC [118] LOG:  execute s0: SELECT "public"."User"."id", "public"."User"."email", "public"."User"."password", "public"."User"."status", "public"."User"."id_departamento", "public"."User"."id_professor", "public"."User"."id_aluno" FROM "public"."User" WHERE ("public"."User"."id_aluno" = $1 OR "public"."User"."id_professor" = $2 OR "public"."User"."id_departamento" = $3) LIMIT $4 OFFSET $5
2023-10-09 22:42:56.534 UTC [118] DETAIL:  parameters: $1 = '1', $2 = '1', $3 = '1', $4 = '1', $5 = '0'
2023-10-09 22:42:56.548 UTC [118] LOG:  execute s4: SELECT "public"."User"."id", "public"."User"."email", "public"."User"."password", "public"."User"."status", "public"."User"."id_departamento", "public"."User"."id_professor", "public"."User"."id_aluno" FROM "public"."User" WHERE "public"."User"."email" = $1 LIMIT $2 OFFSET $3
2023-10-09 22:42:56.548 UTC [118] DETAIL:  parameters: $1 = 'mauro2@gmail.com', $2 = '1', $3 = '0'
2023-10-09 22:42:56.554 UTC [118] LOG:  execute s5: SELECT "public"."Professor"."id", "public"."Professor"."nome", "public"."Professor"."email", "public"."Professor"."cpf", "public"."Professor"."sexo", "public"."Professor"."telefone", "public"."Professor"."createt_at", "public"."Professor"."id_departamento" FROM "public"."Professor" WHERE "public"."Professor"."cpf" = $1 LIMIT $2 OFFSET $3
2023-10-09 22:42:56.554 UTC [118] DETAIL:  parameters: $1 = '068063743522', $2 = '1', $3 = '0'
2023-10-09 22:42:56.560 UTC [118] LOG:  execute s6: SELECT "public"."Professor"."id", "public"."Professor"."nome", "public"."Professor"."email", "public"."Professor"."cpf", "public"."Professor"."sexo", "public"."Professor"."telefone", "public"."Professor"."createt_at", "public"."Professor"."id_departamento" FROM "public"."Professor" WHERE "public"."Professor"."email" = $1 LIMIT $2 OFFSET $3
2023-10-09 22:42:56.560 UTC [118] DETAIL:  parameters: $1 = 'mauro2@gmail.com', $2 = '1', $3 = '0'
2023-10-09 22:42:56.667 UTC [118] LOG:  statement: BEGIN
2023-10-09 22:42:56.680 UTC [118] LOG:  execute s7: SELECT "public"."Departamento"."id" FROM "public"."Departamento" WHERE ("public"."Departamento"."id" = $1 AND 1=1) OFFSET $2
2023-10-09 22:42:56.680 UTC [118] DETAIL:  parameters: $1 = '1', $2 = '0'
2023-10-09 22:42:56.691 UTC [118] LOG:  execute s8: INSERT INTO "public"."Professor" ("id","nome","email","cpf","sexo","telefone","createt_at","id_departamento") VALUES ($1,$2,$3,$4,$5,$6,$7,$8) RETURNING "public"."Professor"."id"
2023-10-09 22:42:56.691 UTC [118] DETAIL:  parameters: $1 = '6090f603-e551-4582-b577-1b7f9918f296', $2 = 'mauro', $3 = 'mauro2@gmail.com', $4 = '068063743522', $5 = 'M', $6 = '0000', $7 = '2023-10-09 22:42:56.666', $8 = '1'
2023-10-09 22:42:56.698 UTC [118] LOG:  execute s9: INSERT INTO "public"."User" ("id","email","password","status","id_professor") VALUES ($1,$2,$3,$4,$5) RETURNING "public"."User"."id"
2023-10-09 22:42:56.698 UTC [118] DETAIL:  parameters: $1 = '08aeb02e-b348-43d4-8480-9607fd86c5cb', $2 = 'mauro2@gmail.com', $3 = '$2b$10$4bpnCNFDlVGF04C6o5dEvO0OmRDxWCGfCbM34A9MwFHFR14sR.34K', $4 = 'professor', $5 = '6090f603-e551-4582-b577-1b7f9918f296'
2023-10-09 22:42:56.703 UTC [118] LOG:  execute s10: SELECT "public"."Professor"."id", "public"."Professor"."nome", "public"."Professor"."email", "public"."Professor"."cpf", "public"."Professor"."sexo", "public"."Professor"."telefone", "public"."Professor"."createt_at", "public"."Professor"."id_departamento" FROM "public"."Professor" WHERE "public"."Professor"."id" = $1 LIMIT $2 OFFSET $3
2023-10-09 22:42:56.703 UTC [118] DETAIL:  parameters: $1 = '6090f603-e551-4582-b577-1b7f9918f296', $2 = '1', $3 = '0'
2023-10-09 22:42:56.705 UTC [118] LOG:  statement: COMMIT
2023-10-09 22:43:01.255 UTC [118] LOG:  execute s0: SELECT "public"."User"."id", "public"."User"."email", "public"."User"."password", "public"."User"."status", "public"."User"."id_departamento", "public"."User"."id_professor", "public"."User"."id_aluno" FROM "public"."User" WHERE ("public"."User"."id_aluno" = $1 OR "public"."User"."id_professor" = $2 OR "public"."User"."id_departamento" = $3) LIMIT $4 OFFSET $5
2023-10-09 22:43:01.255 UTC [118] DETAIL:  parameters: $1 = '1', $2 = '1', $3 = '1', $4 = '1', $5 = '0'
2023-10-09 22:43:01.263 UTC [118] LOG:  execute s3: SELECT "public"."Professor"."id", "public"."Professor"."nome", "public"."Professor"."email", "public"."Professor"."cpf", "public"."Professor"."sexo", "public"."Professor"."telefone", "public"."Professor"."createt_at", "public"."Professor"."id_departamento" FROM "public"."Professor" WHERE 1=1 OFFSET $1
2023-10-09 22:43:01.263 UTC [118] DETAIL:  parameters: $1 = '0'
2023-10-09 22:43:03.256 UTC [118] LOG:  execute s0: SELECT "public"."User"."id", "public"."User"."email", "public"."User"."password", "public"."User"."status", "public"."User"."id_departamento", "public"."User"."id_professor", "public"."User"."id_aluno" FROM "public"."User" WHERE ("public"."User"."id_aluno" = $1 OR "public"."User"."id_professor" = $2 OR "public"."User"."id_departamento" = $3) LIMIT $4 OFFSET $5
2023-10-09 22:43:03.256 UTC [118] DETAIL:  parameters: $1 = '1', $2 = '1', $3 = '1', $4 = '1', $5 = '0'
2023-10-09 22:43:04.400 UTC [118] LOG:  execute s0: SELECT "public"."User"."id", "public"."User"."email", "public"."User"."password", "public"."User"."status", "public"."User"."id_departamento", "public"."User"."id_professor", "public"."User"."id_aluno" FROM "public"."User" WHERE ("public"."User"."id_aluno" = $1 OR "public"."User"."id_professor" = $2 OR "public"."User"."id_departamento" = $3) LIMIT $4 OFFSET $5
2023-10-09 22:43:04.400 UTC [118] DETAIL:  parameters: $1 = '1', $2 = '1', $3 = '1', $4 = '1', $5 = '0'
2023-10-09 22:43:05.390 UTC [118] LOG:  execute s0: SELECT "public"."User"."id", "public"."User"."email", "public"."User"."password", "public"."User"."status", "public"."User"."id_departamento", "public"."User"."id_professor", "public"."User"."id_aluno" FROM "public"."User" WHERE ("public"."User"."id_aluno" = $1 OR "public"."User"."id_professor" = $2 OR "public"."User"."id_departamento" = $3) LIMIT $4 OFFSET $5
2023-10-09 22:43:05.390 UTC [118] DETAIL:  parameters: $1 = '1', $2 = '1', $3 = '1', $4 = '1', $5 = '0'
2023-10-09 22:43:06.394 UTC [118] LOG:  execute s0: SELECT "public"."User"."id", "public"."User"."email", "public"."User"."password", "public"."User"."status", "public"."User"."id_departamento", "public"."User"."id_professor", "public"."User"."id_aluno" FROM "public"."User" WHERE ("public"."User"."id_aluno" = $1 OR "public"."User"."id_professor" = $2 OR "public"."User"."id_departamento" = $3) LIMIT $4 OFFSET $5
2023-10-09 22:43:06.394 UTC [118] DETAIL:  parameters: $1 = '1', $2 = '1', $3 = '1', $4 = '1', $5 = '0'
2023-10-09 22:43:07.383 UTC [118] LOG:  execute s0: SELECT "public"."User"."id", "public"."User"."email", "public"."User"."password", "public"."User"."status", "public"."User"."id_departamento", "public"."User"."id_professor", "public"."User"."id_aluno" FROM "public"."User" WHERE ("public"."User"."id_aluno" = $1 OR "public"."User"."id_professor" = $2 OR "public"."User"."id_departamento" = $3) LIMIT $4 OFFSET $5
2023-10-09 22:43:07.383 UTC [118] DETAIL:  parameters: $1 = '1', $2 = '1', $3 = '1', $4 = '1', $5 = '0'
2023-10-09 22:43:08.256 UTC [118] LOG:  execute s0: SELECT "public"."User"."id", "public"."User"."email", "public"."User"."password", "public"."User"."status", "public"."User"."id_departamento", "public"."User"."id_professor", "public"."User"."id_aluno" FROM "public"."User" WHERE ("public"."User"."id_aluno" = $1 OR "public"."User"."id_professor" = $2 OR "public"."User"."id_departamento" = $3) LIMIT $4 OFFSET $5
2023-10-09 22:43:08.256 UTC [118] DETAIL:  parameters: $1 = '1', $2 = '1', $3 = '1', $4 = '1', $5 = '0'
2023-10-09 22:43:09.093 UTC [118] LOG:  execute s0: SELECT "public"."User"."id", "public"."User"."email", "public"."User"."password", "public"."User"."status", "public"."User"."id_departamento", "public"."User"."id_professor", "public"."User"."id_aluno" FROM "public"."User" WHERE ("public"."User"."id_aluno" = $1 OR "public"."User"."id_professor" = $2 OR "public"."User"."id_departamento" = $3) LIMIT $4 OFFSET $5
2023-10-09 22:43:09.093 UTC [118] DETAIL:  parameters: $1 = '1', $2 = '1', $3 = '1', $4 = '1', $5 = '0'
2023-10-09 22:43:09.851 UTC [118] LOG:  execute s0: SELECT "public"."User"."id", "public"."User"."email", "public"."User"."password", "public"."User"."status", "public"."User"."id_departamento", "public"."User"."id_professor", "public"."User"."id_aluno" FROM "public"."User" WHERE ("public"."User"."id_aluno" = $1 OR "public"."User"."id_professor" = $2 OR "public"."User"."id_departamento" = $3) LIMIT $4 OFFSET $5
2023-10-09 22:43:09.851 UTC [118] DETAIL:  parameters: $1 = '1', $2 = '1', $3 = '1', $4 = '1', $5 = '0'
2023-10-09 22:43:10.497 UTC [118] LOG:  execute s0: SELECT "public"."User"."id", "public"."User"."email", "public"."User"."password", "public"."User"."status", "public"."User"."id_departamento", "public"."User"."id_professor", "public"."User"."id_aluno" FROM "public"."User" WHERE ("public"."User"."id_aluno" = $1 OR "public"."User"."id_professor" = $2 OR "public"."User"."id_departamento" = $3) LIMIT $4 OFFSET $5
2023-10-09 22:43:10.497 UTC [118] DETAIL:  parameters: $1 = '1', $2 = '1', $3 = '1', $4 = '1', $5 = '0'
2023-10-09 22:43:12.520 UTC [118] LOG:  statement: SELECT 1
2023-10-09 22:43:12.523 UTC [118] LOG:  execute s0: SELECT "public"."User"."id", "public"."User"."email", "public"."User"."password", "public"."User"."status", "public"."User"."id_departamento", "public"."User"."id_professor", "public"."User"."id_aluno" FROM "public"."User" WHERE ("public"."User"."id_aluno" = $1 OR "public"."User"."id_professor" = $2 OR "public"."User"."id_departamento" = $3) LIMIT $4 OFFSET $5
2023-10-09 22:43:12.523 UTC [118] DETAIL:  parameters: $1 = '1', $2 = '1', $3 = '1', $4 = '1', $5 = '0'
2023-10-09 22:43:12.663 UTC [118] LOG:  execute s0: SELECT "public"."User"."id", "public"."User"."email", "public"."User"."password", "public"."User"."status", "public"."User"."id_departamento", "public"."User"."id_professor", "public"."User"."id_aluno" FROM "public"."User" WHERE ("public"."User"."id_aluno" = $1 OR "public"."User"."id_professor" = $2 OR "public"."User"."id_departamento" = $3) LIMIT $4 OFFSET $5
2023-10-09 22:43:12.663 UTC [118] DETAIL:  parameters: $1 = '1', $2 = '1', $3 = '1', $4 = '1', $5 = '0'
2023-10-09 22:43:12.734 UTC [118] LOG:  execute s0: SELECT "public"."User"."id", "public"."User"."email", "public"."User"."password", "public"."User"."status", "public"."User"."id_departamento", "public"."User"."id_professor", "public"."User"."id_aluno" FROM "public"."User" WHERE ("public"."User"."id_aluno" = $1 OR "public"."User"."id_professor" = $2 OR "public"."User"."id_departamento" = $3) LIMIT $4 OFFSET $5
2023-10-09 22:43:12.734 UTC [118] DETAIL:  parameters: $1 = '1', $2 = '1', $3 = '1', $4 = '1', $5 = '0'
2023-10-09 22:43:13.459 UTC [118] LOG:  execute s0: SELECT "public"."User"."id", "public"."User"."email", "public"."User"."password", "public"."User"."status", "public"."User"."id_departamento", "public"."User"."id_professor", "public"."User"."id_aluno" FROM "public"."User" WHERE ("public"."User"."id_aluno" = $1 OR "public"."User"."id_professor" = $2 OR "public"."User"."id_departamento" = $3) LIMIT $4 OFFSET $5
2023-10-09 22:43:13.459 UTC [118] DETAIL:  parameters: $1 = '1', $2 = '1', $3 = '1', $4 = '1', $5 = '0'
2023-10-09 22:43:13.472 UTC [118] LOG:  execute s0: SELECT "public"."User"."id", "public"."User"."email", "public"."User"."password", "public"."User"."status", "public"."User"."id_departamento", "public"."User"."id_professor", "public"."User"."id_aluno" FROM "public"."User" WHERE ("public"."User"."id_aluno" = $1 OR "public"."User"."id_professor" = $2 OR "public"."User"."id_departamento" = $3) LIMIT $4 OFFSET $5
2023-10-09 22:43:13.472 UTC [118] DETAIL:  parameters: $1 = '1', $2 = '1', $3 = '1', $4 = '1', $5 = '0'
2023-10-09 22:44:51.013 UTC [28] LOG:  checkpoint starting: time
2023-10-09 22:44:51.914 UTC [28] LOG:  checkpoint complete: wrote 9 buffers (0.0%); 0 WAL file(s) added, 0 removed, 0 recycled; write=0.829 s, sync=0.016 s, total=0.901 s; sync files=9, longest=0.004 s, average=0.002 s; distance=20 kB, estimate=22 kB
2023-10-09 23:03:35.405 UTC [1] LOG:  received fast shutdown request
2023-10-09 23:03:35.413 UTC [1] LOG:  aborting any active transactions
2023-10-09 23:03:35.447 UTC [1] LOG:  background worker "logical replication launcher" (PID 33) exited with exit code 1
2023-10-09 23:03:35.447 UTC [28] LOG:  shutting down
2023-10-09 23:03:35.456 UTC [28] LOG:  checkpoint starting: shutdown immediate
2023-10-09 23:03:35.607 UTC [28] LOG:  checkpoint complete: wrote 0 buffers (0.0%); 0 WAL file(s) added, 0 removed, 0 recycled; write=0.018 s, sync=0.001 s, total=0.160 s; sync files=0, longest=0.000 s, average=0.000 s; distance=0 kB, estimate=20 kB
2023-10-09 23:03:35.708 UTC [1] LOG:  database system is shut down
