2023-10-12 00:00:09.919 UTC [82] LOG:  execute s1: SELECT t.typname, t.typtype, t.typelem, r.rngsubtype, t.typbasetype, n.nspname, t.typrelid
	FROM pg_catalog.pg_type t
	LEFT OUTER JOIN pg_catalog.pg_range r ON r.rngtypid = t.oid
	INNER JOIN pg_catalog.pg_namespace n ON t.typnamespace = n.oid
	WHERE t.oid = $1
	
2023-10-12 00:00:09.919 UTC [82] DETAIL:  parameters: $1 = '16537'
2023-10-12 00:00:09.927 UTC [82] LOG:  execute s2: SELECT enumlabel
	FROM pg_catalog.pg_enum
	WHERE enumtypid = $1
	ORDER BY enumsortorder
	
2023-10-12 00:00:09.927 UTC [82] DETAIL:  parameters: $1 = '16537'
2023-10-12 00:00:09.935 UTC [82] LOG:  execute s0: SELECT "public"."User"."id", "public"."User"."email", "public"."User"."password", "public"."User"."status", "public"."User"."id_departamento", "public"."User"."id_professor", "public"."User"."id_aluno" FROM "public"."User" WHERE ("public"."User"."id_aluno" = $1 OR "public"."User"."id_professor" = $2 OR "public"."User"."id_departamento" = $3) LIMIT $4 OFFSET $5
2023-10-12 00:00:09.935 UTC [82] DETAIL:  parameters: $1 = '1', $2 = '1', $3 = '1', $4 = '1', $5 = '0'
2023-10-12 00:00:09.949 UTC [82] LOG:  execute s3: SELECT "public"."User"."id", "public"."User"."email", "public"."User"."password", "public"."User"."status", "public"."User"."id_departamento", "public"."User"."id_professor", "public"."User"."id_aluno" FROM "public"."User" WHERE "public"."User"."email" = $1 LIMIT $2 OFFSET $3
2023-10-12 00:00:09.949 UTC [82] DETAIL:  parameters: $1 = 'jhon_italo08@gmail.com', $2 = '1', $3 = '0'
2023-10-12 00:00:19.354 UTC [82] LOG:  execute s0: SELECT "public"."User"."id", "public"."User"."email", "public"."User"."password", "public"."User"."status", "public"."User"."id_departamento", "public"."User"."id_professor", "public"."User"."id_aluno" FROM "public"."User" WHERE ("public"."User"."id_aluno" = $1 OR "public"."User"."id_professor" = $2 OR "public"."User"."id_departamento" = $3) LIMIT $4 OFFSET $5
2023-10-12 00:00:19.354 UTC [82] DETAIL:  parameters: $1 = '1', $2 = '1', $3 = '1', $4 = '1', $5 = '0'
2023-10-12 00:00:19.359 UTC [82] LOG:  execute s3: SELECT "public"."User"."id", "public"."User"."email", "public"."User"."password", "public"."User"."status", "public"."User"."id_departamento", "public"."User"."id_professor", "public"."User"."id_aluno" FROM "public"."User" WHERE "public"."User"."email" = $1 LIMIT $2 OFFSET $3
2023-10-12 00:00:19.359 UTC [82] DETAIL:  parameters: $1 = 'jhon_italo09@gmail.com', $2 = '1', $3 = '0'
2023-10-12 00:00:19.367 UTC [82] LOG:  execute s1: SELECT t.typname, t.typtype, t.typelem, r.rngsubtype, t.typbasetype, n.nspname, t.typrelid
	FROM pg_catalog.pg_type t
	LEFT OUTER JOIN pg_catalog.pg_range r ON r.rngtypid = t.oid
	INNER JOIN pg_catalog.pg_namespace n ON t.typnamespace = n.oid
	WHERE t.oid = $1
	
2023-10-12 00:00:19.367 UTC [82] DETAIL:  parameters: $1 = '16419'
2023-10-12 00:00:19.369 UTC [82] LOG:  execute s2: SELECT enumlabel
	FROM pg_catalog.pg_enum
	WHERE enumtypid = $1
	ORDER BY enumsortorder
	
2023-10-12 00:00:19.369 UTC [82] DETAIL:  parameters: $1 = '16419'
2023-10-12 00:00:19.373 UTC [82] LOG:  execute s4: SELECT "public"."Aluno"."id", "public"."Aluno"."nome", "public"."Aluno"."email", "public"."Aluno"."cpf", "public"."Aluno"."sexo", "public"."Aluno"."telefone", "public"."Aluno"."createdAt", "public"."Aluno"."id_turma", "public"."Aluno"."id_curso" FROM "public"."Aluno" WHERE "public"."Aluno"."cpf" = $1 LIMIT $2 OFFSET $3
2023-10-12 00:00:19.373 UTC [82] DETAIL:  parameters: $1 = '0680637435009', $2 = '1', $3 = '0'
2023-10-12 00:00:19.378 UTC [82] LOG:  execute s5: SELECT "public"."Aluno"."id", "public"."Aluno"."nome", "public"."Aluno"."email", "public"."Aluno"."cpf", "public"."Aluno"."sexo", "public"."Aluno"."telefone", "public"."Aluno"."createdAt", "public"."Aluno"."id_turma", "public"."Aluno"."id_curso" FROM "public"."Aluno" WHERE "public"."Aluno"."email" = $1 LIMIT $2 OFFSET $3
2023-10-12 00:00:19.378 UTC [82] DETAIL:  parameters: $1 = 'jhon_italo09@gmail.com', $2 = '1', $3 = '0'
2023-10-12 00:00:19.487 UTC [82] LOG:  statement: BEGIN
2023-10-12 00:00:19.493 UTC [82] LOG:  execute s6: SELECT "public"."Curso"."id" FROM "public"."Curso" WHERE ("public"."Curso"."id" = $1 AND 1=1) OFFSET $2
2023-10-12 00:00:19.493 UTC [82] DETAIL:  parameters: $1 = '53', $2 = '0'
2023-10-12 00:00:19.501 UTC [82] LOG:  execute s7: SELECT "public"."Turma"."id" FROM "public"."Turma" WHERE ("public"."Turma"."id" = $1 AND 1=1) OFFSET $2
2023-10-12 00:00:19.501 UTC [82] DETAIL:  parameters: $1 = '18', $2 = '0'
2023-10-12 00:00:19.507 UTC [82] LOG:  execute s8: INSERT INTO "public"."Aluno" ("id","nome","email","cpf","sexo","telefone","createdAt","id_turma","id_curso") VALUES ($1,$2,$3,$4,$5,$6,$7,$8,$9) RETURNING "public"."Aluno"."id"
2023-10-12 00:00:19.507 UTC [82] DETAIL:  parameters: $1 = '0988c66b-fe77-42a9-bf67-958ade65843f', $2 = 'john italo lucas lima', $3 = 'jhon_italo09@gmail.com', $4 = '0680637435009', $5 = 'F', $6 = '889997727240', $7 = '2023-10-12 00:00:19.486', $8 = '18', $9 = '53'
2023-10-12 00:00:19.511 UTC [82] LOG:  execute s9: INSERT INTO "public"."User" ("id","email","password","status","id_aluno") VALUES ($1,$2,$3,$4,$5) RETURNING "public"."User"."id"
2023-10-12 00:00:19.511 UTC [82] DETAIL:  parameters: $1 = 'cc3d0e3d-ac8f-4053-87a6-dc47567a2828', $2 = 'jhon_italo09@gmail.com', $3 = '$2b$10$UhKYxci43MjJJZphb13gnOdYCVsMJR8vY6kCQHpf8HZCIUca8CoIW', $4 = 'aluno', $5 = '0988c66b-fe77-42a9-bf67-958ade65843f'
2023-10-12 00:00:19.518 UTC [82] LOG:  execute s10: SELECT "public"."Aluno"."id", "public"."Aluno"."nome", "public"."Aluno"."email", "public"."Aluno"."cpf", "public"."Aluno"."sexo", "public"."Aluno"."telefone", "public"."Aluno"."createdAt", "public"."Aluno"."id_turma", "public"."Aluno"."id_curso" FROM "public"."Aluno" WHERE "public"."Aluno"."id" = $1 LIMIT $2 OFFSET $3
2023-10-12 00:00:19.518 UTC [82] DETAIL:  parameters: $1 = '0988c66b-fe77-42a9-bf67-958ade65843f', $2 = '1', $3 = '0'
2023-10-12 00:00:19.520 UTC [82] LOG:  statement: COMMIT
2023-10-12 00:01:18.178 UTC [28] LOG:  checkpoint starting: time
2023-10-12 00:01:19.116 UTC [28] LOG:  checkpoint complete: wrote 8 buffers (0.0%); 0 WAL file(s) added, 0 removed, 0 recycled; write=0.858 s, sync=0.019 s, total=0.939 s; sync files=8, longest=0.006 s, average=0.003 s; distance=23 kB, estimate=23 kB
2023-10-12 00:01:42.566 UTC [85] LOG:  execute s1: SELECT t.typname, t.typtype, t.typelem, r.rngsubtype, t.typbasetype, n.nspname, t.typrelid
	FROM pg_catalog.pg_type t
	LEFT OUTER JOIN pg_catalog.pg_range r ON r.rngtypid = t.oid
	INNER JOIN pg_catalog.pg_namespace n ON t.typnamespace = n.oid
	WHERE t.oid = $1
	
2023-10-12 00:01:42.566 UTC [85] DETAIL:  parameters: $1 = '16537'
2023-10-12 00:01:42.579 UTC [85] LOG:  execute s2: SELECT enumlabel
	FROM pg_catalog.pg_enum
	WHERE enumtypid = $1
	ORDER BY enumsortorder
	
2023-10-12 00:01:42.579 UTC [85] DETAIL:  parameters: $1 = '16537'
2023-10-12 00:01:42.584 UTC [85] LOG:  execute s0: SELECT "public"."User"."id", "public"."User"."email", "public"."User"."password", "public"."User"."status", "public"."User"."id_departamento", "public"."User"."id_professor", "public"."User"."id_aluno" FROM "public"."User" WHERE ("public"."User"."id_aluno" = $1 OR "public"."User"."id_professor" = $2 OR "public"."User"."id_departamento" = $3) LIMIT $4 OFFSET $5
2023-10-12 00:01:42.584 UTC [85] DETAIL:  parameters: $1 = '1', $2 = '1', $3 = '1', $4 = '1', $5 = '0'
2023-10-12 00:01:42.599 UTC [85] LOG:  execute s3: SELECT "public"."User"."id", "public"."User"."email", "public"."User"."password", "public"."User"."status", "public"."User"."id_departamento", "public"."User"."id_professor", "public"."User"."id_aluno" FROM "public"."User" WHERE "public"."User"."email" = $1 LIMIT $2 OFFSET $3
2023-10-12 00:01:42.599 UTC [85] DETAIL:  parameters: $1 = 'jhon_italo09@gmail.com', $2 = '1', $3 = '0'
2023-10-12 00:02:07.550 UTC [85] LOG:  statement: SELECT 1
2023-10-12 00:02:07.552 UTC [85] LOG:  execute s0: SELECT "public"."User"."id", "public"."User"."email", "public"."User"."password", "public"."User"."status", "public"."User"."id_departamento", "public"."User"."id_professor", "public"."User"."id_aluno" FROM "public"."User" WHERE ("public"."User"."id_aluno" = $1 OR "public"."User"."id_professor" = $2 OR "public"."User"."id_departamento" = $3) LIMIT $4 OFFSET $5
2023-10-12 00:02:07.552 UTC [85] DETAIL:  parameters: $1 = '1', $2 = '1', $3 = '1', $4 = '1', $5 = '0'
2023-10-12 00:02:07.558 UTC [85] LOG:  execute s3: SELECT "public"."User"."id", "public"."User"."email", "public"."User"."password", "public"."User"."status", "public"."User"."id_departamento", "public"."User"."id_professor", "public"."User"."id_aluno" FROM "public"."User" WHERE "public"."User"."email" = $1 LIMIT $2 OFFSET $3
2023-10-12 00:02:07.558 UTC [85] DETAIL:  parameters: $1 = 'jhon_italo04@gmail.com', $2 = '1', $3 = '0'
2023-10-12 00:02:07.564 UTC [85] LOG:  execute s1: SELECT t.typname, t.typtype, t.typelem, r.rngsubtype, t.typbasetype, n.nspname, t.typrelid
	FROM pg_catalog.pg_type t
	LEFT OUTER JOIN pg_catalog.pg_range r ON r.rngtypid = t.oid
	INNER JOIN pg_catalog.pg_namespace n ON t.typnamespace = n.oid
	WHERE t.oid = $1
	
2023-10-12 00:02:07.564 UTC [85] DETAIL:  parameters: $1 = '16419'
2023-10-12 00:02:07.566 UTC [85] LOG:  execute s2: SELECT enumlabel
	FROM pg_catalog.pg_enum
	WHERE enumtypid = $1
	ORDER BY enumsortorder
	
2023-10-12 00:02:07.566 UTC [85] DETAIL:  parameters: $1 = '16419'
2023-10-12 00:02:07.571 UTC [85] LOG:  execute s4: SELECT "public"."Aluno"."id", "public"."Aluno"."nome", "public"."Aluno"."email", "public"."Aluno"."cpf", "public"."Aluno"."sexo", "public"."Aluno"."telefone", "public"."Aluno"."createdAt", "public"."Aluno"."id_turma", "public"."Aluno"."id_curso" FROM "public"."Aluno" WHERE "public"."Aluno"."cpf" = $1 LIMIT $2 OFFSET $3
2023-10-12 00:02:07.571 UTC [85] DETAIL:  parameters: $1 = '0680637435004', $2 = '1', $3 = '0'
2023-10-12 00:02:07.578 UTC [85] LOG:  execute s5: SELECT "public"."Aluno"."id", "public"."Aluno"."nome", "public"."Aluno"."email", "public"."Aluno"."cpf", "public"."Aluno"."sexo", "public"."Aluno"."telefone", "public"."Aluno"."createdAt", "public"."Aluno"."id_turma", "public"."Aluno"."id_curso" FROM "public"."Aluno" WHERE "public"."Aluno"."email" = $1 LIMIT $2 OFFSET $3
2023-10-12 00:02:07.578 UTC [85] DETAIL:  parameters: $1 = 'jhon_italo04@gmail.com', $2 = '1', $3 = '0'
2023-10-12 00:02:07.682 UTC [85] LOG:  statement: BEGIN
2023-10-12 00:02:07.691 UTC [85] LOG:  execute s6: SELECT "public"."Curso"."id" FROM "public"."Curso" WHERE ("public"."Curso"."id" = $1 AND 1=1) OFFSET $2
2023-10-12 00:02:07.691 UTC [85] DETAIL:  parameters: $1 = '53', $2 = '0'
2023-10-12 00:02:07.700 UTC [85] LOG:  execute s7: SELECT "public"."Turma"."id" FROM "public"."Turma" WHERE ("public"."Turma"."id" = $1 AND 1=1) OFFSET $2
2023-10-12 00:02:07.700 UTC [85] DETAIL:  parameters: $1 = '18', $2 = '0'
2023-10-12 00:02:07.705 UTC [85] LOG:  execute s8: INSERT INTO "public"."Aluno" ("id","nome","email","cpf","sexo","telefone","createdAt","id_turma","id_curso") VALUES ($1,$2,$3,$4,$5,$6,$7,$8,$9) RETURNING "public"."Aluno"."id"
2023-10-12 00:02:07.705 UTC [85] DETAIL:  parameters: $1 = '2f6ef884-a7e1-487b-9dd4-43bbc4996f0c', $2 = 'john italo lucas lima', $3 = 'jhon_italo04@gmail.com', $4 = '0680637435004', $5 = 'F', $6 = '889997727240', $7 = '2023-10-12 00:02:07.681', $8 = '18', $9 = '53'
2023-10-12 00:02:07.711 UTC [85] LOG:  execute s9: INSERT INTO "public"."User" ("id","email","password","status","id_aluno") VALUES ($1,$2,$3,$4,$5) RETURNING "public"."User"."id"
2023-10-12 00:02:07.711 UTC [85] DETAIL:  parameters: $1 = '60bfe200-a07f-454e-b8a5-0d4ce8fa1338', $2 = 'jhon_italo04@gmail.com', $3 = '$2b$10$SeHfkitQTDJrsGjlDA6y6u0QZlhFWv148i9ipnJsiA7jNzKkrWHXK', $4 = 'aluno', $5 = '2f6ef884-a7e1-487b-9dd4-43bbc4996f0c'
2023-10-12 00:02:07.718 UTC [85] LOG:  execute s10: SELECT "public"."Aluno"."id", "public"."Aluno"."nome", "public"."Aluno"."email", "public"."Aluno"."cpf", "public"."Aluno"."sexo", "public"."Aluno"."telefone", "public"."Aluno"."createdAt", "public"."Aluno"."id_turma", "public"."Aluno"."id_curso" FROM "public"."Aluno" WHERE "public"."Aluno"."id" = $1 LIMIT $2 OFFSET $3
2023-10-12 00:02:07.718 UTC [85] DETAIL:  parameters: $1 = '2f6ef884-a7e1-487b-9dd4-43bbc4996f0c', $2 = '1', $3 = '0'
2023-10-12 00:02:07.720 UTC [85] LOG:  statement: COMMIT
2023-10-12 00:05:50.438 UTC [90] LOG:  execute s1: SELECT t.typname, t.typtype, t.typelem, r.rngsubtype, t.typbasetype, n.nspname, t.typrelid
	FROM pg_catalog.pg_type t
	LEFT OUTER JOIN pg_catalog.pg_range r ON r.rngtypid = t.oid
	INNER JOIN pg_catalog.pg_namespace n ON t.typnamespace = n.oid
	WHERE t.oid = $1
	
2023-10-12 00:05:50.438 UTC [90] DETAIL:  parameters: $1 = '16537'
2023-10-12 00:05:50.448 UTC [90] LOG:  execute s2: SELECT enumlabel
	FROM pg_catalog.pg_enum
	WHERE enumtypid = $1
	ORDER BY enumsortorder
	
2023-10-12 00:05:50.448 UTC [90] DETAIL:  parameters: $1 = '16537'
2023-10-12 00:05:50.453 UTC [90] LOG:  execute s0: SELECT "public"."User"."id", "public"."User"."email", "public"."User"."password", "public"."User"."status", "public"."User"."id_departamento", "public"."User"."id_professor", "public"."User"."id_aluno" FROM "public"."User" WHERE ("public"."User"."id_aluno" = $1 OR "public"."User"."id_professor" = $2 OR "public"."User"."id_departamento" = $3) LIMIT $4 OFFSET $5
2023-10-12 00:05:50.453 UTC [90] DETAIL:  parameters: $1 = '1', $2 = '1', $3 = '1', $4 = '1', $5 = '0'
2023-10-12 00:05:50.473 UTC [90] LOG:  execute s3: SELECT "public"."User"."id", "public"."User"."email", "public"."User"."password", "public"."User"."status", "public"."User"."id_departamento", "public"."User"."id_professor", "public"."User"."id_aluno" FROM "public"."User" WHERE "public"."User"."email" = $1 LIMIT $2 OFFSET $3
2023-10-12 00:05:50.473 UTC [90] DETAIL:  parameters: $1 = 'jhon_italo04@gmail.com', $2 = '1', $3 = '0'
2023-10-12 00:05:59.989 UTC [90] LOG:  execute s0: SELECT "public"."User"."id", "public"."User"."email", "public"."User"."password", "public"."User"."status", "public"."User"."id_departamento", "public"."User"."id_professor", "public"."User"."id_aluno" FROM "public"."User" WHERE ("public"."User"."id_aluno" = $1 OR "public"."User"."id_professor" = $2 OR "public"."User"."id_departamento" = $3) LIMIT $4 OFFSET $5
2023-10-12 00:05:59.989 UTC [90] DETAIL:  parameters: $1 = '1', $2 = '1', $3 = '1', $4 = '1', $5 = '0'
2023-10-12 00:05:59.996 UTC [90] LOG:  execute s3: SELECT "public"."User"."id", "public"."User"."email", "public"."User"."password", "public"."User"."status", "public"."User"."id_departamento", "public"."User"."id_professor", "public"."User"."id_aluno" FROM "public"."User" WHERE "public"."User"."email" = $1 LIMIT $2 OFFSET $3
2023-10-12 00:05:59.996 UTC [90] DETAIL:  parameters: $1 = 'jhon_italo07@gmail.com', $2 = '1', $3 = '0'
2023-10-12 00:06:00.002 UTC [90] LOG:  execute s1: SELECT t.typname, t.typtype, t.typelem, r.rngsubtype, t.typbasetype, n.nspname, t.typrelid
	FROM pg_catalog.pg_type t
	LEFT OUTER JOIN pg_catalog.pg_range r ON r.rngtypid = t.oid
	INNER JOIN pg_catalog.pg_namespace n ON t.typnamespace = n.oid
	WHERE t.oid = $1
	
2023-10-12 00:06:00.002 UTC [90] DETAIL:  parameters: $1 = '16419'
2023-10-12 00:06:00.004 UTC [90] LOG:  execute s2: SELECT enumlabel
	FROM pg_catalog.pg_enum
	WHERE enumtypid = $1
	ORDER BY enumsortorder
	
2023-10-12 00:06:00.004 UTC [90] DETAIL:  parameters: $1 = '16419'
2023-10-12 00:06:00.011 UTC [90] LOG:  execute s4: SELECT "public"."Aluno"."id", "public"."Aluno"."nome", "public"."Aluno"."email", "public"."Aluno"."cpf", "public"."Aluno"."sexo", "public"."Aluno"."telefone", "public"."Aluno"."createdAt", "public"."Aluno"."id_turma", "public"."Aluno"."id_curso" FROM "public"."Aluno" WHERE "public"."Aluno"."cpf" = $1 LIMIT $2 OFFSET $3
2023-10-12 00:06:00.011 UTC [90] DETAIL:  parameters: $1 = '0680637435007', $2 = '1', $3 = '0'
2023-10-12 00:06:00.017 UTC [90] LOG:  execute s5: SELECT "public"."Aluno"."id", "public"."Aluno"."nome", "public"."Aluno"."email", "public"."Aluno"."cpf", "public"."Aluno"."sexo", "public"."Aluno"."telefone", "public"."Aluno"."createdAt", "public"."Aluno"."id_turma", "public"."Aluno"."id_curso" FROM "public"."Aluno" WHERE "public"."Aluno"."email" = $1 LIMIT $2 OFFSET $3
2023-10-12 00:06:00.017 UTC [90] DETAIL:  parameters: $1 = 'jhon_italo07@gmail.com', $2 = '1', $3 = '0'
2023-10-12 00:06:00.130 UTC [90] LOG:  statement: BEGIN
2023-10-12 00:06:00.136 UTC [90] LOG:  execute s6: SELECT "public"."Curso"."id" FROM "public"."Curso" WHERE ("public"."Curso"."id" = $1 AND 1=1) OFFSET $2
2023-10-12 00:06:00.136 UTC [90] DETAIL:  parameters: $1 = '53', $2 = '0'
2023-10-12 00:06:00.144 UTC [90] LOG:  execute s7: SELECT "public"."Turma"."id" FROM "public"."Turma" WHERE ("public"."Turma"."id" = $1 AND 1=1) OFFSET $2
2023-10-12 00:06:00.144 UTC [90] DETAIL:  parameters: $1 = '18', $2 = '0'
2023-10-12 00:06:00.147 UTC [90] LOG:  execute s8: INSERT INTO "public"."Aluno" ("id","nome","email","cpf","sexo","telefone","createdAt","id_turma","id_curso") VALUES ($1,$2,$3,$4,$5,$6,$7,$8,$9) RETURNING "public"."Aluno"."id"
2023-10-12 00:06:00.147 UTC [90] DETAIL:  parameters: $1 = '0891c228-ef78-4058-bbae-c43dea32f0a0', $2 = 'john italo lucas lima', $3 = 'jhon_italo07@gmail.com', $4 = '0680637435007', $5 = 'F', $6 = '889997727240', $7 = '2023-10-12 00:06:00.129', $8 = '18', $9 = '53'
2023-10-12 00:06:00.151 UTC [90] LOG:  execute s9: INSERT INTO "public"."User" ("id","email","password","status","id_aluno") VALUES ($1,$2,$3,$4,$5) RETURNING "public"."User"."id"
2023-10-12 00:06:00.151 UTC [90] DETAIL:  parameters: $1 = '1d85a001-5551-42d4-a6f0-9ae43b51e74b', $2 = 'jhon_italo07@gmail.com', $3 = '$2b$10$eOiKhL.2jURIvYK1vUHjhe5ymV7GthhXaR.SwGi7WJtUKdYGXzw5y', $4 = 'aluno', $5 = '0891c228-ef78-4058-bbae-c43dea32f0a0'
2023-10-12 00:06:00.155 UTC [90] LOG:  execute s10: SELECT "public"."Aluno"."id", "public"."Aluno"."nome", "public"."Aluno"."email", "public"."Aluno"."cpf", "public"."Aluno"."sexo", "public"."Aluno"."telefone", "public"."Aluno"."createdAt", "public"."Aluno"."id_turma", "public"."Aluno"."id_curso" FROM "public"."Aluno" WHERE "public"."Aluno"."id" = $1 LIMIT $2 OFFSET $3
2023-10-12 00:06:00.155 UTC [90] DETAIL:  parameters: $1 = '0891c228-ef78-4058-bbae-c43dea32f0a0', $2 = '1', $3 = '0'
2023-10-12 00:06:00.158 UTC [90] LOG:  statement: COMMIT
2023-10-12 00:06:18.223 UTC [28] LOG:  checkpoint starting: time
2023-10-12 00:06:19.054 UTC [28] LOG:  checkpoint complete: wrote 8 buffers (0.0%); 0 WAL file(s) added, 0 removed, 0 recycled; write=0.745 s, sync=0.018 s, total=0.831 s; sync files=8, longest=0.006 s, average=0.003 s; distance=24 kB, estimate=24 kB
2023-10-12 00:06:58.031 UTC [92] LOG:  execute s1: SELECT t.typname, t.typtype, t.typelem, r.rngsubtype, t.typbasetype, n.nspname, t.typrelid
	FROM pg_catalog.pg_type t
	LEFT OUTER JOIN pg_catalog.pg_range r ON r.rngtypid = t.oid
	INNER JOIN pg_catalog.pg_namespace n ON t.typnamespace = n.oid
	WHERE t.oid = $1
	
2023-10-12 00:06:58.031 UTC [92] DETAIL:  parameters: $1 = '16537'
2023-10-12 00:06:58.038 UTC [92] LOG:  execute s2: SELECT enumlabel
	FROM pg_catalog.pg_enum
	WHERE enumtypid = $1
	ORDER BY enumsortorder
	
2023-10-12 00:06:58.038 UTC [92] DETAIL:  parameters: $1 = '16537'
2023-10-12 00:06:58.045 UTC [92] LOG:  execute s0: SELECT "public"."User"."id", "public"."User"."email", "public"."User"."password", "public"."User"."status", "public"."User"."id_departamento", "public"."User"."id_professor", "public"."User"."id_aluno" FROM "public"."User" WHERE ("public"."User"."id_aluno" = $1 OR "public"."User"."id_professor" = $2 OR "public"."User"."id_departamento" = $3) LIMIT $4 OFFSET $5
2023-10-12 00:06:58.045 UTC [92] DETAIL:  parameters: $1 = '1', $2 = '1', $3 = '1', $4 = '1', $5 = '0'
2023-10-12 00:06:58.058 UTC [92] LOG:  execute s3: SELECT "public"."User"."id", "public"."User"."email", "public"."User"."password", "public"."User"."status", "public"."User"."id_departamento", "public"."User"."id_professor", "public"."User"."id_aluno" FROM "public"."User" WHERE "public"."User"."email" = $1 LIMIT $2 OFFSET $3
2023-10-12 00:06:58.058 UTC [92] DETAIL:  parameters: $1 = 'jhon_italo07@gmail.com', $2 = '1', $3 = '0'
2023-10-12 00:07:04.474 UTC [92] LOG:  execute s0: SELECT "public"."User"."id", "public"."User"."email", "public"."User"."password", "public"."User"."status", "public"."User"."id_departamento", "public"."User"."id_professor", "public"."User"."id_aluno" FROM "public"."User" WHERE ("public"."User"."id_aluno" = $1 OR "public"."User"."id_professor" = $2 OR "public"."User"."id_departamento" = $3) LIMIT $4 OFFSET $5
2023-10-12 00:07:04.474 UTC [92] DETAIL:  parameters: $1 = '1', $2 = '1', $3 = '1', $4 = '1', $5 = '0'
2023-10-12 00:07:04.480 UTC [92] LOG:  execute s3: SELECT "public"."User"."id", "public"."User"."email", "public"."User"."password", "public"."User"."status", "public"."User"."id_departamento", "public"."User"."id_professor", "public"."User"."id_aluno" FROM "public"."User" WHERE "public"."User"."email" = $1 LIMIT $2 OFFSET $3
2023-10-12 00:07:04.480 UTC [92] DETAIL:  parameters: $1 = 'jhon_italo05@gmail.com', $2 = '1', $3 = '0'
2023-10-12 00:07:04.487 UTC [92] LOG:  execute s1: SELECT t.typname, t.typtype, t.typelem, r.rngsubtype, t.typbasetype, n.nspname, t.typrelid
	FROM pg_catalog.pg_type t
	LEFT OUTER JOIN pg_catalog.pg_range r ON r.rngtypid = t.oid
	INNER JOIN pg_catalog.pg_namespace n ON t.typnamespace = n.oid
	WHERE t.oid = $1
	
2023-10-12 00:07:04.487 UTC [92] DETAIL:  parameters: $1 = '16419'
2023-10-12 00:07:04.489 UTC [92] LOG:  execute s2: SELECT enumlabel
	FROM pg_catalog.pg_enum
	WHERE enumtypid = $1
	ORDER BY enumsortorder
	
2023-10-12 00:07:04.489 UTC [92] DETAIL:  parameters: $1 = '16419'
2023-10-12 00:07:04.495 UTC [92] LOG:  execute s4: SELECT "public"."Aluno"."id", "public"."Aluno"."nome", "public"."Aluno"."email", "public"."Aluno"."cpf", "public"."Aluno"."sexo", "public"."Aluno"."telefone", "public"."Aluno"."createdAt", "public"."Aluno"."id_turma", "public"."Aluno"."id_curso" FROM "public"."Aluno" WHERE "public"."Aluno"."cpf" = $1 LIMIT $2 OFFSET $3
2023-10-12 00:07:04.495 UTC [92] DETAIL:  parameters: $1 = '0680637435005', $2 = '1', $3 = '0'
2023-10-12 00:07:04.500 UTC [92] LOG:  execute s5: SELECT "public"."Aluno"."id", "public"."Aluno"."nome", "public"."Aluno"."email", "public"."Aluno"."cpf", "public"."Aluno"."sexo", "public"."Aluno"."telefone", "public"."Aluno"."createdAt", "public"."Aluno"."id_turma", "public"."Aluno"."id_curso" FROM "public"."Aluno" WHERE "public"."Aluno"."email" = $1 LIMIT $2 OFFSET $3
2023-10-12 00:07:04.500 UTC [92] DETAIL:  parameters: $1 = 'jhon_italo05@gmail.com', $2 = '1', $3 = '0'
2023-10-12 00:07:04.606 UTC [92] LOG:  statement: BEGIN
2023-10-12 00:07:04.616 UTC [92] LOG:  execute s6: SELECT "public"."Curso"."id" FROM "public"."Curso" WHERE ("public"."Curso"."id" = $1 AND 1=1) OFFSET $2
2023-10-12 00:07:04.616 UTC [92] DETAIL:  parameters: $1 = '53', $2 = '0'
2023-10-12 00:07:04.626 UTC [92] LOG:  execute s7: SELECT "public"."Turma"."id" FROM "public"."Turma" WHERE ("public"."Turma"."id" = $1 AND 1=1) OFFSET $2
2023-10-12 00:07:04.626 UTC [92] DETAIL:  parameters: $1 = '18', $2 = '0'
2023-10-12 00:07:04.631 UTC [92] LOG:  execute s8: INSERT INTO "public"."Aluno" ("id","nome","email","cpf","sexo","telefone","createdAt","id_turma","id_curso") VALUES ($1,$2,$3,$4,$5,$6,$7,$8,$9) RETURNING "public"."Aluno"."id"
2023-10-12 00:07:04.631 UTC [92] DETAIL:  parameters: $1 = 'f1e461a9-65b0-47c3-b1fc-6ee0202e1948', $2 = 'john italo lucas lima', $3 = 'jhon_italo05@gmail.com', $4 = '0680637435005', $5 = 'F', $6 = '889997727240', $7 = '2023-10-12 00:07:04.583', $8 = '18', $9 = '53'
2023-10-12 00:07:04.636 UTC [92] LOG:  execute s9: INSERT INTO "public"."User" ("id","email","password","status","id_aluno") VALUES ($1,$2,$3,$4,$5) RETURNING "public"."User"."id"
2023-10-12 00:07:04.636 UTC [92] DETAIL:  parameters: $1 = 'b4d3c35e-7aa2-45aa-92ab-d3d9ed04e37d', $2 = 'jhon_italo05@gmail.com', $3 = '$2b$10$qfcwXg.VRwWVfAH890nMS.d/QK9O95r2FeRZOwdyVl0oZFptIht5O', $4 = 'aluno', $5 = 'f1e461a9-65b0-47c3-b1fc-6ee0202e1948'
2023-10-12 00:07:04.641 UTC [92] LOG:  execute s10: SELECT "public"."Aluno"."id", "public"."Aluno"."nome", "public"."Aluno"."email", "public"."Aluno"."cpf", "public"."Aluno"."sexo", "public"."Aluno"."telefone", "public"."Aluno"."createdAt", "public"."Aluno"."id_turma", "public"."Aluno"."id_curso" FROM "public"."Aluno" WHERE "public"."Aluno"."id" = $1 LIMIT $2 OFFSET $3
2023-10-12 00:07:04.641 UTC [92] DETAIL:  parameters: $1 = 'f1e461a9-65b0-47c3-b1fc-6ee0202e1948', $2 = '1', $3 = '0'
2023-10-12 00:07:04.644 UTC [92] LOG:  statement: COMMIT
2023-10-12 00:07:54.917 UTC [94] LOG:  execute s1: SELECT t.typname, t.typtype, t.typelem, r.rngsubtype, t.typbasetype, n.nspname, t.typrelid
	FROM pg_catalog.pg_type t
	LEFT OUTER JOIN pg_catalog.pg_range r ON r.rngtypid = t.oid
	INNER JOIN pg_catalog.pg_namespace n ON t.typnamespace = n.oid
	WHERE t.oid = $1
	
2023-10-12 00:07:54.917 UTC [94] DETAIL:  parameters: $1 = '16537'
2023-10-12 00:07:54.927 UTC [94] LOG:  execute s2: SELECT enumlabel
	FROM pg_catalog.pg_enum
	WHERE enumtypid = $1
	ORDER BY enumsortorder
	
2023-10-12 00:07:54.927 UTC [94] DETAIL:  parameters: $1 = '16537'
2023-10-12 00:07:54.935 UTC [94] LOG:  execute s0: SELECT "public"."User"."id", "public"."User"."email", "public"."User"."password", "public"."User"."status", "public"."User"."id_departamento", "public"."User"."id_professor", "public"."User"."id_aluno" FROM "public"."User" WHERE ("public"."User"."id_aluno" = $1 OR "public"."User"."id_professor" = $2 OR "public"."User"."id_departamento" = $3) LIMIT $4 OFFSET $5
2023-10-12 00:07:54.935 UTC [94] DETAIL:  parameters: $1 = '1', $2 = '1', $3 = '1', $4 = '1', $5 = '0'
2023-10-12 00:07:54.950 UTC [94] LOG:  execute s3: SELECT "public"."User"."id", "public"."User"."email", "public"."User"."password", "public"."User"."status", "public"."User"."id_departamento", "public"."User"."id_professor", "public"."User"."id_aluno" FROM "public"."User" WHERE "public"."User"."email" = $1 LIMIT $2 OFFSET $3
2023-10-12 00:07:54.950 UTC [94] DETAIL:  parameters: $1 = 'jhon_italo000@gmail.com', $2 = '1', $3 = '0'
2023-10-12 00:07:54.956 UTC [94] LOG:  execute s1: SELECT t.typname, t.typtype, t.typelem, r.rngsubtype, t.typbasetype, n.nspname, t.typrelid
	FROM pg_catalog.pg_type t
	LEFT OUTER JOIN pg_catalog.pg_range r ON r.rngtypid = t.oid
	INNER JOIN pg_catalog.pg_namespace n ON t.typnamespace = n.oid
	WHERE t.oid = $1
	
2023-10-12 00:07:54.956 UTC [94] DETAIL:  parameters: $1 = '16419'
2023-10-12 00:07:54.957 UTC [94] LOG:  execute s2: SELECT enumlabel
	FROM pg_catalog.pg_enum
	WHERE enumtypid = $1
	ORDER BY enumsortorder
	
2023-10-12 00:07:54.957 UTC [94] DETAIL:  parameters: $1 = '16419'
2023-10-12 00:07:54.961 UTC [94] LOG:  execute s4: SELECT "public"."Aluno"."id", "public"."Aluno"."nome", "public"."Aluno"."email", "public"."Aluno"."cpf", "public"."Aluno"."sexo", "public"."Aluno"."telefone", "public"."Aluno"."createdAt", "public"."Aluno"."id_turma", "public"."Aluno"."id_curso" FROM "public"."Aluno" WHERE "public"."Aluno"."cpf" = $1 LIMIT $2 OFFSET $3
2023-10-12 00:07:54.961 UTC [94] DETAIL:  parameters: $1 = '06806374350000', $2 = '1', $3 = '0'
2023-10-12 00:07:54.968 UTC [94] LOG:  execute s5: SELECT "public"."Aluno"."id", "public"."Aluno"."nome", "public"."Aluno"."email", "public"."Aluno"."cpf", "public"."Aluno"."sexo", "public"."Aluno"."telefone", "public"."Aluno"."createdAt", "public"."Aluno"."id_turma", "public"."Aluno"."id_curso" FROM "public"."Aluno" WHERE "public"."Aluno"."email" = $1 LIMIT $2 OFFSET $3
2023-10-12 00:07:54.968 UTC [94] DETAIL:  parameters: $1 = 'jhon_italo000@gmail.com', $2 = '1', $3 = '0'
2023-10-12 00:07:55.076 UTC [94] LOG:  statement: BEGIN
2023-10-12 00:07:55.086 UTC [94] LOG:  execute s6: SELECT "public"."Curso"."id" FROM "public"."Curso" WHERE ("public"."Curso"."id" = $1 AND 1=1) OFFSET $2
2023-10-12 00:07:55.086 UTC [94] DETAIL:  parameters: $1 = '53', $2 = '0'
2023-10-12 00:07:55.099 UTC [94] LOG:  execute s7: SELECT "public"."Turma"."id" FROM "public"."Turma" WHERE ("public"."Turma"."id" = $1 AND 1=1) OFFSET $2
2023-10-12 00:07:55.099 UTC [94] DETAIL:  parameters: $1 = '18', $2 = '0'
2023-10-12 00:07:55.104 UTC [94] LOG:  execute s8: INSERT INTO "public"."Aluno" ("id","nome","email","cpf","sexo","telefone","createdAt","id_turma","id_curso") VALUES ($1,$2,$3,$4,$5,$6,$7,$8,$9) RETURNING "public"."Aluno"."id"
2023-10-12 00:07:55.104 UTC [94] DETAIL:  parameters: $1 = '8316cb83-c220-4b7e-8927-09106489674c', $2 = 'john italo lucas lima', $3 = 'jhon_italo000@gmail.com', $4 = '06806374350000', $5 = 'F', $6 = '889997727240', $7 = '2023-10-12 00:07:55.076', $8 = '18', $9 = '53'
2023-10-12 00:07:55.109 UTC [94] LOG:  execute s9: INSERT INTO "public"."User" ("id","email","password","status","id_aluno") VALUES ($1,$2,$3,$4,$5) RETURNING "public"."User"."id"
2023-10-12 00:07:55.109 UTC [94] DETAIL:  parameters: $1 = '3cfc55fb-cbdd-4aec-90c3-cccba0d1f17d', $2 = 'jhon_italo000@gmail.com', $3 = '$2b$10$76TELXc1twVGRLK9g9Q36eRwgdoh3XBTsPHO2OcM0V27HqltTVjqe', $4 = 'aluno', $5 = '8316cb83-c220-4b7e-8927-09106489674c'
2023-10-12 00:07:55.114 UTC [94] LOG:  execute s10: SELECT "public"."Aluno"."id", "public"."Aluno"."nome", "public"."Aluno"."email", "public"."Aluno"."cpf", "public"."Aluno"."sexo", "public"."Aluno"."telefone", "public"."Aluno"."createdAt", "public"."Aluno"."id_turma", "public"."Aluno"."id_curso" FROM "public"."Aluno" WHERE "public"."Aluno"."id" = $1 LIMIT $2 OFFSET $3
2023-10-12 00:07:55.114 UTC [94] DETAIL:  parameters: $1 = '8316cb83-c220-4b7e-8927-09106489674c', $2 = '1', $3 = '0'
2023-10-12 00:07:55.116 UTC [94] LOG:  statement: COMMIT
2023-10-12 00:11:18.159 UTC [28] LOG:  checkpoint starting: time
2023-10-12 00:11:19.043 UTC [28] LOG:  checkpoint complete: wrote 8 buffers (0.0%); 0 WAL file(s) added, 0 removed, 0 recycled; write=0.765 s, sync=0.012 s, total=0.885 s; sync files=8, longest=0.004 s, average=0.002 s; distance=25 kB, estimate=25 kB
2023-10-12 00:11:27.902 UTC [99] LOG:  execute s1: SELECT t.typname, t.typtype, t.typelem, r.rngsubtype, t.typbasetype, n.nspname, t.typrelid
	FROM pg_catalog.pg_type t
	LEFT OUTER JOIN pg_catalog.pg_range r ON r.rngtypid = t.oid
	INNER JOIN pg_catalog.pg_namespace n ON t.typnamespace = n.oid
	WHERE t.oid = $1
	
2023-10-12 00:11:27.902 UTC [99] DETAIL:  parameters: $1 = '16537'
2023-10-12 00:11:27.912 UTC [99] LOG:  execute s2: SELECT enumlabel
	FROM pg_catalog.pg_enum
	WHERE enumtypid = $1
	ORDER BY enumsortorder
	
2023-10-12 00:11:27.912 UTC [99] DETAIL:  parameters: $1 = '16537'
2023-10-12 00:11:27.920 UTC [99] LOG:  execute s0: SELECT "public"."User"."id", "public"."User"."email", "public"."User"."password", "public"."User"."status", "public"."User"."id_departamento", "public"."User"."id_professor", "public"."User"."id_aluno" FROM "public"."User" WHERE ("public"."User"."id_aluno" = $1 OR "public"."User"."id_professor" = $2 OR "public"."User"."id_departamento" = $3) LIMIT $4 OFFSET $5
2023-10-12 00:11:27.920 UTC [99] DETAIL:  parameters: $1 = '1', $2 = '1', $3 = '1', $4 = '1', $5 = '0'
2023-10-12 00:11:27.935 UTC [99] LOG:  execute s3: SELECT "public"."User"."id", "public"."User"."email", "public"."User"."password", "public"."User"."status", "public"."User"."id_departamento", "public"."User"."id_professor", "public"."User"."id_aluno" FROM "public"."User" WHERE "public"."User"."email" = $1 LIMIT $2 OFFSET $3
2023-10-12 00:11:27.935 UTC [99] DETAIL:  parameters: $1 = 'jhon_italo000@gmail.com', $2 = '1', $3 = '0'
2023-10-12 00:11:33.007 UTC [99] LOG:  execute s0: SELECT "public"."User"."id", "public"."User"."email", "public"."User"."password", "public"."User"."status", "public"."User"."id_departamento", "public"."User"."id_professor", "public"."User"."id_aluno" FROM "public"."User" WHERE ("public"."User"."id_aluno" = $1 OR "public"."User"."id_professor" = $2 OR "public"."User"."id_departamento" = $3) LIMIT $4 OFFSET $5
2023-10-12 00:11:33.007 UTC [99] DETAIL:  parameters: $1 = '1', $2 = '1', $3 = '1', $4 = '1', $5 = '0'
2023-10-12 00:11:33.012 UTC [99] LOG:  execute s3: SELECT "public"."User"."id", "public"."User"."email", "public"."User"."password", "public"."User"."status", "public"."User"."id_departamento", "public"."User"."id_professor", "public"."User"."id_aluno" FROM "public"."User" WHERE "public"."User"."email" = $1 LIMIT $2 OFFSET $3
2023-10-12 00:11:33.012 UTC [99] DETAIL:  parameters: $1 = 'jhon_italo000hh@gmail.com', $2 = '1', $3 = '0'
2023-10-12 00:11:33.021 UTC [99] LOG:  execute s1: SELECT t.typname, t.typtype, t.typelem, r.rngsubtype, t.typbasetype, n.nspname, t.typrelid
	FROM pg_catalog.pg_type t
	LEFT OUTER JOIN pg_catalog.pg_range r ON r.rngtypid = t.oid
	INNER JOIN pg_catalog.pg_namespace n ON t.typnamespace = n.oid
	WHERE t.oid = $1
	
2023-10-12 00:11:33.021 UTC [99] DETAIL:  parameters: $1 = '16419'
2023-10-12 00:11:33.023 UTC [99] LOG:  execute s2: SELECT enumlabel
	FROM pg_catalog.pg_enum
	WHERE enumtypid = $1
	ORDER BY enumsortorder
	
2023-10-12 00:11:33.023 UTC [99] DETAIL:  parameters: $1 = '16419'
2023-10-12 00:11:33.027 UTC [99] LOG:  execute s4: SELECT "public"."Aluno"."id", "public"."Aluno"."nome", "public"."Aluno"."email", "public"."Aluno"."cpf", "public"."Aluno"."sexo", "public"."Aluno"."telefone", "public"."Aluno"."createdAt", "public"."Aluno"."id_turma", "public"."Aluno"."id_curso" FROM "public"."Aluno" WHERE "public"."Aluno"."cpf" = $1 LIMIT $2 OFFSET $3
2023-10-12 00:11:33.027 UTC [99] DETAIL:  parameters: $1 = '06806374350000hh', $2 = '1', $3 = '0'
2023-10-12 00:11:33.031 UTC [99] LOG:  execute s5: SELECT "public"."Aluno"."id", "public"."Aluno"."nome", "public"."Aluno"."email", "public"."Aluno"."cpf", "public"."Aluno"."sexo", "public"."Aluno"."telefone", "public"."Aluno"."createdAt", "public"."Aluno"."id_turma", "public"."Aluno"."id_curso" FROM "public"."Aluno" WHERE "public"."Aluno"."email" = $1 LIMIT $2 OFFSET $3
2023-10-12 00:11:33.031 UTC [99] DETAIL:  parameters: $1 = 'jhon_italo000hh@gmail.com', $2 = '1', $3 = '0'
2023-10-12 00:11:33.141 UTC [99] LOG:  statement: BEGIN
2023-10-12 00:11:33.152 UTC [99] LOG:  execute s6: SELECT "public"."Curso"."id" FROM "public"."Curso" WHERE ("public"."Curso"."id" = $1 AND 1=1) OFFSET $2
2023-10-12 00:11:33.152 UTC [99] DETAIL:  parameters: $1 = '53', $2 = '0'
2023-10-12 00:11:33.157 UTC [99] LOG:  execute s7: SELECT "public"."Turma"."id" FROM "public"."Turma" WHERE ("public"."Turma"."id" = $1 AND 1=1) OFFSET $2
2023-10-12 00:11:33.157 UTC [99] DETAIL:  parameters: $1 = '18', $2 = '0'
2023-10-12 00:11:33.162 UTC [99] ERROR:  value too long for type character varying(15)
2023-10-12 00:11:33.162 UTC [99] STATEMENT:  INSERT INTO "public"."Aluno" ("id","nome","email","cpf","sexo","telefone","createdAt","id_turma","id_curso") VALUES ($1,$2,$3,$4,$5,$6,$7,$8,$9) RETURNING "public"."Aluno"."id"
2023-10-12 00:11:33.164 UTC [99] LOG:  statement: ROLLBACK
2023-10-12 00:11:44.185 UTC [99] LOG:  statement: SELECT 1
2023-10-12 00:11:44.187 UTC [99] LOG:  execute s0: SELECT "public"."User"."id", "public"."User"."email", "public"."User"."password", "public"."User"."status", "public"."User"."id_departamento", "public"."User"."id_professor", "public"."User"."id_aluno" FROM "public"."User" WHERE ("public"."User"."id_aluno" = $1 OR "public"."User"."id_professor" = $2 OR "public"."User"."id_departamento" = $3) LIMIT $4 OFFSET $5
2023-10-12 00:11:44.187 UTC [99] DETAIL:  parameters: $1 = '1', $2 = '1', $3 = '1', $4 = '1', $5 = '0'
2023-10-12 00:11:44.192 UTC [99] LOG:  execute s3: SELECT "public"."User"."id", "public"."User"."email", "public"."User"."password", "public"."User"."status", "public"."User"."id_departamento", "public"."User"."id_professor", "public"."User"."id_aluno" FROM "public"."User" WHERE "public"."User"."email" = $1 LIMIT $2 OFFSET $3
2023-10-12 00:11:44.192 UTC [99] DETAIL:  parameters: $1 = 'jhon_italo000hh@gmail.com', $2 = '1', $3 = '0'
2023-10-12 00:11:44.195 UTC [99] LOG:  execute s4: SELECT "public"."Aluno"."id", "public"."Aluno"."nome", "public"."Aluno"."email", "public"."Aluno"."cpf", "public"."Aluno"."sexo", "public"."Aluno"."telefone", "public"."Aluno"."createdAt", "public"."Aluno"."id_turma", "public"."Aluno"."id_curso" FROM "public"."Aluno" WHERE "public"."Aluno"."cpf" = $1 LIMIT $2 OFFSET $3
2023-10-12 00:11:44.195 UTC [99] DETAIL:  parameters: $1 = '06806374350000hh', $2 = '1', $3 = '0'
2023-10-12 00:11:44.201 UTC [99] LOG:  execute s5: SELECT "public"."Aluno"."id", "public"."Aluno"."nome", "public"."Aluno"."email", "public"."Aluno"."cpf", "public"."Aluno"."sexo", "public"."Aluno"."telefone", "public"."Aluno"."createdAt", "public"."Aluno"."id_turma", "public"."Aluno"."id_curso" FROM "public"."Aluno" WHERE "public"."Aluno"."email" = $1 LIMIT $2 OFFSET $3
2023-10-12 00:11:44.201 UTC [99] DETAIL:  parameters: $1 = 'jhon_italo000hh@gmail.com', $2 = '1', $3 = '0'
2023-10-12 00:11:44.307 UTC [99] LOG:  statement: BEGIN
2023-10-12 00:11:44.309 UTC [99] LOG:  execute s6: SELECT "public"."Curso"."id" FROM "public"."Curso" WHERE ("public"."Curso"."id" = $1 AND 1=1) OFFSET $2
2023-10-12 00:11:44.309 UTC [99] DETAIL:  parameters: $1 = '53', $2 = '0'
2023-10-12 00:11:44.312 UTC [99] LOG:  execute s7: SELECT "public"."Turma"."id" FROM "public"."Turma" WHERE ("public"."Turma"."id" = $1 AND 1=1) OFFSET $2
2023-10-12 00:11:44.312 UTC [99] DETAIL:  parameters: $1 = '18', $2 = '0'
2023-10-12 00:11:44.313 UTC [99] ERROR:  value too long for type character varying(15)
2023-10-12 00:11:44.313 UTC [99] STATEMENT:  INSERT INTO "public"."Aluno" ("id","nome","email","cpf","sexo","telefone","createdAt","id_turma","id_curso") VALUES ($1,$2,$3,$4,$5,$6,$7,$8,$9) RETURNING "public"."Aluno"."id"
2023-10-12 00:11:44.316 UTC [99] LOG:  statement: ROLLBACK
2023-10-12 00:14:37.131 UTC [103] LOG:  execute s1: SELECT t.typname, t.typtype, t.typelem, r.rngsubtype, t.typbasetype, n.nspname, t.typrelid
	FROM pg_catalog.pg_type t
	LEFT OUTER JOIN pg_catalog.pg_range r ON r.rngtypid = t.oid
	INNER JOIN pg_catalog.pg_namespace n ON t.typnamespace = n.oid
	WHERE t.oid = $1
	
2023-10-12 00:14:37.131 UTC [103] DETAIL:  parameters: $1 = '16537'
2023-10-12 00:14:37.141 UTC [103] LOG:  execute s2: SELECT enumlabel
	FROM pg_catalog.pg_enum
	WHERE enumtypid = $1
	ORDER BY enumsortorder
	
2023-10-12 00:14:37.141 UTC [103] DETAIL:  parameters: $1 = '16537'
2023-10-12 00:14:37.146 UTC [103] LOG:  execute s0: SELECT "public"."User"."id", "public"."User"."email", "public"."User"."password", "public"."User"."status", "public"."User"."id_departamento", "public"."User"."id_professor", "public"."User"."id_aluno" FROM "public"."User" WHERE ("public"."User"."id_aluno" = $1 OR "public"."User"."id_professor" = $2 OR "public"."User"."id_departamento" = $3) LIMIT $4 OFFSET $5
2023-10-12 00:14:37.146 UTC [103] DETAIL:  parameters: $1 = '1', $2 = '1', $3 = '1', $4 = '1', $5 = '0'
2023-10-12 00:14:37.161 UTC [103] LOG:  execute s3: SELECT "public"."User"."id", "public"."User"."email", "public"."User"."password", "public"."User"."status", "public"."User"."id_departamento", "public"."User"."id_professor", "public"."User"."id_aluno" FROM "public"."User" WHERE "public"."User"."email" = $1 LIMIT $2 OFFSET $3
2023-10-12 00:14:37.161 UTC [103] DETAIL:  parameters: $1 = 'jhon_italo000hh@gmail.com', $2 = '1', $3 = '0'
2023-10-12 00:14:37.168 UTC [103] LOG:  execute s1: SELECT t.typname, t.typtype, t.typelem, r.rngsubtype, t.typbasetype, n.nspname, t.typrelid
	FROM pg_catalog.pg_type t
	LEFT OUTER JOIN pg_catalog.pg_range r ON r.rngtypid = t.oid
	INNER JOIN pg_catalog.pg_namespace n ON t.typnamespace = n.oid
	WHERE t.oid = $1
	
2023-10-12 00:14:37.168 UTC [103] DETAIL:  parameters: $1 = '16419'
2023-10-12 00:14:37.170 UTC [103] LOG:  execute s2: SELECT enumlabel
	FROM pg_catalog.pg_enum
	WHERE enumtypid = $1
	ORDER BY enumsortorder
	
2023-10-12 00:14:37.170 UTC [103] DETAIL:  parameters: $1 = '16419'
2023-10-12 00:14:37.174 UTC [103] LOG:  execute s4: SELECT "public"."Aluno"."id", "public"."Aluno"."nome", "public"."Aluno"."email", "public"."Aluno"."cpf", "public"."Aluno"."sexo", "public"."Aluno"."telefone", "public"."Aluno"."createdAt", "public"."Aluno"."id_turma", "public"."Aluno"."id_curso" FROM "public"."Aluno" WHERE "public"."Aluno"."cpf" = $1 LIMIT $2 OFFSET $3
2023-10-12 00:14:37.174 UTC [103] DETAIL:  parameters: $1 = '06806374350000hh', $2 = '1', $3 = '0'
2023-10-12 00:14:37.179 UTC [103] LOG:  execute s5: SELECT "public"."Aluno"."id", "public"."Aluno"."nome", "public"."Aluno"."email", "public"."Aluno"."cpf", "public"."Aluno"."sexo", "public"."Aluno"."telefone", "public"."Aluno"."createdAt", "public"."Aluno"."id_turma", "public"."Aluno"."id_curso" FROM "public"."Aluno" WHERE "public"."Aluno"."email" = $1 LIMIT $2 OFFSET $3
2023-10-12 00:14:37.179 UTC [103] DETAIL:  parameters: $1 = 'jhon_italo000hh@gmail.com', $2 = '1', $3 = '0'
2023-10-12 00:14:37.285 UTC [103] LOG:  statement: BEGIN
2023-10-12 00:14:37.295 UTC [103] LOG:  execute s6: SELECT "public"."Curso"."id" FROM "public"."Curso" WHERE ("public"."Curso"."id" = $1 AND 1=1) OFFSET $2
2023-10-12 00:14:37.295 UTC [103] DETAIL:  parameters: $1 = '53', $2 = '0'
2023-10-12 00:14:37.303 UTC [103] LOG:  execute s7: SELECT "public"."Turma"."id" FROM "public"."Turma" WHERE ("public"."Turma"."id" = $1 AND 1=1) OFFSET $2
2023-10-12 00:14:37.303 UTC [103] DETAIL:  parameters: $1 = '18', $2 = '0'
2023-10-12 00:14:37.307 UTC [103] ERROR:  value too long for type character varying(15)
2023-10-12 00:14:37.307 UTC [103] STATEMENT:  INSERT INTO "public"."Aluno" ("id","nome","email","cpf","sexo","telefone","createdAt","id_turma","id_curso") VALUES ($1,$2,$3,$4,$5,$6,$7,$8,$9) RETURNING "public"."Aluno"."id"
2023-10-12 00:14:37.309 UTC [103] LOG:  statement: ROLLBACK
2023-10-12 00:14:41.740 UTC [103] LOG:  execute s0: SELECT "public"."User"."id", "public"."User"."email", "public"."User"."password", "public"."User"."status", "public"."User"."id_departamento", "public"."User"."id_professor", "public"."User"."id_aluno" FROM "public"."User" WHERE ("public"."User"."id_aluno" = $1 OR "public"."User"."id_professor" = $2 OR "public"."User"."id_departamento" = $3) LIMIT $4 OFFSET $5
2023-10-12 00:14:41.740 UTC [103] DETAIL:  parameters: $1 = '1', $2 = '1', $3 = '1', $4 = '1', $5 = '0'
2023-10-12 00:14:41.745 UTC [103] LOG:  execute s3: SELECT "public"."User"."id", "public"."User"."email", "public"."User"."password", "public"."User"."status", "public"."User"."id_departamento", "public"."User"."id_professor", "public"."User"."id_aluno" FROM "public"."User" WHERE "public"."User"."email" = $1 LIMIT $2 OFFSET $3
2023-10-12 00:14:41.745 UTC [103] DETAIL:  parameters: $1 = 'jhon_italo000hh@gmail.com', $2 = '1', $3 = '0'
2023-10-12 00:14:41.748 UTC [103] LOG:  execute s4: SELECT "public"."Aluno"."id", "public"."Aluno"."nome", "public"."Aluno"."email", "public"."Aluno"."cpf", "public"."Aluno"."sexo", "public"."Aluno"."telefone", "public"."Aluno"."createdAt", "public"."Aluno"."id_turma", "public"."Aluno"."id_curso" FROM "public"."Aluno" WHERE "public"."Aluno"."cpf" = $1 LIMIT $2 OFFSET $3
2023-10-12 00:14:41.748 UTC [103] DETAIL:  parameters: $1 = '06806374350000hh', $2 = '1', $3 = '0'
2023-10-12 00:14:41.754 UTC [103] LOG:  execute s5: SELECT "public"."Aluno"."id", "public"."Aluno"."nome", "public"."Aluno"."email", "public"."Aluno"."cpf", "public"."Aluno"."sexo", "public"."Aluno"."telefone", "public"."Aluno"."createdAt", "public"."Aluno"."id_turma", "public"."Aluno"."id_curso" FROM "public"."Aluno" WHERE "public"."Aluno"."email" = $1 LIMIT $2 OFFSET $3
2023-10-12 00:14:41.754 UTC [103] DETAIL:  parameters: $1 = 'jhon_italo000hh@gmail.com', $2 = '1', $3 = '0'
2023-10-12 00:14:41.857 UTC [103] LOG:  statement: BEGIN
2023-10-12 00:14:41.859 UTC [103] LOG:  execute s6: SELECT "public"."Curso"."id" FROM "public"."Curso" WHERE ("public"."Curso"."id" = $1 AND 1=1) OFFSET $2
2023-10-12 00:14:41.859 UTC [103] DETAIL:  parameters: $1 = '53', $2 = '0'
2023-10-12 00:14:41.861 UTC [103] LOG:  execute s7: SELECT "public"."Turma"."id" FROM "public"."Turma" WHERE ("public"."Turma"."id" = $1 AND 1=1) OFFSET $2
2023-10-12 00:14:41.861 UTC [103] DETAIL:  parameters: $1 = '18', $2 = '0'
2023-10-12 00:14:41.863 UTC [103] ERROR:  value too long for type character varying(15)
2023-10-12 00:14:41.863 UTC [103] STATEMENT:  INSERT INTO "public"."Aluno" ("id","nome","email","cpf","sexo","telefone","createdAt","id_turma","id_curso") VALUES ($1,$2,$3,$4,$5,$6,$7,$8,$9) RETURNING "public"."Aluno"."id"
2023-10-12 00:14:41.865 UTC [103] LOG:  statement: ROLLBACK
2023-10-12 00:14:55.211 UTC [104] LOG:  execute s1: SELECT t.typname, t.typtype, t.typelem, r.rngsubtype, t.typbasetype, n.nspname, t.typrelid
	FROM pg_catalog.pg_type t
	LEFT OUTER JOIN pg_catalog.pg_range r ON r.rngtypid = t.oid
	INNER JOIN pg_catalog.pg_namespace n ON t.typnamespace = n.oid
	WHERE t.oid = $1
	
2023-10-12 00:14:55.211 UTC [104] DETAIL:  parameters: $1 = '16537'
2023-10-12 00:14:55.220 UTC [104] LOG:  execute s2: SELECT enumlabel
	FROM pg_catalog.pg_enum
	WHERE enumtypid = $1
	ORDER BY enumsortorder
	
2023-10-12 00:14:55.220 UTC [104] DETAIL:  parameters: $1 = '16537'
2023-10-12 00:14:55.226 UTC [104] LOG:  execute s0: SELECT "public"."User"."id", "public"."User"."email", "public"."User"."password", "public"."User"."status", "public"."User"."id_departamento", "public"."User"."id_professor", "public"."User"."id_aluno" FROM "public"."User" WHERE ("public"."User"."id_aluno" = $1 OR "public"."User"."id_professor" = $2 OR "public"."User"."id_departamento" = $3) LIMIT $4 OFFSET $5
2023-10-12 00:14:55.226 UTC [104] DETAIL:  parameters: $1 = '1', $2 = '1', $3 = '1', $4 = '1', $5 = '0'
2023-10-12 00:14:55.243 UTC [104] LOG:  execute s3: SELECT "public"."User"."id", "public"."User"."email", "public"."User"."password", "public"."User"."status", "public"."User"."id_departamento", "public"."User"."id_professor", "public"."User"."id_aluno" FROM "public"."User" WHERE "public"."User"."email" = $1 LIMIT $2 OFFSET $3
2023-10-12 00:14:55.243 UTC [104] DETAIL:  parameters: $1 = 'jhon_italo000hh@gmail.com', $2 = '1', $3 = '0'
2023-10-12 00:14:55.249 UTC [104] LOG:  execute s1: SELECT t.typname, t.typtype, t.typelem, r.rngsubtype, t.typbasetype, n.nspname, t.typrelid
	FROM pg_catalog.pg_type t
	LEFT OUTER JOIN pg_catalog.pg_range r ON r.rngtypid = t.oid
	INNER JOIN pg_catalog.pg_namespace n ON t.typnamespace = n.oid
	WHERE t.oid = $1
	
2023-10-12 00:14:55.249 UTC [104] DETAIL:  parameters: $1 = '16419'
2023-10-12 00:14:55.253 UTC [104] LOG:  execute s2: SELECT enumlabel
	FROM pg_catalog.pg_enum
	WHERE enumtypid = $1
	ORDER BY enumsortorder
	
2023-10-12 00:14:55.253 UTC [104] DETAIL:  parameters: $1 = '16419'
2023-10-12 00:14:55.257 UTC [104] LOG:  execute s4: SELECT "public"."Aluno"."id", "public"."Aluno"."nome", "public"."Aluno"."email", "public"."Aluno"."cpf", "public"."Aluno"."sexo", "public"."Aluno"."telefone", "public"."Aluno"."createdAt", "public"."Aluno"."id_turma", "public"."Aluno"."id_curso" FROM "public"."Aluno" WHERE "public"."Aluno"."cpf" = $1 LIMIT $2 OFFSET $3
2023-10-12 00:14:55.257 UTC [104] DETAIL:  parameters: $1 = '06806374350000hh', $2 = '1', $3 = '0'
2023-10-12 00:14:55.263 UTC [104] LOG:  execute s5: SELECT "public"."Aluno"."id", "public"."Aluno"."nome", "public"."Aluno"."email", "public"."Aluno"."cpf", "public"."Aluno"."sexo", "public"."Aluno"."telefone", "public"."Aluno"."createdAt", "public"."Aluno"."id_turma", "public"."Aluno"."id_curso" FROM "public"."Aluno" WHERE "public"."Aluno"."email" = $1 LIMIT $2 OFFSET $3
2023-10-12 00:14:55.263 UTC [104] DETAIL:  parameters: $1 = 'jhon_italo000hh@gmail.com', $2 = '1', $3 = '0'
2023-10-12 00:14:55.371 UTC [104] LOG:  statement: BEGIN
2023-10-12 00:14:55.379 UTC [104] LOG:  execute s6: SELECT "public"."Curso"."id" FROM "public"."Curso" WHERE ("public"."Curso"."id" = $1 AND 1=1) OFFSET $2
2023-10-12 00:14:55.379 UTC [104] DETAIL:  parameters: $1 = '53', $2 = '0'
2023-10-12 00:14:55.387 UTC [104] LOG:  execute s7: SELECT "public"."Turma"."id" FROM "public"."Turma" WHERE ("public"."Turma"."id" = $1 AND 1=1) OFFSET $2
2023-10-12 00:14:55.387 UTC [104] DETAIL:  parameters: $1 = '18', $2 = '0'
2023-10-12 00:14:55.391 UTC [104] ERROR:  value too long for type character varying(15)
2023-10-12 00:14:55.391 UTC [104] STATEMENT:  INSERT INTO "public"."Aluno" ("id","nome","email","cpf","sexo","telefone","createdAt","id_turma","id_curso") VALUES ($1,$2,$3,$4,$5,$6,$7,$8,$9) RETURNING "public"."Aluno"."id"
2023-10-12 00:14:55.393 UTC [104] LOG:  statement: ROLLBACK
2023-10-12 00:14:59.326 UTC [104] LOG:  execute s0: SELECT "public"."User"."id", "public"."User"."email", "public"."User"."password", "public"."User"."status", "public"."User"."id_departamento", "public"."User"."id_professor", "public"."User"."id_aluno" FROM "public"."User" WHERE ("public"."User"."id_aluno" = $1 OR "public"."User"."id_professor" = $2 OR "public"."User"."id_departamento" = $3) LIMIT $4 OFFSET $5
2023-10-12 00:14:59.326 UTC [104] DETAIL:  parameters: $1 = '1', $2 = '1', $3 = '1', $4 = '1', $5 = '0'
2023-10-12 00:14:59.331 UTC [104] LOG:  execute s3: SELECT "public"."User"."id", "public"."User"."email", "public"."User"."password", "public"."User"."status", "public"."User"."id_departamento", "public"."User"."id_professor", "public"."User"."id_aluno" FROM "public"."User" WHERE "public"."User"."email" = $1 LIMIT $2 OFFSET $3
2023-10-12 00:14:59.331 UTC [104] DETAIL:  parameters: $1 = 'jhon_italo000hh@gmail.com', $2 = '1', $3 = '0'
2023-10-12 00:14:59.335 UTC [104] LOG:  execute s4: SELECT "public"."Aluno"."id", "public"."Aluno"."nome", "public"."Aluno"."email", "public"."Aluno"."cpf", "public"."Aluno"."sexo", "public"."Aluno"."telefone", "public"."Aluno"."createdAt", "public"."Aluno"."id_turma", "public"."Aluno"."id_curso" FROM "public"."Aluno" WHERE "public"."Aluno"."cpf" = $1 LIMIT $2 OFFSET $3
2023-10-12 00:14:59.335 UTC [104] DETAIL:  parameters: $1 = '06806374350000hh', $2 = '1', $3 = '0'
2023-10-12 00:14:59.340 UTC [104] LOG:  execute s5: SELECT "public"."Aluno"."id", "public"."Aluno"."nome", "public"."Aluno"."email", "public"."Aluno"."cpf", "public"."Aluno"."sexo", "public"."Aluno"."telefone", "public"."Aluno"."createdAt", "public"."Aluno"."id_turma", "public"."Aluno"."id_curso" FROM "public"."Aluno" WHERE "public"."Aluno"."email" = $1 LIMIT $2 OFFSET $3
2023-10-12 00:14:59.340 UTC [104] DETAIL:  parameters: $1 = 'jhon_italo000hh@gmail.com', $2 = '1', $3 = '0'
2023-10-12 00:14:59.448 UTC [104] LOG:  statement: BEGIN
2023-10-12 00:14:59.450 UTC [104] LOG:  execute s6: SELECT "public"."Curso"."id" FROM "public"."Curso" WHERE ("public"."Curso"."id" = $1 AND 1=1) OFFSET $2
2023-10-12 00:14:59.450 UTC [104] DETAIL:  parameters: $1 = '53', $2 = '0'
2023-10-12 00:14:59.453 UTC [104] LOG:  execute s7: SELECT "public"."Turma"."id" FROM "public"."Turma" WHERE ("public"."Turma"."id" = $1 AND 1=1) OFFSET $2
2023-10-12 00:14:59.453 UTC [104] DETAIL:  parameters: $1 = '18', $2 = '0'
2023-10-12 00:14:59.455 UTC [104] ERROR:  value too long for type character varying(15)
2023-10-12 00:14:59.455 UTC [104] STATEMENT:  INSERT INTO "public"."Aluno" ("id","nome","email","cpf","sexo","telefone","createdAt","id_turma","id_curso") VALUES ($1,$2,$3,$4,$5,$6,$7,$8,$9) RETURNING "public"."Aluno"."id"
2023-10-12 00:14:59.457 UTC [104] LOG:  statement: ROLLBACK
2023-10-12 00:15:32.045 UTC [106] LOG:  execute s1: SELECT t.typname, t.typtype, t.typelem, r.rngsubtype, t.typbasetype, n.nspname, t.typrelid
	FROM pg_catalog.pg_type t
	LEFT OUTER JOIN pg_catalog.pg_range r ON r.rngtypid = t.oid
	INNER JOIN pg_catalog.pg_namespace n ON t.typnamespace = n.oid
	WHERE t.oid = $1
	
2023-10-12 00:15:32.045 UTC [106] DETAIL:  parameters: $1 = '16537'
2023-10-12 00:15:32.058 UTC [106] LOG:  execute s2: SELECT enumlabel
	FROM pg_catalog.pg_enum
	WHERE enumtypid = $1
	ORDER BY enumsortorder
	
2023-10-12 00:15:32.058 UTC [106] DETAIL:  parameters: $1 = '16537'
2023-10-12 00:15:32.067 UTC [106] LOG:  execute s0: SELECT "public"."User"."id", "public"."User"."email", "public"."User"."password", "public"."User"."status", "public"."User"."id_departamento", "public"."User"."id_professor", "public"."User"."id_aluno" FROM "public"."User" WHERE ("public"."User"."id_aluno" = $1 OR "public"."User"."id_professor" = $2 OR "public"."User"."id_departamento" = $3) LIMIT $4 OFFSET $5
2023-10-12 00:15:32.067 UTC [106] DETAIL:  parameters: $1 = '1', $2 = '1', $3 = '1', $4 = '1', $5 = '0'
2023-10-12 00:15:32.081 UTC [106] LOG:  execute s3: SELECT "public"."User"."id", "public"."User"."email", "public"."User"."password", "public"."User"."status", "public"."User"."id_departamento", "public"."User"."id_professor", "public"."User"."id_aluno" FROM "public"."User" WHERE "public"."User"."email" = $1 LIMIT $2 OFFSET $3
2023-10-12 00:15:32.081 UTC [106] DETAIL:  parameters: $1 = 'jhon_italo000hh@gmail.com', $2 = '1', $3 = '0'
2023-10-12 00:15:32.088 UTC [106] LOG:  execute s1: SELECT t.typname, t.typtype, t.typelem, r.rngsubtype, t.typbasetype, n.nspname, t.typrelid
	FROM pg_catalog.pg_type t
	LEFT OUTER JOIN pg_catalog.pg_range r ON r.rngtypid = t.oid
	INNER JOIN pg_catalog.pg_namespace n ON t.typnamespace = n.oid
	WHERE t.oid = $1
	
2023-10-12 00:15:32.088 UTC [106] DETAIL:  parameters: $1 = '16419'
2023-10-12 00:15:32.090 UTC [106] LOG:  execute s2: SELECT enumlabel
	FROM pg_catalog.pg_enum
	WHERE enumtypid = $1
	ORDER BY enumsortorder
	
2023-10-12 00:15:32.090 UTC [106] DETAIL:  parameters: $1 = '16419'
2023-10-12 00:15:32.095 UTC [106] LOG:  execute s4: SELECT "public"."Aluno"."id", "public"."Aluno"."nome", "public"."Aluno"."email", "public"."Aluno"."cpf", "public"."Aluno"."sexo", "public"."Aluno"."telefone", "public"."Aluno"."createdAt", "public"."Aluno"."id_turma", "public"."Aluno"."id_curso" FROM "public"."Aluno" WHERE "public"."Aluno"."cpf" = $1 LIMIT $2 OFFSET $3
2023-10-12 00:15:32.095 UTC [106] DETAIL:  parameters: $1 = '06806374350000hh', $2 = '1', $3 = '0'
2023-10-12 00:15:32.101 UTC [106] LOG:  execute s5: SELECT "public"."Aluno"."id", "public"."Aluno"."nome", "public"."Aluno"."email", "public"."Aluno"."cpf", "public"."Aluno"."sexo", "public"."Aluno"."telefone", "public"."Aluno"."createdAt", "public"."Aluno"."id_turma", "public"."Aluno"."id_curso" FROM "public"."Aluno" WHERE "public"."Aluno"."email" = $1 LIMIT $2 OFFSET $3
2023-10-12 00:15:32.101 UTC [106] DETAIL:  parameters: $1 = 'jhon_italo000hh@gmail.com', $2 = '1', $3 = '0'
2023-10-12 00:15:32.206 UTC [106] LOG:  statement: BEGIN
2023-10-12 00:15:32.213 UTC [106] LOG:  execute s6: SELECT "public"."Curso"."id" FROM "public"."Curso" WHERE ("public"."Curso"."id" = $1 AND 1=1) OFFSET $2
2023-10-12 00:15:32.213 UTC [106] DETAIL:  parameters: $1 = '53', $2 = '0'
2023-10-12 00:15:32.220 UTC [106] LOG:  execute s7: SELECT "public"."Turma"."id" FROM "public"."Turma" WHERE ("public"."Turma"."id" = $1 AND 1=1) OFFSET $2
2023-10-12 00:15:32.220 UTC [106] DETAIL:  parameters: $1 = '18', $2 = '0'
2023-10-12 00:15:32.224 UTC [106] ERROR:  value too long for type character varying(15)
2023-10-12 00:15:32.224 UTC [106] STATEMENT:  INSERT INTO "public"."Aluno" ("id","nome","email","cpf","sexo","telefone","createdAt","id_turma","id_curso") VALUES ($1,$2,$3,$4,$5,$6,$7,$8,$9) RETURNING "public"."Aluno"."id"
2023-10-12 00:15:32.226 UTC [106] LOG:  statement: ROLLBACK
2023-10-12 00:15:34.462 UTC [106] LOG:  execute s0: SELECT "public"."User"."id", "public"."User"."email", "public"."User"."password", "public"."User"."status", "public"."User"."id_departamento", "public"."User"."id_professor", "public"."User"."id_aluno" FROM "public"."User" WHERE ("public"."User"."id_aluno" = $1 OR "public"."User"."id_professor" = $2 OR "public"."User"."id_departamento" = $3) LIMIT $4 OFFSET $5
2023-10-12 00:15:34.462 UTC [106] DETAIL:  parameters: $1 = '1', $2 = '1', $3 = '1', $4 = '1', $5 = '0'
2023-10-12 00:15:34.468 UTC [106] LOG:  execute s3: SELECT "public"."User"."id", "public"."User"."email", "public"."User"."password", "public"."User"."status", "public"."User"."id_departamento", "public"."User"."id_professor", "public"."User"."id_aluno" FROM "public"."User" WHERE "public"."User"."email" = $1 LIMIT $2 OFFSET $3
2023-10-12 00:15:34.468 UTC [106] DETAIL:  parameters: $1 = 'jhon_italo000hh@gmail.com', $2 = '1', $3 = '0'
2023-10-12 00:15:34.471 UTC [106] LOG:  execute s4: SELECT "public"."Aluno"."id", "public"."Aluno"."nome", "public"."Aluno"."email", "public"."Aluno"."cpf", "public"."Aluno"."sexo", "public"."Aluno"."telefone", "public"."Aluno"."createdAt", "public"."Aluno"."id_turma", "public"."Aluno"."id_curso" FROM "public"."Aluno" WHERE "public"."Aluno"."cpf" = $1 LIMIT $2 OFFSET $3
2023-10-12 00:15:34.471 UTC [106] DETAIL:  parameters: $1 = '06806374350000hh', $2 = '1', $3 = '0'
2023-10-12 00:15:34.475 UTC [106] LOG:  execute s5: SELECT "public"."Aluno"."id", "public"."Aluno"."nome", "public"."Aluno"."email", "public"."Aluno"."cpf", "public"."Aluno"."sexo", "public"."Aluno"."telefone", "public"."Aluno"."createdAt", "public"."Aluno"."id_turma", "public"."Aluno"."id_curso" FROM "public"."Aluno" WHERE "public"."Aluno"."email" = $1 LIMIT $2 OFFSET $3
2023-10-12 00:15:34.475 UTC [106] DETAIL:  parameters: $1 = 'jhon_italo000hh@gmail.com', $2 = '1', $3 = '0'
2023-10-12 00:15:34.578 UTC [106] LOG:  statement: BEGIN
2023-10-12 00:15:34.580 UTC [106] LOG:  execute s6: SELECT "public"."Curso"."id" FROM "public"."Curso" WHERE ("public"."Curso"."id" = $1 AND 1=1) OFFSET $2
2023-10-12 00:15:34.580 UTC [106] DETAIL:  parameters: $1 = '53', $2 = '0'
2023-10-12 00:15:34.583 UTC [106] LOG:  execute s7: SELECT "public"."Turma"."id" FROM "public"."Turma" WHERE ("public"."Turma"."id" = $1 AND 1=1) OFFSET $2
2023-10-12 00:15:34.583 UTC [106] DETAIL:  parameters: $1 = '18', $2 = '0'
2023-10-12 00:15:34.585 UTC [106] ERROR:  value too long for type character varying(15)
2023-10-12 00:15:34.585 UTC [106] STATEMENT:  INSERT INTO "public"."Aluno" ("id","nome","email","cpf","sexo","telefone","createdAt","id_turma","id_curso") VALUES ($1,$2,$3,$4,$5,$6,$7,$8,$9) RETURNING "public"."Aluno"."id"
2023-10-12 00:15:34.587 UTC [106] LOG:  statement: ROLLBACK
2023-10-12 00:15:46.729 UTC [107] LOG:  execute s1: SELECT t.typname, t.typtype, t.typelem, r.rngsubtype, t.typbasetype, n.nspname, t.typrelid
	FROM pg_catalog.pg_type t
	LEFT OUTER JOIN pg_catalog.pg_range r ON r.rngtypid = t.oid
	INNER JOIN pg_catalog.pg_namespace n ON t.typnamespace = n.oid
	WHERE t.oid = $1
	
2023-10-12 00:15:46.729 UTC [107] DETAIL:  parameters: $1 = '16537'
2023-10-12 00:15:46.738 UTC [107] LOG:  execute s2: SELECT enumlabel
	FROM pg_catalog.pg_enum
	WHERE enumtypid = $1
	ORDER BY enumsortorder
	
2023-10-12 00:15:46.738 UTC [107] DETAIL:  parameters: $1 = '16537'
2023-10-12 00:15:46.743 UTC [107] LOG:  execute s0: SELECT "public"."User"."id", "public"."User"."email", "public"."User"."password", "public"."User"."status", "public"."User"."id_departamento", "public"."User"."id_professor", "public"."User"."id_aluno" FROM "public"."User" WHERE ("public"."User"."id_aluno" = $1 OR "public"."User"."id_professor" = $2 OR "public"."User"."id_departamento" = $3) LIMIT $4 OFFSET $5
2023-10-12 00:15:46.743 UTC [107] DETAIL:  parameters: $1 = '1', $2 = '1', $3 = '1', $4 = '1', $5 = '0'
2023-10-12 00:15:46.757 UTC [107] LOG:  execute s3: SELECT "public"."User"."id", "public"."User"."email", "public"."User"."password", "public"."User"."status", "public"."User"."id_departamento", "public"."User"."id_professor", "public"."User"."id_aluno" FROM "public"."User" WHERE "public"."User"."email" = $1 LIMIT $2 OFFSET $3
2023-10-12 00:15:46.757 UTC [107] DETAIL:  parameters: $1 = 'jhon_italo000hh@gmail.com', $2 = '1', $3 = '0'
2023-10-12 00:15:46.764 UTC [107] LOG:  execute s1: SELECT t.typname, t.typtype, t.typelem, r.rngsubtype, t.typbasetype, n.nspname, t.typrelid
	FROM pg_catalog.pg_type t
	LEFT OUTER JOIN pg_catalog.pg_range r ON r.rngtypid = t.oid
	INNER JOIN pg_catalog.pg_namespace n ON t.typnamespace = n.oid
	WHERE t.oid = $1
	
2023-10-12 00:15:46.764 UTC [107] DETAIL:  parameters: $1 = '16419'
2023-10-12 00:15:46.766 UTC [107] LOG:  execute s2: SELECT enumlabel
	FROM pg_catalog.pg_enum
	WHERE enumtypid = $1
	ORDER BY enumsortorder
	
2023-10-12 00:15:46.766 UTC [107] DETAIL:  parameters: $1 = '16419'
2023-10-12 00:15:46.770 UTC [107] LOG:  execute s4: SELECT "public"."Aluno"."id", "public"."Aluno"."nome", "public"."Aluno"."email", "public"."Aluno"."cpf", "public"."Aluno"."sexo", "public"."Aluno"."telefone", "public"."Aluno"."createdAt", "public"."Aluno"."id_turma", "public"."Aluno"."id_curso" FROM "public"."Aluno" WHERE "public"."Aluno"."cpf" = $1 LIMIT $2 OFFSET $3
2023-10-12 00:15:46.770 UTC [107] DETAIL:  parameters: $1 = '06806374350000hh', $2 = '1', $3 = '0'
2023-10-12 00:15:46.775 UTC [107] LOG:  execute s5: SELECT "public"."Aluno"."id", "public"."Aluno"."nome", "public"."Aluno"."email", "public"."Aluno"."cpf", "public"."Aluno"."sexo", "public"."Aluno"."telefone", "public"."Aluno"."createdAt", "public"."Aluno"."id_turma", "public"."Aluno"."id_curso" FROM "public"."Aluno" WHERE "public"."Aluno"."email" = $1 LIMIT $2 OFFSET $3
2023-10-12 00:15:46.775 UTC [107] DETAIL:  parameters: $1 = 'jhon_italo000hh@gmail.com', $2 = '1', $3 = '0'
2023-10-12 00:15:46.880 UTC [107] LOG:  statement: BEGIN
2023-10-12 00:15:46.889 UTC [107] LOG:  execute s6: SELECT "public"."Curso"."id" FROM "public"."Curso" WHERE ("public"."Curso"."id" = $1 AND 1=1) OFFSET $2
2023-10-12 00:15:46.889 UTC [107] DETAIL:  parameters: $1 = '53', $2 = '0'
2023-10-12 00:15:46.895 UTC [107] LOG:  execute s7: SELECT "public"."Turma"."id" FROM "public"."Turma" WHERE ("public"."Turma"."id" = $1 AND 1=1) OFFSET $2
2023-10-12 00:15:46.895 UTC [107] DETAIL:  parameters: $1 = '18', $2 = '0'
2023-10-12 00:15:46.901 UTC [107] ERROR:  value too long for type character varying(15)
2023-10-12 00:15:46.901 UTC [107] STATEMENT:  INSERT INTO "public"."Aluno" ("id","nome","email","cpf","sexo","telefone","createdAt","id_turma","id_curso") VALUES ($1,$2,$3,$4,$5,$6,$7,$8,$9) RETURNING "public"."Aluno"."id"
2023-10-12 00:15:46.903 UTC [107] LOG:  statement: ROLLBACK
2023-10-12 00:16:37.530 UTC [109] LOG:  execute s1: SELECT t.typname, t.typtype, t.typelem, r.rngsubtype, t.typbasetype, n.nspname, t.typrelid
	FROM pg_catalog.pg_type t
	LEFT OUTER JOIN pg_catalog.pg_range r ON r.rngtypid = t.oid
	INNER JOIN pg_catalog.pg_namespace n ON t.typnamespace = n.oid
	WHERE t.oid = $1
	
2023-10-12 00:16:37.530 UTC [109] DETAIL:  parameters: $1 = '16537'
2023-10-12 00:16:37.540 UTC [109] LOG:  execute s2: SELECT enumlabel
	FROM pg_catalog.pg_enum
	WHERE enumtypid = $1
	ORDER BY enumsortorder
	
2023-10-12 00:16:37.540 UTC [109] DETAIL:  parameters: $1 = '16537'
2023-10-12 00:16:37.544 UTC [109] LOG:  execute s0: SELECT "public"."User"."id", "public"."User"."email", "public"."User"."password", "public"."User"."status", "public"."User"."id_departamento", "public"."User"."id_professor", "public"."User"."id_aluno" FROM "public"."User" WHERE ("public"."User"."id_aluno" = $1 OR "public"."User"."id_professor" = $2 OR "public"."User"."id_departamento" = $3) LIMIT $4 OFFSET $5
2023-10-12 00:16:37.544 UTC [109] DETAIL:  parameters: $1 = '1', $2 = '1', $3 = '1', $4 = '1', $5 = '0'
2023-10-12 00:16:37.562 UTC [109] LOG:  execute s3: SELECT "public"."User"."id", "public"."User"."email", "public"."User"."password", "public"."User"."status", "public"."User"."id_departamento", "public"."User"."id_professor", "public"."User"."id_aluno" FROM "public"."User" WHERE "public"."User"."email" = $1 LIMIT $2 OFFSET $3
2023-10-12 00:16:37.562 UTC [109] DETAIL:  parameters: $1 = 'jhon_italo000hh@gmail.com', $2 = '1', $3 = '0'
2023-10-12 00:16:37.574 UTC [109] LOG:  execute s1: SELECT t.typname, t.typtype, t.typelem, r.rngsubtype, t.typbasetype, n.nspname, t.typrelid
	FROM pg_catalog.pg_type t
	LEFT OUTER JOIN pg_catalog.pg_range r ON r.rngtypid = t.oid
	INNER JOIN pg_catalog.pg_namespace n ON t.typnamespace = n.oid
	WHERE t.oid = $1
	
2023-10-12 00:16:37.574 UTC [109] DETAIL:  parameters: $1 = '16419'
2023-10-12 00:16:37.576 UTC [109] LOG:  execute s2: SELECT enumlabel
	FROM pg_catalog.pg_enum
	WHERE enumtypid = $1
	ORDER BY enumsortorder
	
2023-10-12 00:16:37.576 UTC [109] DETAIL:  parameters: $1 = '16419'
2023-10-12 00:16:37.581 UTC [109] LOG:  execute s4: SELECT "public"."Aluno"."id", "public"."Aluno"."nome", "public"."Aluno"."email", "public"."Aluno"."cpf", "public"."Aluno"."sexo", "public"."Aluno"."telefone", "public"."Aluno"."createdAt", "public"."Aluno"."id_turma", "public"."Aluno"."id_curso" FROM "public"."Aluno" WHERE "public"."Aluno"."cpf" = $1 LIMIT $2 OFFSET $3
2023-10-12 00:16:37.581 UTC [109] DETAIL:  parameters: $1 = '06806374350000hh', $2 = '1', $3 = '0'
2023-10-12 00:16:37.595 UTC [109] LOG:  execute s5: SELECT "public"."Aluno"."id", "public"."Aluno"."nome", "public"."Aluno"."email", "public"."Aluno"."cpf", "public"."Aluno"."sexo", "public"."Aluno"."telefone", "public"."Aluno"."createdAt", "public"."Aluno"."id_turma", "public"."Aluno"."id_curso" FROM "public"."Aluno" WHERE "public"."Aluno"."email" = $1 LIMIT $2 OFFSET $3
2023-10-12 00:16:37.595 UTC [109] DETAIL:  parameters: $1 = 'jhon_italo000hh@gmail.com', $2 = '1', $3 = '0'
2023-10-12 00:16:37.723 UTC [109] LOG:  statement: BEGIN
2023-10-12 00:16:37.753 UTC [109] LOG:  execute s6: SELECT "public"."Curso"."id" FROM "public"."Curso" WHERE ("public"."Curso"."id" = $1 AND 1=1) OFFSET $2
2023-10-12 00:16:37.753 UTC [109] DETAIL:  parameters: $1 = '53', $2 = '0'
2023-10-12 00:16:37.768 UTC [109] LOG:  execute s7: SELECT "public"."Turma"."id" FROM "public"."Turma" WHERE ("public"."Turma"."id" = $1 AND 1=1) OFFSET $2
2023-10-12 00:16:37.768 UTC [109] DETAIL:  parameters: $1 = '18', $2 = '0'
2023-10-12 00:16:37.777 UTC [109] ERROR:  value too long for type character varying(15)
2023-10-12 00:16:37.777 UTC [109] STATEMENT:  INSERT INTO "public"."Aluno" ("id","nome","email","cpf","sexo","telefone","createdAt","id_turma","id_curso") VALUES ($1,$2,$3,$4,$5,$6,$7,$8,$9) RETURNING "public"."Aluno"."id"
2023-10-12 00:16:37.779 UTC [109] LOG:  statement: ROLLBACK
2023-10-12 00:18:03.395 UTC [111] LOG:  execute s1: SELECT t.typname, t.typtype, t.typelem, r.rngsubtype, t.typbasetype, n.nspname, t.typrelid
	FROM pg_catalog.pg_type t
	LEFT OUTER JOIN pg_catalog.pg_range r ON r.rngtypid = t.oid
	INNER JOIN pg_catalog.pg_namespace n ON t.typnamespace = n.oid
	WHERE t.oid = $1
	
2023-10-12 00:18:03.395 UTC [111] DETAIL:  parameters: $1 = '16537'
2023-10-12 00:18:03.406 UTC [111] LOG:  execute s2: SELECT enumlabel
	FROM pg_catalog.pg_enum
	WHERE enumtypid = $1
	ORDER BY enumsortorder
	
2023-10-12 00:18:03.406 UTC [111] DETAIL:  parameters: $1 = '16537'
2023-10-12 00:18:03.414 UTC [111] LOG:  execute s0: SELECT "public"."User"."id", "public"."User"."email", "public"."User"."password", "public"."User"."status", "public"."User"."id_departamento", "public"."User"."id_professor", "public"."User"."id_aluno" FROM "public"."User" WHERE ("public"."User"."id_aluno" = $1 OR "public"."User"."id_professor" = $2 OR "public"."User"."id_departamento" = $3) LIMIT $4 OFFSET $5
2023-10-12 00:18:03.414 UTC [111] DETAIL:  parameters: $1 = '1', $2 = '1', $3 = '1', $4 = '1', $5 = '0'
2023-10-12 00:18:03.440 UTC [111] LOG:  execute s3: SELECT "public"."User"."id", "public"."User"."email", "public"."User"."password", "public"."User"."status", "public"."User"."id_departamento", "public"."User"."id_professor", "public"."User"."id_aluno" FROM "public"."User" WHERE "public"."User"."email" = $1 LIMIT $2 OFFSET $3
2023-10-12 00:18:03.440 UTC [111] DETAIL:  parameters: $1 = 'jhon_italo000hh@gmail.com', $2 = '1', $3 = '0'
2023-10-12 00:18:03.451 UTC [111] LOG:  execute s1: SELECT t.typname, t.typtype, t.typelem, r.rngsubtype, t.typbasetype, n.nspname, t.typrelid
	FROM pg_catalog.pg_type t
	LEFT OUTER JOIN pg_catalog.pg_range r ON r.rngtypid = t.oid
	INNER JOIN pg_catalog.pg_namespace n ON t.typnamespace = n.oid
	WHERE t.oid = $1
	
2023-10-12 00:18:03.451 UTC [111] DETAIL:  parameters: $1 = '16419'
2023-10-12 00:18:03.454 UTC [111] LOG:  execute s2: SELECT enumlabel
	FROM pg_catalog.pg_enum
	WHERE enumtypid = $1
	ORDER BY enumsortorder
	
2023-10-12 00:18:03.454 UTC [111] DETAIL:  parameters: $1 = '16419'
2023-10-12 00:18:03.466 UTC [111] LOG:  execute s4: SELECT "public"."Aluno"."id", "public"."Aluno"."nome", "public"."Aluno"."email", "public"."Aluno"."cpf", "public"."Aluno"."sexo", "public"."Aluno"."telefone", "public"."Aluno"."createdAt", "public"."Aluno"."id_turma", "public"."Aluno"."id_curso" FROM "public"."Aluno" WHERE "public"."Aluno"."cpf" = $1 LIMIT $2 OFFSET $3
2023-10-12 00:18:03.466 UTC [111] DETAIL:  parameters: $1 = '06806374350000hh', $2 = '1', $3 = '0'
2023-10-12 00:18:03.476 UTC [111] LOG:  execute s5: SELECT "public"."Aluno"."id", "public"."Aluno"."nome", "public"."Aluno"."email", "public"."Aluno"."cpf", "public"."Aluno"."sexo", "public"."Aluno"."telefone", "public"."Aluno"."createdAt", "public"."Aluno"."id_turma", "public"."Aluno"."id_curso" FROM "public"."Aluno" WHERE "public"."Aluno"."email" = $1 LIMIT $2 OFFSET $3
2023-10-12 00:18:03.476 UTC [111] DETAIL:  parameters: $1 = 'jhon_italo000hh@gmail.com', $2 = '1', $3 = '0'
2023-10-12 00:18:03.589 UTC [111] LOG:  statement: BEGIN
2023-10-12 00:18:03.601 UTC [111] LOG:  execute s6: SELECT "public"."Curso"."id" FROM "public"."Curso" WHERE ("public"."Curso"."id" = $1 AND 1=1) OFFSET $2
2023-10-12 00:18:03.601 UTC [111] DETAIL:  parameters: $1 = '53', $2 = '0'
2023-10-12 00:18:03.611 UTC [111] LOG:  execute s7: SELECT "public"."Turma"."id" FROM "public"."Turma" WHERE ("public"."Turma"."id" = $1 AND 1=1) OFFSET $2
2023-10-12 00:18:03.611 UTC [111] DETAIL:  parameters: $1 = '18', $2 = '0'
2023-10-12 00:18:03.616 UTC [111] ERROR:  value too long for type character varying(15)
2023-10-12 00:18:03.616 UTC [111] STATEMENT:  INSERT INTO "public"."Aluno" ("id","nome","email","cpf","sexo","telefone","createdAt","id_turma","id_curso") VALUES ($1,$2,$3,$4,$5,$6,$7,$8,$9) RETURNING "public"."Aluno"."id"
2023-10-12 00:18:03.618 UTC [111] LOG:  statement: ROLLBACK
2023-10-12 00:18:51.808 UTC [113] LOG:  execute s1: SELECT t.typname, t.typtype, t.typelem, r.rngsubtype, t.typbasetype, n.nspname, t.typrelid
	FROM pg_catalog.pg_type t
	LEFT OUTER JOIN pg_catalog.pg_range r ON r.rngtypid = t.oid
	INNER JOIN pg_catalog.pg_namespace n ON t.typnamespace = n.oid
	WHERE t.oid = $1
	
2023-10-12 00:18:51.808 UTC [113] DETAIL:  parameters: $1 = '16537'
2023-10-12 00:18:51.823 UTC [113] LOG:  execute s2: SELECT enumlabel
	FROM pg_catalog.pg_enum
	WHERE enumtypid = $1
	ORDER BY enumsortorder
	
2023-10-12 00:18:51.823 UTC [113] DETAIL:  parameters: $1 = '16537'
2023-10-12 00:18:51.830 UTC [113] LOG:  execute s0: SELECT "public"."User"."id", "public"."User"."email", "public"."User"."password", "public"."User"."status", "public"."User"."id_departamento", "public"."User"."id_professor", "public"."User"."id_aluno" FROM "public"."User" WHERE ("public"."User"."id_aluno" = $1 OR "public"."User"."id_professor" = $2 OR "public"."User"."id_departamento" = $3) LIMIT $4 OFFSET $5
2023-10-12 00:18:51.830 UTC [113] DETAIL:  parameters: $1 = '1', $2 = '1', $3 = '1', $4 = '1', $5 = '0'
2023-10-12 00:18:51.845 UTC [113] LOG:  execute s3: SELECT "public"."User"."id", "public"."User"."email", "public"."User"."password", "public"."User"."status", "public"."User"."id_departamento", "public"."User"."id_professor", "public"."User"."id_aluno" FROM "public"."User" WHERE "public"."User"."email" = $1 LIMIT $2 OFFSET $3
2023-10-12 00:18:51.845 UTC [113] DETAIL:  parameters: $1 = 'jhon_italo000hh@gmail.com', $2 = '1', $3 = '0'
2023-10-12 00:18:51.853 UTC [113] LOG:  execute s1: SELECT t.typname, t.typtype, t.typelem, r.rngsubtype, t.typbasetype, n.nspname, t.typrelid
	FROM pg_catalog.pg_type t
	LEFT OUTER JOIN pg_catalog.pg_range r ON r.rngtypid = t.oid
	INNER JOIN pg_catalog.pg_namespace n ON t.typnamespace = n.oid
	WHERE t.oid = $1
	
2023-10-12 00:18:51.853 UTC [113] DETAIL:  parameters: $1 = '16419'
2023-10-12 00:18:51.855 UTC [113] LOG:  execute s2: SELECT enumlabel
	FROM pg_catalog.pg_enum
	WHERE enumtypid = $1
	ORDER BY enumsortorder
	
2023-10-12 00:18:51.855 UTC [113] DETAIL:  parameters: $1 = '16419'
2023-10-12 00:18:51.859 UTC [113] LOG:  execute s4: SELECT "public"."Aluno"."id", "public"."Aluno"."nome", "public"."Aluno"."email", "public"."Aluno"."cpf", "public"."Aluno"."sexo", "public"."Aluno"."telefone", "public"."Aluno"."createdAt", "public"."Aluno"."id_turma", "public"."Aluno"."id_curso" FROM "public"."Aluno" WHERE "public"."Aluno"."cpf" = $1 LIMIT $2 OFFSET $3
2023-10-12 00:18:51.859 UTC [113] DETAIL:  parameters: $1 = '06806374350000hh', $2 = '1', $3 = '0'
2023-10-12 00:18:51.865 UTC [113] LOG:  execute s5: SELECT "public"."Aluno"."id", "public"."Aluno"."nome", "public"."Aluno"."email", "public"."Aluno"."cpf", "public"."Aluno"."sexo", "public"."Aluno"."telefone", "public"."Aluno"."createdAt", "public"."Aluno"."id_turma", "public"."Aluno"."id_curso" FROM "public"."Aluno" WHERE "public"."Aluno"."email" = $1 LIMIT $2 OFFSET $3
2023-10-12 00:18:51.865 UTC [113] DETAIL:  parameters: $1 = 'jhon_italo000hh@gmail.com', $2 = '1', $3 = '0'
2023-10-12 00:18:51.969 UTC [113] LOG:  statement: BEGIN
2023-10-12 00:18:51.978 UTC [113] LOG:  execute s6: SELECT "public"."Curso"."id" FROM "public"."Curso" WHERE ("public"."Curso"."id" = $1 AND 1=1) OFFSET $2
2023-10-12 00:18:51.978 UTC [113] DETAIL:  parameters: $1 = '53', $2 = '0'
2023-10-12 00:18:51.987 UTC [113] LOG:  execute s7: SELECT "public"."Turma"."id" FROM "public"."Turma" WHERE ("public"."Turma"."id" = $1 AND 1=1) OFFSET $2
2023-10-12 00:18:51.987 UTC [113] DETAIL:  parameters: $1 = '18', $2 = '0'
2023-10-12 00:18:51.991 UTC [113] ERROR:  value too long for type character varying(15)
2023-10-12 00:18:51.991 UTC [113] STATEMENT:  INSERT INTO "public"."Aluno" ("id","nome","email","cpf","sexo","telefone","createdAt","id_turma","id_curso") VALUES ($1,$2,$3,$4,$5,$6,$7,$8,$9) RETURNING "public"."Aluno"."id"
2023-10-12 00:18:51.993 UTC [113] LOG:  statement: ROLLBACK
2023-10-12 00:19:02.188 UTC [113] LOG:  execute s0: SELECT "public"."User"."id", "public"."User"."email", "public"."User"."password", "public"."User"."status", "public"."User"."id_departamento", "public"."User"."id_professor", "public"."User"."id_aluno" FROM "public"."User" WHERE ("public"."User"."id_aluno" = $1 OR "public"."User"."id_professor" = $2 OR "public"."User"."id_departamento" = $3) LIMIT $4 OFFSET $5
2023-10-12 00:19:02.188 UTC [113] DETAIL:  parameters: $1 = '1', $2 = '1', $3 = '1', $4 = '1', $5 = '0'
2023-10-12 00:19:02.193 UTC [113] LOG:  execute s3: SELECT "public"."User"."id", "public"."User"."email", "public"."User"."password", "public"."User"."status", "public"."User"."id_departamento", "public"."User"."id_professor", "public"."User"."id_aluno" FROM "public"."User" WHERE "public"."User"."email" = $1 LIMIT $2 OFFSET $3
2023-10-12 00:19:02.193 UTC [113] DETAIL:  parameters: $1 = 'jhon_italh@gmail.com', $2 = '1', $3 = '0'
2023-10-12 00:19:02.197 UTC [113] LOG:  execute s4: SELECT "public"."Aluno"."id", "public"."Aluno"."nome", "public"."Aluno"."email", "public"."Aluno"."cpf", "public"."Aluno"."sexo", "public"."Aluno"."telefone", "public"."Aluno"."createdAt", "public"."Aluno"."id_turma", "public"."Aluno"."id_curso" FROM "public"."Aluno" WHERE "public"."Aluno"."cpf" = $1 LIMIT $2 OFFSET $3
2023-10-12 00:19:02.197 UTC [113] DETAIL:  parameters: $1 = '0680637435', $2 = '1', $3 = '0'
2023-10-12 00:19:02.203 UTC [113] LOG:  execute s5: SELECT "public"."Aluno"."id", "public"."Aluno"."nome", "public"."Aluno"."email", "public"."Aluno"."cpf", "public"."Aluno"."sexo", "public"."Aluno"."telefone", "public"."Aluno"."createdAt", "public"."Aluno"."id_turma", "public"."Aluno"."id_curso" FROM "public"."Aluno" WHERE "public"."Aluno"."email" = $1 LIMIT $2 OFFSET $3
2023-10-12 00:19:02.203 UTC [113] DETAIL:  parameters: $1 = 'jhon_italh@gmail.com', $2 = '1', $3 = '0'
2023-10-12 00:19:02.306 UTC [113] LOG:  statement: BEGIN
2023-10-12 00:19:02.308 UTC [113] LOG:  execute s6: SELECT "public"."Curso"."id" FROM "public"."Curso" WHERE ("public"."Curso"."id" = $1 AND 1=1) OFFSET $2
2023-10-12 00:19:02.308 UTC [113] DETAIL:  parameters: $1 = '53', $2 = '0'
2023-10-12 00:19:02.310 UTC [113] LOG:  execute s7: SELECT "public"."Turma"."id" FROM "public"."Turma" WHERE ("public"."Turma"."id" = $1 AND 1=1) OFFSET $2
2023-10-12 00:19:02.310 UTC [113] DETAIL:  parameters: $1 = '18', $2 = '0'
2023-10-12 00:19:02.312 UTC [113] LOG:  execute s8: INSERT INTO "public"."Aluno" ("id","nome","email","cpf","sexo","telefone","createdAt","id_turma","id_curso") VALUES ($1,$2,$3,$4,$5,$6,$7,$8,$9) RETURNING "public"."Aluno"."id"
2023-10-12 00:19:02.312 UTC [113] DETAIL:  parameters: $1 = '4ad451a0-404e-4200-8d7d-30f7982fe578', $2 = 'john italo lucas lima', $3 = 'jhon_italh@gmail.com', $4 = '0680637435', $5 = 'F', $6 = '889997727240', $7 = '2023-10-12 00:19:02.306', $8 = '18', $9 = '53'
2023-10-12 00:19:02.318 UTC [113] LOG:  execute s9: INSERT INTO "public"."User" ("id","email","password","status","id_aluno") VALUES ($1,$2,$3,$4,$5) RETURNING "public"."User"."id"
2023-10-12 00:19:02.318 UTC [113] DETAIL:  parameters: $1 = 'f0001cc0-292e-43a8-b616-cf6bee0d9c62', $2 = 'jhon_italh@gmail.com', $3 = '$2b$10$zBPsTTWS81YpFPIFgkmYruJcwIGEdkqJFCvuEDRpg/M4xJVKKJpfy', $4 = 'aluno', $5 = '4ad451a0-404e-4200-8d7d-30f7982fe578'
2023-10-12 00:19:02.324 UTC [113] LOG:  execute s10: SELECT "public"."Aluno"."id", "public"."Aluno"."nome", "public"."Aluno"."email", "public"."Aluno"."cpf", "public"."Aluno"."sexo", "public"."Aluno"."telefone", "public"."Aluno"."createdAt", "public"."Aluno"."id_turma", "public"."Aluno"."id_curso" FROM "public"."Aluno" WHERE "public"."Aluno"."id" = $1 LIMIT $2 OFFSET $3
2023-10-12 00:19:02.324 UTC [113] DETAIL:  parameters: $1 = '4ad451a0-404e-4200-8d7d-30f7982fe578', $2 = '1', $3 = '0'
2023-10-12 00:19:02.325 UTC [113] LOG:  statement: COMMIT
2023-10-12 00:19:24.711 UTC [115] LOG:  execute s1: SELECT t.typname, t.typtype, t.typelem, r.rngsubtype, t.typbasetype, n.nspname, t.typrelid
	FROM pg_catalog.pg_type t
	LEFT OUTER JOIN pg_catalog.pg_range r ON r.rngtypid = t.oid
	INNER JOIN pg_catalog.pg_namespace n ON t.typnamespace = n.oid
	WHERE t.oid = $1
	
2023-10-12 00:19:24.711 UTC [115] DETAIL:  parameters: $1 = '16537'
2023-10-12 00:19:24.722 UTC [115] LOG:  execute s2: SELECT enumlabel
	FROM pg_catalog.pg_enum
	WHERE enumtypid = $1
	ORDER BY enumsortorder
	
2023-10-12 00:19:24.722 UTC [115] DETAIL:  parameters: $1 = '16537'
2023-10-12 00:19:24.730 UTC [115] LOG:  execute s0: SELECT "public"."User"."id", "public"."User"."email", "public"."User"."password", "public"."User"."status", "public"."User"."id_departamento", "public"."User"."id_professor", "public"."User"."id_aluno" FROM "public"."User" WHERE ("public"."User"."id_aluno" = $1 OR "public"."User"."id_professor" = $2 OR "public"."User"."id_departamento" = $3) LIMIT $4 OFFSET $5
2023-10-12 00:19:24.730 UTC [115] DETAIL:  parameters: $1 = '1', $2 = '1', $3 = '1', $4 = '1', $5 = '0'
2023-10-12 00:19:24.752 UTC [115] LOG:  execute s3: SELECT "public"."User"."id", "public"."User"."email", "public"."User"."password", "public"."User"."status", "public"."User"."id_departamento", "public"."User"."id_professor", "public"."User"."id_aluno" FROM "public"."User" WHERE "public"."User"."email" = $1 LIMIT $2 OFFSET $3
2023-10-12 00:19:24.752 UTC [115] DETAIL:  parameters: $1 = 'jhon_italh@gmail.com', $2 = '1', $3 = '0'
2023-10-12 00:19:32.015 UTC [115] LOG:  execute s0: SELECT "public"."User"."id", "public"."User"."email", "public"."User"."password", "public"."User"."status", "public"."User"."id_departamento", "public"."User"."id_professor", "public"."User"."id_aluno" FROM "public"."User" WHERE ("public"."User"."id_aluno" = $1 OR "public"."User"."id_professor" = $2 OR "public"."User"."id_departamento" = $3) LIMIT $4 OFFSET $5
2023-10-12 00:19:32.015 UTC [115] DETAIL:  parameters: $1 = '1', $2 = '1', $3 = '1', $4 = '1', $5 = '0'
2023-10-12 00:19:32.020 UTC [115] LOG:  execute s3: SELECT "public"."User"."id", "public"."User"."email", "public"."User"."password", "public"."User"."status", "public"."User"."id_departamento", "public"."User"."id_professor", "public"."User"."id_aluno" FROM "public"."User" WHERE "public"."User"."email" = $1 LIMIT $2 OFFSET $3
2023-10-12 00:19:32.020 UTC [115] DETAIL:  parameters: $1 = 'jhon_itah@gmail.com', $2 = '1', $3 = '0'
2023-10-12 00:19:32.030 UTC [115] LOG:  execute s1: SELECT t.typname, t.typtype, t.typelem, r.rngsubtype, t.typbasetype, n.nspname, t.typrelid
	FROM pg_catalog.pg_type t
	LEFT OUTER JOIN pg_catalog.pg_range r ON r.rngtypid = t.oid
	INNER JOIN pg_catalog.pg_namespace n ON t.typnamespace = n.oid
	WHERE t.oid = $1
	
2023-10-12 00:19:32.030 UTC [115] DETAIL:  parameters: $1 = '16419'
2023-10-12 00:19:32.031 UTC [115] LOG:  execute s2: SELECT enumlabel
	FROM pg_catalog.pg_enum
	WHERE enumtypid = $1
	ORDER BY enumsortorder
	
2023-10-12 00:19:32.031 UTC [115] DETAIL:  parameters: $1 = '16419'
2023-10-12 00:19:32.036 UTC [115] LOG:  execute s4: SELECT "public"."Aluno"."id", "public"."Aluno"."nome", "public"."Aluno"."email", "public"."Aluno"."cpf", "public"."Aluno"."sexo", "public"."Aluno"."telefone", "public"."Aluno"."createdAt", "public"."Aluno"."id_turma", "public"."Aluno"."id_curso" FROM "public"."Aluno" WHERE "public"."Aluno"."cpf" = $1 LIMIT $2 OFFSET $3
2023-10-12 00:19:32.036 UTC [115] DETAIL:  parameters: $1 = '06806374', $2 = '1', $3 = '0'
2023-10-12 00:19:32.043 UTC [115] LOG:  execute s5: SELECT "public"."Aluno"."id", "public"."Aluno"."nome", "public"."Aluno"."email", "public"."Aluno"."cpf", "public"."Aluno"."sexo", "public"."Aluno"."telefone", "public"."Aluno"."createdAt", "public"."Aluno"."id_turma", "public"."Aluno"."id_curso" FROM "public"."Aluno" WHERE "public"."Aluno"."email" = $1 LIMIT $2 OFFSET $3
2023-10-12 00:19:32.043 UTC [115] DETAIL:  parameters: $1 = 'jhon_itah@gmail.com', $2 = '1', $3 = '0'
2023-10-12 00:19:32.150 UTC [115] LOG:  statement: BEGIN
2023-10-12 00:19:32.160 UTC [115] LOG:  execute s6: SELECT "public"."Curso"."id" FROM "public"."Curso" WHERE ("public"."Curso"."id" = $1 AND 1=1) OFFSET $2
2023-10-12 00:19:32.160 UTC [115] DETAIL:  parameters: $1 = '53', $2 = '0'
2023-10-12 00:19:32.172 UTC [115] LOG:  execute s7: SELECT "public"."Turma"."id" FROM "public"."Turma" WHERE ("public"."Turma"."id" = $1 AND 1=1) OFFSET $2
2023-10-12 00:19:32.172 UTC [115] DETAIL:  parameters: $1 = '18', $2 = '0'
2023-10-12 00:19:32.178 UTC [115] LOG:  execute s8: INSERT INTO "public"."Aluno" ("id","nome","email","cpf","sexo","telefone","createdAt","id_turma","id_curso") VALUES ($1,$2,$3,$4,$5,$6,$7,$8,$9) RETURNING "public"."Aluno"."id"
2023-10-12 00:19:32.178 UTC [115] DETAIL:  parameters: $1 = 'a74cb59a-3371-4d26-a4a0-a34e7533c58f', $2 = 'john italo lucas lima', $3 = 'jhon_itah@gmail.com', $4 = '06806374', $5 = 'F', $6 = '889997727240', $7 = '2023-10-12 00:19:32.124', $8 = '18', $9 = '53'
2023-10-12 00:19:32.183 UTC [115] LOG:  execute s9: INSERT INTO "public"."User" ("id","email","password","status","id_aluno") VALUES ($1,$2,$3,$4,$5) RETURNING "public"."User"."id"
2023-10-12 00:19:32.183 UTC [115] DETAIL:  parameters: $1 = 'e440ff4d-4ddc-4c22-bf79-7225b6907dfe', $2 = 'jhon_itah@gmail.com', $3 = '$2b$10$VLM/1fqEcEXc9QHj7TR8AutIh.wx7ZfCXrXxsN4jonjnLHBrZO7Du', $4 = 'aluno', $5 = 'a74cb59a-3371-4d26-a4a0-a34e7533c58f'
2023-10-12 00:19:32.188 UTC [115] LOG:  execute s10: SELECT "public"."Aluno"."id", "public"."Aluno"."nome", "public"."Aluno"."email", "public"."Aluno"."cpf", "public"."Aluno"."sexo", "public"."Aluno"."telefone", "public"."Aluno"."createdAt", "public"."Aluno"."id_turma", "public"."Aluno"."id_curso" FROM "public"."Aluno" WHERE "public"."Aluno"."id" = $1 LIMIT $2 OFFSET $3
2023-10-12 00:19:32.188 UTC [115] DETAIL:  parameters: $1 = 'a74cb59a-3371-4d26-a4a0-a34e7533c58f', $2 = '1', $3 = '0'
2023-10-12 00:19:32.191 UTC [115] LOG:  statement: COMMIT
2023-10-12 00:20:23.353 UTC [116] LOG:  execute s1: SELECT t.typname, t.typtype, t.typelem, r.rngsubtype, t.typbasetype, n.nspname, t.typrelid
	FROM pg_catalog.pg_type t
	LEFT OUTER JOIN pg_catalog.pg_range r ON r.rngtypid = t.oid
	INNER JOIN pg_catalog.pg_namespace n ON t.typnamespace = n.oid
	WHERE t.oid = $1
	
2023-10-12 00:20:23.353 UTC [116] DETAIL:  parameters: $1 = '16537'
2023-10-12 00:20:23.363 UTC [116] LOG:  execute s2: SELECT enumlabel
	FROM pg_catalog.pg_enum
	WHERE enumtypid = $1
	ORDER BY enumsortorder
	
2023-10-12 00:20:23.363 UTC [116] DETAIL:  parameters: $1 = '16537'
2023-10-12 00:20:23.369 UTC [116] LOG:  execute s0: SELECT "public"."User"."id", "public"."User"."email", "public"."User"."password", "public"."User"."status", "public"."User"."id_departamento", "public"."User"."id_professor", "public"."User"."id_aluno" FROM "public"."User" WHERE ("public"."User"."id_aluno" = $1 OR "public"."User"."id_professor" = $2 OR "public"."User"."id_departamento" = $3) LIMIT $4 OFFSET $5
2023-10-12 00:20:23.369 UTC [116] DETAIL:  parameters: $1 = '1', $2 = '1', $3 = '1', $4 = '1', $5 = '0'
2023-10-12 00:20:23.385 UTC [116] LOG:  execute s3: SELECT "public"."User"."id", "public"."User"."email", "public"."User"."password", "public"."User"."status", "public"."User"."id_departamento", "public"."User"."id_professor", "public"."User"."id_aluno" FROM "public"."User" WHERE "public"."User"."email" = $1 LIMIT $2 OFFSET $3
2023-10-12 00:20:23.385 UTC [116] DETAIL:  parameters: $1 = 'jhon_ita@gmail.com', $2 = '1', $3 = '0'
2023-10-12 00:20:23.392 UTC [116] LOG:  execute s1: SELECT t.typname, t.typtype, t.typelem, r.rngsubtype, t.typbasetype, n.nspname, t.typrelid
	FROM pg_catalog.pg_type t
	LEFT OUTER JOIN pg_catalog.pg_range r ON r.rngtypid = t.oid
	INNER JOIN pg_catalog.pg_namespace n ON t.typnamespace = n.oid
	WHERE t.oid = $1
	
2023-10-12 00:20:23.392 UTC [116] DETAIL:  parameters: $1 = '16419'
2023-10-12 00:20:23.394 UTC [116] LOG:  execute s2: SELECT enumlabel
	FROM pg_catalog.pg_enum
	WHERE enumtypid = $1
	ORDER BY enumsortorder
	
2023-10-12 00:20:23.394 UTC [116] DETAIL:  parameters: $1 = '16419'
2023-10-12 00:20:23.399 UTC [116] LOG:  execute s4: SELECT "public"."Aluno"."id", "public"."Aluno"."nome", "public"."Aluno"."email", "public"."Aluno"."cpf", "public"."Aluno"."sexo", "public"."Aluno"."telefone", "public"."Aluno"."createdAt", "public"."Aluno"."id_turma", "public"."Aluno"."id_curso" FROM "public"."Aluno" WHERE "public"."Aluno"."cpf" = $1 LIMIT $2 OFFSET $3
2023-10-12 00:20:23.399 UTC [116] DETAIL:  parameters: $1 = '0680634', $2 = '1', $3 = '0'
2023-10-12 00:20:23.405 UTC [116] LOG:  execute s5: SELECT "public"."Aluno"."id", "public"."Aluno"."nome", "public"."Aluno"."email", "public"."Aluno"."cpf", "public"."Aluno"."sexo", "public"."Aluno"."telefone", "public"."Aluno"."createdAt", "public"."Aluno"."id_turma", "public"."Aluno"."id_curso" FROM "public"."Aluno" WHERE "public"."Aluno"."email" = $1 LIMIT $2 OFFSET $3
2023-10-12 00:20:23.405 UTC [116] DETAIL:  parameters: $1 = 'jhon_ita@gmail.com', $2 = '1', $3 = '0'
2023-10-12 00:20:23.529 UTC [116] LOG:  statement: BEGIN
2023-10-12 00:20:23.536 UTC [116] LOG:  execute s6: SELECT "public"."Curso"."id" FROM "public"."Curso" WHERE ("public"."Curso"."id" = $1 AND 1=1) OFFSET $2
2023-10-12 00:20:23.536 UTC [116] DETAIL:  parameters: $1 = '53', $2 = '0'
2023-10-12 00:20:23.543 UTC [116] LOG:  execute s7: SELECT "public"."Turma"."id" FROM "public"."Turma" WHERE ("public"."Turma"."id" = $1 AND 1=1) OFFSET $2
2023-10-12 00:20:23.543 UTC [116] DETAIL:  parameters: $1 = '18', $2 = '0'
2023-10-12 00:20:23.547 UTC [116] LOG:  execute s8: INSERT INTO "public"."Aluno" ("id","nome","email","cpf","sexo","telefone","createdAt","id_turma","id_curso") VALUES ($1,$2,$3,$4,$5,$6,$7,$8,$9) RETURNING "public"."Aluno"."id"
2023-10-12 00:20:23.547 UTC [116] DETAIL:  parameters: $1 = 'cdb04a3f-6b5a-49fa-a32b-05b9a8563030', $2 = 'john italo lucas lima', $3 = 'jhon_ita@gmail.com', $4 = '0680634', $5 = 'F', $6 = '889997727240', $7 = '2023-10-12 00:20:23.53', $8 = '18', $9 = '53'
2023-10-12 00:20:23.551 UTC [116] LOG:  execute s9: INSERT INTO "public"."User" ("id","email","password","status","id_aluno") VALUES ($1,$2,$3,$4,$5) RETURNING "public"."User"."id"
2023-10-12 00:20:23.551 UTC [116] DETAIL:  parameters: $1 = 'bf9bac5b-5a39-4cd5-ab8d-6eacc736a7c3', $2 = 'jhon_ita@gmail.com', $3 = '$2b$10$4hJgKB3YsrVx8tgOvxxCleE7/FzOG0eO12IwQXrBBPNKR.TDKqTgW', $4 = 'aluno', $5 = 'cdb04a3f-6b5a-49fa-a32b-05b9a8563030'
2023-10-12 00:20:23.555 UTC [116] LOG:  execute s10: SELECT "public"."Aluno"."id", "public"."Aluno"."nome", "public"."Aluno"."email", "public"."Aluno"."cpf", "public"."Aluno"."sexo", "public"."Aluno"."telefone", "public"."Aluno"."createdAt", "public"."Aluno"."id_turma", "public"."Aluno"."id_curso" FROM "public"."Aluno" WHERE "public"."Aluno"."id" = $1 LIMIT $2 OFFSET $3
2023-10-12 00:20:23.555 UTC [116] DETAIL:  parameters: $1 = 'cdb04a3f-6b5a-49fa-a32b-05b9a8563030', $2 = '1', $3 = '0'
2023-10-12 00:20:23.557 UTC [116] LOG:  statement: COMMIT
2023-10-12 00:21:15.799 UTC [118] LOG:  execute s1: SELECT t.typname, t.typtype, t.typelem, r.rngsubtype, t.typbasetype, n.nspname, t.typrelid
	FROM pg_catalog.pg_type t
	LEFT OUTER JOIN pg_catalog.pg_range r ON r.rngtypid = t.oid
	INNER JOIN pg_catalog.pg_namespace n ON t.typnamespace = n.oid
	WHERE t.oid = $1
	
2023-10-12 00:21:15.799 UTC [118] DETAIL:  parameters: $1 = '16537'
2023-10-12 00:21:15.808 UTC [118] LOG:  execute s2: SELECT enumlabel
	FROM pg_catalog.pg_enum
	WHERE enumtypid = $1
	ORDER BY enumsortorder
	
2023-10-12 00:21:15.808 UTC [118] DETAIL:  parameters: $1 = '16537'
2023-10-12 00:21:15.814 UTC [118] LOG:  execute s0: SELECT "public"."User"."id", "public"."User"."email", "public"."User"."password", "public"."User"."status", "public"."User"."id_departamento", "public"."User"."id_professor", "public"."User"."id_aluno" FROM "public"."User" WHERE ("public"."User"."id_aluno" = $1 OR "public"."User"."id_professor" = $2 OR "public"."User"."id_departamento" = $3) LIMIT $4 OFFSET $5
2023-10-12 00:21:15.814 UTC [118] DETAIL:  parameters: $1 = '1', $2 = '1', $3 = '1', $4 = '1', $5 = '0'
2023-10-12 00:21:15.834 UTC [118] LOG:  execute s3: SELECT "public"."User"."id", "public"."User"."email", "public"."User"."password", "public"."User"."status", "public"."User"."id_departamento", "public"."User"."id_professor", "public"."User"."id_aluno" FROM "public"."User" WHERE "public"."User"."email" = $1 LIMIT $2 OFFSET $3
2023-10-12 00:21:15.834 UTC [118] DETAIL:  parameters: $1 = 'jhon_ita@gmail.com', $2 = '1', $3 = '0'
2023-10-12 00:21:18.184 UTC [28] LOG:  checkpoint starting: time
2023-10-12 00:21:18.991 UTC [28] LOG:  checkpoint complete: wrote 8 buffers (0.0%); 0 WAL file(s) added, 0 removed, 0 recycled; write=0.734 s, sync=0.012 s, total=0.808 s; sync files=8, longest=0.004 s, average=0.002 s; distance=27 kB, estimate=27 kB
2023-10-12 00:21:21.272 UTC [118] LOG:  execute s0: SELECT "public"."User"."id", "public"."User"."email", "public"."User"."password", "public"."User"."status", "public"."User"."id_departamento", "public"."User"."id_professor", "public"."User"."id_aluno" FROM "public"."User" WHERE ("public"."User"."id_aluno" = $1 OR "public"."User"."id_professor" = $2 OR "public"."User"."id_departamento" = $3) LIMIT $4 OFFSET $5
2023-10-12 00:21:21.272 UTC [118] DETAIL:  parameters: $1 = '1', $2 = '1', $3 = '1', $4 = '1', $5 = '0'
2023-10-12 00:21:21.279 UTC [118] LOG:  execute s3: SELECT "public"."User"."id", "public"."User"."email", "public"."User"."password", "public"."User"."status", "public"."User"."id_departamento", "public"."User"."id_professor", "public"."User"."id_aluno" FROM "public"."User" WHERE "public"."User"."email" = $1 LIMIT $2 OFFSET $3
2023-10-12 00:21:21.279 UTC [118] DETAIL:  parameters: $1 = 'jhon_itad@gmail.com', $2 = '1', $3 = '0'
2023-10-12 00:21:21.285 UTC [118] LOG:  execute s1: SELECT t.typname, t.typtype, t.typelem, r.rngsubtype, t.typbasetype, n.nspname, t.typrelid
	FROM pg_catalog.pg_type t
	LEFT OUTER JOIN pg_catalog.pg_range r ON r.rngtypid = t.oid
	INNER JOIN pg_catalog.pg_namespace n ON t.typnamespace = n.oid
	WHERE t.oid = $1
	
2023-10-12 00:21:21.285 UTC [118] DETAIL:  parameters: $1 = '16419'
2023-10-12 00:21:21.286 UTC [118] LOG:  execute s2: SELECT enumlabel
	FROM pg_catalog.pg_enum
	WHERE enumtypid = $1
	ORDER BY enumsortorder
	
2023-10-12 00:21:21.286 UTC [118] DETAIL:  parameters: $1 = '16419'
2023-10-12 00:21:21.293 UTC [118] LOG:  execute s4: SELECT "public"."Aluno"."id", "public"."Aluno"."nome", "public"."Aluno"."email", "public"."Aluno"."cpf", "public"."Aluno"."sexo", "public"."Aluno"."telefone", "public"."Aluno"."createdAt", "public"."Aluno"."id_turma", "public"."Aluno"."id_curso" FROM "public"."Aluno" WHERE "public"."Aluno"."cpf" = $1 LIMIT $2 OFFSET $3
2023-10-12 00:21:21.293 UTC [118] DETAIL:  parameters: $1 = '0680634d', $2 = '1', $3 = '0'
2023-10-12 00:21:21.298 UTC [118] LOG:  execute s5: SELECT "public"."Aluno"."id", "public"."Aluno"."nome", "public"."Aluno"."email", "public"."Aluno"."cpf", "public"."Aluno"."sexo", "public"."Aluno"."telefone", "public"."Aluno"."createdAt", "public"."Aluno"."id_turma", "public"."Aluno"."id_curso" FROM "public"."Aluno" WHERE "public"."Aluno"."email" = $1 LIMIT $2 OFFSET $3
2023-10-12 00:21:21.298 UTC [118] DETAIL:  parameters: $1 = 'jhon_itad@gmail.com', $2 = '1', $3 = '0'
2023-10-12 00:21:21.412 UTC [118] LOG:  statement: BEGIN
2023-10-12 00:21:21.420 UTC [118] LOG:  execute s6: SELECT "public"."Curso"."id" FROM "public"."Curso" WHERE ("public"."Curso"."id" = $1 AND 1=1) OFFSET $2
2023-10-12 00:21:21.420 UTC [118] DETAIL:  parameters: $1 = '53', $2 = '0'
2023-10-12 00:21:21.429 UTC [118] LOG:  execute s7: SELECT "public"."Turma"."id" FROM "public"."Turma" WHERE ("public"."Turma"."id" = $1 AND 1=1) OFFSET $2
2023-10-12 00:21:21.429 UTC [118] DETAIL:  parameters: $1 = '18', $2 = '0'
2023-10-12 00:21:21.433 UTC [118] LOG:  execute s8: INSERT INTO "public"."Aluno" ("id","nome","email","cpf","sexo","telefone","createdAt","id_turma","id_curso") VALUES ($1,$2,$3,$4,$5,$6,$7,$8,$9) RETURNING "public"."Aluno"."id"
2023-10-12 00:21:21.433 UTC [118] DETAIL:  parameters: $1 = 'b5b61fa0-2312-4a24-8ae8-9effafbf6816', $2 = 'john italo lucas lima', $3 = 'jhon_itad@gmail.com', $4 = '0680634d', $5 = 'F', $6 = '889997727240', $7 = '2023-10-12 00:21:21.412', $8 = '18', $9 = '53'
2023-10-12 00:21:21.437 UTC [118] LOG:  execute s9: INSERT INTO "public"."User" ("id","email","password","status","id_aluno") VALUES ($1,$2,$3,$4,$5) RETURNING "public"."User"."id"
2023-10-12 00:21:21.437 UTC [118] DETAIL:  parameters: $1 = '1d9cc8c0-8422-4cca-b519-c3ab70edc331', $2 = 'jhon_itad@gmail.com', $3 = '$2b$10$U7T0vr0flRbPEfyNi2vWW.Pv6821Tdsuz6nUOM.V0NUbHE8BMMohS', $4 = 'aluno', $5 = 'b5b61fa0-2312-4a24-8ae8-9effafbf6816'
2023-10-12 00:21:21.444 UTC [118] LOG:  execute s10: SELECT "public"."Aluno"."id", "public"."Aluno"."nome", "public"."Aluno"."email", "public"."Aluno"."cpf", "public"."Aluno"."sexo", "public"."Aluno"."telefone", "public"."Aluno"."createdAt", "public"."Aluno"."id_turma", "public"."Aluno"."id_curso" FROM "public"."Aluno" WHERE "public"."Aluno"."id" = $1 LIMIT $2 OFFSET $3
2023-10-12 00:21:21.444 UTC [118] DETAIL:  parameters: $1 = 'b5b61fa0-2312-4a24-8ae8-9effafbf6816', $2 = '1', $3 = '0'
2023-10-12 00:21:21.446 UTC [118] LOG:  statement: COMMIT
2023-10-12 00:22:02.366 UTC [120] LOG:  execute s1: SELECT t.typname, t.typtype, t.typelem, r.rngsubtype, t.typbasetype, n.nspname, t.typrelid
	FROM pg_catalog.pg_type t
	LEFT OUTER JOIN pg_catalog.pg_range r ON r.rngtypid = t.oid
	INNER JOIN pg_catalog.pg_namespace n ON t.typnamespace = n.oid
	WHERE t.oid = $1
	
2023-10-12 00:22:02.366 UTC [120] DETAIL:  parameters: $1 = '16537'
2023-10-12 00:22:02.377 UTC [120] LOG:  execute s2: SELECT enumlabel
	FROM pg_catalog.pg_enum
	WHERE enumtypid = $1
	ORDER BY enumsortorder
	
2023-10-12 00:22:02.377 UTC [120] DETAIL:  parameters: $1 = '16537'
2023-10-12 00:22:02.383 UTC [120] LOG:  execute s0: SELECT "public"."User"."id", "public"."User"."email", "public"."User"."password", "public"."User"."status", "public"."User"."id_departamento", "public"."User"."id_professor", "public"."User"."id_aluno" FROM "public"."User" WHERE ("public"."User"."id_aluno" = $1 OR "public"."User"."id_professor" = $2 OR "public"."User"."id_departamento" = $3) LIMIT $4 OFFSET $5
2023-10-12 00:22:02.383 UTC [120] DETAIL:  parameters: $1 = '1', $2 = '1', $3 = '1', $4 = '1', $5 = '0'
2023-10-12 00:22:02.399 UTC [120] LOG:  execute s1: SELECT t.typname, t.typtype, t.typelem, r.rngsubtype, t.typbasetype, n.nspname, t.typrelid
	FROM pg_catalog.pg_type t
	LEFT OUTER JOIN pg_catalog.pg_range r ON r.rngtypid = t.oid
	INNER JOIN pg_catalog.pg_namespace n ON t.typnamespace = n.oid
	WHERE t.oid = $1
	
2023-10-12 00:22:02.399 UTC [120] DETAIL:  parameters: $1 = '16419'
2023-10-12 00:22:02.401 UTC [120] LOG:  execute s2: SELECT enumlabel
	FROM pg_catalog.pg_enum
	WHERE enumtypid = $1
	ORDER BY enumsortorder
	
2023-10-12 00:22:02.401 UTC [120] DETAIL:  parameters: $1 = '16419'
2023-10-12 00:22:02.407 UTC [120] LOG:  execute s3: SELECT "public"."Aluno"."id", "public"."Aluno"."nome", "public"."Aluno"."email", "public"."Aluno"."cpf", "public"."Aluno"."sexo", "public"."Aluno"."telefone", "public"."Aluno"."createdAt", "public"."Aluno"."id_turma", "public"."Aluno"."id_curso" FROM "public"."Aluno" WHERE 1=1 OFFSET $1
2023-10-12 00:22:02.407 UTC [120] DETAIL:  parameters: $1 = '0'
