2023-07-02 02:43:07.898 UTC [1] LOG:  starting PostgreSQL 15.3 (Debian 15.3-1.pgdg120+1) on x86_64-pc-linux-gnu, compiled by gcc (Debian 12.2.0-14) 12.2.0, 64-bit
2023-07-02 02:43:07.898 UTC [1] LOG:  listening on IPv4 address "0.0.0.0", port 5432
2023-07-02 02:43:07.898 UTC [1] LOG:  listening on IPv6 address "::", port 5432
2023-07-02 02:43:07.923 UTC [1] LOG:  listening on Unix socket "/var/run/postgresql/.s.PGSQL.5432"
2023-07-02 02:43:07.976 UTC [30] LOG:  database system was shut down at 2023-07-02 02:42:50 UTC
2023-07-02 02:43:08.080 UTC [1] LOG:  database system is ready to accept connections
2023-07-02 02:48:08.076 UTC [28] LOG:  checkpoint starting: time
2023-07-02 02:48:08.171 UTC [28] LOG:  checkpoint complete: wrote 3 buffers (0.0%); 0 WAL file(s) added, 0 removed, 0 recycled; write=0.027 s, sync=0.008 s, total=0.096 s; sync files=2, longest=0.005 s, average=0.004 s; distance=0 kB, estimate=0 kB
2023-07-02 02:51:36.761 UTC [50] LOG:  statement: SET search_path = "public";
	
2023-07-02 02:51:36.786 UTC [50] LOG:  execute s0: SELECT version()
2023-07-02 02:51:36.825 UTC [50] LOG:  execute s1: SELECT EXISTS(SELECT 1 FROM pg_namespace WHERE nspname = $1), version(), current_setting('server_version_num')::integer as numeric_version;
2023-07-02 02:51:36.825 UTC [50] DETAIL:  parameters: $1 = 'public'
2023-07-02 02:51:37.092 UTC [51] LOG:  statement: SET search_path = "public";
	
2023-07-02 02:51:37.096 UTC [51] LOG:  execute s0: SELECT version()
2023-07-02 02:51:37.105 UTC [51] LOG:  execute s1: SELECT EXISTS(SELECT 1 FROM pg_namespace WHERE nspname = $1), version(), current_setting('server_version_num')::integer as numeric_version;
2023-07-02 02:51:37.105 UTC [51] DETAIL:  parameters: $1 = 'public'
2023-07-02 02:51:37.107 UTC [51] LOG:  statement: SELECT pg_advisory_lock(72707369)
2023-07-02 02:51:37.138 UTC [51] LOG:  execute s2: 
	                SELECT tbl.relname AS table_name
	                FROM pg_class AS tbl
	                INNER JOIN pg_namespace AS namespace ON namespace.oid = tbl.relnamespace
	                WHERE tbl.relkind = 'r' AND namespace.nspname = ANY ( $1 )
	            
2023-07-02 02:51:37.138 UTC [51] DETAIL:  parameters: $1 = '{public}'
2023-07-02 02:51:37.141 UTC [51] LOG:  statement: CREATE TABLE _prisma_migrations (
	    id                      VARCHAR(36) PRIMARY KEY NOT NULL,
	    checksum                VARCHAR(64) NOT NULL,
	    finished_at             TIMESTAMPTZ,
	    migration_name          VARCHAR(255) NOT NULL,
	    logs                    TEXT,
	    rolled_back_at          TIMESTAMPTZ,
	    started_at              TIMESTAMPTZ NOT NULL DEFAULT now(),
	    applied_steps_count     INTEGER NOT NULL DEFAULT 0
	);
	
2023-07-02 02:51:37.324 UTC [51] LOG:  execute s3: SELECT "id", "checksum", "finished_at", "migration_name", "logs", "rolled_back_at", "started_at", "applied_steps_count" FROM "_prisma_migrations" ORDER BY "started_at" ASC
2023-07-02 02:51:37.352 UTC [51] LOG:  execute s4: INSERT INTO "_prisma_migrations" ("id","checksum","started_at","migration_name") VALUES ($1,$2,$3,$4)
2023-07-02 02:51:37.352 UTC [51] DETAIL:  parameters: $1 = 'a54b5742-0ab4-45ec-b401-37f4d10ee932', $2 = '4d7c0607229a62e6eba686738724965524d00fa7afbf3a9591cd4fc73bb92976', $3 = '2023-07-02 02:51:37.340729+00', $4 = '20230620191937_create_departamento'
2023-07-02 02:51:37.367 UTC [51] LOG:  statement: -- CreateTable
	CREATE TABLE "Departamento" (
	    "id" SERIAL NOT NULL,
	    "nome" VARCHAR(15) NOT NULL,
	
	    CONSTRAINT "Departamento_pkey" PRIMARY KEY ("id")
	);
	
	-- CreateIndex
	CREATE UNIQUE INDEX "Departamento_nome_key" ON "Departamento"("nome");
	
2023-07-02 02:51:37.438 UTC [51] LOG:  execute s5: UPDATE "_prisma_migrations" SET "applied_steps_count" = ("applied_steps_count" + $1) WHERE "id" = $2
2023-07-02 02:51:37.438 UTC [51] DETAIL:  parameters: $1 = '1', $2 = 'a54b5742-0ab4-45ec-b401-37f4d10ee932'
2023-07-02 02:51:37.451 UTC [51] LOG:  execute s6: UPDATE "_prisma_migrations" SET "finished_at" = $1 WHERE "id" = $2
2023-07-02 02:51:37.451 UTC [51] DETAIL:  parameters: $1 = '2023-07-02 02:51:37.448866+00', $2 = 'a54b5742-0ab4-45ec-b401-37f4d10ee932'
2023-07-02 02:51:37.471 UTC [51] LOG:  execute s7: INSERT INTO "_prisma_migrations" ("id","checksum","started_at","migration_name") VALUES ($1,$2,$3,$4)
2023-07-02 02:51:37.471 UTC [51] DETAIL:  parameters: $1 = 'c613a69e-a4af-494a-b17d-b3fc02abe6d0', $2 = '110f1946a577b606e5c4181e31d99258fb91ff322d4e98069c55d1039d489179', $3 = '2023-07-02 02:51:37.468766+00', $4 = '20230620192340_create_curso'
2023-07-02 02:51:37.476 UTC [51] LOG:  statement: -- CreateTable
	CREATE TABLE "Curso" (
	    "id" SERIAL NOT NULL,
	    "nome" VARCHAR(15) NOT NULL,
	    "id_departamento" INTEGER NOT NULL,
	
	    CONSTRAINT "Curso_pkey" PRIMARY KEY ("id")
	);
	
	-- CreateIndex
	CREATE UNIQUE INDEX "Curso_nome_key" ON "Curso"("nome");
	
	-- AddForeignKey
	ALTER TABLE "Curso" ADD CONSTRAINT "Curso_id_departamento_fkey" FOREIGN KEY ("id_departamento") REFERENCES "Departamento"("id") ON DELETE CASCADE ON UPDATE CASCADE;
	
2023-07-02 02:51:37.567 UTC [51] LOG:  execute s8: UPDATE "_prisma_migrations" SET "applied_steps_count" = ("applied_steps_count" + $1) WHERE "id" = $2
2023-07-02 02:51:37.567 UTC [51] DETAIL:  parameters: $1 = '1', $2 = 'c613a69e-a4af-494a-b17d-b3fc02abe6d0'
2023-07-02 02:51:37.572 UTC [51] LOG:  execute s9: UPDATE "_prisma_migrations" SET "finished_at" = $1 WHERE "id" = $2
2023-07-02 02:51:37.572 UTC [51] DETAIL:  parameters: $1 = '2023-07-02 02:51:37.570406+00', $2 = 'c613a69e-a4af-494a-b17d-b3fc02abe6d0'
2023-07-02 02:51:37.587 UTC [51] LOG:  execute s10: INSERT INTO "_prisma_migrations" ("id","checksum","started_at","migration_name") VALUES ($1,$2,$3,$4)
2023-07-02 02:51:37.587 UTC [51] DETAIL:  parameters: $1 = '01b8615e-4bc9-4de6-ba00-5688bc175de5', $2 = '059c42fc67b674a2e4b6d2248d4e315485b60d14f1bfce7263e9610508a27a00', $3 = '2023-07-02 02:51:37.585102+00', $4 = '20230620193139_create_professor'
2023-07-02 02:51:37.592 UTC [51] LOG:  statement: -- CreateEnum
	CREATE TYPE "Sexo" AS ENUM ('M', 'F');
	
	-- CreateTable
	CREATE TABLE "Professor" (
	    "id" TEXT NOT NULL,
	    "nome" VARCHAR NOT NULL,
	    "email" VARCHAR(25) NOT NULL,
	    "cpf" VARCHAR(15) NOT NULL,
	    "sexo" "Sexo" NOT NULL,
	    "telefone" VARCHAR NOT NULL,
	    "createt_at" TIMESTAMP(3) NOT NULL DEFAULT CURRENT_TIMESTAMP,
	    "id_departamento" INTEGER NOT NULL,
	
	    CONSTRAINT "Professor_pkey" PRIMARY KEY ("id")
	);
	
	-- CreateIndex
	CREATE UNIQUE INDEX "Professor_email_key" ON "Professor"("email");
	
	-- CreateIndex
	CREATE UNIQUE INDEX "Professor_cpf_key" ON "Professor"("cpf");
	
	-- AddForeignKey
	ALTER TABLE "Professor" ADD CONSTRAINT "Professor_id_departamento_fkey" FOREIGN KEY ("id_departamento") REFERENCES "Departamento"("id") ON DELETE CASCADE ON UPDATE CASCADE;
	
2023-07-02 02:51:37.708 UTC [51] LOG:  execute s11: UPDATE "_prisma_migrations" SET "applied_steps_count" = ("applied_steps_count" + $1) WHERE "id" = $2
2023-07-02 02:51:37.708 UTC [51] DETAIL:  parameters: $1 = '1', $2 = '01b8615e-4bc9-4de6-ba00-5688bc175de5'
2023-07-02 02:51:37.714 UTC [51] LOG:  execute s12: UPDATE "_prisma_migrations" SET "finished_at" = $1 WHERE "id" = $2
2023-07-02 02:51:37.714 UTC [51] DETAIL:  parameters: $1 = '2023-07-02 02:51:37.712123+00', $2 = '01b8615e-4bc9-4de6-ba00-5688bc175de5'
2023-07-02 02:51:37.730 UTC [51] LOG:  execute s13: INSERT INTO "_prisma_migrations" ("id","checksum","started_at","migration_name") VALUES ($1,$2,$3,$4)
2023-07-02 02:51:37.730 UTC [51] DETAIL:  parameters: $1 = 'e50b6b96-ed11-4cdd-b524-ee46e756710b', $2 = '2e0a36a339d14ec84b7e159446f99c20bd2759b76d6800b84937fd9c9d008186', $3 = '2023-07-02 02:51:37.727497+00', $4 = '20230620194434_create_turma'
2023-07-02 02:51:37.737 UTC [51] LOG:  statement: -- CreateTable
	CREATE TABLE "Turma" (
	    "id" SERIAL NOT NULL,
	    "nome" VARCHAR NOT NULL,
	    "id_curso" INTEGER NOT NULL,
	
	    CONSTRAINT "Turma_pkey" PRIMARY KEY ("id")
	);
	
	-- AddForeignKey
	ALTER TABLE "Turma" ADD CONSTRAINT "Turma_id_curso_fkey" FOREIGN KEY ("id_curso") REFERENCES "Curso"("id") ON DELETE RESTRICT ON UPDATE CASCADE;
	
2023-07-02 02:51:37.827 UTC [51] LOG:  execute s14: UPDATE "_prisma_migrations" SET "applied_steps_count" = ("applied_steps_count" + $1) WHERE "id" = $2
2023-07-02 02:51:37.827 UTC [51] DETAIL:  parameters: $1 = '1', $2 = 'e50b6b96-ed11-4cdd-b524-ee46e756710b'
2023-07-02 02:51:37.832 UTC [51] LOG:  execute s15: UPDATE "_prisma_migrations" SET "finished_at" = $1 WHERE "id" = $2
2023-07-02 02:51:37.832 UTC [51] DETAIL:  parameters: $1 = '2023-07-02 02:51:37.83017+00', $2 = 'e50b6b96-ed11-4cdd-b524-ee46e756710b'
2023-07-02 02:51:37.844 UTC [51] LOG:  execute s16: INSERT INTO "_prisma_migrations" ("id","checksum","started_at","migration_name") VALUES ($1,$2,$3,$4)
2023-07-02 02:51:37.844 UTC [51] DETAIL:  parameters: $1 = '93c6bb3f-b19a-4634-8a30-171bb37687fb', $2 = '1f829fa892e71cf873a0ae468c8be79f16a5adc91ccd0c32ca9e60a5c50f3e49', $3 = '2023-07-02 02:51:37.842002+00', $4 = '20230620194649_add_type_id_table_professor'
2023-07-02 02:51:37.849 UTC [51] LOG:  statement: /*
	  Warnings:
	
	  - The primary key for the `Professor` table will be changed. If it partially fails, the table could be left without primary key constraint.
	
	*/
	-- AlterTable
	ALTER TABLE "Professor" DROP CONSTRAINT "Professor_pkey",
	ALTER COLUMN "id" SET DATA TYPE VARCHAR,
	ADD CONSTRAINT "Professor_pkey" PRIMARY KEY ("id");
	
2023-07-02 02:51:37.881 UTC [51] LOG:  execute s17: UPDATE "_prisma_migrations" SET "applied_steps_count" = ("applied_steps_count" + $1) WHERE "id" = $2
2023-07-02 02:51:37.881 UTC [51] DETAIL:  parameters: $1 = '1', $2 = '93c6bb3f-b19a-4634-8a30-171bb37687fb'
2023-07-02 02:51:37.888 UTC [51] LOG:  execute s18: UPDATE "_prisma_migrations" SET "finished_at" = $1 WHERE "id" = $2
2023-07-02 02:51:37.888 UTC [51] DETAIL:  parameters: $1 = '2023-07-02 02:51:37.885925+00', $2 = '93c6bb3f-b19a-4634-8a30-171bb37687fb'
2023-07-02 02:51:37.901 UTC [51] LOG:  execute s19: INSERT INTO "_prisma_migrations" ("id","checksum","started_at","migration_name") VALUES ($1,$2,$3,$4)
2023-07-02 02:51:37.901 UTC [51] DETAIL:  parameters: $1 = 'e653fbb4-9ed5-4f27-abd9-4b395a98232e', $2 = '26d46b37fe17e5c49ac48e3754ff1cd77c689d74fea96f67253bcec2da2e9fa1', $3 = '2023-07-02 02:51:37.899447+00', $4 = '20230620195227_create_aluno'
2023-07-02 02:51:37.906 UTC [51] LOG:  statement: -- CreateTable
	CREATE TABLE "Aluno" (
	    "id" VARCHAR NOT NULL,
	    "nome" VARCHAR NOT NULL,
	    "email" VARCHAR(25) NOT NULL,
	    "cpf" VARCHAR(15) NOT NULL,
	    "sexo" "Sexo" NOT NULL,
	    "telefone" VARCHAR NOT NULL,
	    "createdAt" TIMESTAMP(3) NOT NULL DEFAULT CURRENT_TIMESTAMP,
	    "id_turma" INTEGER NOT NULL,
	    "id_curso" INTEGER NOT NULL,
	
	    CONSTRAINT "Aluno_pkey" PRIMARY KEY ("id")
	);
	
	-- AddForeignKey
	ALTER TABLE "Aluno" ADD CONSTRAINT "Aluno_id_turma_fkey" FOREIGN KEY ("id_turma") REFERENCES "Turma"("id") ON DELETE CASCADE ON UPDATE CASCADE;
	
	-- AddForeignKey
	ALTER TABLE "Aluno" ADD CONSTRAINT "Aluno_id_curso_fkey" FOREIGN KEY ("id_curso") REFERENCES "Curso"("id") ON DELETE CASCADE ON UPDATE CASCADE;
	
2023-07-02 02:51:37.978 UTC [51] LOG:  execute s20: UPDATE "_prisma_migrations" SET "applied_steps_count" = ("applied_steps_count" + $1) WHERE "id" = $2
2023-07-02 02:51:37.978 UTC [51] DETAIL:  parameters: $1 = '1', $2 = 'e653fbb4-9ed5-4f27-abd9-4b395a98232e'
2023-07-02 02:51:37.984 UTC [51] LOG:  execute s21: UPDATE "_prisma_migrations" SET "finished_at" = $1 WHERE "id" = $2
2023-07-02 02:51:37.984 UTC [51] DETAIL:  parameters: $1 = '2023-07-02 02:51:37.981631+00', $2 = 'e653fbb4-9ed5-4f27-abd9-4b395a98232e'
2023-07-02 02:51:37.996 UTC [51] LOG:  execute s22: INSERT INTO "_prisma_migrations" ("id","checksum","started_at","migration_name") VALUES ($1,$2,$3,$4)
2023-07-02 02:51:37.996 UTC [51] DETAIL:  parameters: $1 = '38705230-fbed-4291-9750-a2e15a8acb31', $2 = '4259bdf21c343ec368fbb6867d16476aa5b0161aa76b83b855ef0880fd5d088b', $3 = '2023-07-02 02:51:37.994016+00', $4 = '20230620213350_create_disciplina'
2023-07-02 02:51:38.002 UTC [51] LOG:  statement: -- CreateTable
	CREATE TABLE "Disciplina" (
	    "id" SERIAL NOT NULL,
	    "nome" VARCHAR NOT NULL,
	
	    CONSTRAINT "Disciplina_pkey" PRIMARY KEY ("id")
	);
	
2023-07-02 02:51:38.050 UTC [51] LOG:  execute s23: UPDATE "_prisma_migrations" SET "applied_steps_count" = ("applied_steps_count" + $1) WHERE "id" = $2
2023-07-02 02:51:38.050 UTC [51] DETAIL:  parameters: $1 = '1', $2 = '38705230-fbed-4291-9750-a2e15a8acb31'
2023-07-02 02:51:38.056 UTC [51] LOG:  execute s24: UPDATE "_prisma_migrations" SET "finished_at" = $1 WHERE "id" = $2
2023-07-02 02:51:38.056 UTC [51] DETAIL:  parameters: $1 = '2023-07-02 02:51:38.053778+00', $2 = '38705230-fbed-4291-9750-a2e15a8acb31'
2023-07-02 02:51:38.070 UTC [51] LOG:  execute s25: INSERT INTO "_prisma_migrations" ("id","checksum","started_at","migration_name") VALUES ($1,$2,$3,$4)
2023-07-02 02:51:38.070 UTC [51] DETAIL:  parameters: $1 = 'aa8e4a4e-9beb-4ba4-86b9-088eb66ea638', $2 = 'ffb599dd79aec75fd9403d708bbc44089c1eb654d49bcda27aa85bb3c1043166', $3 = '2023-07-02 02:51:38.068161+00', $4 = '20230620214224_create_curso_disciplina'
2023-07-02 02:51:38.075 UTC [51] LOG:  statement: -- CreateTable
	CREATE TABLE "CursoDisciplina" (
	    "id" SERIAL NOT NULL,
	    "id_curso" INTEGER NOT NULL,
	    "id_disciplina" INTEGER NOT NULL,
	
	    CONSTRAINT "CursoDisciplina_pkey" PRIMARY KEY ("id")
	);
	
	-- AddForeignKey
	ALTER TABLE "CursoDisciplina" ADD CONSTRAINT "CursoDisciplina_id_curso_fkey" FOREIGN KEY ("id_curso") REFERENCES "Curso"("id") ON DELETE CASCADE ON UPDATE CASCADE;
	
	-- AddForeignKey
	ALTER TABLE "CursoDisciplina" ADD CONSTRAINT "CursoDisciplina_id_disciplina_fkey" FOREIGN KEY ("id_disciplina") REFERENCES "Disciplina"("id") ON DELETE CASCADE ON UPDATE CASCADE;
	
2023-07-02 02:51:38.134 UTC [51] LOG:  execute s26: UPDATE "_prisma_migrations" SET "applied_steps_count" = ("applied_steps_count" + $1) WHERE "id" = $2
2023-07-02 02:51:38.134 UTC [51] DETAIL:  parameters: $1 = '1', $2 = 'aa8e4a4e-9beb-4ba4-86b9-088eb66ea638'
2023-07-02 02:51:38.139 UTC [51] LOG:  execute s27: UPDATE "_prisma_migrations" SET "finished_at" = $1 WHERE "id" = $2
2023-07-02 02:51:38.139 UTC [51] DETAIL:  parameters: $1 = '2023-07-02 02:51:38.137183+00', $2 = 'aa8e4a4e-9beb-4ba4-86b9-088eb66ea638'
2023-07-02 02:51:38.153 UTC [51] LOG:  execute s28: INSERT INTO "_prisma_migrations" ("id","checksum","started_at","migration_name") VALUES ($1,$2,$3,$4)
2023-07-02 02:51:38.153 UTC [51] DETAIL:  parameters: $1 = '8284c7c0-f030-4a0d-aec5-4b295eb0f510', $2 = 'e67332c9cca77f59d808ae0a3e2b657cd1c8716c1d11710ff47867952dc4d33a', $3 = '2023-07-02 02:51:38.15109+00', $4 = '20230620214810_create_aluno_disciplina'
2023-07-02 02:51:38.158 UTC [51] LOG:  statement: -- CreateTable
	CREATE TABLE "AlunoDisciplina" (
	    "id" SERIAL NOT NULL,
	    "id_aluno" TEXT NOT NULL,
	    "id_disciplina" INTEGER NOT NULL,
	
	    CONSTRAINT "AlunoDisciplina_pkey" PRIMARY KEY ("id")
	);
	
	-- AddForeignKey
	ALTER TABLE "AlunoDisciplina" ADD CONSTRAINT "AlunoDisciplina_id_aluno_fkey" FOREIGN KEY ("id_aluno") REFERENCES "Aluno"("id") ON DELETE CASCADE ON UPDATE CASCADE;
	
	-- AddForeignKey
	ALTER TABLE "AlunoDisciplina" ADD CONSTRAINT "AlunoDisciplina_id_disciplina_fkey" FOREIGN KEY ("id_disciplina") REFERENCES "Disciplina"("id") ON DELETE CASCADE ON UPDATE CASCADE;
	
2023-07-02 02:51:38.242 UTC [51] LOG:  execute s29: UPDATE "_prisma_migrations" SET "applied_steps_count" = ("applied_steps_count" + $1) WHERE "id" = $2
2023-07-02 02:51:38.242 UTC [51] DETAIL:  parameters: $1 = '1', $2 = '8284c7c0-f030-4a0d-aec5-4b295eb0f510'
2023-07-02 02:51:38.248 UTC [51] LOG:  execute s30: UPDATE "_prisma_migrations" SET "finished_at" = $1 WHERE "id" = $2
2023-07-02 02:51:38.248 UTC [51] DETAIL:  parameters: $1 = '2023-07-02 02:51:38.245553+00', $2 = '8284c7c0-f030-4a0d-aec5-4b295eb0f510'
2023-07-02 02:51:38.264 UTC [51] LOG:  execute s31: INSERT INTO "_prisma_migrations" ("id","checksum","started_at","migration_name") VALUES ($1,$2,$3,$4)
2023-07-02 02:51:38.264 UTC [51] DETAIL:  parameters: $1 = 'c8076694-99e1-4f39-bf1f-c0bd4a98bbfa', $2 = '6cbb52431a907b615aa6d862e4cf3725b29a2b19a8aed6f113e3c6fd0d088fca', $3 = '2023-07-02 02:51:38.261306+00', $4 = '20230620215056_create_professor_disciplina'
2023-07-02 02:51:38.269 UTC [51] LOG:  statement: -- CreateTable
	CREATE TABLE "ProfessorDisciplina" (
	    "id" SERIAL NOT NULL,
	    "id_professor" TEXT NOT NULL,
	    "id_disciplina" INTEGER NOT NULL,
	
	    CONSTRAINT "ProfessorDisciplina_pkey" PRIMARY KEY ("id")
	);
	
	-- AddForeignKey
	ALTER TABLE "ProfessorDisciplina" ADD CONSTRAINT "ProfessorDisciplina_id_professor_fkey" FOREIGN KEY ("id_professor") REFERENCES "Professor"("id") ON DELETE CASCADE ON UPDATE CASCADE;
	
	-- AddForeignKey
	ALTER TABLE "ProfessorDisciplina" ADD CONSTRAINT "ProfessorDisciplina_id_disciplina_fkey" FOREIGN KEY ("id_disciplina") REFERENCES "Disciplina"("id") ON DELETE CASCADE ON UPDATE CASCADE;
	
2023-07-02 02:51:38.360 UTC [51] LOG:  execute s32: UPDATE "_prisma_migrations" SET "applied_steps_count" = ("applied_steps_count" + $1) WHERE "id" = $2
2023-07-02 02:51:38.360 UTC [51] DETAIL:  parameters: $1 = '1', $2 = 'c8076694-99e1-4f39-bf1f-c0bd4a98bbfa'
2023-07-02 02:51:38.368 UTC [51] LOG:  execute s33: UPDATE "_prisma_migrations" SET "finished_at" = $1 WHERE "id" = $2
2023-07-02 02:51:38.368 UTC [51] DETAIL:  parameters: $1 = '2023-07-02 02:51:38.365966+00', $2 = 'c8076694-99e1-4f39-bf1f-c0bd4a98bbfa'
2023-07-02 02:51:38.389 UTC [51] LOG:  execute s34: INSERT INTO "_prisma_migrations" ("id","checksum","started_at","migration_name") VALUES ($1,$2,$3,$4)
2023-07-02 02:51:38.389 UTC [51] DETAIL:  parameters: $1 = '268e2fb3-7fb4-4dec-8b09-8ef3141a4aad', $2 = '32cd094edb0f41886430d29279b5bfdd0ed958c062f446f9be413c1a4c93e263', $3 = '2023-07-02 02:51:38.386719+00', $4 = '20230620223756_create_user'
2023-07-02 02:51:38.396 UTC [51] LOG:  statement: -- CreateEnum
	CREATE TYPE "UserStatus" AS ENUM ('departamento', 'professor', 'aluno');
	
	-- CreateTable
	CREATE TABLE "User" (
	    "id" TEXT NOT NULL,
	    "email" VARCHAR NOT NULL,
	    "password" VARCHAR NOT NULL,
	    "status" "UserStatus" NOT NULL,
	    "id_departamento" INTEGER,
	    "id_professor" TEXT,
	    "id_aluno" TEXT,
	
	    CONSTRAINT "User_pkey" PRIMARY KEY ("id")
	);
	
	-- CreateIndex
	CREATE UNIQUE INDEX "User_email_key" ON "User"("email");
	
	-- AddForeignKey
	ALTER TABLE "User" ADD CONSTRAINT "User_id_departamento_fkey" FOREIGN KEY ("id_departamento") REFERENCES "Departamento"("id") ON DELETE CASCADE ON UPDATE CASCADE;
	
	-- AddForeignKey
	ALTER TABLE "User" ADD CONSTRAINT "User_id_professor_fkey" FOREIGN KEY ("id_professor") REFERENCES "Professor"("id") ON DELETE CASCADE ON UPDATE CASCADE;
	
	-- AddForeignKey
	ALTER TABLE "User" ADD CONSTRAINT "User_id_aluno_fkey" FOREIGN KEY ("id_aluno") REFERENCES "Aluno"("id") ON DELETE CASCADE ON UPDATE CASCADE;
	
2023-07-02 02:51:38.525 UTC [51] LOG:  execute s35: UPDATE "_prisma_migrations" SET "applied_steps_count" = ("applied_steps_count" + $1) WHERE "id" = $2
2023-07-02 02:51:38.525 UTC [51] DETAIL:  parameters: $1 = '1', $2 = '268e2fb3-7fb4-4dec-8b09-8ef3141a4aad'
2023-07-02 02:51:38.531 UTC [51] LOG:  execute s36: UPDATE "_prisma_migrations" SET "finished_at" = $1 WHERE "id" = $2
2023-07-02 02:51:38.531 UTC [51] DETAIL:  parameters: $1 = '2023-07-02 02:51:38.527985+00', $2 = '268e2fb3-7fb4-4dec-8b09-8ef3141a4aad'
2023-07-02 02:53:08.240 UTC [28] LOG:  checkpoint starting: time
2023-07-02 02:53:20.268 UTC [28] LOG:  checkpoint complete: wrote 117 buffers (0.4%); 0 WAL file(s) added, 0 removed, 0 recycled; write=11.900 s, sync=0.069 s, total=12.029 s; sync files=61, longest=0.004 s, average=0.002 s; distance=498 kB, estimate=498 kB
2023-07-02 03:19:02.365 UTC [135] LOG:  statement: SELECT CURRENT_SCHEMA() AS schema
2023-07-02 03:19:02.372 UTC [135] LOG:  statement: select version()
2023-07-02 03:19:02.375 UTC [135] LOG:  statement: 
	      SELECT      n.nspname as schema, t.typname as typename, t.oid::int4 as typeid
	      FROM        pg_type t
	      LEFT JOIN   pg_catalog.pg_namespace n ON n.oid = t.typnamespace
	      WHERE       (t.typrelid = 0 OR (SELECT c.relkind = 'c' FROM pg_catalog.pg_class c WHERE c.oid = t.typrelid))
	      AND     NOT EXISTS(SELECT 1 FROM pg_catalog.pg_type el WHERE el.oid = t.typelem AND el.typarray = t.oid)
	      AND     n.nspname NOT IN ('pg_catalog', 'information_schema');
	    
2023-07-02 03:19:02.400 UTC [135] LOG:  statement: select version()
2023-07-02 03:19:02.681 UTC [135] LOG:  execute <unnamed>: 
	    SELECT datname
	    FROM pg_database
	    WHERE datistemplate = $1
	    
	    ORDER BY datname
	  
2023-07-02 03:19:02.681 UTC [135] DETAIL:  parameters: $1 = 'f'
2023-07-02 03:19:02.924 UTC [136] LOG:  statement: select version()
2023-07-02 03:19:02.927 UTC [136] LOG:  statement: 
	    SELECT
	      t.table_schema as schema,
	      t.table_name as name,
	  
	        pc.relkind as tabletype
	      FROM information_schema.tables AS t
	      JOIN pg_class AS pc
	        ON t.table_name = pc.relname AND quote_ident(t.table_schema) = pc.relnamespace::regnamespace::text
	      LEFT OUTER JOIN pg_inherits AS i
	        ON pc.oid = i.inhrelid
	      WHERE t.table_type NOT LIKE '%VIEW%'
	      AND i.inhrelid::regclass IS NULL
	    
	    
	    ORDER BY t.table_schema, t.table_name
	  
2023-07-02 03:19:02.984 UTC [136] LOG:  statement: 
	    SELECT
	      table_schema as schema,
	      table_name as name
	    FROM information_schema.views
	    
	    ORDER BY table_schema, table_name
	  
2023-07-02 03:19:02.995 UTC [136] LOG:  statement: select version()
2023-07-02 03:19:02.999 UTC [136] LOG:  statement: 
	    SELECT
	      schemaname as schema,
	      matviewname as name
	    FROM pg_matviews
	    
	    order by schemaname, matviewname;
	  
2023-07-02 03:19:03.083 UTC [136] LOG:  statement: select version()
2023-07-02 03:19:03.098 UTC [136] LOG:  statement: 
	    SELECT
	      r.specific_name as id,
	      r.routine_schema as routine_schema,
	      r.routine_name as name,
	      r.routine_type as routine_type,
	      r.data_type as data_type
	    FROM INFORMATION_SCHEMA.ROUTINES r
	    where r.routine_schema not in ('sys', 'information_schema',
	                                'pg_catalog', 'performance_schema')
	    
	    ORDER BY routine_schema, routine_name
	  
2023-07-02 03:19:03.172 UTC [136] LOG:  statement: 
	    select
	        r.routine_schema as routine_schema,
	        r.specific_name as specific_name,
	        p.parameter_name as parameter_name,
	        p.character_maximum_length as char_length,
	        p.data_type as data_type
	  from information_schema.routines r
	  left join information_schema.parameters p
	            on p.specific_schema = r.routine_schema
	            and p.specific_name = r.specific_name
	  where r.routine_schema not in ('sys', 'information_schema',
	                                'pg_catalog', 'performance_schema')
	    
	
	      AND p.parameter_mode = 'IN'
	  order by r.routine_schema,
	          r.specific_name,
	          p.ordinal_position;
	
	  
2023-07-02 03:20:20.146 UTC [1] LOG:  received fast shutdown request
2023-07-02 03:20:20.152 UTC [1] LOG:  aborting any active transactions
2023-07-02 03:20:20.159 UTC [1] LOG:  background worker "logical replication launcher" (PID 33) exited with exit code 1
2023-07-02 03:20:20.159 UTC [28] LOG:  shutting down
2023-07-02 03:20:20.164 UTC [28] LOG:  checkpoint starting: shutdown immediate
2023-07-02 03:20:20.243 UTC [28] LOG:  checkpoint complete: wrote 4 buffers (0.0%); 0 WAL file(s) added, 0 removed, 0 recycled; write=0.016 s, sync=0.004 s, total=0.084 s; sync files=3, longest=0.002 s, average=0.002 s; distance=0 kB, estimate=448 kB
2023-07-02 03:20:20.319 UTC [1] LOG:  database system is shut down
