2023-10-23 13:28:14.567 UTC [1] LOG:  starting PostgreSQL 15.3 (Debian 15.3-1.pgdg120+1) on x86_64-pc-linux-gnu, compiled by gcc (Debian 12.2.0-14) 12.2.0, 64-bit
2023-10-23 13:28:14.580 UTC [1] LOG:  listening on IPv4 address "0.0.0.0", port 5432
2023-10-23 13:28:14.580 UTC [1] LOG:  listening on IPv6 address "::", port 5432
2023-10-23 13:28:14.631 UTC [1] LOG:  listening on Unix socket "/var/run/postgresql/.s.PGSQL.5432"
2023-10-23 13:28:14.875 UTC [30] LOG:  database system was interrupted; last known up at 2023-10-21 22:44:33 UTC
2023-10-23 13:28:24.894 UTC [30] LOG:  syncing data directory (pre-fsync), elapsed time: 10.00 s, current path: ./base/16384/4171
2023-10-23 13:28:34.891 UTC [30] LOG:  syncing data directory (pre-fsync), elapsed time: 20.00 s, current path: ./base/4/3601_fsm
2023-10-23 13:28:54.083 UTC [30] LOG:  syncing data directory (fsync), elapsed time: 10.01 s, current path: ./base/16384/3379
2023-10-23 13:29:02.067 UTC [30] LOG:  database system was not properly shut down; automatic recovery in progress
2023-10-23 13:29:02.165 UTC [30] LOG:  redo starts at 0/AE2BDC8
2023-10-23 13:29:02.166 UTC [30] LOG:  invalid record length at 0/AE2BEB0: wanted 24, got 0
2023-10-23 13:29:02.166 UTC [30] LOG:  redo done at 0/AE2BE78 system usage: CPU: user: 0.00 s, system: 0.00 s, elapsed: 0.00 s
2023-10-23 13:29:02.293 UTC [28] LOG:  checkpoint starting: end-of-recovery immediate wait
2023-10-23 13:29:02.392 UTC [28] LOG:  checkpoint complete: wrote 2 buffers (0.0%); 0 WAL file(s) added, 0 removed, 0 recycled; write=0.027 s, sync=0.015 s, total=0.104 s; sync files=3, longest=0.007 s, average=0.005 s; distance=0 kB, estimate=0 kB
2023-10-23 13:29:02.439 UTC [1] LOG:  database system is ready to accept connections
2023-10-23 13:55:56.658 UTC [34] LOG:  execute s1: SELECT t.typname, t.typtype, t.typelem, r.rngsubtype, t.typbasetype, n.nspname, t.typrelid
	FROM pg_catalog.pg_type t
	LEFT OUTER JOIN pg_catalog.pg_range r ON r.rngtypid = t.oid
	INNER JOIN pg_catalog.pg_namespace n ON t.typnamespace = n.oid
	WHERE t.oid = $1
	
2023-10-23 13:55:56.658 UTC [34] DETAIL:  parameters: $1 = '16537'
2023-10-23 13:55:56.670 UTC [34] LOG:  execute s2: SELECT enumlabel
	FROM pg_catalog.pg_enum
	WHERE enumtypid = $1
	ORDER BY enumsortorder
	
2023-10-23 13:55:56.670 UTC [34] DETAIL:  parameters: $1 = '16537'
2023-10-23 13:55:56.682 UTC [34] LOG:  execute s0: SELECT "public"."User"."id", "public"."User"."email", "public"."User"."password", "public"."User"."status", "public"."User"."id_departamento", "public"."User"."id_professor", "public"."User"."id_aluno" FROM "public"."User" WHERE "public"."User"."email" = $1 LIMIT $2 OFFSET $3
2023-10-23 13:55:56.682 UTC [34] DETAIL:  parameters: $1 = 'ifce@gmail.com', $2 = '1', $3 = '0'
2023-10-23 13:56:07.698 UTC [34] LOG:  execute s3: SELECT "public"."User"."id", "public"."User"."email", "public"."User"."status" FROM "public"."User" WHERE ("public"."User"."id_aluno" = $1 OR "public"."User"."id_professor" = $2 OR "public"."User"."id_departamento" = $3) LIMIT $4 OFFSET $5
2023-10-23 13:56:07.698 UTC [34] DETAIL:  parameters: $1 = '1', $2 = '1', $3 = '1', $4 = '1', $5 = '0'
2023-10-23 13:56:07.725 UTC [34] LOG:  execute s4: SELECT "public"."Curso"."id", "public"."Curso"."nome", "public"."Curso"."id_departamento" FROM "public"."Curso" WHERE ("public"."Curso"."nome" = $1 AND "public"."Curso"."id_departamento" = $2) LIMIT $3 OFFSET $4
2023-10-23 13:56:07.725 UTC [34] DETAIL:  parameters: $1 = 'sistemas de informação 4', $2 = '1', $3 = '1', $4 = '0'
2023-10-23 13:56:07.736 UTC [34] LOG:  statement: BEGIN
2023-10-23 13:56:07.750 UTC [34] LOG:  execute s5: SELECT "public"."Departamento"."id" FROM "public"."Departamento" WHERE ("public"."Departamento"."id" = $1 AND 1=1) OFFSET $2
2023-10-23 13:56:07.750 UTC [34] DETAIL:  parameters: $1 = '1', $2 = '0'
2023-10-23 13:56:07.763 UTC [34] LOG:  execute s6: INSERT INTO "public"."Curso" ("nome","id_departamento") VALUES ($1,$2) RETURNING "public"."Curso"."id"
2023-10-23 13:56:07.763 UTC [34] DETAIL:  parameters: $1 = 'sistemas de informação 4', $2 = '1'
2023-10-23 13:56:07.781 UTC [34] LOG:  execute s7: SELECT "public"."Curso"."id", "public"."Curso"."nome", "public"."Curso"."id_departamento" FROM "public"."Curso" WHERE "public"."Curso"."id" = $1 LIMIT $2 OFFSET $3
2023-10-23 13:56:07.781 UTC [34] DETAIL:  parameters: $1 = '98', $2 = '1', $3 = '0'
2023-10-23 13:56:07.783 UTC [34] LOG:  statement: COMMIT
2023-10-23 13:56:15.605 UTC [34] LOG:  statement: SELECT 1
2023-10-23 13:56:15.608 UTC [34] LOG:  execute s3: SELECT "public"."User"."id", "public"."User"."email", "public"."User"."status" FROM "public"."User" WHERE ("public"."User"."id_aluno" = $1 OR "public"."User"."id_professor" = $2 OR "public"."User"."id_departamento" = $3) LIMIT $4 OFFSET $5
2023-10-23 13:56:15.608 UTC [34] DETAIL:  parameters: $1 = '1', $2 = '1', $3 = '1', $4 = '1', $5 = '0'
2023-10-23 13:56:15.614 UTC [34] LOG:  execute s8: SELECT "public"."Curso"."id", "public"."Curso"."nome", "public"."Curso"."id_departamento" FROM "public"."Curso" WHERE 1=1 OFFSET $1
2023-10-23 13:56:15.614 UTC [34] DETAIL:  parameters: $1 = '0'
2023-10-23 13:56:15.618 UTC [34] LOG:  execute s9: SELECT "public"."Departamento"."id", "public"."Departamento"."nome" FROM "public"."Departamento" WHERE "public"."Departamento"."id" IN ($1) OFFSET $2
2023-10-23 13:56:15.618 UTC [34] DETAIL:  parameters: $1 = '1', $2 = '0'
2023-10-23 13:56:36.813 UTC [34] LOG:  statement: SELECT 1
2023-10-23 13:56:36.815 UTC [34] LOG:  execute s3: SELECT "public"."User"."id", "public"."User"."email", "public"."User"."status" FROM "public"."User" WHERE ("public"."User"."id_aluno" = $1 OR "public"."User"."id_professor" = $2 OR "public"."User"."id_departamento" = $3) LIMIT $4 OFFSET $5
2023-10-23 13:56:36.815 UTC [34] DETAIL:  parameters: $1 = '1', $2 = '1', $3 = '1', $4 = '1', $5 = '0'
2023-10-23 13:56:36.820 UTC [34] LOG:  execute s7: SELECT "public"."Curso"."id", "public"."Curso"."nome", "public"."Curso"."id_departamento" FROM "public"."Curso" WHERE "public"."Curso"."id" = $1 LIMIT $2 OFFSET $3
2023-10-23 13:56:36.820 UTC [34] DETAIL:  parameters: $1 = '98', $2 = '1', $3 = '0'
2023-10-23 13:56:36.827 UTC [34] LOG:  statement: BEGIN
2023-10-23 13:56:36.831 UTC [34] LOG:  execute s10: SELECT "public"."Curso"."id", "public"."Curso"."nome", "public"."Curso"."id_departamento" FROM "public"."Curso" WHERE ("public"."Curso"."id" = $1 AND 1=1) LIMIT $2 OFFSET $3
2023-10-23 13:56:36.831 UTC [34] DETAIL:  parameters: $1 = '98', $2 = '1', $3 = '0'
2023-10-23 13:56:36.834 UTC [34] LOG:  execute s11: SELECT "public"."Curso"."id" FROM "public"."Curso" WHERE ("public"."Curso"."id" = $1 AND 1=1)
2023-10-23 13:56:36.834 UTC [34] DETAIL:  parameters: $1 = '98'
2023-10-23 13:56:36.841 UTC [34] LOG:  execute s12: DELETE FROM "public"."Curso" WHERE ("public"."Curso"."id" IN ($1) AND ("public"."Curso"."id" = $2 AND 1=1))
2023-10-23 13:56:36.841 UTC [34] DETAIL:  parameters: $1 = '98', $2 = '98'
2023-10-23 13:56:36.865 UTC [34] LOG:  statement: COMMIT
2023-10-23 13:56:44.007 UTC [34] LOG:  execute s3: SELECT "public"."User"."id", "public"."User"."email", "public"."User"."status" FROM "public"."User" WHERE ("public"."User"."id_aluno" = $1 OR "public"."User"."id_professor" = $2 OR "public"."User"."id_departamento" = $3) LIMIT $4 OFFSET $5
2023-10-23 13:56:44.007 UTC [34] DETAIL:  parameters: $1 = '1', $2 = '1', $3 = '1', $4 = '1', $5 = '0'
2023-10-23 13:56:44.023 UTC [34] LOG:  execute s7: SELECT "public"."Curso"."id", "public"."Curso"."nome", "public"."Curso"."id_departamento" FROM "public"."Curso" WHERE "public"."Curso"."id" = $1 LIMIT $2 OFFSET $3
2023-10-23 13:56:44.023 UTC [34] DETAIL:  parameters: $1 = '97', $2 = '1', $3 = '0'
2023-10-23 13:56:44.028 UTC [34] LOG:  execute s4: SELECT "public"."Curso"."id", "public"."Curso"."nome", "public"."Curso"."id_departamento" FROM "public"."Curso" WHERE ("public"."Curso"."nome" = $1 AND "public"."Curso"."id_departamento" = $2) LIMIT $3 OFFSET $4
2023-10-23 13:56:44.028 UTC [34] DETAIL:  parameters: $1 = 'Programação 2', $2 = '1', $3 = '1', $4 = '0'
2023-10-23 13:56:49.421 UTC [34] LOG:  execute s3: SELECT "public"."User"."id", "public"."User"."email", "public"."User"."status" FROM "public"."User" WHERE ("public"."User"."id_aluno" = $1 OR "public"."User"."id_professor" = $2 OR "public"."User"."id_departamento" = $3) LIMIT $4 OFFSET $5
2023-10-23 13:56:49.421 UTC [34] DETAIL:  parameters: $1 = '1', $2 = '1', $3 = '1', $4 = '1', $5 = '0'
2023-10-23 13:56:49.426 UTC [34] LOG:  execute s7: SELECT "public"."Curso"."id", "public"."Curso"."nome", "public"."Curso"."id_departamento" FROM "public"."Curso" WHERE "public"."Curso"."id" = $1 LIMIT $2 OFFSET $3
2023-10-23 13:56:49.426 UTC [34] DETAIL:  parameters: $1 = '93', $2 = '1', $3 = '0'
2023-10-23 13:56:49.432 UTC [34] LOG:  execute s13: SELECT "public"."CursoDisciplina"."id", "public"."CursoDisciplina"."id_curso", "public"."CursoDisciplina"."id_disciplina" FROM "public"."CursoDisciplina" WHERE "public"."CursoDisciplina"."id_curso" = $1 OFFSET $2
2023-10-23 13:56:49.432 UTC [34] DETAIL:  parameters: $1 = '93', $2 = '0'
2023-10-23 13:56:49.435 UTC [34] LOG:  execute s14: SELECT "public"."Curso"."id", "public"."Curso"."nome", "public"."Curso"."id_departamento" FROM "public"."Curso" WHERE "public"."Curso"."id" IN ($1) OFFSET $2
2023-10-23 13:56:49.435 UTC [34] DETAIL:  parameters: $1 = '93', $2 = '0'
2023-10-23 13:56:49.443 UTC [34] LOG:  execute s15: SELECT "public"."Disciplina"."id", "public"."Disciplina"."nome", "public"."Disciplina"."carga_horaria" FROM "public"."Disciplina" WHERE "public"."Disciplina"."id" IN ($1) OFFSET $2
2023-10-23 13:56:49.443 UTC [34] DETAIL:  parameters: $1 = '26', $2 = '0'
2023-10-23 13:56:52.128 UTC [34] LOG:  statement: SELECT 1
2023-10-23 13:56:52.131 UTC [34] LOG:  execute s3: SELECT "public"."User"."id", "public"."User"."email", "public"."User"."status" FROM "public"."User" WHERE ("public"."User"."id_aluno" = $1 OR "public"."User"."id_professor" = $2 OR "public"."User"."id_departamento" = $3) LIMIT $4 OFFSET $5
2023-10-23 13:56:52.131 UTC [34] DETAIL:  parameters: $1 = '1', $2 = '1', $3 = '1', $4 = '1', $5 = '0'
2023-10-23 13:56:52.134 UTC [34] LOG:  execute s7: SELECT "public"."Curso"."id", "public"."Curso"."nome", "public"."Curso"."id_departamento" FROM "public"."Curso" WHERE "public"."Curso"."id" = $1 LIMIT $2 OFFSET $3
2023-10-23 13:56:52.134 UTC [34] DETAIL:  parameters: $1 = '93', $2 = '1', $3 = '0'
2023-10-23 13:56:52.139 UTC [34] LOG:  execute s13: SELECT "public"."CursoDisciplina"."id", "public"."CursoDisciplina"."id_curso", "public"."CursoDisciplina"."id_disciplina" FROM "public"."CursoDisciplina" WHERE "public"."CursoDisciplina"."id_curso" = $1 OFFSET $2
2023-10-23 13:56:52.139 UTC [34] DETAIL:  parameters: $1 = '93', $2 = '0'
2023-10-23 13:56:52.141 UTC [34] LOG:  execute s14: SELECT "public"."Curso"."id", "public"."Curso"."nome", "public"."Curso"."id_departamento" FROM "public"."Curso" WHERE "public"."Curso"."id" IN ($1) OFFSET $2
2023-10-23 13:56:52.141 UTC [34] DETAIL:  parameters: $1 = '93', $2 = '0'
2023-10-23 13:56:52.143 UTC [34] LOG:  execute s15: SELECT "public"."Disciplina"."id", "public"."Disciplina"."nome", "public"."Disciplina"."carga_horaria" FROM "public"."Disciplina" WHERE "public"."Disciplina"."id" IN ($1) OFFSET $2
2023-10-23 13:56:52.143 UTC [34] DETAIL:  parameters: $1 = '26', $2 = '0'
2023-10-23 13:56:57.013 UTC [34] LOG:  execute s3: SELECT "public"."User"."id", "public"."User"."email", "public"."User"."status" FROM "public"."User" WHERE ("public"."User"."id_aluno" = $1 OR "public"."User"."id_professor" = $2 OR "public"."User"."id_departamento" = $3) LIMIT $4 OFFSET $5
2023-10-23 13:56:57.013 UTC [34] DETAIL:  parameters: $1 = '1', $2 = '1', $3 = '1', $4 = '1', $5 = '0'
2023-10-23 13:56:57.017 UTC [34] LOG:  execute s7: SELECT "public"."Curso"."id", "public"."Curso"."nome", "public"."Curso"."id_departamento" FROM "public"."Curso" WHERE "public"."Curso"."id" = $1 LIMIT $2 OFFSET $3
2023-10-23 13:56:57.017 UTC [34] DETAIL:  parameters: $1 = '1', $2 = '1', $3 = '0'
2023-10-23 13:57:05.319 UTC [34] LOG:  execute s3: SELECT "public"."User"."id", "public"."User"."email", "public"."User"."status" FROM "public"."User" WHERE ("public"."User"."id_aluno" = $1 OR "public"."User"."id_professor" = $2 OR "public"."User"."id_departamento" = $3) LIMIT $4 OFFSET $5
2023-10-23 13:57:05.319 UTC [34] DETAIL:  parameters: $1 = '1', $2 = '1', $3 = '1', $4 = '1', $5 = '0'
2023-10-23 13:57:05.323 UTC [34] LOG:  execute s7: SELECT "public"."Curso"."id", "public"."Curso"."nome", "public"."Curso"."id_departamento" FROM "public"."Curso" WHERE "public"."Curso"."id" = $1 LIMIT $2 OFFSET $3
2023-10-23 13:57:05.323 UTC [34] DETAIL:  parameters: $1 = '52', $2 = '1', $3 = '0'
2023-10-23 13:59:02.949 UTC [28] LOG:  checkpoint starting: time
2023-10-23 13:59:03.570 UTC [28] LOG:  checkpoint complete: wrote 6 buffers (0.0%); 0 WAL file(s) added, 0 removed, 0 recycled; write=0.558 s, sync=0.010 s, total=0.621 s; sync files=6, longest=0.004 s, average=0.002 s; distance=7 kB, estimate=7 kB
2023-10-23 13:59:18.160 UTC [39] LOG:  execute s1: SELECT t.typname, t.typtype, t.typelem, r.rngsubtype, t.typbasetype, n.nspname, t.typrelid
	FROM pg_catalog.pg_type t
	LEFT OUTER JOIN pg_catalog.pg_range r ON r.rngtypid = t.oid
	INNER JOIN pg_catalog.pg_namespace n ON t.typnamespace = n.oid
	WHERE t.oid = $1
	
2023-10-23 13:59:18.160 UTC [39] DETAIL:  parameters: $1 = '16537'
2023-10-23 13:59:18.168 UTC [39] LOG:  execute s2: SELECT enumlabel
	FROM pg_catalog.pg_enum
	WHERE enumtypid = $1
	ORDER BY enumsortorder
	
2023-10-23 13:59:18.168 UTC [39] DETAIL:  parameters: $1 = '16537'
2023-10-23 13:59:18.173 UTC [39] LOG:  execute s0: SELECT "public"."User"."id", "public"."User"."email", "public"."User"."status" FROM "public"."User" WHERE ("public"."User"."id_aluno" = $1 OR "public"."User"."id_professor" = $2 OR "public"."User"."id_departamento" = $3) LIMIT $4 OFFSET $5
2023-10-23 13:59:18.173 UTC [39] DETAIL:  parameters: $1 = '1', $2 = '1', $3 = '1', $4 = '1', $5 = '0'
2023-10-23 13:59:18.193 UTC [39] LOG:  execute s3: SELECT "public"."Curso"."id", "public"."Curso"."nome", "public"."Curso"."id_departamento" FROM "public"."Curso" WHERE "public"."Curso"."id" = $1 LIMIT $2 OFFSET $3
2023-10-23 13:59:18.193 UTC [39] DETAIL:  parameters: $1 = '93', $2 = '1', $3 = '0'
2023-10-23 13:59:18.201 UTC [39] LOG:  execute s4: SELECT "public"."CursoDisciplina"."id", "public"."CursoDisciplina"."id_curso", "public"."CursoDisciplina"."id_disciplina" FROM "public"."CursoDisciplina" WHERE "public"."CursoDisciplina"."id_curso" = $1 OFFSET $2
2023-10-23 13:59:18.201 UTC [39] DETAIL:  parameters: $1 = '93', $2 = '0'
2023-10-23 13:59:18.208 UTC [39] LOG:  statement: BEGIN
2023-10-23 13:59:18.213 UTC [39] LOG:  execute s5: SELECT "public"."CursoDisciplina"."id" FROM "public"."CursoDisciplina" WHERE ("public"."CursoDisciplina"."id_curso" = $1 AND 1=0) OFFSET $2
2023-10-23 13:59:18.213 UTC [39] DETAIL:  parameters: $1 = '93', $2 = '0'
2023-10-23 13:59:18.216 UTC [39] LOG:  execute s6: SELECT "public"."CursoDisciplina"."id" FROM "public"."CursoDisciplina" WHERE ("public"."CursoDisciplina"."id_curso" = $1 AND 1=0)
2023-10-23 13:59:18.216 UTC [39] DETAIL:  parameters: $1 = '93'
2023-10-23 13:59:18.219 UTC [39] LOG:  statement: COMMIT
2023-10-23 13:59:18.223 UTC [39] LOG:  execute s4: SELECT "public"."CursoDisciplina"."id", "public"."CursoDisciplina"."id_curso", "public"."CursoDisciplina"."id_disciplina" FROM "public"."CursoDisciplina" WHERE "public"."CursoDisciplina"."id_curso" = $1 OFFSET $2
2023-10-23 13:59:18.223 UTC [39] DETAIL:  parameters: $1 = '93', $2 = '0'
2023-10-23 14:31:25.066 UTC [72] LOG:  execute s1: SELECT t.typname, t.typtype, t.typelem, r.rngsubtype, t.typbasetype, n.nspname, t.typrelid
	FROM pg_catalog.pg_type t
	LEFT OUTER JOIN pg_catalog.pg_range r ON r.rngtypid = t.oid
	INNER JOIN pg_catalog.pg_namespace n ON t.typnamespace = n.oid
	WHERE t.oid = $1
	
2023-10-23 14:31:25.066 UTC [72] DETAIL:  parameters: $1 = '16537'
2023-10-23 14:31:25.075 UTC [72] LOG:  execute s2: SELECT enumlabel
	FROM pg_catalog.pg_enum
	WHERE enumtypid = $1
	ORDER BY enumsortorder
	
2023-10-23 14:31:25.075 UTC [72] DETAIL:  parameters: $1 = '16537'
2023-10-23 14:31:25.084 UTC [72] LOG:  execute s0: SELECT "public"."User"."id", "public"."User"."email", "public"."User"."status" FROM "public"."User" WHERE ("public"."User"."id_aluno" = $1 OR "public"."User"."id_professor" = $2 OR "public"."User"."id_departamento" = $3) LIMIT $4 OFFSET $5
2023-10-23 14:31:25.084 UTC [72] DETAIL:  parameters: $1 = '1', $2 = '1', $3 = '1', $4 = '1', $5 = '0'
2023-10-23 14:31:25.110 UTC [72] LOG:  execute s3: SELECT "public"."Disciplina"."id", "public"."Disciplina"."nome", "public"."Disciplina"."carga_horaria" FROM "public"."Disciplina" WHERE "public"."Disciplina"."nome" = $1 LIMIT $2 OFFSET $3
2023-10-23 14:31:25.110 UTC [72] DETAIL:  parameters: $1 = 'aquicultura', $2 = '1', $3 = '0'
2023-10-23 14:31:25.116 UTC [72] LOG:  statement: BEGIN
2023-10-23 14:31:25.121 UTC [72] LOG:  execute s4: INSERT INTO "public"."Disciplina" ("nome","carga_horaria") VALUES ($1,$2) RETURNING "public"."Disciplina"."id"
2023-10-23 14:31:25.121 UTC [72] DETAIL:  parameters: $1 = 'aquicultura', $2 = '120'
2023-10-23 14:31:25.131 UTC [72] LOG:  execute s5: SELECT "public"."Disciplina"."id", "public"."Disciplina"."nome", "public"."Disciplina"."carga_horaria" FROM "public"."Disciplina" WHERE "public"."Disciplina"."id" = $1 LIMIT $2 OFFSET $3
2023-10-23 14:31:25.131 UTC [72] DETAIL:  parameters: $1 = '27', $2 = '1', $3 = '0'
2023-10-23 14:31:25.133 UTC [72] LOG:  statement: COMMIT
2023-10-23 14:31:29.159 UTC [72] LOG:  execute s0: SELECT "public"."User"."id", "public"."User"."email", "public"."User"."status" FROM "public"."User" WHERE ("public"."User"."id_aluno" = $1 OR "public"."User"."id_professor" = $2 OR "public"."User"."id_departamento" = $3) LIMIT $4 OFFSET $5
2023-10-23 14:31:29.159 UTC [72] DETAIL:  parameters: $1 = '1', $2 = '1', $3 = '1', $4 = '1', $5 = '0'
2023-10-23 14:31:29.164 UTC [72] LOG:  execute s6: SELECT "public"."Disciplina"."id", "public"."Disciplina"."nome", "public"."Disciplina"."carga_horaria" FROM "public"."Disciplina" WHERE 1=1 OFFSET $1
2023-10-23 14:31:29.164 UTC [72] DETAIL:  parameters: $1 = '0'
2023-10-23 14:31:38.378 UTC [72] LOG:  execute s0: SELECT "public"."User"."id", "public"."User"."email", "public"."User"."status" FROM "public"."User" WHERE ("public"."User"."id_aluno" = $1 OR "public"."User"."id_professor" = $2 OR "public"."User"."id_departamento" = $3) LIMIT $4 OFFSET $5
2023-10-23 14:31:38.378 UTC [72] DETAIL:  parameters: $1 = '1', $2 = '1', $3 = '1', $4 = '1', $5 = '0'
2023-10-23 14:31:38.383 UTC [72] LOG:  execute s5: SELECT "public"."Disciplina"."id", "public"."Disciplina"."nome", "public"."Disciplina"."carga_horaria" FROM "public"."Disciplina" WHERE "public"."Disciplina"."id" = $1 LIMIT $2 OFFSET $3
2023-10-23 14:31:38.383 UTC [72] DETAIL:  parameters: $1 = '27', $2 = '1', $3 = '0'
2023-10-23 14:31:38.387 UTC [72] LOG:  statement: BEGIN
2023-10-23 14:31:38.391 UTC [72] LOG:  execute s7: SELECT "public"."Disciplina"."id", "public"."Disciplina"."nome", "public"."Disciplina"."carga_horaria" FROM "public"."Disciplina" WHERE ("public"."Disciplina"."id" = $1 AND 1=1) LIMIT $2 OFFSET $3
2023-10-23 14:31:38.391 UTC [72] DETAIL:  parameters: $1 = '27', $2 = '1', $3 = '0'
2023-10-23 14:31:38.395 UTC [72] LOG:  execute s8: SELECT "public"."Disciplina"."id" FROM "public"."Disciplina" WHERE ("public"."Disciplina"."id" = $1 AND 1=1)
2023-10-23 14:31:38.395 UTC [72] DETAIL:  parameters: $1 = '27'
2023-10-23 14:31:38.402 UTC [72] LOG:  execute s9: DELETE FROM "public"."Disciplina" WHERE ("public"."Disciplina"."id" IN ($1) AND ("public"."Disciplina"."id" = $2 AND 1=1))
2023-10-23 14:31:38.402 UTC [72] DETAIL:  parameters: $1 = '27', $2 = '27'
2023-10-23 14:31:38.410 UTC [72] LOG:  statement: COMMIT
2023-10-23 14:31:40.746 UTC [72] LOG:  statement: SELECT 1
2023-10-23 14:31:40.750 UTC [72] LOG:  execute s0: SELECT "public"."User"."id", "public"."User"."email", "public"."User"."status" FROM "public"."User" WHERE ("public"."User"."id_aluno" = $1 OR "public"."User"."id_professor" = $2 OR "public"."User"."id_departamento" = $3) LIMIT $4 OFFSET $5
2023-10-23 14:31:40.750 UTC [72] DETAIL:  parameters: $1 = '1', $2 = '1', $3 = '1', $4 = '1', $5 = '0'
2023-10-23 14:31:40.754 UTC [72] LOG:  execute s6: SELECT "public"."Disciplina"."id", "public"."Disciplina"."nome", "public"."Disciplina"."carga_horaria" FROM "public"."Disciplina" WHERE 1=1 OFFSET $1
2023-10-23 14:31:40.754 UTC [72] DETAIL:  parameters: $1 = '0'
2023-10-23 14:31:57.988 UTC [72] LOG:  statement: SELECT 1
2023-10-23 14:31:57.990 UTC [72] LOG:  execute s0: SELECT "public"."User"."id", "public"."User"."email", "public"."User"."status" FROM "public"."User" WHERE ("public"."User"."id_aluno" = $1 OR "public"."User"."id_professor" = $2 OR "public"."User"."id_departamento" = $3) LIMIT $4 OFFSET $5
2023-10-23 14:31:57.990 UTC [72] DETAIL:  parameters: $1 = '1', $2 = '1', $3 = '1', $4 = '1', $5 = '0'
2023-10-23 14:31:57.996 UTC [72] LOG:  execute s5: SELECT "public"."Disciplina"."id", "public"."Disciplina"."nome", "public"."Disciplina"."carga_horaria" FROM "public"."Disciplina" WHERE "public"."Disciplina"."id" = $1 LIMIT $2 OFFSET $3
2023-10-23 14:31:57.996 UTC [72] DETAIL:  parameters: $1 = '26', $2 = '1', $3 = '0'
2023-10-23 14:31:58.001 UTC [72] LOG:  execute s3: SELECT "public"."Disciplina"."id", "public"."Disciplina"."nome", "public"."Disciplina"."carga_horaria" FROM "public"."Disciplina" WHERE "public"."Disciplina"."nome" = $1 LIMIT $2 OFFSET $3
2023-10-23 14:31:58.001 UTC [72] DETAIL:  parameters: $1 = 'Banco de dados', $2 = '1', $3 = '0'
2023-10-23 14:31:58.005 UTC [72] LOG:  statement: BEGIN
2023-10-23 14:31:58.007 UTC [72] LOG:  execute s8: SELECT "public"."Disciplina"."id" FROM "public"."Disciplina" WHERE ("public"."Disciplina"."id" = $1 AND 1=1)
2023-10-23 14:31:58.007 UTC [72] DETAIL:  parameters: $1 = '26'
2023-10-23 14:31:58.010 UTC [72] LOG:  execute s10: UPDATE "public"."Disciplina" SET "nome" = $1 WHERE ("public"."Disciplina"."id" IN ($2) AND ("public"."Disciplina"."id" = $3 AND 1=1))
2023-10-23 14:31:58.010 UTC [72] DETAIL:  parameters: $1 = 'Banco de dados', $2 = '26', $3 = '26'
2023-10-23 14:31:58.012 UTC [72] LOG:  execute s5: SELECT "public"."Disciplina"."id", "public"."Disciplina"."nome", "public"."Disciplina"."carga_horaria" FROM "public"."Disciplina" WHERE "public"."Disciplina"."id" = $1 LIMIT $2 OFFSET $3
2023-10-23 14:31:58.012 UTC [72] DETAIL:  parameters: $1 = '26', $2 = '1', $3 = '0'
2023-10-23 14:31:58.015 UTC [72] LOG:  statement: COMMIT
2023-10-23 14:32:06.016 UTC [72] LOG:  execute s0: SELECT "public"."User"."id", "public"."User"."email", "public"."User"."status" FROM "public"."User" WHERE ("public"."User"."id_aluno" = $1 OR "public"."User"."id_professor" = $2 OR "public"."User"."id_departamento" = $3) LIMIT $4 OFFSET $5
2023-10-23 14:32:06.016 UTC [72] DETAIL:  parameters: $1 = '1', $2 = '1', $3 = '1', $4 = '1', $5 = '0'
2023-10-23 14:32:06.021 UTC [72] LOG:  execute s5: SELECT "public"."Disciplina"."id", "public"."Disciplina"."nome", "public"."Disciplina"."carga_horaria" FROM "public"."Disciplina" WHERE "public"."Disciplina"."id" = $1 LIMIT $2 OFFSET $3
2023-10-23 14:32:06.021 UTC [72] DETAIL:  parameters: $1 = '26', $2 = '1', $3 = '0'
2023-10-23 14:32:06.024 UTC [72] LOG:  execute s3: SELECT "public"."Disciplina"."id", "public"."Disciplina"."nome", "public"."Disciplina"."carga_horaria" FROM "public"."Disciplina" WHERE "public"."Disciplina"."nome" = $1 LIMIT $2 OFFSET $3
2023-10-23 14:32:06.024 UTC [72] DETAIL:  parameters: $1 = 'Banco de dados', $2 = '1', $3 = '0'
2023-10-23 14:34:03.028 UTC [28] LOG:  checkpoint starting: time
2023-10-23 14:34:03.792 UTC [28] LOG:  checkpoint complete: wrote 4 buffers (0.0%); 0 WAL file(s) added, 0 removed, 0 recycled; write=0.398 s, sync=0.095 s, total=0.764 s; sync files=4, longest=0.081 s, average=0.024 s; distance=3 kB, estimate=6 kB
