2023-10-09 23:20:46.178 UTC [1] LOG:  starting PostgreSQL 15.3 (Debian 15.3-1.pgdg120+1) on x86_64-pc-linux-gnu, compiled by gcc (Debian 12.2.0-14) 12.2.0, 64-bit
2023-10-09 23:20:46.181 UTC [1] LOG:  listening on IPv4 address "0.0.0.0", port 5432
2023-10-09 23:20:46.182 UTC [1] LOG:  listening on IPv6 address "::", port 5432
2023-10-09 23:20:46.195 UTC [1] LOG:  listening on Unix socket "/var/run/postgresql/.s.PGSQL.5432"
2023-10-09 23:20:46.252 UTC [30] LOG:  database system was shut down at 2023-10-09 23:03:35 UTC
2023-10-09 23:20:46.333 UTC [1] LOG:  database system is ready to accept connections
2023-10-09 23:22:18.032 UTC [35] LOG:  execute s1: SELECT t.typname, t.typtype, t.typelem, r.rngsubtype, t.typbasetype, n.nspname, t.typrelid
	FROM pg_catalog.pg_type t
	LEFT OUTER JOIN pg_catalog.pg_range r ON r.rngtypid = t.oid
	INNER JOIN pg_catalog.pg_namespace n ON t.typnamespace = n.oid
	WHERE t.oid = $1
	
2023-10-09 23:22:18.032 UTC [35] DETAIL:  parameters: $1 = '16537'
2023-10-09 23:22:18.046 UTC [35] LOG:  execute s2: SELECT enumlabel
	FROM pg_catalog.pg_enum
	WHERE enumtypid = $1
	ORDER BY enumsortorder
	
2023-10-09 23:22:18.046 UTC [35] DETAIL:  parameters: $1 = '16537'
2023-10-09 23:22:18.058 UTC [35] LOG:  execute s0: SELECT "public"."User"."id", "public"."User"."email", "public"."User"."password", "public"."User"."status", "public"."User"."id_departamento", "public"."User"."id_professor", "public"."User"."id_aluno" FROM "public"."User" WHERE ("public"."User"."id_aluno" = $1 OR "public"."User"."id_professor" = $2 OR "public"."User"."id_departamento" = $3) LIMIT $4 OFFSET $5
2023-10-09 23:22:18.058 UTC [35] DETAIL:  parameters: $1 = '1', $2 = '1', $3 = '1', $4 = '1', $5 = '0'
2023-10-09 23:22:23.840 UTC [35] LOG:  execute s0: SELECT "public"."User"."id", "public"."User"."email", "public"."User"."password", "public"."User"."status", "public"."User"."id_departamento", "public"."User"."id_professor", "public"."User"."id_aluno" FROM "public"."User" WHERE ("public"."User"."id_aluno" = $1 OR "public"."User"."id_professor" = $2 OR "public"."User"."id_departamento" = $3) LIMIT $4 OFFSET $5
2023-10-09 23:22:23.840 UTC [35] DETAIL:  parameters: $1 = '1', $2 = '1', $3 = '1', $4 = '1', $5 = '0'
2023-10-09 23:25:46.297 UTC [28] LOG:  checkpoint starting: time
2023-10-09 23:25:46.444 UTC [28] LOG:  checkpoint complete: wrote 2 buffers (0.0%); 0 WAL file(s) added, 0 removed, 0 recycled; write=0.024 s, sync=0.013 s, total=0.148 s; sync files=3, longest=0.005 s, average=0.005 s; distance=0 kB, estimate=0 kB
