2023-08-24 13:28:18.426 UTC [1] LOG:  starting PostgreSQL 15.3 (Debian 15.3-1.pgdg120+1) on x86_64-pc-linux-gnu, compiled by gcc (Debian 12.2.0-14) 12.2.0, 64-bit
2023-08-24 13:28:18.431 UTC [1] LOG:  listening on IPv4 address "0.0.0.0", port 5432
2023-08-24 13:28:18.431 UTC [1] LOG:  listening on IPv6 address "::", port 5432
2023-08-24 13:28:18.498 UTC [1] LOG:  listening on Unix socket "/var/run/postgresql/.s.PGSQL.5432"
2023-08-24 13:28:18.629 UTC [31] LOG:  database system was interrupted; last known up at 2023-08-23 23:03:30 UTC
2023-08-24 13:28:28.780 UTC [31] LOG:  syncing data directory (pre-fsync), elapsed time: 10.13 s, current path: ./base/16384/2702
2023-08-24 13:28:38.657 UTC [31] LOG:  syncing data directory (pre-fsync), elapsed time: 20.01 s, current path: ./base/16906/2701
2023-08-24 13:28:48.659 UTC [31] LOG:  syncing data directory (pre-fsync), elapsed time: 30.01 s, current path: ./base/5/3534
2023-08-24 13:28:56.650 UTC [31] LOG:  database system was not properly shut down; automatic recovery in progress
2023-08-24 13:28:56.843 UTC [31] LOG:  redo starts at 0/AD40B28
2023-08-24 13:28:56.845 UTC [31] LOG:  invalid record length at 0/AD40C10: wanted 24, got 0
2023-08-24 13:28:56.845 UTC [31] LOG:  redo done at 0/AD40BD8 system usage: CPU: user: 0.00 s, system: 0.00 s, elapsed: 0.07 s
2023-08-24 13:28:57.043 UTC [29] LOG:  checkpoint starting: end-of-recovery immediate wait
2023-08-24 13:28:57.205 UTC [29] LOG:  checkpoint complete: wrote 2 buffers (0.0%); 0 WAL file(s) added, 0 removed, 0 recycled; write=0.036 s, sync=0.030 s, total=0.169 s; sync files=3, longest=0.016 s, average=0.010 s; distance=0 kB, estimate=0 kB
2023-08-24 13:28:57.279 UTC [1] LOG:  database system is ready to accept connections
2023-08-24 14:10:10.471 UTC [35] LOG:  execute s0: SELECT "public"."CursoDisciplina"."id", "public"."CursoDisciplina"."id_curso", "public"."CursoDisciplina"."id_disciplina" FROM "public"."CursoDisciplina" WHERE "public"."CursoDisciplina"."id_curso" = $1 OFFSET $2
2023-08-24 14:10:10.471 UTC [35] DETAIL:  parameters: $1 = '6', $2 = '0'
2023-08-24 14:10:10.496 UTC [35] LOG:  execute s1: SELECT "public"."Disciplina"."id", "public"."Disciplina"."nome", "public"."Disciplina"."carga_horaria" FROM "public"."Disciplina" WHERE "public"."Disciplina"."id" IN ($1,$2) OFFSET $3
2023-08-24 14:10:10.496 UTC [35] DETAIL:  parameters: $1 = '12', $2 = '11', $3 = '0'
2023-08-24 14:11:09.078 UTC [37] LOG:  execute s0: SELECT "public"."CursoDisciplina"."id", "public"."CursoDisciplina"."id_curso", "public"."CursoDisciplina"."id_disciplina" FROM "public"."CursoDisciplina" WHERE ("public"."CursoDisciplina"."id") IN (SELECT "t0"."id" FROM "public"."CursoDisciplina" AS "t0" INNER JOIN "public"."Curso" AS "j0" ON ("j0"."id") = ("t0"."id_curso") WHERE ("j0"."id_departamento" = $1 AND "t0"."id" IS NOT NULL)) OFFSET $2
2023-08-24 14:11:09.078 UTC [37] DETAIL:  parameters: $1 = '1', $2 = '0'
2023-08-24 14:11:09.084 UTC [37] LOG:  execute s1: SELECT "public"."Curso"."id", "public"."Curso"."nome" FROM "public"."Curso" WHERE "public"."Curso"."id" IN ($1) OFFSET $2
2023-08-24 14:11:09.084 UTC [37] DETAIL:  parameters: $1 = '6', $2 = '0'
2023-08-24 14:11:09.097 UTC [37] LOG:  execute s2: SELECT "public"."Disciplina"."id", "public"."Disciplina"."nome", "public"."Disciplina"."carga_horaria" FROM "public"."Disciplina" WHERE "public"."Disciplina"."id" IN ($1,$2) OFFSET $3
2023-08-24 14:11:09.097 UTC [37] DETAIL:  parameters: $1 = '11', $2 = '12', $3 = '0'
2023-08-24 14:20:46.456 UTC [47] LOG:  execute s0: SELECT "public"."CursoDisciplina"."id", "public"."CursoDisciplina"."id_curso", "public"."CursoDisciplina"."id_disciplina" FROM "public"."CursoDisciplina" WHERE ("public"."CursoDisciplina"."id") IN (SELECT "t0"."id" FROM "public"."CursoDisciplina" AS "t0" INNER JOIN "public"."Curso" AS "j0" ON ("j0"."id") = ("t0"."id_curso") WHERE ("j0"."id_departamento" = $1 AND "t0"."id" IS NOT NULL)) OFFSET $2
2023-08-24 14:20:46.456 UTC [47] DETAIL:  parameters: $1 = '1', $2 = '0'
2023-08-24 14:20:46.460 UTC [47] LOG:  execute s1: SELECT "public"."Curso"."id", "public"."Curso"."nome" FROM "public"."Curso" WHERE "public"."Curso"."id" IN ($1) OFFSET $2
2023-08-24 14:20:46.460 UTC [47] DETAIL:  parameters: $1 = '6', $2 = '0'
2023-08-24 14:20:46.468 UTC [47] LOG:  execute s2: SELECT "public"."Disciplina"."id", "public"."Disciplina"."nome", "public"."Disciplina"."carga_horaria" FROM "public"."Disciplina" WHERE "public"."Disciplina"."id" IN ($1,$2) OFFSET $3
2023-08-24 14:20:46.468 UTC [47] DETAIL:  parameters: $1 = '11', $2 = '12', $3 = '0'
2023-08-24 14:20:52.694 UTC [47] LOG:  execute s3: SELECT "public"."ProfessorCursoDisciplina"."id", "public"."ProfessorCursoDisciplina"."id_professor", "public"."ProfessorCursoDisciplina"."id_cursoDisciplina" FROM "public"."ProfessorCursoDisciplina" WHERE ("public"."ProfessorCursoDisciplina"."id") IN (SELECT "t0"."id" FROM "public"."ProfessorCursoDisciplina" AS "t0" INNER JOIN "public"."CursoDisciplina" AS "j0" ON ("j0"."id") = ("t0"."id_cursoDisciplina") WHERE ("j0"."id_curso" = $1 AND "t0"."id" IS NOT NULL)) OFFSET $2
2023-08-24 14:20:52.694 UTC [47] DETAIL:  parameters: $1 = '6', $2 = '0'
2023-08-24 14:20:52.701 UTC [47] LOG:  execute s4: SELECT "public"."CursoDisciplina"."id", "public"."CursoDisciplina"."id_curso", "public"."CursoDisciplina"."id_disciplina" FROM "public"."CursoDisciplina" WHERE "public"."CursoDisciplina"."id" IN ($1,$2) OFFSET $3
2023-08-24 14:20:52.701 UTC [47] DETAIL:  parameters: $1 = '50', $2 = '44', $3 = '0'
2023-08-24 14:20:52.703 UTC [47] LOG:  execute s1: SELECT "public"."Curso"."id", "public"."Curso"."nome" FROM "public"."Curso" WHERE "public"."Curso"."id" IN ($1) OFFSET $2
2023-08-24 14:20:52.703 UTC [47] DETAIL:  parameters: $1 = '6', $2 = '0'
2023-08-24 14:20:52.704 UTC [47] LOG:  execute s2: SELECT "public"."Disciplina"."id", "public"."Disciplina"."nome", "public"."Disciplina"."carga_horaria" FROM "public"."Disciplina" WHERE "public"."Disciplina"."id" IN ($1,$2) OFFSET $3
2023-08-24 14:20:52.704 UTC [47] DETAIL:  parameters: $1 = '12', $2 = '11', $3 = '0'
2023-08-24 14:20:52.737 UTC [47] LOG:  execute s5: SELECT "public"."Professor"."id", "public"."Professor"."nome", "public"."Professor"."id_departamento" FROM "public"."Professor" WHERE "public"."Professor"."id" IN ($1,$2) OFFSET $3
2023-08-24 14:20:52.737 UTC [47] DETAIL:  parameters: $1 = '0e99dc48-102c-4686-b5fb-b85ecb232d3a', $2 = 'b47e4fad-ecd1-490e-afa6-77b71db3a956', $3 = '0'
2023-08-24 14:20:52.747 UTC [47] LOG:  execute s6: SELECT "public"."Departamento"."id", "public"."Departamento"."nome" FROM "public"."Departamento" WHERE "public"."Departamento"."id" IN ($1) OFFSET $2
2023-08-24 14:20:52.747 UTC [47] DETAIL:  parameters: $1 = '1', $2 = '0'
2023-08-24 22:20:31.635 UTC [133] LOG:  execute s1: SELECT t.typname, t.typtype, t.typelem, r.rngsubtype, t.typbasetype, n.nspname, t.typrelid
	FROM pg_catalog.pg_type t
	LEFT OUTER JOIN pg_catalog.pg_range r ON r.rngtypid = t.oid
	INNER JOIN pg_catalog.pg_namespace n ON t.typnamespace = n.oid
	WHERE t.oid = $1
	
2023-08-24 22:20:31.635 UTC [133] DETAIL:  parameters: $1 = '16419'
2023-08-24 22:20:31.654 UTC [133] LOG:  execute s2: SELECT enumlabel
	FROM pg_catalog.pg_enum
	WHERE enumtypid = $1
	ORDER BY enumsortorder
	
2023-08-24 22:20:31.654 UTC [133] DETAIL:  parameters: $1 = '16419'
2023-08-24 22:20:31.664 UTC [133] LOG:  execute s0: SELECT "public"."Professor"."id", "public"."Professor"."nome", "public"."Professor"."email", "public"."Professor"."cpf", "public"."Professor"."sexo", "public"."Professor"."telefone", "public"."Professor"."createt_at", "public"."Professor"."id_departamento" FROM "public"."Professor" WHERE "public"."Professor"."id" = $1 LIMIT $2 OFFSET $3
2023-08-24 22:20:31.664 UTC [133] DETAIL:  parameters: $1 = 'b47e4fad-ecd1-490e-afa6-77b71db3a956', $2 = '1', $3 = '0'
2023-08-24 22:20:31.679 UTC [133] LOG:  statement: BEGIN
2023-08-24 22:20:31.685 UTC [133] LOG:  execute s3: SELECT "public"."Professor"."id" FROM "public"."Professor" WHERE ("public"."Professor"."id" = $1 AND 1=1)
2023-08-24 22:20:31.685 UTC [133] DETAIL:  parameters: $1 = 'b47e4fad-ecd1-490e-afa6-77b71db3a956'
2023-08-24 22:20:31.692 UTC [133] LOG:  execute s4: UPDATE "public"."Professor" SET "nome" = $1 WHERE ("public"."Professor"."id" IN ($2) AND ("public"."Professor"."id" = $3 AND 1=1))
2023-08-24 22:20:31.692 UTC [133] DETAIL:  parameters: $1 = 'reinaldo braga 2', $2 = 'b47e4fad-ecd1-490e-afa6-77b71db3a956', $3 = 'b47e4fad-ecd1-490e-afa6-77b71db3a956'
2023-08-24 22:20:31.712 UTC [133] LOG:  execute s5: SELECT "public"."User"."id", "public"."User"."id_professor" FROM "public"."User" WHERE (("public"."User"."email" = $1 AND 1=1) AND "public"."User"."id_professor" IN ($2)) OFFSET $3
2023-08-24 22:20:31.712 UTC [133] DETAIL:  parameters: $1 = 'reinaldo_braga@gmail.com', $2 = 'b47e4fad-ecd1-490e-afa6-77b71db3a956', $3 = '0'
2023-08-24 22:20:31.716 UTC [133] LOG:  execute s0: SELECT "public"."Professor"."id", "public"."Professor"."nome", "public"."Professor"."email", "public"."Professor"."cpf", "public"."Professor"."sexo", "public"."Professor"."telefone", "public"."Professor"."createt_at", "public"."Professor"."id_departamento" FROM "public"."Professor" WHERE "public"."Professor"."id" = $1 LIMIT $2 OFFSET $3
2023-08-24 22:20:31.716 UTC [133] DETAIL:  parameters: $1 = 'b47e4fad-ecd1-490e-afa6-77b71db3a956', $2 = '1', $3 = '0'
2023-08-24 22:20:31.718 UTC [133] LOG:  statement: COMMIT
2023-08-24 22:20:31.743 UTC [133] LOG:  execute s0: SELECT "public"."Professor"."id", "public"."Professor"."nome", "public"."Professor"."email", "public"."Professor"."cpf", "public"."Professor"."sexo", "public"."Professor"."telefone", "public"."Professor"."createt_at", "public"."Professor"."id_departamento" FROM "public"."Professor" WHERE "public"."Professor"."id" = $1 LIMIT $2 OFFSET $3
2023-08-24 22:20:31.743 UTC [133] DETAIL:  parameters: $1 = 'b47e4fad-ecd1-490e-afa6-77b71db3a956', $2 = '1', $3 = '0'
2023-08-24 22:24:24.541 UTC [29] LOG:  checkpoint starting: time
2023-08-24 22:24:24.857 UTC [29] LOG:  checkpoint complete: wrote 3 buffers (0.0%); 0 WAL file(s) added, 0 removed, 0 recycled; write=0.225 s, sync=0.006 s, total=0.316 s; sync files=3, longest=0.004 s, average=0.002 s; distance=4 kB, estimate=4 kB
2023-08-24 22:47:38.204 UTC [161] LOG:  execute s1: SELECT t.typname, t.typtype, t.typelem, r.rngsubtype, t.typbasetype, n.nspname, t.typrelid
	FROM pg_catalog.pg_type t
	LEFT OUTER JOIN pg_catalog.pg_range r ON r.rngtypid = t.oid
	INNER JOIN pg_catalog.pg_namespace n ON t.typnamespace = n.oid
	WHERE t.oid = $1
	
2023-08-24 22:47:38.204 UTC [161] DETAIL:  parameters: $1 = '16419'
2023-08-24 22:47:38.212 UTC [161] LOG:  execute s2: SELECT enumlabel
	FROM pg_catalog.pg_enum
	WHERE enumtypid = $1
	ORDER BY enumsortorder
	
2023-08-24 22:47:38.212 UTC [161] DETAIL:  parameters: $1 = '16419'
2023-08-24 22:47:38.221 UTC [161] LOG:  execute s0: SELECT "public"."Professor"."id", "public"."Professor"."nome", "public"."Professor"."email", "public"."Professor"."cpf", "public"."Professor"."sexo", "public"."Professor"."telefone", "public"."Professor"."createt_at", "public"."Professor"."id_departamento" FROM "public"."Professor" WHERE "public"."Professor"."cpf" = $1 LIMIT $2 OFFSET $3
2023-08-24 22:47:38.221 UTC [161] DETAIL:  parameters: $1 = '06806374352', $2 = '1', $3 = '0'
2023-08-24 22:59:09.017 UTC [173] LOG:  execute s0: SELECT "public"."ProfessorCursoDisciplina"."id", "public"."ProfessorCursoDisciplina"."id_professor", "public"."ProfessorCursoDisciplina"."id_cursoDisciplina" FROM "public"."ProfessorCursoDisciplina" WHERE "public"."ProfessorCursoDisciplina"."id_professor" = $1 OFFSET $2
2023-08-24 22:59:09.017 UTC [173] DETAIL:  parameters: $1 = '0e99dc48-102c-4686-b5fb-b85ecb232d3a', $2 = '0'
2023-08-24 22:59:09.025 UTC [173] LOG:  execute s1: SELECT "public"."CursoDisciplina"."id", "public"."CursoDisciplina"."id_curso", "public"."CursoDisciplina"."id_disciplina" FROM "public"."CursoDisciplina" WHERE "public"."CursoDisciplina"."id" IN ($1) OFFSET $2
2023-08-24 22:59:09.025 UTC [173] DETAIL:  parameters: $1 = '50', $2 = '0'
2023-08-24 22:59:09.036 UTC [173] LOG:  execute s2: SELECT "public"."Curso"."id", "public"."Curso"."nome", "public"."Curso"."id_departamento" FROM "public"."Curso" WHERE "public"."Curso"."id" IN ($1) OFFSET $2
2023-08-24 22:59:09.036 UTC [173] DETAIL:  parameters: $1 = '6', $2 = '0'
2023-08-24 22:59:09.044 UTC [173] LOG:  execute s3: SELECT "public"."Disciplina"."id", "public"."Disciplina"."nome", "public"."Disciplina"."carga_horaria" FROM "public"."Disciplina" WHERE "public"."Disciplina"."id" IN ($1) OFFSET $2
2023-08-24 22:59:09.044 UTC [173] DETAIL:  parameters: $1 = '11', $2 = '0'
2023-08-24 22:59:12.386 UTC [173] LOG:  execute s0: SELECT "public"."ProfessorCursoDisciplina"."id", "public"."ProfessorCursoDisciplina"."id_professor", "public"."ProfessorCursoDisciplina"."id_cursoDisciplina" FROM "public"."ProfessorCursoDisciplina" WHERE "public"."ProfessorCursoDisciplina"."id_professor" = $1 OFFSET $2
2023-08-24 22:59:12.386 UTC [173] DETAIL:  parameters: $1 = '0e99dc48-102c-4686-b5fb-b85ecb232d3a', $2 = '0'
2023-08-24 22:59:12.388 UTC [173] LOG:  execute s1: SELECT "public"."CursoDisciplina"."id", "public"."CursoDisciplina"."id_curso", "public"."CursoDisciplina"."id_disciplina" FROM "public"."CursoDisciplina" WHERE "public"."CursoDisciplina"."id" IN ($1) OFFSET $2
2023-08-24 22:59:12.388 UTC [173] DETAIL:  parameters: $1 = '50', $2 = '0'
2023-08-24 22:59:12.391 UTC [173] LOG:  execute s2: SELECT "public"."Curso"."id", "public"."Curso"."nome", "public"."Curso"."id_departamento" FROM "public"."Curso" WHERE "public"."Curso"."id" IN ($1) OFFSET $2
2023-08-24 22:59:12.391 UTC [173] DETAIL:  parameters: $1 = '6', $2 = '0'
2023-08-24 22:59:12.393 UTC [173] LOG:  execute s3: SELECT "public"."Disciplina"."id", "public"."Disciplina"."nome", "public"."Disciplina"."carga_horaria" FROM "public"."Disciplina" WHERE "public"."Disciplina"."id" IN ($1) OFFSET $2
2023-08-24 22:59:12.393 UTC [173] DETAIL:  parameters: $1 = '11', $2 = '0'
