2023-07-04 13:48:18.936 UTC [1] LOG:  starting PostgreSQL 15.3 (Debian 15.3-1.pgdg120+1) on x86_64-pc-linux-gnu, compiled by gcc (Debian 12.2.0-14) 12.2.0, 64-bit
2023-07-04 13:48:18.937 UTC [1] LOG:  listening on IPv4 address "0.0.0.0", port 5432
2023-07-04 13:48:18.937 UTC [1] LOG:  listening on IPv6 address "::", port 5432
2023-07-04 13:48:18.975 UTC [1] LOG:  listening on Unix socket "/var/run/postgresql/.s.PGSQL.5432"
2023-07-04 13:48:19.045 UTC [30] LOG:  database system was interrupted; last known up at 2023-07-03 22:55:42 UTC
2023-07-04 13:48:29.079 UTC [30] LOG:  syncing data directory (pre-fsync), elapsed time: 10.02 s, current path: ./global/2671
2023-07-04 13:48:32.355 UTC [30] LOG:  database system was not properly shut down; automatic recovery in progress
2023-07-04 13:48:32.418 UTC [30] LOG:  redo starts at 0/19D13C8
2023-07-04 13:48:32.421 UTC [30] LOG:  invalid record length at 0/19D14B0: wanted 24, got 0
2023-07-04 13:48:32.421 UTC [30] LOG:  redo done at 0/19D1478 system usage: CPU: user: 0.00 s, system: 0.00 s, elapsed: 0.00 s
2023-07-04 13:48:32.483 UTC [28] LOG:  checkpoint starting: end-of-recovery immediate wait
2023-07-04 13:48:32.572 UTC [28] LOG:  checkpoint complete: wrote 3 buffers (0.0%); 0 WAL file(s) added, 0 removed, 0 recycled; write=0.026 s, sync=0.007 s, total=0.093 s; sync files=2, longest=0.004 s, average=0.004 s; distance=0 kB, estimate=0 kB
2023-07-04 13:48:32.601 UTC [1] LOG:  database system is ready to accept connections
2023-07-04 14:57:44.375 UTC [1] LOG:  received fast shutdown request
2023-07-04 14:57:44.382 UTC [1] LOG:  aborting any active transactions
2023-07-04 14:57:44.386 UTC [1] LOG:  background worker "logical replication launcher" (PID 33) exited with exit code 1
2023-07-04 14:57:44.388 UTC [28] LOG:  shutting down
2023-07-04 14:57:44.392 UTC [28] LOG:  checkpoint starting: shutdown immediate
2023-07-04 14:57:44.447 UTC [28] LOG:  checkpoint complete: wrote 0 buffers (0.0%); 0 WAL file(s) added, 0 removed, 0 recycled; write=0.008 s, sync=0.001 s, total=0.059 s; sync files=0, longest=0.000 s, average=0.000 s; distance=0 kB, estimate=0 kB
2023-07-04 14:57:44.469 UTC [1] LOG:  database system is shut down
