2023-08-23 21:43:07.532 UTC [1] LOG:  starting PostgreSQL 15.3 (Debian 15.3-1.pgdg120+1) on x86_64-pc-linux-gnu, compiled by gcc (Debian 12.2.0-14) 12.2.0, 64-bit
2023-08-23 21:43:07.535 UTC [1] LOG:  listening on IPv4 address "0.0.0.0", port 5432
2023-08-23 21:43:07.535 UTC [1] LOG:  listening on IPv6 address "::", port 5432
2023-08-23 21:43:07.572 UTC [1] LOG:  listening on Unix socket "/var/run/postgresql/.s.PGSQL.5432"
2023-08-23 21:43:07.653 UTC [31] LOG:  database system was interrupted; last known up at 2023-08-23 14:40:25 UTC
2023-08-23 21:43:17.665 UTC [31] LOG:  syncing data directory (pre-fsync), elapsed time: 10.00 s, current path: ./base/4/2687
2023-08-23 21:43:28.700 UTC [31] LOG:  database system was not properly shut down; automatic recovery in progress
2023-08-23 21:43:28.779 UTC [31] LOG:  redo starts at 0/AD3FFA0
2023-08-23 21:43:28.780 UTC [31] LOG:  invalid record length at 0/AD400A0: wanted 24, got 0
2023-08-23 21:43:28.780 UTC [31] LOG:  redo done at 0/AD40068 system usage: CPU: user: 0.00 s, system: 0.00 s, elapsed: 0.00 s
2023-08-23 21:43:28.890 UTC [29] LOG:  checkpoint starting: end-of-recovery immediate wait
2023-08-23 21:43:29.000 UTC [29] LOG:  checkpoint complete: wrote 2 buffers (0.0%); 0 WAL file(s) added, 0 removed, 0 recycled; write=0.028 s, sync=0.013 s, total=0.117 s; sync files=3, longest=0.005 s, average=0.005 s; distance=0 kB, estimate=0 kB
2023-08-23 21:43:29.049 UTC [1] LOG:  database system is ready to accept connections
2023-08-23 22:58:33.467 UTC [35] LOG:  execute s0: SELECT "public"."Curso"."id", "public"."Curso"."nome", "public"."Curso"."id_departamento" FROM "public"."Curso" WHERE "public"."Curso"."nome" = $1 LIMIT $2 OFFSET $3
2023-08-23 22:58:33.467 UTC [35] DETAIL:  parameters: $1 = 'fisica', $2 = '1', $3 = '0'
2023-08-23 22:58:33.476 UTC [35] LOG:  statement: BEGIN
2023-08-23 22:58:33.509 UTC [35] LOG:  execute s1: SELECT "public"."Departamento"."id" FROM "public"."Departamento" WHERE ("public"."Departamento"."id" = $1 AND 1=1) OFFSET $2
2023-08-23 22:58:33.509 UTC [35] DETAIL:  parameters: $1 = '1', $2 = '0'
2023-08-23 22:58:33.519 UTC [35] LOG:  execute s2: INSERT INTO "public"."Curso" ("nome","id_departamento") VALUES ($1,$2) RETURNING "public"."Curso"."id"
2023-08-23 22:58:33.519 UTC [35] DETAIL:  parameters: $1 = 'fisica', $2 = '1'
2023-08-23 22:58:33.612 UTC [35] LOG:  execute s3: SELECT "public"."Curso"."id", "public"."Curso"."nome", "public"."Curso"."id_departamento" FROM "public"."Curso" WHERE "public"."Curso"."id" = $1 LIMIT $2 OFFSET $3
2023-08-23 22:58:33.612 UTC [35] DETAIL:  parameters: $1 = '45', $2 = '1', $3 = '0'
2023-08-23 22:58:33.614 UTC [35] LOG:  statement: COMMIT
2023-08-23 23:03:30.288 UTC [29] LOG:  checkpoint starting: time
2023-08-23 23:03:30.930 UTC [29] LOG:  checkpoint complete: wrote 6 buffers (0.0%); 0 WAL file(s) added, 0 removed, 0 recycled; write=0.537 s, sync=0.012 s, total=0.643 s; sync files=6, longest=0.005 s, average=0.002 s; distance=2 kB, estimate=2 kB
2023-08-23 23:29:00.832 UTC [66] LOG:  execute s0: SELECT "public"."CursoDisciplina"."id", "public"."CursoDisciplina"."id_curso", "public"."CursoDisciplina"."id_disciplina" FROM "public"."CursoDisciplina" WHERE "public"."CursoDisciplina"."id_curso" = $1 OFFSET $2
2023-08-23 23:29:00.832 UTC [66] DETAIL:  parameters: $1 = '6', $2 = '0'
2023-08-23 23:29:00.916 UTC [66] LOG:  execute s1: SELECT "public"."Disciplina"."id", "public"."Disciplina"."nome", "public"."Disciplina"."carga_horaria" FROM "public"."Disciplina" WHERE "public"."Disciplina"."id" IN ($1,$2) OFFSET $3
2023-08-23 23:29:00.916 UTC [66] DETAIL:  parameters: $1 = '12', $2 = '11', $3 = '0'
2023-08-23 23:36:52.120 UTC [75] LOG:  execute s0: SELECT "public"."CursoDisciplina"."id", "public"."CursoDisciplina"."id_curso", "public"."CursoDisciplina"."id_disciplina" FROM "public"."CursoDisciplina" WHERE "public"."CursoDisciplina"."id_curso" = $1 OFFSET $2
2023-08-23 23:36:52.120 UTC [75] DETAIL:  parameters: $1 = '6', $2 = '0'
2023-08-23 23:36:52.127 UTC [75] LOG:  execute s1: SELECT "public"."Disciplina"."id", "public"."Disciplina"."nome", "public"."Disciplina"."carga_horaria" FROM "public"."Disciplina" WHERE "public"."Disciplina"."id" IN ($1,$2) OFFSET $3
2023-08-23 23:36:52.127 UTC [75] DETAIL:  parameters: $1 = '12', $2 = '11', $3 = '0'
