2023-09-08 13:25:49.321 UTC [1] LOG:  starting PostgreSQL 15.3 (Debian 15.3-1.pgdg120+1) on x86_64-pc-linux-gnu, compiled by gcc (Debian 12.2.0-14) 12.2.0, 64-bit
2023-09-08 13:25:49.322 UTC [1] LOG:  listening on IPv4 address "0.0.0.0", port 5432
2023-09-08 13:25:49.322 UTC [1] LOG:  listening on IPv6 address "::", port 5432
2023-09-08 13:25:49.345 UTC [1] LOG:  listening on Unix socket "/var/run/postgresql/.s.PGSQL.5432"
2023-09-08 13:25:49.414 UTC [30] LOG:  database system was interrupted; last known up at 2023-09-07 22:49:43 UTC
2023-09-08 13:25:59.429 UTC [30] LOG:  syncing data directory (pre-fsync), elapsed time: 10.00 s, current path: ./base/4/6112
2023-09-08 13:26:09.461 UTC [30] LOG:  syncing data directory (pre-fsync), elapsed time: 20.04 s, current path: ./global/2396_vm
2023-09-08 13:26:19.594 UTC [30] LOG:  syncing data directory (pre-fsync), elapsed time: 30.17 s, current path: ./log/postgresql-2023-08-11_000000.log
2023-09-08 13:26:37.932 UTC [30] LOG:  syncing data directory (fsync), elapsed time: 10.16 s, current path: ./base/4/4144
2023-09-08 13:26:46.952 UTC [30] LOG:  database system was not properly shut down; automatic recovery in progress
2023-09-08 13:26:47.051 UTC [30] LOG:  redo starts at 0/AD92D60
2023-09-08 13:26:47.052 UTC [30] LOG:  invalid record length at 0/AD92E48: wanted 24, got 0
2023-09-08 13:26:47.052 UTC [30] LOG:  redo done at 0/AD92E10 system usage: CPU: user: 0.00 s, system: 0.00 s, elapsed: 0.00 s
2023-09-08 13:26:47.441 UTC [28] LOG:  checkpoint starting: end-of-recovery immediate wait
2023-09-08 13:26:47.543 UTC [28] LOG:  checkpoint complete: wrote 2 buffers (0.0%); 0 WAL file(s) added, 0 removed, 0 recycled; write=0.028 s, sync=0.014 s, total=0.108 s; sync files=3, longest=0.005 s, average=0.005 s; distance=0 kB, estimate=0 kB
2023-09-08 13:26:47.667 UTC [1] LOG:  database system is ready to accept connections
2023-09-08 22:44:45.000 UTC [1] LOG:  received fast shutdown request
2023-09-08 22:44:45.011 UTC [1] LOG:  aborting any active transactions
2023-09-08 22:44:45.106 UTC [1] LOG:  background worker "logical replication launcher" (PID 33) exited with exit code 1
2023-09-08 22:44:45.107 UTC [28] LOG:  shutting down
2023-09-08 22:44:45.118 UTC [28] LOG:  checkpoint starting: shutdown immediate
2023-09-08 22:44:45.425 UTC [28] LOG:  checkpoint complete: wrote 0 buffers (0.0%); 0 WAL file(s) added, 0 removed, 0 recycled; write=0.206 s, sync=0.001 s, total=0.316 s; sync files=0, longest=0.000 s, average=0.000 s; distance=0 kB, estimate=0 kB
2023-09-08 22:44:45.463 UTC [1] LOG:  database system is shut down
