2023-10-15 14:46:47.069 UTC [1] LOG:  starting PostgreSQL 15.3 (Debian 15.3-1.pgdg120+1) on x86_64-pc-linux-gnu, compiled by gcc (Debian 12.2.0-14) 12.2.0, 64-bit
2023-10-15 14:46:47.075 UTC [1] LOG:  listening on IPv4 address "0.0.0.0", port 5432
2023-10-15 14:46:47.075 UTC [1] LOG:  listening on IPv6 address "::", port 5432
2023-10-15 14:46:47.157 UTC [1] LOG:  listening on Unix socket "/var/run/postgresql/.s.PGSQL.5432"
2023-10-15 14:46:47.336 UTC [32] LOG:  database system was interrupted; last known up at 2023-10-15 00:06:27 UTC
2023-10-15 14:46:57.354 UTC [32] LOG:  syncing data directory (pre-fsync), elapsed time: 10.00 s, current path: ./base/4/13403
2023-10-15 14:47:06.449 UTC [32] LOG:  database system was not properly shut down; automatic recovery in progress
2023-10-15 14:47:06.525 UTC [32] LOG:  redo starts at 0/ADEA5D0
2023-10-15 14:47:06.560 UTC [32] LOG:  invalid record length at 0/ADEEBE0: wanted 24, got 0
2023-10-15 14:47:06.560 UTC [32] LOG:  redo done at 0/ADEEBA8 system usage: CPU: user: 0.00 s, system: 0.00 s, elapsed: 0.03 s
2023-10-15 14:47:06.655 UTC [30] LOG:  checkpoint starting: end-of-recovery immediate wait
2023-10-15 14:47:06.795 UTC [30] LOG:  checkpoint complete: wrote 12 buffers (0.0%); 0 WAL file(s) added, 0 removed, 0 recycled; write=0.034 s, sync=0.025 s, total=0.146 s; sync files=13, longest=0.005 s, average=0.002 s; distance=17 kB, estimate=17 kB
2023-10-15 14:47:07.154 UTC [1] LOG:  database system is ready to accept connections
2023-10-15 14:48:39.554 UTC [36] LOG:  execute s1: SELECT t.typname, t.typtype, t.typelem, r.rngsubtype, t.typbasetype, n.nspname, t.typrelid
	FROM pg_catalog.pg_type t
	LEFT OUTER JOIN pg_catalog.pg_range r ON r.rngtypid = t.oid
	INNER JOIN pg_catalog.pg_namespace n ON t.typnamespace = n.oid
	WHERE t.oid = $1
	
2023-10-15 14:48:39.554 UTC [36] DETAIL:  parameters: $1 = '16537'
2023-10-15 14:48:39.566 UTC [36] LOG:  execute s2: SELECT enumlabel
	FROM pg_catalog.pg_enum
	WHERE enumtypid = $1
	ORDER BY enumsortorder
	
2023-10-15 14:48:39.566 UTC [36] DETAIL:  parameters: $1 = '16537'
2023-10-15 14:48:39.576 UTC [36] LOG:  execute s0: SELECT "public"."User"."id", "public"."User"."email", "public"."User"."password", "public"."User"."status", "public"."User"."id_departamento", "public"."User"."id_professor", "public"."User"."id_aluno" FROM "public"."User" WHERE ("public"."User"."id_aluno" = $1 OR "public"."User"."id_professor" = $2 OR "public"."User"."id_departamento" = $3) LIMIT $4 OFFSET $5
2023-10-15 14:48:39.576 UTC [36] DETAIL:  parameters: $1 = '1', $2 = '1', $3 = '1', $4 = '1', $5 = '0'
2023-10-15 14:48:39.612 UTC [36] LOG:  execute s3: SELECT "public"."Curso"."id", "public"."Curso"."nome", "public"."Curso"."id_departamento" FROM "public"."Curso" WHERE "public"."Curso"."nome" = $1 LIMIT $2 OFFSET $3
2023-10-15 14:48:39.612 UTC [36] DETAIL:  parameters: $1 = 'programação', $2 = '1', $3 = '0'
2023-10-15 14:48:39.621 UTC [36] LOG:  statement: BEGIN
2023-10-15 14:48:39.636 UTC [36] LOG:  execute s4: SELECT "public"."Departamento"."id" FROM "public"."Departamento" WHERE ("public"."Departamento"."id" = $1 AND 1=1) OFFSET $2
2023-10-15 14:48:39.636 UTC [36] DETAIL:  parameters: $1 = '1', $2 = '0'
2023-10-15 14:48:39.654 UTC [36] LOG:  execute s5: INSERT INTO "public"."Curso" ("nome","id_departamento") VALUES ($1,$2) RETURNING "public"."Curso"."id"
2023-10-15 14:48:39.654 UTC [36] DETAIL:  parameters: $1 = 'programação', $2 = '1'
2023-10-15 14:48:39.677 UTC [36] LOG:  execute s6: SELECT "public"."Curso"."id", "public"."Curso"."nome", "public"."Curso"."id_departamento" FROM "public"."Curso" WHERE "public"."Curso"."id" = $1 LIMIT $2 OFFSET $3
2023-10-15 14:48:39.677 UTC [36] DETAIL:  parameters: $1 = '89', $2 = '1', $3 = '0'
2023-10-15 14:48:39.678 UTC [36] LOG:  statement: COMMIT
2023-10-15 14:48:44.440 UTC [36] LOG:  execute s0: SELECT "public"."User"."id", "public"."User"."email", "public"."User"."password", "public"."User"."status", "public"."User"."id_departamento", "public"."User"."id_professor", "public"."User"."id_aluno" FROM "public"."User" WHERE ("public"."User"."id_aluno" = $1 OR "public"."User"."id_professor" = $2 OR "public"."User"."id_departamento" = $3) LIMIT $4 OFFSET $5
2023-10-15 14:48:44.440 UTC [36] DETAIL:  parameters: $1 = '1', $2 = '1', $3 = '1', $4 = '1', $5 = '0'
2023-10-15 14:48:44.448 UTC [36] LOG:  execute s3: SELECT "public"."Curso"."id", "public"."Curso"."nome", "public"."Curso"."id_departamento" FROM "public"."Curso" WHERE "public"."Curso"."nome" = $1 LIMIT $2 OFFSET $3
2023-10-15 14:48:44.448 UTC [36] DETAIL:  parameters: $1 = 'programação 2', $2 = '1', $3 = '0'
2023-10-15 14:48:44.460 UTC [36] LOG:  statement: BEGIN
2023-10-15 14:48:44.468 UTC [36] LOG:  execute s4: SELECT "public"."Departamento"."id" FROM "public"."Departamento" WHERE ("public"."Departamento"."id" = $1 AND 1=1) OFFSET $2
2023-10-15 14:48:44.468 UTC [36] DETAIL:  parameters: $1 = '1', $2 = '0'
2023-10-15 14:48:44.476 UTC [36] LOG:  execute s5: INSERT INTO "public"."Curso" ("nome","id_departamento") VALUES ($1,$2) RETURNING "public"."Curso"."id"
2023-10-15 14:48:44.476 UTC [36] DETAIL:  parameters: $1 = 'programação 2', $2 = '1'
2023-10-15 14:48:44.491 UTC [36] LOG:  execute s6: SELECT "public"."Curso"."id", "public"."Curso"."nome", "public"."Curso"."id_departamento" FROM "public"."Curso" WHERE "public"."Curso"."id" = $1 LIMIT $2 OFFSET $3
2023-10-15 14:48:44.491 UTC [36] DETAIL:  parameters: $1 = '90', $2 = '1', $3 = '0'
2023-10-15 14:48:44.494 UTC [36] LOG:  statement: COMMIT
2023-10-15 14:48:47.777 UTC [36] LOG:  execute s0: SELECT "public"."User"."id", "public"."User"."email", "public"."User"."password", "public"."User"."status", "public"."User"."id_departamento", "public"."User"."id_professor", "public"."User"."id_aluno" FROM "public"."User" WHERE ("public"."User"."id_aluno" = $1 OR "public"."User"."id_professor" = $2 OR "public"."User"."id_departamento" = $3) LIMIT $4 OFFSET $5
2023-10-15 14:48:47.777 UTC [36] DETAIL:  parameters: $1 = '1', $2 = '1', $3 = '1', $4 = '1', $5 = '0'
2023-10-15 14:48:47.784 UTC [36] LOG:  execute s7: SELECT "public"."Curso"."id", "public"."Curso"."nome", "public"."Curso"."id_departamento" FROM "public"."Curso" WHERE 1=1 OFFSET $1
2023-10-15 14:48:47.784 UTC [36] DETAIL:  parameters: $1 = '0'
2023-10-15 14:48:58.093 UTC [36] LOG:  statement: SELECT 1
2023-10-15 14:48:58.096 UTC [36] LOG:  execute s0: SELECT "public"."User"."id", "public"."User"."email", "public"."User"."password", "public"."User"."status", "public"."User"."id_departamento", "public"."User"."id_professor", "public"."User"."id_aluno" FROM "public"."User" WHERE ("public"."User"."id_aluno" = $1 OR "public"."User"."id_professor" = $2 OR "public"."User"."id_departamento" = $3) LIMIT $4 OFFSET $5
2023-10-15 14:48:58.096 UTC [36] DETAIL:  parameters: $1 = '1', $2 = '1', $3 = '1', $4 = '1', $5 = '0'
2023-10-15 14:48:58.103 UTC [36] LOG:  execute s3: SELECT "public"."Curso"."id", "public"."Curso"."nome", "public"."Curso"."id_departamento" FROM "public"."Curso" WHERE "public"."Curso"."nome" = $1 LIMIT $2 OFFSET $3
2023-10-15 14:48:58.103 UTC [36] DETAIL:  parameters: $1 = 'programação 2', $2 = '1', $3 = '0'
2023-10-15 14:49:10.505 UTC [36] LOG:  execute s0: SELECT "public"."User"."id", "public"."User"."email", "public"."User"."password", "public"."User"."status", "public"."User"."id_departamento", "public"."User"."id_professor", "public"."User"."id_aluno" FROM "public"."User" WHERE ("public"."User"."id_aluno" = $1 OR "public"."User"."id_professor" = $2 OR "public"."User"."id_departamento" = $3) LIMIT $4 OFFSET $5
2023-10-15 14:49:10.505 UTC [36] DETAIL:  parameters: $1 = '1', $2 = '1', $3 = '1', $4 = '1', $5 = '0'
2023-10-15 14:49:10.509 UTC [36] LOG:  execute s3: SELECT "public"."Curso"."id", "public"."Curso"."nome", "public"."Curso"."id_departamento" FROM "public"."Curso" WHERE "public"."Curso"."nome" = $1 LIMIT $2 OFFSET $3
2023-10-15 14:49:10.509 UTC [36] DETAIL:  parameters: $1 = 'programação 2', $2 = '1', $3 = '0'
2023-10-15 14:49:11.869 UTC [36] LOG:  execute s0: SELECT "public"."User"."id", "public"."User"."email", "public"."User"."password", "public"."User"."status", "public"."User"."id_departamento", "public"."User"."id_professor", "public"."User"."id_aluno" FROM "public"."User" WHERE ("public"."User"."id_aluno" = $1 OR "public"."User"."id_professor" = $2 OR "public"."User"."id_departamento" = $3) LIMIT $4 OFFSET $5
2023-10-15 14:49:11.869 UTC [36] DETAIL:  parameters: $1 = '1', $2 = '1', $3 = '1', $4 = '1', $5 = '0'
2023-10-15 14:49:11.873 UTC [36] LOG:  execute s3: SELECT "public"."Curso"."id", "public"."Curso"."nome", "public"."Curso"."id_departamento" FROM "public"."Curso" WHERE "public"."Curso"."nome" = $1 LIMIT $2 OFFSET $3
2023-10-15 14:49:11.873 UTC [36] DETAIL:  parameters: $1 = 'programação 2', $2 = '1', $3 = '0'
2023-10-15 14:49:12.802 UTC [36] LOG:  execute s0: SELECT "public"."User"."id", "public"."User"."email", "public"."User"."password", "public"."User"."status", "public"."User"."id_departamento", "public"."User"."id_professor", "public"."User"."id_aluno" FROM "public"."User" WHERE ("public"."User"."id_aluno" = $1 OR "public"."User"."id_professor" = $2 OR "public"."User"."id_departamento" = $3) LIMIT $4 OFFSET $5
2023-10-15 14:49:12.802 UTC [36] DETAIL:  parameters: $1 = '1', $2 = '1', $3 = '1', $4 = '1', $5 = '0'
2023-10-15 14:49:12.807 UTC [36] LOG:  execute s3: SELECT "public"."Curso"."id", "public"."Curso"."nome", "public"."Curso"."id_departamento" FROM "public"."Curso" WHERE "public"."Curso"."nome" = $1 LIMIT $2 OFFSET $3
2023-10-15 14:49:12.807 UTC [36] DETAIL:  parameters: $1 = 'programação 2', $2 = '1', $3 = '0'
2023-10-15 14:49:13.664 UTC [36] LOG:  statement: SELECT 1
2023-10-15 14:49:13.667 UTC [36] LOG:  execute s0: SELECT "public"."User"."id", "public"."User"."email", "public"."User"."password", "public"."User"."status", "public"."User"."id_departamento", "public"."User"."id_professor", "public"."User"."id_aluno" FROM "public"."User" WHERE ("public"."User"."id_aluno" = $1 OR "public"."User"."id_professor" = $2 OR "public"."User"."id_departamento" = $3) LIMIT $4 OFFSET $5
2023-10-15 14:49:13.667 UTC [36] DETAIL:  parameters: $1 = '1', $2 = '1', $3 = '1', $4 = '1', $5 = '0'
2023-10-15 14:49:13.672 UTC [36] LOG:  execute s3: SELECT "public"."Curso"."id", "public"."Curso"."nome", "public"."Curso"."id_departamento" FROM "public"."Curso" WHERE "public"."Curso"."nome" = $1 LIMIT $2 OFFSET $3
2023-10-15 14:49:13.672 UTC [36] DETAIL:  parameters: $1 = 'programação 2', $2 = '1', $3 = '0'
2023-10-15 14:49:15.519 UTC [36] LOG:  execute s0: SELECT "public"."User"."id", "public"."User"."email", "public"."User"."password", "public"."User"."status", "public"."User"."id_departamento", "public"."User"."id_professor", "public"."User"."id_aluno" FROM "public"."User" WHERE ("public"."User"."id_aluno" = $1 OR "public"."User"."id_professor" = $2 OR "public"."User"."id_departamento" = $3) LIMIT $4 OFFSET $5
2023-10-15 14:49:15.519 UTC [36] DETAIL:  parameters: $1 = '1', $2 = '1', $3 = '1', $4 = '1', $5 = '0'
2023-10-15 14:49:15.522 UTC [36] LOG:  execute s7: SELECT "public"."Curso"."id", "public"."Curso"."nome", "public"."Curso"."id_departamento" FROM "public"."Curso" WHERE 1=1 OFFSET $1
2023-10-15 14:49:15.522 UTC [36] DETAIL:  parameters: $1 = '0'
2023-10-15 14:49:36.324 UTC [36] LOG:  statement: SELECT 1
2023-10-15 14:49:36.326 UTC [36] LOG:  execute s0: SELECT "public"."User"."id", "public"."User"."email", "public"."User"."password", "public"."User"."status", "public"."User"."id_departamento", "public"."User"."id_professor", "public"."User"."id_aluno" FROM "public"."User" WHERE ("public"."User"."id_aluno" = $1 OR "public"."User"."id_professor" = $2 OR "public"."User"."id_departamento" = $3) LIMIT $4 OFFSET $5
2023-10-15 14:49:36.326 UTC [36] DETAIL:  parameters: $1 = '1', $2 = '1', $3 = '1', $4 = '1', $5 = '0'
2023-10-15 14:49:36.333 UTC [36] LOG:  execute s6: SELECT "public"."Curso"."id", "public"."Curso"."nome", "public"."Curso"."id_departamento" FROM "public"."Curso" WHERE "public"."Curso"."id" = $1 LIMIT $2 OFFSET $3
2023-10-15 14:49:36.333 UTC [36] DETAIL:  parameters: $1 = '90', $2 = '1', $3 = '0'
2023-10-15 14:49:36.337 UTC [36] LOG:  statement: BEGIN
2023-10-15 14:49:36.341 UTC [36] LOG:  execute s8: SELECT "public"."Curso"."id", "public"."Curso"."nome", "public"."Curso"."id_departamento" FROM "public"."Curso" WHERE ("public"."Curso"."id" = $1 AND 1=1) LIMIT $2 OFFSET $3
2023-10-15 14:49:36.341 UTC [36] DETAIL:  parameters: $1 = '90', $2 = '1', $3 = '0'
2023-10-15 14:49:36.348 UTC [36] LOG:  execute s1: SELECT t.typname, t.typtype, t.typelem, r.rngsubtype, t.typbasetype, n.nspname, t.typrelid
	FROM pg_catalog.pg_type t
	LEFT OUTER JOIN pg_catalog.pg_range r ON r.rngtypid = t.oid
	INNER JOIN pg_catalog.pg_namespace n ON t.typnamespace = n.oid
	WHERE t.oid = $1
	
2023-10-15 14:49:36.348 UTC [36] DETAIL:  parameters: $1 = '16419'
2023-10-15 14:49:36.350 UTC [36] LOG:  execute s2: SELECT enumlabel
	FROM pg_catalog.pg_enum
	WHERE enumtypid = $1
	ORDER BY enumsortorder
	
2023-10-15 14:49:36.350 UTC [36] DETAIL:  parameters: $1 = '16419'
2023-10-15 14:49:36.358 UTC [36] LOG:  execute s9: SELECT "public"."Aluno"."id", "public"."Aluno"."nome", "public"."Aluno"."email", "public"."Aluno"."cpf", "public"."Aluno"."sexo", "public"."Aluno"."telefone", "public"."Aluno"."createdAt", "public"."Aluno"."id_turma", "public"."Aluno"."id_curso" FROM "public"."Aluno" WHERE "public"."Aluno"."id_curso" IN ($1) OFFSET $2
2023-10-15 14:49:36.358 UTC [36] DETAIL:  parameters: $1 = '90', $2 = '0'
2023-10-15 14:49:36.367 UTC [36] LOG:  execute s10: SELECT "public"."Turma"."id", "public"."Turma"."nome", "public"."Turma"."id_curso" FROM "public"."Turma" WHERE "public"."Turma"."id_curso" IN ($1) OFFSET $2
2023-10-15 14:49:36.367 UTC [36] DETAIL:  parameters: $1 = '90', $2 = '0'
2023-10-15 14:49:36.383 UTC [36] LOG:  execute s11: SELECT "public"."CursoDisciplina"."id", "public"."CursoDisciplina"."id_curso", "public"."CursoDisciplina"."id_disciplina" FROM "public"."CursoDisciplina" WHERE "public"."CursoDisciplina"."id_curso" IN ($1) OFFSET $2
2023-10-15 14:49:36.383 UTC [36] DETAIL:  parameters: $1 = '90', $2 = '0'
2023-10-15 14:49:36.388 UTC [36] LOG:  execute s12: SELECT "public"."Curso"."id" FROM "public"."Curso" WHERE ("public"."Curso"."id" = $1 AND 1=1)
2023-10-15 14:49:36.388 UTC [36] DETAIL:  parameters: $1 = '90'
2023-10-15 14:49:36.394 UTC [36] LOG:  execute s13: DELETE FROM "public"."Curso" WHERE ("public"."Curso"."id" IN ($1) AND ("public"."Curso"."id" = $2 AND 1=1))
2023-10-15 14:49:36.394 UTC [36] DETAIL:  parameters: $1 = '90', $2 = '90'
2023-10-15 14:49:36.404 UTC [36] LOG:  statement: COMMIT
2023-10-15 14:49:39.156 UTC [36] LOG:  execute s0: SELECT "public"."User"."id", "public"."User"."email", "public"."User"."password", "public"."User"."status", "public"."User"."id_departamento", "public"."User"."id_professor", "public"."User"."id_aluno" FROM "public"."User" WHERE ("public"."User"."id_aluno" = $1 OR "public"."User"."id_professor" = $2 OR "public"."User"."id_departamento" = $3) LIMIT $4 OFFSET $5
2023-10-15 14:49:39.156 UTC [36] DETAIL:  parameters: $1 = '1', $2 = '1', $3 = '1', $4 = '1', $5 = '0'
2023-10-15 14:49:39.159 UTC [36] LOG:  execute s7: SELECT "public"."Curso"."id", "public"."Curso"."nome", "public"."Curso"."id_departamento" FROM "public"."Curso" WHERE 1=1 OFFSET $1
2023-10-15 14:49:39.159 UTC [36] DETAIL:  parameters: $1 = '0'
2023-10-15 14:52:06.899 UTC [30] LOG:  checkpoint starting: time
2023-10-15 14:52:07.795 UTC [30] LOG:  checkpoint complete: wrote 9 buffers (0.0%); 0 WAL file(s) added, 0 removed, 0 recycled; write=0.831 s, sync=0.021 s, total=0.896 s; sync files=9, longest=0.006 s, average=0.003 s; distance=5 kB, estimate=16 kB
2023-10-15 14:58:21.034 UTC [1] LOG:  received fast shutdown request
2023-10-15 14:58:21.039 UTC [1] LOG:  aborting any active transactions
2023-10-15 14:58:21.048 UTC [1] LOG:  background worker "logical replication launcher" (PID 35) exited with exit code 1
2023-10-15 14:58:21.050 UTC [30] LOG:  shutting down
2023-10-15 14:58:21.065 UTC [30] LOG:  checkpoint starting: shutdown immediate
2023-10-15 14:58:21.154 UTC [30] LOG:  checkpoint complete: wrote 0 buffers (0.0%); 0 WAL file(s) added, 0 removed, 0 recycled; write=0.021 s, sync=0.001 s, total=0.104 s; sync files=0, longest=0.000 s, average=0.000 s; distance=0 kB, estimate=14 kB
2023-10-15 14:58:21.191 UTC [1] LOG:  database system is shut down
