2023-09-05 13:14:20.961 UTC [1] LOG:  starting PostgreSQL 15.3 (Debian 15.3-1.pgdg120+1) on x86_64-pc-linux-gnu, compiled by gcc (Debian 12.2.0-14) 12.2.0, 64-bit
2023-09-05 13:14:20.969 UTC [1] LOG:  listening on IPv4 address "0.0.0.0", port 5432
2023-09-05 13:14:20.969 UTC [1] LOG:  listening on IPv6 address "::", port 5432
2023-09-05 13:14:21.012 UTC [1] LOG:  listening on Unix socket "/var/run/postgresql/.s.PGSQL.5432"
2023-09-05 13:14:21.097 UTC [30] LOG:  database system was interrupted; last known up at 2023-09-02 22:49:07 UTC
2023-09-05 13:14:31.119 UTC [30] LOG:  syncing data directory (pre-fsync), elapsed time: 10.01 s, current path: ./base/16384/3767
2023-09-05 13:14:41.145 UTC [30] LOG:  syncing data directory (pre-fsync), elapsed time: 20.04 s, current path: ./base/16906/2838
2023-09-05 13:14:51.309 UTC [30] LOG:  syncing data directory (pre-fsync), elapsed time: 30.20 s, current path: ./base/4/3381
2023-09-05 13:15:01.363 UTC [30] LOG:  syncing data directory (pre-fsync), elapsed time: 40.25 s, current path: ./base/4/4144
2023-09-05 13:15:11.106 UTC [30] LOG:  syncing data directory (pre-fsync), elapsed time: 50.00 s, current path: ./base/5/3764_vm
2023-09-05 13:15:25.579 UTC [30] LOG:  database system was not properly shut down; automatic recovery in progress
2023-09-05 13:15:25.731 UTC [30] LOG:  redo starts at 0/AD7CEC8
2023-09-05 13:15:25.732 UTC [30] LOG:  invalid record length at 0/AD7CFB0: wanted 24, got 0
2023-09-05 13:15:25.732 UTC [30] LOG:  redo done at 0/AD7CF78 system usage: CPU: user: 0.00 s, system: 0.00 s, elapsed: 0.04 s
2023-09-05 13:15:26.314 UTC [28] LOG:  checkpoint starting: end-of-recovery immediate wait
2023-09-05 13:15:27.701 UTC [28] LOG:  checkpoint complete: wrote 2 buffers (0.0%); 0 WAL file(s) added, 0 removed, 0 recycled; write=0.127 s, sync=0.210 s, total=1.424 s; sync files=3, longest=0.093 s, average=0.070 s; distance=0 kB, estimate=0 kB
2023-09-05 13:15:28.175 UTC [1] LOG:  database system is ready to accept connections
2023-09-05 13:55:54.017 UTC [34] LOG:  execute s1: SELECT t.typname, t.typtype, t.typelem, r.rngsubtype, t.typbasetype, n.nspname, t.typrelid
	FROM pg_catalog.pg_type t
	LEFT OUTER JOIN pg_catalog.pg_range r ON r.rngtypid = t.oid
	INNER JOIN pg_catalog.pg_namespace n ON t.typnamespace = n.oid
	WHERE t.oid = $1
	
2023-09-05 13:55:54.017 UTC [34] DETAIL:  parameters: $1 = '16537'
2023-09-05 13:55:54.062 UTC [34] LOG:  execute s2: SELECT enumlabel
	FROM pg_catalog.pg_enum
	WHERE enumtypid = $1
	ORDER BY enumsortorder
	
2023-09-05 13:55:54.062 UTC [34] DETAIL:  parameters: $1 = '16537'
2023-09-05 13:55:54.099 UTC [34] LOG:  execute s0: SELECT "public"."User"."id", "public"."User"."email", "public"."User"."password", "public"."User"."status", "public"."User"."id_departamento", "public"."User"."id_professor", "public"."User"."id_aluno" FROM "public"."User" WHERE "public"."User"."email" = $1 LIMIT $2 OFFSET $3
2023-09-05 13:55:54.099 UTC [34] DETAIL:  parameters: $1 = 'jhon_italo@gmail.com', $2 = '1', $3 = '0'
2023-09-05 13:56:05.706 UTC [34] LOG:  execute s3: SELECT "public"."User"."id", "public"."User"."email", "public"."User"."password", "public"."User"."status", "public"."User"."id_departamento", "public"."User"."id_professor", "public"."User"."id_aluno" FROM "public"."User" WHERE "public"."User"."id" = $1 LIMIT $2 OFFSET $3
2023-09-05 13:56:05.706 UTC [34] DETAIL:  parameters: $1 = 'd5f6e5e0-95ac-4fb4-82c4-0f4e108d2c8b', $2 = '1', $3 = '0'
2023-09-05 13:56:08.371 UTC [34] LOG:  execute s3: SELECT "public"."User"."id", "public"."User"."email", "public"."User"."password", "public"."User"."status", "public"."User"."id_departamento", "public"."User"."id_professor", "public"."User"."id_aluno" FROM "public"."User" WHERE "public"."User"."id" = $1 LIMIT $2 OFFSET $3
2023-09-05 13:56:08.371 UTC [34] DETAIL:  parameters: $1 = 'd5f6e5e0-95ac-4fb4-82c4-0f4e108d2c8b', $2 = '1', $3 = '0'
2023-09-05 13:56:09.542 UTC [34] LOG:  statement: SELECT 1
2023-09-05 13:56:09.544 UTC [34] LOG:  execute s3: SELECT "public"."User"."id", "public"."User"."email", "public"."User"."password", "public"."User"."status", "public"."User"."id_departamento", "public"."User"."id_professor", "public"."User"."id_aluno" FROM "public"."User" WHERE "public"."User"."id" = $1 LIMIT $2 OFFSET $3
2023-09-05 13:56:09.544 UTC [34] DETAIL:  parameters: $1 = 'd5f6e5e0-95ac-4fb4-82c4-0f4e108d2c8b', $2 = '1', $3 = '0'
2023-09-05 13:56:14.637 UTC [34] LOG:  execute s3: SELECT "public"."User"."id", "public"."User"."email", "public"."User"."password", "public"."User"."status", "public"."User"."id_departamento", "public"."User"."id_professor", "public"."User"."id_aluno" FROM "public"."User" WHERE "public"."User"."id" = $1 LIMIT $2 OFFSET $3
2023-09-05 13:56:14.637 UTC [34] DETAIL:  parameters: $1 = 'd5f6e5e0-95ac-4fb4-82c4-0f4e108d2c8b', $2 = '1', $3 = '0'
2023-09-05 13:56:20.696 UTC [34] LOG:  execute s3: SELECT "public"."User"."id", "public"."User"."email", "public"."User"."password", "public"."User"."status", "public"."User"."id_departamento", "public"."User"."id_professor", "public"."User"."id_aluno" FROM "public"."User" WHERE "public"."User"."id" = $1 LIMIT $2 OFFSET $3
2023-09-05 13:56:20.696 UTC [34] DETAIL:  parameters: $1 = 'd5f6e5e0-95ac-4fb4-82c4-0f4e108d2c8b', $2 = '1', $3 = '0'
2023-09-05 13:56:26.178 UTC [34] LOG:  statement: SELECT 1
2023-09-05 13:56:26.182 UTC [34] LOG:  execute s3: SELECT "public"."User"."id", "public"."User"."email", "public"."User"."password", "public"."User"."status", "public"."User"."id_departamento", "public"."User"."id_professor", "public"."User"."id_aluno" FROM "public"."User" WHERE "public"."User"."id" = $1 LIMIT $2 OFFSET $3
2023-09-05 13:56:26.182 UTC [34] DETAIL:  parameters: $1 = 'd5f6e5e0-95ac-4fb4-82c4-0f4e108d2c8b', $2 = '1', $3 = '0'
2023-09-05 13:56:37.758 UTC [34] LOG:  execute s3: SELECT "public"."User"."id", "public"."User"."email", "public"."User"."password", "public"."User"."status", "public"."User"."id_departamento", "public"."User"."id_professor", "public"."User"."id_aluno" FROM "public"."User" WHERE "public"."User"."id" = $1 LIMIT $2 OFFSET $3
2023-09-05 13:56:37.758 UTC [34] DETAIL:  parameters: $1 = 'd5f6e5e0-95ac-4fb4-82c4-0f4e108d2c8b', $2 = '1', $3 = '0'
2023-09-05 13:56:44.101 UTC [34] LOG:  statement: SELECT 1
2023-09-05 13:56:44.103 UTC [34] LOG:  execute s3: SELECT "public"."User"."id", "public"."User"."email", "public"."User"."password", "public"."User"."status", "public"."User"."id_departamento", "public"."User"."id_professor", "public"."User"."id_aluno" FROM "public"."User" WHERE "public"."User"."id" = $1 LIMIT $2 OFFSET $3
2023-09-05 13:56:44.103 UTC [34] DETAIL:  parameters: $1 = 'd5f6e5e0-95ac-4fb4-82c4-0f4e108d2c8b', $2 = '1', $3 = '0'
2023-09-05 13:56:50.619 UTC [34] LOG:  execute s3: SELECT "public"."User"."id", "public"."User"."email", "public"."User"."password", "public"."User"."status", "public"."User"."id_departamento", "public"."User"."id_professor", "public"."User"."id_aluno" FROM "public"."User" WHERE "public"."User"."id" = $1 LIMIT $2 OFFSET $3
2023-09-05 13:56:50.619 UTC [34] DETAIL:  parameters: $1 = 'd5f6e5e0-95ac-4fb4-82c4-0f4e108d2c8b', $2 = '1', $3 = '0'
2023-09-05 13:57:37.918 UTC [34] LOG:  statement: SELECT 1
2023-09-05 13:57:37.921 UTC [34] LOG:  execute s3: SELECT "public"."User"."id", "public"."User"."email", "public"."User"."password", "public"."User"."status", "public"."User"."id_departamento", "public"."User"."id_professor", "public"."User"."id_aluno" FROM "public"."User" WHERE "public"."User"."id" = $1 LIMIT $2 OFFSET $3
2023-09-05 13:57:37.921 UTC [34] DETAIL:  parameters: $1 = 'd5f6e5e0-95ac-4fb4-82c4-0f4e108d2c8b', $2 = '1', $3 = '0'
2023-09-05 13:57:47.041 UTC [34] LOG:  execute s3: SELECT "public"."User"."id", "public"."User"."email", "public"."User"."password", "public"."User"."status", "public"."User"."id_departamento", "public"."User"."id_professor", "public"."User"."id_aluno" FROM "public"."User" WHERE "public"."User"."id" = $1 LIMIT $2 OFFSET $3
2023-09-05 13:57:47.041 UTC [34] DETAIL:  parameters: $1 = 'd5f6e5e0-95ac-4fb4-82c4-0f4e108d2c8b', $2 = '1', $3 = '0'
2023-09-05 13:58:02.748 UTC [34] LOG:  statement: SELECT 1
2023-09-05 13:58:02.750 UTC [34] LOG:  execute s3: SELECT "public"."User"."id", "public"."User"."email", "public"."User"."password", "public"."User"."status", "public"."User"."id_departamento", "public"."User"."id_professor", "public"."User"."id_aluno" FROM "public"."User" WHERE "public"."User"."id" = $1 LIMIT $2 OFFSET $3
2023-09-05 13:58:02.750 UTC [34] DETAIL:  parameters: $1 = 'd5f6e5e0-95ac-4fb4-82c4-0f4e108d2c8b', $2 = '1', $3 = '0'
2023-09-05 13:58:07.021 UTC [34] LOG:  execute s3: SELECT "public"."User"."id", "public"."User"."email", "public"."User"."password", "public"."User"."status", "public"."User"."id_departamento", "public"."User"."id_professor", "public"."User"."id_aluno" FROM "public"."User" WHERE "public"."User"."id" = $1 LIMIT $2 OFFSET $3
2023-09-05 13:58:07.021 UTC [34] DETAIL:  parameters: $1 = 'd5f6e5e0-95ac-4fb4-82c4-0f4e108d2c8b', $2 = '1', $3 = '0'
2023-09-05 13:58:40.929 UTC [34] LOG:  statement: SELECT 1
2023-09-05 13:58:40.931 UTC [34] LOG:  execute s3: SELECT "public"."User"."id", "public"."User"."email", "public"."User"."password", "public"."User"."status", "public"."User"."id_departamento", "public"."User"."id_professor", "public"."User"."id_aluno" FROM "public"."User" WHERE "public"."User"."id" = $1 LIMIT $2 OFFSET $3
2023-09-05 13:58:40.931 UTC [34] DETAIL:  parameters: $1 = '1', $2 = '1', $3 = '0'
2023-09-05 13:58:40.965 UTC [34] LOG:  execute s1: SELECT t.typname, t.typtype, t.typelem, r.rngsubtype, t.typbasetype, n.nspname, t.typrelid
	FROM pg_catalog.pg_type t
	LEFT OUTER JOIN pg_catalog.pg_range r ON r.rngtypid = t.oid
	INNER JOIN pg_catalog.pg_namespace n ON t.typnamespace = n.oid
	WHERE t.oid = $1
	
2023-09-05 13:58:40.965 UTC [34] DETAIL:  parameters: $1 = '16419'
2023-09-05 13:58:40.966 UTC [34] LOG:  execute s2: SELECT enumlabel
	FROM pg_catalog.pg_enum
	WHERE enumtypid = $1
	ORDER BY enumsortorder
	
2023-09-05 13:58:40.966 UTC [34] DETAIL:  parameters: $1 = '16419'
2023-09-05 13:58:40.993 UTC [34] LOG:  execute s4: SELECT "public"."Aluno"."id", "public"."Aluno"."nome", "public"."Aluno"."email", "public"."Aluno"."cpf", "public"."Aluno"."sexo", "public"."Aluno"."telefone", "public"."Aluno"."createdAt", "public"."Aluno"."id_turma", "public"."Aluno"."id_curso" FROM "public"."Aluno" WHERE 1=1 OFFSET $1
2023-09-05 13:58:40.993 UTC [34] DETAIL:  parameters: $1 = '0'
2023-09-05 13:58:55.975 UTC [34] LOG:  statement: SELECT 1
2023-09-05 13:58:55.977 UTC [34] LOG:  execute s3: SELECT "public"."User"."id", "public"."User"."email", "public"."User"."password", "public"."User"."status", "public"."User"."id_departamento", "public"."User"."id_professor", "public"."User"."id_aluno" FROM "public"."User" WHERE "public"."User"."id" = $1 LIMIT $2 OFFSET $3
2023-09-05 13:58:55.977 UTC [34] DETAIL:  parameters: $1 = 'd5f6e5e0-95ac-4fb4-82c4-0f4e108d2c8b', $2 = '1', $3 = '0'
2023-09-05 13:58:57.794 UTC [34] LOG:  execute s3: SELECT "public"."User"."id", "public"."User"."email", "public"."User"."password", "public"."User"."status", "public"."User"."id_departamento", "public"."User"."id_professor", "public"."User"."id_aluno" FROM "public"."User" WHERE "public"."User"."id" = $1 LIMIT $2 OFFSET $3
2023-09-05 13:58:57.794 UTC [34] DETAIL:  parameters: $1 = 'd5f6e5e0-95ac-4fb4-82c4-0f4e108d2c8b', $2 = '1', $3 = '0'
2023-09-05 13:58:59.342 UTC [34] LOG:  execute s3: SELECT "public"."User"."id", "public"."User"."email", "public"."User"."password", "public"."User"."status", "public"."User"."id_departamento", "public"."User"."id_professor", "public"."User"."id_aluno" FROM "public"."User" WHERE "public"."User"."id" = $1 LIMIT $2 OFFSET $3
2023-09-05 13:58:59.342 UTC [34] DETAIL:  parameters: $1 = 'd5f6e5e0-95ac-4fb4-82c4-0f4e108d2c8b', $2 = '1', $3 = '0'
2023-09-05 13:59:01.303 UTC [34] LOG:  execute s3: SELECT "public"."User"."id", "public"."User"."email", "public"."User"."password", "public"."User"."status", "public"."User"."id_departamento", "public"."User"."id_professor", "public"."User"."id_aluno" FROM "public"."User" WHERE "public"."User"."id" = $1 LIMIT $2 OFFSET $3
2023-09-05 13:59:01.303 UTC [34] DETAIL:  parameters: $1 = 'd5f6e5e0-95ac-4fb4-82c4-0f4e108d2c8b', $2 = '1', $3 = '0'
2023-09-05 13:59:02.733 UTC [34] LOG:  execute s3: SELECT "public"."User"."id", "public"."User"."email", "public"."User"."password", "public"."User"."status", "public"."User"."id_departamento", "public"."User"."id_professor", "public"."User"."id_aluno" FROM "public"."User" WHERE "public"."User"."id" = $1 LIMIT $2 OFFSET $3
2023-09-05 13:59:02.733 UTC [34] DETAIL:  parameters: $1 = 'd5f6e5e0-95ac-4fb4-82c4-0f4e108d2c8b', $2 = '1', $3 = '0'
2023-09-05 13:59:05.288 UTC [34] LOG:  execute s3: SELECT "public"."User"."id", "public"."User"."email", "public"."User"."password", "public"."User"."status", "public"."User"."id_departamento", "public"."User"."id_professor", "public"."User"."id_aluno" FROM "public"."User" WHERE "public"."User"."id" = $1 LIMIT $2 OFFSET $3
2023-09-05 13:59:05.288 UTC [34] DETAIL:  parameters: $1 = 'd5f6e5e0-95ac-4fb4-82c4-0f4e108d2c8b', $2 = '1', $3 = '0'
2023-09-05 13:59:08.814 UTC [34] LOG:  execute s3: SELECT "public"."User"."id", "public"."User"."email", "public"."User"."password", "public"."User"."status", "public"."User"."id_departamento", "public"."User"."id_professor", "public"."User"."id_aluno" FROM "public"."User" WHERE "public"."User"."id" = $1 LIMIT $2 OFFSET $3
2023-09-05 13:59:08.814 UTC [34] DETAIL:  parameters: $1 = 'd5f6e5e0-95ac-4fb4-82c4-0f4e108d2c8b', $2 = '1', $3 = '0'
2023-09-05 13:59:48.813 UTC [34] LOG:  statement: SELECT 1
2023-09-05 13:59:48.816 UTC [34] LOG:  execute s3: SELECT "public"."User"."id", "public"."User"."email", "public"."User"."password", "public"."User"."status", "public"."User"."id_departamento", "public"."User"."id_professor", "public"."User"."id_aluno" FROM "public"."User" WHERE "public"."User"."id" = $1 LIMIT $2 OFFSET $3
2023-09-05 13:59:48.816 UTC [34] DETAIL:  parameters: $1 = 'd5f6e5e0-95ac-4fb4-82c4-0f4e108d2c8b', $2 = '1', $3 = '0'
2023-09-05 14:00:10.734 UTC [39] LOG:  execute s1: SELECT t.typname, t.typtype, t.typelem, r.rngsubtype, t.typbasetype, n.nspname, t.typrelid
	FROM pg_catalog.pg_type t
	LEFT OUTER JOIN pg_catalog.pg_range r ON r.rngtypid = t.oid
	INNER JOIN pg_catalog.pg_namespace n ON t.typnamespace = n.oid
	WHERE t.oid = $1
	
2023-09-05 14:00:10.734 UTC [39] DETAIL:  parameters: $1 = '16537'
2023-09-05 14:00:10.746 UTC [39] LOG:  execute s2: SELECT enumlabel
	FROM pg_catalog.pg_enum
	WHERE enumtypid = $1
	ORDER BY enumsortorder
	
2023-09-05 14:00:10.746 UTC [39] DETAIL:  parameters: $1 = '16537'
2023-09-05 14:00:10.753 UTC [39] LOG:  execute s0: SELECT "public"."User"."id", "public"."User"."email", "public"."User"."password", "public"."User"."status", "public"."User"."id_departamento", "public"."User"."id_professor", "public"."User"."id_aluno" FROM "public"."User" WHERE "public"."User"."id" = $1 LIMIT $2 OFFSET $3
2023-09-05 14:00:10.753 UTC [39] DETAIL:  parameters: $1 = 'd5f6e5e0-95ac-4fb4-82c4-0f4e108d2c8b', $2 = '1', $3 = '0'
2023-09-05 14:00:39.952 UTC [41] LOG:  execute s1: SELECT t.typname, t.typtype, t.typelem, r.rngsubtype, t.typbasetype, n.nspname, t.typrelid
	FROM pg_catalog.pg_type t
	LEFT OUTER JOIN pg_catalog.pg_range r ON r.rngtypid = t.oid
	INNER JOIN pg_catalog.pg_namespace n ON t.typnamespace = n.oid
	WHERE t.oid = $1
	
2023-09-05 14:00:39.952 UTC [41] DETAIL:  parameters: $1 = '16537'
2023-09-05 14:00:39.962 UTC [41] LOG:  execute s2: SELECT enumlabel
	FROM pg_catalog.pg_enum
	WHERE enumtypid = $1
	ORDER BY enumsortorder
	
2023-09-05 14:00:39.962 UTC [41] DETAIL:  parameters: $1 = '16537'
2023-09-05 14:00:39.969 UTC [41] LOG:  execute s0: SELECT "public"."User"."id", "public"."User"."email", "public"."User"."password", "public"."User"."status", "public"."User"."id_departamento", "public"."User"."id_professor", "public"."User"."id_aluno" FROM "public"."User" WHERE "public"."User"."id" = $1 LIMIT $2 OFFSET $3
2023-09-05 14:00:39.969 UTC [41] DETAIL:  parameters: $1 = 'd5f6e5e0-95ac-4fb4-82c4-0f4e108d2c8b', $2 = '1', $3 = '0'
2023-09-05 14:01:57.747 UTC [43] LOG:  execute s1: SELECT t.typname, t.typtype, t.typelem, r.rngsubtype, t.typbasetype, n.nspname, t.typrelid
	FROM pg_catalog.pg_type t
	LEFT OUTER JOIN pg_catalog.pg_range r ON r.rngtypid = t.oid
	INNER JOIN pg_catalog.pg_namespace n ON t.typnamespace = n.oid
	WHERE t.oid = $1
	
2023-09-05 14:01:57.747 UTC [43] DETAIL:  parameters: $1 = '16537'
2023-09-05 14:01:57.757 UTC [43] LOG:  execute s2: SELECT enumlabel
	FROM pg_catalog.pg_enum
	WHERE enumtypid = $1
	ORDER BY enumsortorder
	
2023-09-05 14:01:57.757 UTC [43] DETAIL:  parameters: $1 = '16537'
2023-09-05 14:01:57.762 UTC [43] LOG:  execute s0: SELECT "public"."User"."id", "public"."User"."email", "public"."User"."password", "public"."User"."status", "public"."User"."id_departamento", "public"."User"."id_professor", "public"."User"."id_aluno" FROM "public"."User" WHERE "public"."User"."id" = $1 LIMIT $2 OFFSET $3
2023-09-05 14:01:57.762 UTC [43] DETAIL:  parameters: $1 = 'd5f6e5e0-95ac-4fb4-82c4-0f4e108d2c8b', $2 = '1', $3 = '0'
2023-09-05 14:02:19.307 UTC [43] LOG:  statement: SELECT 1
2023-09-05 14:02:19.309 UTC [43] LOG:  execute s0: SELECT "public"."User"."id", "public"."User"."email", "public"."User"."password", "public"."User"."status", "public"."User"."id_departamento", "public"."User"."id_professor", "public"."User"."id_aluno" FROM "public"."User" WHERE "public"."User"."id" = $1 LIMIT $2 OFFSET $3
2023-09-05 14:02:19.309 UTC [43] DETAIL:  parameters: $1 = '1', $2 = '1', $3 = '0'
2023-09-05 14:02:19.317 UTC [43] LOG:  execute s1: SELECT t.typname, t.typtype, t.typelem, r.rngsubtype, t.typbasetype, n.nspname, t.typrelid
	FROM pg_catalog.pg_type t
	LEFT OUTER JOIN pg_catalog.pg_range r ON r.rngtypid = t.oid
	INNER JOIN pg_catalog.pg_namespace n ON t.typnamespace = n.oid
	WHERE t.oid = $1
	
2023-09-05 14:02:19.317 UTC [43] DETAIL:  parameters: $1 = '16419'
2023-09-05 14:02:19.319 UTC [43] LOG:  execute s2: SELECT enumlabel
	FROM pg_catalog.pg_enum
	WHERE enumtypid = $1
	ORDER BY enumsortorder
	
2023-09-05 14:02:19.319 UTC [43] DETAIL:  parameters: $1 = '16419'
2023-09-05 14:02:19.325 UTC [43] LOG:  execute s3: SELECT "public"."Aluno"."id", "public"."Aluno"."nome", "public"."Aluno"."email", "public"."Aluno"."cpf", "public"."Aluno"."sexo", "public"."Aluno"."telefone", "public"."Aluno"."createdAt", "public"."Aluno"."id_turma", "public"."Aluno"."id_curso" FROM "public"."Aluno" WHERE 1=1 OFFSET $1
2023-09-05 14:02:19.325 UTC [43] DETAIL:  parameters: $1 = '0'
2023-09-05 14:02:22.640 UTC [43] LOG:  execute s0: SELECT "public"."User"."id", "public"."User"."email", "public"."User"."password", "public"."User"."status", "public"."User"."id_departamento", "public"."User"."id_professor", "public"."User"."id_aluno" FROM "public"."User" WHERE "public"."User"."id" = $1 LIMIT $2 OFFSET $3
2023-09-05 14:02:22.640 UTC [43] DETAIL:  parameters: $1 = '1', $2 = '1', $3 = '0'
2023-09-05 14:02:22.646 UTC [43] LOG:  execute s3: SELECT "public"."Aluno"."id", "public"."Aluno"."nome", "public"."Aluno"."email", "public"."Aluno"."cpf", "public"."Aluno"."sexo", "public"."Aluno"."telefone", "public"."Aluno"."createdAt", "public"."Aluno"."id_turma", "public"."Aluno"."id_curso" FROM "public"."Aluno" WHERE 1=1 OFFSET $1
2023-09-05 14:02:22.646 UTC [43] DETAIL:  parameters: $1 = '0'
2023-09-05 14:02:24.078 UTC [43] LOG:  execute s0: SELECT "public"."User"."id", "public"."User"."email", "public"."User"."password", "public"."User"."status", "public"."User"."id_departamento", "public"."User"."id_professor", "public"."User"."id_aluno" FROM "public"."User" WHERE "public"."User"."id" = $1 LIMIT $2 OFFSET $3
2023-09-05 14:02:24.078 UTC [43] DETAIL:  parameters: $1 = '1', $2 = '1', $3 = '0'
2023-09-05 14:02:24.084 UTC [43] LOG:  execute s3: SELECT "public"."Aluno"."id", "public"."Aluno"."nome", "public"."Aluno"."email", "public"."Aluno"."cpf", "public"."Aluno"."sexo", "public"."Aluno"."telefone", "public"."Aluno"."createdAt", "public"."Aluno"."id_turma", "public"."Aluno"."id_curso" FROM "public"."Aluno" WHERE 1=1 OFFSET $1
2023-09-05 14:02:24.084 UTC [43] DETAIL:  parameters: $1 = '0'
2023-09-05 14:03:18.523 UTC [46] LOG:  statement: SELECT CURRENT_SCHEMA() AS schema
2023-09-05 14:03:18.546 UTC [46] LOG:  statement: select version()
2023-09-05 14:03:18.551 UTC [46] LOG:  statement: 
	      SELECT      n.nspname as schema, t.typname as typename, t.oid::int4 as typeid
	      FROM        pg_type t
	      LEFT JOIN   pg_catalog.pg_namespace n ON n.oid = t.typnamespace
	      WHERE       (t.typrelid = 0 OR (SELECT c.relkind = 'c' FROM pg_catalog.pg_class c WHERE c.oid = t.typrelid))
	      AND     NOT EXISTS(SELECT 1 FROM pg_catalog.pg_type el WHERE el.oid = t.typelem AND el.typarray = t.oid)
	      AND     n.nspname NOT IN ('pg_catalog', 'information_schema');
	    
2023-09-05 14:03:18.602 UTC [46] LOG:  statement: select version()
2023-09-05 14:03:18.841 UTC [46] LOG:  execute <unnamed>: 
	    SELECT datname
	    FROM pg_database
	    WHERE datistemplate = $1
	    
	    ORDER BY datname
	  
2023-09-05 14:03:18.841 UTC [46] DETAIL:  parameters: $1 = 'f'
2023-09-05 14:03:19.089 UTC [47] LOG:  statement: select version()
2023-09-05 14:03:19.093 UTC [47] LOG:  statement: 
	    SELECT
	      t.table_schema as schema,
	      t.table_name as name,
	  
	        pc.relkind as tabletype
	      FROM information_schema.tables AS t
	      JOIN pg_class AS pc
	        ON t.table_name = pc.relname AND quote_ident(t.table_schema) = pc.relnamespace::regnamespace::text
	      LEFT OUTER JOIN pg_inherits AS i
	        ON pc.oid = i.inhrelid
	      WHERE t.table_type NOT LIKE '%VIEW%'
	      AND i.inhrelid::regclass IS NULL
	    
	    
	    ORDER BY t.table_schema, t.table_name
	  
2023-09-05 14:03:19.230 UTC [47] LOG:  statement: 
	    SELECT
	      table_schema as schema,
	      table_name as name
	    FROM information_schema.views
	    
	    ORDER BY table_schema, table_name
	  
2023-09-05 14:03:19.239 UTC [47] LOG:  statement: select version()
2023-09-05 14:03:19.241 UTC [47] LOG:  statement: 
	    SELECT
	      schemaname as schema,
	      matviewname as name
	    FROM pg_matviews
	    
	    order by schemaname, matviewname;
	  
2023-09-05 14:03:19.309 UTC [47] LOG:  statement: select version()
2023-09-05 14:03:19.361 UTC [47] LOG:  statement: 
	    SELECT
	      r.specific_name as id,
	      r.routine_schema as routine_schema,
	      r.routine_name as name,
	      r.routine_type as routine_type,
	      r.data_type as data_type
	    FROM INFORMATION_SCHEMA.ROUTINES r
	    where r.routine_schema not in ('sys', 'information_schema',
	                                'pg_catalog', 'performance_schema')
	    
	    ORDER BY routine_schema, routine_name
	  
2023-09-05 14:03:19.503 UTC [47] LOG:  statement: 
	    select
	        r.routine_schema as routine_schema,
	        r.specific_name as specific_name,
	        p.parameter_name as parameter_name,
	        p.character_maximum_length as char_length,
	        p.data_type as data_type
	  from information_schema.routines r
	  left join information_schema.parameters p
	            on p.specific_schema = r.routine_schema
	            and p.specific_name = r.specific_name
	  where r.routine_schema not in ('sys', 'information_schema',
	                                'pg_catalog', 'performance_schema')
	    
	
	      AND p.parameter_mode = 'IN'
	  order by r.routine_schema,
	          r.specific_name,
	          p.ordinal_position;
	
	  
2023-09-05 14:03:21.721 UTC [47] LOG:  execute <unnamed>: 
	    SELECT
	      table_schema,
	      table_name,
	      column_name,
	      is_nullable,
	      ordinal_position,
	      column_default,
	      CASE
	        WHEN character_maximum_length is not null  and udt_name != 'text'
	          THEN CONCAT(udt_name, concat('(', concat(character_maximum_length::varchar(255), ')')))
	        WHEN datetime_precision is not null THEN
	          CONCAT(udt_name, concat('(', concat(datetime_precision::varchar(255), ')')))
	        ELSE udt_name
	      END as data_type
	    FROM information_schema.columns
	    WHERE table_schema = $1 AND table_name = $2
	    ORDER BY table_schema, table_name, ordinal_position
	  
2023-09-05 14:03:21.721 UTC [47] DETAIL:  parameters: $1 = 'public', $2 = 'Aluno'
2023-09-05 14:03:21.810 UTC [47] LOG:  execute <unnamed>: 
	    SELECT
	        tc.table_schema as from_schema,
	        tc.table_name as from_table,
	        kcu.column_name as from_column,
	        ccu.table_schema AS to_schema,
	        ccu.table_name AS to_table,
	        ccu.column_name AS to_column,
	        tc.constraint_name,
	        rc.update_rule as update_rule,
	        rc.delete_rule as delete_rule
	    FROM
	        information_schema.table_constraints AS tc
	        JOIN information_schema.key_column_usage AS kcu
	          ON tc.constraint_name = kcu.constraint_name
	          AND tc.table_schema = kcu.table_schema
	        JOIN information_schema.constraint_column_usage AS ccu
	          ON ccu.constraint_name = tc.constraint_name
	          AND ccu.table_schema = tc.table_schema
	         JOIN information_schema.referential_constraints rc
	          on tc.constraint_name = rc.constraint_name
	          and tc.table_schema = rc.constraint_schema
	    WHERE tc.constraint_type = 'FOREIGN KEY'
	    AND tc.table_name= $1 and tc.table_schema = $2;
	
	  
2023-09-05 14:03:21.810 UTC [47] DETAIL:  parameters: $1 = 'Aluno', $2 = 'public'
2023-09-05 14:03:21.827 UTC [47] LOG:  statement: select version()
2023-09-05 14:03:21.830 UTC [47] LOG:  statement: 
	    SELECT
	      a.attname as column_name,
	      format_type(a.atttypid, a.atttypmod) AS data_type,
	      a.attnum as position
	    FROM   pg_index i
	    JOIN   pg_attribute a ON a.attrelid = i.indrelid
	                        AND a.attnum = ANY(i.indkey)
	    WHERE  i.indrelid = '"public"."Aluno"'::regclass
	    AND    i.indisprimary
	    ORDER BY a.attnum
	  
2023-09-05 14:03:21.926 UTC [47] LOG:  statement: select version()
2023-09-05 14:03:21.932 UTC [47] LOG:  statement: 
	    SELECT * 
	    FROM "public"."Aluno"
	    
	  
	    order by "id" asc
	    LIMIT 100
	    OFFSET 0
	    
2023-09-05 14:03:47.260 UTC [49] LOG:  execute s1: SELECT t.typname, t.typtype, t.typelem, r.rngsubtype, t.typbasetype, n.nspname, t.typrelid
	FROM pg_catalog.pg_type t
	LEFT OUTER JOIN pg_catalog.pg_range r ON r.rngtypid = t.oid
	INNER JOIN pg_catalog.pg_namespace n ON t.typnamespace = n.oid
	WHERE t.oid = $1
	
2023-09-05 14:03:47.260 UTC [49] DETAIL:  parameters: $1 = '16537'
2023-09-05 14:03:47.270 UTC [49] LOG:  execute s2: SELECT enumlabel
	FROM pg_catalog.pg_enum
	WHERE enumtypid = $1
	ORDER BY enumsortorder
	
2023-09-05 14:03:47.270 UTC [49] DETAIL:  parameters: $1 = '16537'
2023-09-05 14:03:47.277 UTC [49] LOG:  execute s0: SELECT "public"."User"."id", "public"."User"."email", "public"."User"."password", "public"."User"."status", "public"."User"."id_departamento", "public"."User"."id_professor", "public"."User"."id_aluno" FROM "public"."User" WHERE "public"."User"."id" = $1 LIMIT $2 OFFSET $3
2023-09-05 14:03:47.277 UTC [49] DETAIL:  parameters: $1 = '1', $2 = '1', $3 = '0'
2023-09-05 14:03:47.291 UTC [49] LOG:  execute s1: SELECT t.typname, t.typtype, t.typelem, r.rngsubtype, t.typbasetype, n.nspname, t.typrelid
	FROM pg_catalog.pg_type t
	LEFT OUTER JOIN pg_catalog.pg_range r ON r.rngtypid = t.oid
	INNER JOIN pg_catalog.pg_namespace n ON t.typnamespace = n.oid
	WHERE t.oid = $1
	
2023-09-05 14:03:47.291 UTC [49] DETAIL:  parameters: $1 = '16419'
2023-09-05 14:03:47.293 UTC [49] LOG:  execute s2: SELECT enumlabel
	FROM pg_catalog.pg_enum
	WHERE enumtypid = $1
	ORDER BY enumsortorder
	
2023-09-05 14:03:47.293 UTC [49] DETAIL:  parameters: $1 = '16419'
2023-09-05 14:03:47.300 UTC [49] LOG:  execute s3: SELECT "public"."Aluno"."id", "public"."Aluno"."nome", "public"."Aluno"."email", "public"."Aluno"."cpf", "public"."Aluno"."sexo", "public"."Aluno"."telefone", "public"."Aluno"."createdAt", "public"."Aluno"."id_turma", "public"."Aluno"."id_curso" FROM "public"."Aluno" WHERE 1=1 OFFSET $1
2023-09-05 14:03:47.300 UTC [49] DETAIL:  parameters: $1 = '0'
2023-09-05 14:07:13.456 UTC [53] LOG:  execute s1: SELECT t.typname, t.typtype, t.typelem, r.rngsubtype, t.typbasetype, n.nspname, t.typrelid
	FROM pg_catalog.pg_type t
	LEFT OUTER JOIN pg_catalog.pg_range r ON r.rngtypid = t.oid
	INNER JOIN pg_catalog.pg_namespace n ON t.typnamespace = n.oid
	WHERE t.oid = $1
	
2023-09-05 14:07:13.456 UTC [53] DETAIL:  parameters: $1 = '16537'
2023-09-05 14:07:13.463 UTC [53] LOG:  execute s2: SELECT enumlabel
	FROM pg_catalog.pg_enum
	WHERE enumtypid = $1
	ORDER BY enumsortorder
	
2023-09-05 14:07:13.463 UTC [53] DETAIL:  parameters: $1 = '16537'
2023-09-05 14:07:13.470 UTC [53] LOG:  execute s0: SELECT "public"."User"."id", "public"."User"."email", "public"."User"."password", "public"."User"."status", "public"."User"."id_departamento", "public"."User"."id_professor", "public"."User"."id_aluno" FROM "public"."User" WHERE "public"."User"."id" = $1 LIMIT $2 OFFSET $3
2023-09-05 14:07:13.470 UTC [53] DETAIL:  parameters: $1 = '1', $2 = '1', $3 = '0'
2023-09-05 14:07:13.484 UTC [53] LOG:  execute s1: SELECT t.typname, t.typtype, t.typelem, r.rngsubtype, t.typbasetype, n.nspname, t.typrelid
	FROM pg_catalog.pg_type t
	LEFT OUTER JOIN pg_catalog.pg_range r ON r.rngtypid = t.oid
	INNER JOIN pg_catalog.pg_namespace n ON t.typnamespace = n.oid
	WHERE t.oid = $1
	
2023-09-05 14:07:13.484 UTC [53] DETAIL:  parameters: $1 = '16419'
2023-09-05 14:07:13.486 UTC [53] LOG:  execute s2: SELECT enumlabel
	FROM pg_catalog.pg_enum
	WHERE enumtypid = $1
	ORDER BY enumsortorder
	
2023-09-05 14:07:13.486 UTC [53] DETAIL:  parameters: $1 = '16419'
2023-09-05 14:07:13.489 UTC [53] LOG:  execute s3: SELECT "public"."Aluno"."id", "public"."Aluno"."nome", "public"."Aluno"."email", "public"."Aluno"."cpf", "public"."Aluno"."sexo", "public"."Aluno"."telefone", "public"."Aluno"."createdAt", "public"."Aluno"."id_turma", "public"."Aluno"."id_curso" FROM "public"."Aluno" WHERE 1=1 OFFSET $1
2023-09-05 14:07:13.489 UTC [53] DETAIL:  parameters: $1 = '0'
2023-09-05 14:11:08.956 UTC [58] LOG:  execute s1: SELECT t.typname, t.typtype, t.typelem, r.rngsubtype, t.typbasetype, n.nspname, t.typrelid
	FROM pg_catalog.pg_type t
	LEFT OUTER JOIN pg_catalog.pg_range r ON r.rngtypid = t.oid
	INNER JOIN pg_catalog.pg_namespace n ON t.typnamespace = n.oid
	WHERE t.oid = $1
	
2023-09-05 14:11:08.956 UTC [58] DETAIL:  parameters: $1 = '16537'
2023-09-05 14:11:08.967 UTC [58] LOG:  execute s2: SELECT enumlabel
	FROM pg_catalog.pg_enum
	WHERE enumtypid = $1
	ORDER BY enumsortorder
	
2023-09-05 14:11:08.967 UTC [58] DETAIL:  parameters: $1 = '16537'
2023-09-05 14:11:08.974 UTC [58] LOG:  execute s0: SELECT "public"."User"."id", "public"."User"."email", "public"."User"."password", "public"."User"."status", "public"."User"."id_departamento", "public"."User"."id_professor", "public"."User"."id_aluno" FROM "public"."User" WHERE "public"."User"."id" = $1 LIMIT $2 OFFSET $3
2023-09-05 14:11:08.974 UTC [58] DETAIL:  parameters: $1 = '1', $2 = '1', $3 = '0'
2023-09-05 14:11:08.990 UTC [58] LOG:  execute s1: SELECT t.typname, t.typtype, t.typelem, r.rngsubtype, t.typbasetype, n.nspname, t.typrelid
	FROM pg_catalog.pg_type t
	LEFT OUTER JOIN pg_catalog.pg_range r ON r.rngtypid = t.oid
	INNER JOIN pg_catalog.pg_namespace n ON t.typnamespace = n.oid
	WHERE t.oid = $1
	
2023-09-05 14:11:08.990 UTC [58] DETAIL:  parameters: $1 = '16419'
2023-09-05 14:11:08.992 UTC [58] LOG:  execute s2: SELECT enumlabel
	FROM pg_catalog.pg_enum
	WHERE enumtypid = $1
	ORDER BY enumsortorder
	
2023-09-05 14:11:08.992 UTC [58] DETAIL:  parameters: $1 = '16419'
2023-09-05 14:11:08.999 UTC [58] LOG:  execute s3: SELECT "public"."Aluno"."id", "public"."Aluno"."nome", "public"."Aluno"."email", "public"."Aluno"."cpf", "public"."Aluno"."sexo", "public"."Aluno"."telefone", "public"."Aluno"."createdAt", "public"."Aluno"."id_turma", "public"."Aluno"."id_curso" FROM "public"."Aluno" WHERE 1=1 OFFSET $1
2023-09-05 14:11:08.999 UTC [58] DETAIL:  parameters: $1 = '0'
