2023-07-15 13:50:47.774 UTC [1] LOG:  starting PostgreSQL 15.3 (Debian 15.3-1.pgdg120+1) on x86_64-pc-linux-gnu, compiled by gcc (Debian 12.2.0-14) 12.2.0, 64-bit
2023-07-15 13:50:47.775 UTC [1] LOG:  listening on IPv4 address "0.0.0.0", port 5432
2023-07-15 13:50:47.775 UTC [1] LOG:  listening on IPv6 address "::", port 5432
2023-07-15 13:50:47.796 UTC [1] LOG:  listening on Unix socket "/var/run/postgresql/.s.PGSQL.5432"
2023-07-15 13:50:47.883 UTC [30] LOG:  database system was interrupted; last known up at 2023-07-14 22:16:44 UTC
2023-07-15 13:50:57.895 UTC [30] LOG:  syncing data directory (pre-fsync), elapsed time: 10.00 s, current path: ./base/4/2610_vm
2023-07-15 13:51:05.652 UTC [30] LOG:  database system was not properly shut down; automatic recovery in progress
2023-07-15 13:51:05.715 UTC [30] LOG:  redo starts at 0/76D9600
2023-07-15 13:51:05.716 UTC [30] LOG:  invalid record length at 0/76D96E8: wanted 24, got 0
2023-07-15 13:51:05.716 UTC [30] LOG:  redo done at 0/76D96B0 system usage: CPU: user: 0.00 s, system: 0.00 s, elapsed: 0.00 s
2023-07-15 13:51:05.816 UTC [28] LOG:  checkpoint starting: end-of-recovery immediate wait
2023-07-15 13:51:05.887 UTC [28] LOG:  checkpoint complete: wrote 2 buffers (0.0%); 0 WAL file(s) added, 0 removed, 0 recycled; write=0.015 s, sync=0.009 s, total=0.076 s; sync files=3, longest=0.004 s, average=0.003 s; distance=0 kB, estimate=0 kB
2023-07-15 13:51:05.914 UTC [1] LOG:  database system is ready to accept connections
2023-07-15 13:58:53.388 UTC [35] LOG:  statement: SELECT CURRENT_SCHEMA() AS schema
2023-07-15 13:58:53.416 UTC [35] LOG:  statement: select version()
2023-07-15 13:58:53.421 UTC [35] LOG:  statement: 
	      SELECT      n.nspname as schema, t.typname as typename, t.oid::int4 as typeid
	      FROM        pg_type t
	      LEFT JOIN   pg_catalog.pg_namespace n ON n.oid = t.typnamespace
	      WHERE       (t.typrelid = 0 OR (SELECT c.relkind = 'c' FROM pg_catalog.pg_class c WHERE c.oid = t.typrelid))
	      AND     NOT EXISTS(SELECT 1 FROM pg_catalog.pg_type el WHERE el.oid = t.typelem AND el.typarray = t.oid)
	      AND     n.nspname NOT IN ('pg_catalog', 'information_schema');
	    
2023-07-15 13:58:53.500 UTC [35] LOG:  statement: select version()
2023-07-15 13:58:53.713 UTC [35] LOG:  execute <unnamed>: 
	    SELECT datname
	    FROM pg_database
	    WHERE datistemplate = $1
	    
	    ORDER BY datname
	  
2023-07-15 13:58:53.713 UTC [35] DETAIL:  parameters: $1 = 'f'
2023-07-15 13:58:54.007 UTC [36] LOG:  statement: select version()
2023-07-15 13:58:54.010 UTC [36] LOG:  statement: 
	    SELECT
	      t.table_schema as schema,
	      t.table_name as name,
	  
	        pc.relkind as tabletype
	      FROM information_schema.tables AS t
	      JOIN pg_class AS pc
	        ON t.table_name = pc.relname AND quote_ident(t.table_schema) = pc.relnamespace::regnamespace::text
	      LEFT OUTER JOIN pg_inherits AS i
	        ON pc.oid = i.inhrelid
	      WHERE t.table_type NOT LIKE '%VIEW%'
	      AND i.inhrelid::regclass IS NULL
	    
	    
	    ORDER BY t.table_schema, t.table_name
	  
2023-07-15 13:58:54.126 UTC [36] LOG:  statement: 
	    SELECT
	      table_schema as schema,
	      table_name as name
	    FROM information_schema.views
	    
	    ORDER BY table_schema, table_name
	  
2023-07-15 13:58:54.143 UTC [36] LOG:  statement: select version()
2023-07-15 13:58:54.151 UTC [36] LOG:  statement: 
	    SELECT
	      schemaname as schema,
	      matviewname as name
	    FROM pg_matviews
	    
	    order by schemaname, matviewname;
	  
2023-07-15 13:58:54.207 UTC [36] LOG:  statement: select version()
2023-07-15 13:58:54.233 UTC [36] LOG:  statement: 
	    SELECT
	      r.specific_name as id,
	      r.routine_schema as routine_schema,
	      r.routine_name as name,
	      r.routine_type as routine_type,
	      r.data_type as data_type
	    FROM INFORMATION_SCHEMA.ROUTINES r
	    where r.routine_schema not in ('sys', 'information_schema',
	                                'pg_catalog', 'performance_schema')
	    
	    ORDER BY routine_schema, routine_name
	  
2023-07-15 13:58:54.332 UTC [36] LOG:  statement: 
	    select
	        r.routine_schema as routine_schema,
	        r.specific_name as specific_name,
	        p.parameter_name as parameter_name,
	        p.character_maximum_length as char_length,
	        p.data_type as data_type
	  from information_schema.routines r
	  left join information_schema.parameters p
	            on p.specific_schema = r.routine_schema
	            and p.specific_name = r.specific_name
	  where r.routine_schema not in ('sys', 'information_schema',
	                                'pg_catalog', 'performance_schema')
	    
	
	      AND p.parameter_mode = 'IN'
	  order by r.routine_schema,
	          r.specific_name,
	          p.ordinal_position;
	
	  
2023-07-15 13:58:57.117 UTC [36] LOG:  execute <unnamed>: 
	    SELECT
	      table_schema,
	      table_name,
	      column_name,
	      is_nullable,
	      ordinal_position,
	      column_default,
	      CASE
	        WHEN character_maximum_length is not null  and udt_name != 'text'
	          THEN CONCAT(udt_name, concat('(', concat(character_maximum_length::varchar(255), ')')))
	        WHEN datetime_precision is not null THEN
	          CONCAT(udt_name, concat('(', concat(datetime_precision::varchar(255), ')')))
	        ELSE udt_name
	      END as data_type
	    FROM information_schema.columns
	    WHERE table_schema = $1 AND table_name = $2
	    ORDER BY table_schema, table_name, ordinal_position
	  
2023-07-15 13:58:57.117 UTC [36] DETAIL:  parameters: $1 = 'public', $2 = 'CursoDisciplina'
2023-07-15 13:58:57.173 UTC [36] LOG:  execute <unnamed>: 
	    SELECT
	        tc.table_schema as from_schema,
	        tc.table_name as from_table,
	        kcu.column_name as from_column,
	        ccu.table_schema AS to_schema,
	        ccu.table_name AS to_table,
	        ccu.column_name AS to_column,
	        tc.constraint_name,
	        rc.update_rule as update_rule,
	        rc.delete_rule as delete_rule
	    FROM
	        information_schema.table_constraints AS tc
	        JOIN information_schema.key_column_usage AS kcu
	          ON tc.constraint_name = kcu.constraint_name
	          AND tc.table_schema = kcu.table_schema
	        JOIN information_schema.constraint_column_usage AS ccu
	          ON ccu.constraint_name = tc.constraint_name
	          AND ccu.table_schema = tc.table_schema
	         JOIN information_schema.referential_constraints rc
	          on tc.constraint_name = rc.constraint_name
	          and tc.table_schema = rc.constraint_schema
	    WHERE tc.constraint_type = 'FOREIGN KEY'
	    AND tc.table_name= $1 and tc.table_schema = $2;
	
	  
2023-07-15 13:58:57.173 UTC [36] DETAIL:  parameters: $1 = 'CursoDisciplina', $2 = 'public'
2023-07-15 13:58:57.192 UTC [36] LOG:  statement: select version()
2023-07-15 13:58:57.195 UTC [36] LOG:  statement: 
	    SELECT
	      a.attname as column_name,
	      format_type(a.atttypid, a.atttypmod) AS data_type,
	      a.attnum as position
	    FROM   pg_index i
	    JOIN   pg_attribute a ON a.attrelid = i.indrelid
	                        AND a.attnum = ANY(i.indkey)
	    WHERE  i.indrelid = '"public"."CursoDisciplina"'::regclass
	    AND    i.indisprimary
	    ORDER BY a.attnum
	  
2023-07-15 13:58:57.267 UTC [36] LOG:  statement: select version()
2023-07-15 13:58:57.276 UTC [36] LOG:  statement: 
	    SELECT * 
	    FROM "public"."CursoDisciplina"
	    
	  
	    order by "id" asc
	    LIMIT 100
	    OFFSET 0
	    
2023-07-15 13:59:50.982 UTC [38] LOG:  execute s0: SELECT "public"."CursoDisciplina"."id", "public"."CursoDisciplina"."id_curso", "public"."CursoDisciplina"."id_disciplina" FROM "public"."CursoDisciplina" WHERE 1=1 OFFSET $1
2023-07-15 13:59:50.982 UTC [38] DETAIL:  parameters: $1 = '0'
2023-07-15 13:59:59.315 UTC [38] LOG:  execute s1: SELECT "public"."CursoDisciplina"."id", "public"."CursoDisciplina"."id_disciplina" FROM "public"."CursoDisciplina" WHERE "public"."CursoDisciplina"."id_curso" = $1 OFFSET $2
2023-07-15 13:59:59.315 UTC [38] DETAIL:  parameters: $1 = '6', $2 = '0'
2023-07-15 13:59:59.328 UTC [38] LOG:  statement: BEGIN
2023-07-15 13:59:59.335 UTC [38] LOG:  execute s2: SELECT "public"."CursoDisciplina"."id" FROM "public"."CursoDisciplina" WHERE ("public"."CursoDisciplina"."id_curso" = $1 AND "public"."CursoDisciplina"."id_disciplina" IN ($2)) OFFSET $3
2023-07-15 13:59:59.335 UTC [38] DETAIL:  parameters: $1 = '6', $2 = '6', $3 = '0'
2023-07-15 13:59:59.339 UTC [38] LOG:  execute s3: SELECT "public"."CursoDisciplina"."id" FROM "public"."CursoDisciplina" WHERE ("public"."CursoDisciplina"."id_curso" = $1 AND "public"."CursoDisciplina"."id_disciplina" IN ($2))
2023-07-15 13:59:59.339 UTC [38] DETAIL:  parameters: $1 = '6', $2 = '6'
2023-07-15 13:59:59.348 UTC [38] LOG:  execute s4: DELETE FROM "public"."CursoDisciplina" WHERE ("public"."CursoDisciplina"."id" IN ($1) AND ("public"."CursoDisciplina"."id_curso" = $2 AND "public"."CursoDisciplina"."id_disciplina" IN ($3)))
2023-07-15 13:59:59.348 UTC [38] DETAIL:  parameters: $1 = '5', $2 = '6', $3 = '6'
2023-07-15 13:59:59.363 UTC [38] LOG:  execute s5: INSERT INTO "public"."CursoDisciplina" ("id_disciplina","id_curso") VALUES ($1,$2)
2023-07-15 13:59:59.363 UTC [38] DETAIL:  parameters: $1 = '9', $2 = '6'
2023-07-15 13:59:59.385 UTC [38] ERROR:  insert or update on table "CursoDisciplina" violates foreign key constraint "CursoDisciplina_id_disciplina_fkey"
2023-07-15 13:59:59.385 UTC [38] DETAIL:  Key (id_disciplina)=(9) is not present in table "Disciplina".
2023-07-15 13:59:59.385 UTC [38] STATEMENT:  INSERT INTO "public"."CursoDisciplina" ("id_disciplina","id_curso") VALUES ($1,$2)
2023-07-15 13:59:59.388 UTC [38] LOG:  statement: ROLLBACK
2023-07-15 14:00:14.608 UTC [38] LOG:  statement: SELECT 1
2023-07-15 14:00:14.611 UTC [38] LOG:  execute s1: SELECT "public"."CursoDisciplina"."id", "public"."CursoDisciplina"."id_disciplina" FROM "public"."CursoDisciplina" WHERE "public"."CursoDisciplina"."id_curso" = $1 OFFSET $2
2023-07-15 14:00:14.611 UTC [38] DETAIL:  parameters: $1 = '6', $2 = '0'
2023-07-15 14:00:14.615 UTC [38] LOG:  statement: BEGIN
2023-07-15 14:00:14.617 UTC [38] LOG:  execute s2: SELECT "public"."CursoDisciplina"."id" FROM "public"."CursoDisciplina" WHERE ("public"."CursoDisciplina"."id_curso" = $1 AND "public"."CursoDisciplina"."id_disciplina" IN ($2)) OFFSET $3
2023-07-15 14:00:14.617 UTC [38] DETAIL:  parameters: $1 = '6', $2 = '6', $3 = '0'
2023-07-15 14:00:14.619 UTC [38] LOG:  execute s3: SELECT "public"."CursoDisciplina"."id" FROM "public"."CursoDisciplina" WHERE ("public"."CursoDisciplina"."id_curso" = $1 AND "public"."CursoDisciplina"."id_disciplina" IN ($2))
2023-07-15 14:00:14.619 UTC [38] DETAIL:  parameters: $1 = '6', $2 = '6'
2023-07-15 14:00:14.620 UTC [38] LOG:  execute s4: DELETE FROM "public"."CursoDisciplina" WHERE ("public"."CursoDisciplina"."id" IN ($1) AND ("public"."CursoDisciplina"."id_curso" = $2 AND "public"."CursoDisciplina"."id_disciplina" IN ($3)))
2023-07-15 14:00:14.620 UTC [38] DETAIL:  parameters: $1 = '5', $2 = '6', $3 = '6'
2023-07-15 14:00:14.624 UTC [38] LOG:  statement: COMMIT
2023-07-15 14:00:14.648 UTC [38] LOG:  execute s6: SELECT "public"."CursoDisciplina"."id", "public"."CursoDisciplina"."id_curso", "public"."CursoDisciplina"."id_disciplina" FROM "public"."CursoDisciplina" WHERE "public"."CursoDisciplina"."id_curso" = $1 OFFSET $2
2023-07-15 14:00:14.648 UTC [38] DETAIL:  parameters: $1 = '6', $2 = '0'
2023-07-15 14:00:17.952 UTC [38] LOG:  execute s0: SELECT "public"."CursoDisciplina"."id", "public"."CursoDisciplina"."id_curso", "public"."CursoDisciplina"."id_disciplina" FROM "public"."CursoDisciplina" WHERE 1=1 OFFSET $1
2023-07-15 14:00:17.952 UTC [38] DETAIL:  parameters: $1 = '0'
2023-07-15 14:01:06.015 UTC [28] LOG:  checkpoint starting: time
2023-07-15 14:01:06.530 UTC [28] LOG:  checkpoint complete: wrote 5 buffers (0.0%); 0 WAL file(s) added, 0 removed, 0 recycled; write=0.433 s, sync=0.014 s, total=0.515 s; sync files=5, longest=0.006 s, average=0.003 s; distance=1 kB, estimate=1 kB
2023-07-15 14:02:34.550 UTC [38] LOG:  statement: SELECT 1
2023-07-15 14:02:34.552 UTC [38] LOG:  execute s0: SELECT "public"."CursoDisciplina"."id", "public"."CursoDisciplina"."id_curso", "public"."CursoDisciplina"."id_disciplina" FROM "public"."CursoDisciplina" WHERE 1=1 OFFSET $1
2023-07-15 14:02:34.552 UTC [38] DETAIL:  parameters: $1 = '0'
2023-07-15 14:02:38.447 UTC [38] LOG:  execute s6: SELECT "public"."CursoDisciplina"."id", "public"."CursoDisciplina"."id_curso", "public"."CursoDisciplina"."id_disciplina" FROM "public"."CursoDisciplina" WHERE "public"."CursoDisciplina"."id_curso" = $1 OFFSET $2
2023-07-15 14:02:38.447 UTC [38] DETAIL:  parameters: $1 = '6', $2 = '0'
