2023-07-06 13:26:18.089 UTC [1] LOG:  starting PostgreSQL 15.3 (Debian 15.3-1.pgdg120+1) on x86_64-pc-linux-gnu, compiled by gcc (Debian 12.2.0-14) 12.2.0, 64-bit
2023-07-06 13:26:18.091 UTC [1] LOG:  listening on IPv4 address "0.0.0.0", port 5432
2023-07-06 13:26:18.091 UTC [1] LOG:  listening on IPv6 address "::", port 5432
2023-07-06 13:26:18.183 UTC [1] LOG:  listening on Unix socket "/var/run/postgresql/.s.PGSQL.5432"
2023-07-06 13:26:18.298 UTC [30] LOG:  database system was shut down at 2023-07-05 23:38:57 UTC
2023-07-06 13:26:18.487 UTC [1] LOG:  database system is ready to accept connections
2023-07-06 13:31:18.397 UTC [28] LOG:  checkpoint starting: time
2023-07-06 13:31:18.642 UTC [28] LOG:  checkpoint complete: wrote 2 buffers (0.0%); 0 WAL file(s) added, 0 removed, 0 recycled; write=0.034 s, sync=0.009 s, total=0.246 s; sync files=3, longest=0.004 s, average=0.003 s; distance=0 kB, estimate=0 kB
2023-07-06 13:49:25.079 UTC [80] LOG:  execute s0: SELECT "public"."AlunoDisciplina"."id", "public"."AlunoDisciplina"."id_disciplina" FROM "public"."AlunoDisciplina" WHERE "public"."AlunoDisciplina"."id_aluno" = $1 OFFSET $2
2023-07-06 13:49:25.079 UTC [80] DETAIL:  parameters: $1 = '49fa7012-7adb-41d9-a6b0-a951e3cab351', $2 = '0'
2023-07-06 13:49:25.091 UTC [80] LOG:  statement: BEGIN
2023-07-06 13:49:25.141 UTC [80] LOG:  execute s1: SELECT "public"."AlunoDisciplina"."id" FROM "public"."AlunoDisciplina" WHERE ("public"."AlunoDisciplina"."id_aluno" = $1 AND "public"."AlunoDisciplina"."id_disciplina" IN ($2,$3)) OFFSET $4
2023-07-06 13:49:25.141 UTC [80] DETAIL:  parameters: $1 = '49fa7012-7adb-41d9-a6b0-a951e3cab351', $2 = '1', $3 = '3', $4 = '0'
2023-07-06 13:49:25.144 UTC [80] LOG:  execute s2: SELECT "public"."AlunoDisciplina"."id" FROM "public"."AlunoDisciplina" WHERE ("public"."AlunoDisciplina"."id_aluno" = $1 AND "public"."AlunoDisciplina"."id_disciplina" IN ($2,$3))
2023-07-06 13:49:25.144 UTC [80] DETAIL:  parameters: $1 = '49fa7012-7adb-41d9-a6b0-a951e3cab351', $2 = '1', $3 = '3'
2023-07-06 13:49:25.149 UTC [80] LOG:  execute s3: DELETE FROM "public"."AlunoDisciplina" WHERE ("public"."AlunoDisciplina"."id" IN ($1,$2) AND ("public"."AlunoDisciplina"."id_aluno" = $3 AND "public"."AlunoDisciplina"."id_disciplina" IN ($4,$5)))
2023-07-06 13:49:25.149 UTC [80] DETAIL:  parameters: $1 = '36', $2 = '37', $3 = '49fa7012-7adb-41d9-a6b0-a951e3cab351', $4 = '1', $5 = '3'
2023-07-06 13:49:25.179 UTC [80] LOG:  execute s4: INSERT INTO "public"."AlunoDisciplina" ("id_disciplina","id_aluno") VALUES ($1,$2), ($3,$4)
2023-07-06 13:49:25.179 UTC [80] DETAIL:  parameters: $1 = '2', $2 = '49fa7012-7adb-41d9-a6b0-a951e3cab351', $3 = '4', $4 = '49fa7012-7adb-41d9-a6b0-a951e3cab351'
2023-07-06 13:49:25.297 UTC [80] LOG:  statement: COMMIT
2023-07-06 13:49:25.313 UTC [80] LOG:  execute s0: SELECT "public"."AlunoDisciplina"."id", "public"."AlunoDisciplina"."id_disciplina" FROM "public"."AlunoDisciplina" WHERE "public"."AlunoDisciplina"."id_aluno" = $1 OFFSET $2
2023-07-06 13:49:25.313 UTC [80] DETAIL:  parameters: $1 = '49fa7012-7adb-41d9-a6b0-a951e3cab351', $2 = '0'
2023-07-06 13:50:38.913 UTC [83] LOG:  execute s0: SELECT "public"."AlunoDisciplina"."id", "public"."AlunoDisciplina"."id_disciplina" FROM "public"."AlunoDisciplina" WHERE "public"."AlunoDisciplina"."id_aluno" = $1 OFFSET $2
2023-07-06 13:50:38.913 UTC [83] DETAIL:  parameters: $1 = '49fa7012-7adb-41d9-a6b0-a951e3cab351', $2 = '0'
2023-07-06 13:50:38.921 UTC [83] LOG:  statement: BEGIN
2023-07-06 13:50:38.924 UTC [83] LOG:  execute s1: SELECT "public"."AlunoDisciplina"."id" FROM "public"."AlunoDisciplina" WHERE ("public"."AlunoDisciplina"."id_aluno" = $1 AND 1=0) OFFSET $2
2023-07-06 13:50:38.924 UTC [83] DETAIL:  parameters: $1 = '49fa7012-7adb-41d9-a6b0-a951e3cab351', $2 = '0'
2023-07-06 13:50:38.928 UTC [83] LOG:  execute s2: SELECT "public"."AlunoDisciplina"."id" FROM "public"."AlunoDisciplina" WHERE ("public"."AlunoDisciplina"."id_aluno" = $1 AND 1=0)
2023-07-06 13:50:38.928 UTC [83] DETAIL:  parameters: $1 = '49fa7012-7adb-41d9-a6b0-a951e3cab351'
2023-07-06 13:50:38.932 UTC [83] LOG:  execute s3: INSERT INTO "public"."AlunoDisciplina" ("id_disciplina","id_aluno") VALUES ($1,$2)
2023-07-06 13:50:38.932 UTC [83] DETAIL:  parameters: $1 = '5', $2 = '49fa7012-7adb-41d9-a6b0-a951e3cab351'
2023-07-06 13:50:38.938 UTC [83] ERROR:  insert or update on table "AlunoDisciplina" violates foreign key constraint "AlunoDisciplina_id_disciplina_fkey"
2023-07-06 13:50:38.938 UTC [83] DETAIL:  Key (id_disciplina)=(5) is not present in table "Disciplina".
2023-07-06 13:50:38.938 UTC [83] STATEMENT:  INSERT INTO "public"."AlunoDisciplina" ("id_disciplina","id_aluno") VALUES ($1,$2)
2023-07-06 13:50:38.940 UTC [83] LOG:  statement: ROLLBACK
2023-07-06 13:51:04.257 UTC [85] LOG:  statement: SELECT CURRENT_SCHEMA() AS schema
2023-07-06 13:51:04.276 UTC [85] LOG:  statement: select version()
2023-07-06 13:51:04.280 UTC [85] LOG:  statement: 
	      SELECT      n.nspname as schema, t.typname as typename, t.oid::int4 as typeid
	      FROM        pg_type t
	      LEFT JOIN   pg_catalog.pg_namespace n ON n.oid = t.typnamespace
	      WHERE       (t.typrelid = 0 OR (SELECT c.relkind = 'c' FROM pg_catalog.pg_class c WHERE c.oid = t.typrelid))
	      AND     NOT EXISTS(SELECT 1 FROM pg_catalog.pg_type el WHERE el.oid = t.typelem AND el.typarray = t.oid)
	      AND     n.nspname NOT IN ('pg_catalog', 'information_schema');
	    
2023-07-06 13:51:04.346 UTC [85] LOG:  statement: select version()
2023-07-06 13:51:04.553 UTC [85] LOG:  execute <unnamed>: 
	    SELECT datname
	    FROM pg_database
	    WHERE datistemplate = $1
	    
	    ORDER BY datname
	  
2023-07-06 13:51:04.553 UTC [85] DETAIL:  parameters: $1 = 'f'
2023-07-06 13:51:04.807 UTC [86] LOG:  statement: select version()
2023-07-06 13:51:04.810 UTC [86] LOG:  statement: 
	    SELECT
	      t.table_schema as schema,
	      t.table_name as name,
	  
	        pc.relkind as tabletype
	      FROM information_schema.tables AS t
	      JOIN pg_class AS pc
	        ON t.table_name = pc.relname AND quote_ident(t.table_schema) = pc.relnamespace::regnamespace::text
	      LEFT OUTER JOIN pg_inherits AS i
	        ON pc.oid = i.inhrelid
	      WHERE t.table_type NOT LIKE '%VIEW%'
	      AND i.inhrelid::regclass IS NULL
	    
	    
	    ORDER BY t.table_schema, t.table_name
	  
2023-07-06 13:51:04.959 UTC [86] LOG:  statement: 
	    SELECT
	      table_schema as schema,
	      table_name as name
	    FROM information_schema.views
	    
	    ORDER BY table_schema, table_name
	  
2023-07-06 13:51:04.968 UTC [86] LOG:  statement: select version()
2023-07-06 13:51:04.970 UTC [86] LOG:  statement: 
	    SELECT
	      schemaname as schema,
	      matviewname as name
	    FROM pg_matviews
	    
	    order by schemaname, matviewname;
	  
2023-07-06 13:51:05.024 UTC [86] LOG:  statement: select version()
2023-07-06 13:51:05.038 UTC [86] LOG:  statement: 
	    SELECT
	      r.specific_name as id,
	      r.routine_schema as routine_schema,
	      r.routine_name as name,
	      r.routine_type as routine_type,
	      r.data_type as data_type
	    FROM INFORMATION_SCHEMA.ROUTINES r
	    where r.routine_schema not in ('sys', 'information_schema',
	                                'pg_catalog', 'performance_schema')
	    
	    ORDER BY routine_schema, routine_name
	  
2023-07-06 13:51:05.151 UTC [86] LOG:  statement: 
	    select
	        r.routine_schema as routine_schema,
	        r.specific_name as specific_name,
	        p.parameter_name as parameter_name,
	        p.character_maximum_length as char_length,
	        p.data_type as data_type
	  from information_schema.routines r
	  left join information_schema.parameters p
	            on p.specific_schema = r.routine_schema
	            and p.specific_name = r.specific_name
	  where r.routine_schema not in ('sys', 'information_schema',
	                                'pg_catalog', 'performance_schema')
	    
	
	      AND p.parameter_mode = 'IN'
	  order by r.routine_schema,
	          r.specific_name,
	          p.ordinal_position;
	
	  
2023-07-06 13:51:07.180 UTC [86] LOG:  execute <unnamed>: 
	    SELECT
	      table_schema,
	      table_name,
	      column_name,
	      is_nullable,
	      ordinal_position,
	      column_default,
	      CASE
	        WHEN character_maximum_length is not null  and udt_name != 'text'
	          THEN CONCAT(udt_name, concat('(', concat(character_maximum_length::varchar(255), ')')))
	        WHEN datetime_precision is not null THEN
	          CONCAT(udt_name, concat('(', concat(datetime_precision::varchar(255), ')')))
	        ELSE udt_name
	      END as data_type
	    FROM information_schema.columns
	    WHERE table_schema = $1 AND table_name = $2
	    ORDER BY table_schema, table_name, ordinal_position
	  
2023-07-06 13:51:07.180 UTC [86] DETAIL:  parameters: $1 = 'public', $2 = 'AlunoDisciplina'
2023-07-06 13:51:07.259 UTC [86] LOG:  execute <unnamed>: 
	    SELECT
	        tc.table_schema as from_schema,
	        tc.table_name as from_table,
	        kcu.column_name as from_column,
	        ccu.table_schema AS to_schema,
	        ccu.table_name AS to_table,
	        ccu.column_name AS to_column,
	        tc.constraint_name,
	        rc.update_rule as update_rule,
	        rc.delete_rule as delete_rule
	    FROM
	        information_schema.table_constraints AS tc
	        JOIN information_schema.key_column_usage AS kcu
	          ON tc.constraint_name = kcu.constraint_name
	          AND tc.table_schema = kcu.table_schema
	        JOIN information_schema.constraint_column_usage AS ccu
	          ON ccu.constraint_name = tc.constraint_name
	          AND ccu.table_schema = tc.table_schema
	         JOIN information_schema.referential_constraints rc
	          on tc.constraint_name = rc.constraint_name
	          and tc.table_schema = rc.constraint_schema
	    WHERE tc.constraint_type = 'FOREIGN KEY'
	    AND tc.table_name= $1 and tc.table_schema = $2;
	
	  
2023-07-06 13:51:07.259 UTC [86] DETAIL:  parameters: $1 = 'AlunoDisciplina', $2 = 'public'
2023-07-06 13:51:07.274 UTC [86] LOG:  statement: select version()
2023-07-06 13:51:07.277 UTC [86] LOG:  statement: 
	    SELECT
	      a.attname as column_name,
	      format_type(a.atttypid, a.atttypmod) AS data_type,
	      a.attnum as position
	    FROM   pg_index i
	    JOIN   pg_attribute a ON a.attrelid = i.indrelid
	                        AND a.attnum = ANY(i.indkey)
	    WHERE  i.indrelid = '"public"."AlunoDisciplina"'::regclass
	    AND    i.indisprimary
	    ORDER BY a.attnum
	  
2023-07-06 13:51:07.368 UTC [86] LOG:  statement: select version()
2023-07-06 13:51:07.374 UTC [86] LOG:  statement: 
	    SELECT * 
	    FROM "public"."AlunoDisciplina"
	    
	  
	    order by "id" asc
	    LIMIT 100
	    OFFSET 0
	    
2023-07-06 13:51:08.935 UTC [85] LOG:  statement: select version()
2023-07-06 13:51:08.935 UTC [86] LOG:  statement: select version()
2023-07-06 13:51:08.939 UTC [85] LOG:  statement: 
	    SELECT
	      t.table_schema as schema,
	      t.table_name as name,
	  
	        pc.relkind as tabletype
	      FROM information_schema.tables AS t
	      JOIN pg_class AS pc
	        ON t.table_name = pc.relname AND quote_ident(t.table_schema) = pc.relnamespace::regnamespace::text
	      LEFT OUTER JOIN pg_inherits AS i
	        ON pc.oid = i.inhrelid
	      WHERE t.table_type NOT LIKE '%VIEW%'
	      AND i.inhrelid::regclass IS NULL
	    
	    
	    ORDER BY t.table_schema, t.table_name
	  
2023-07-06 13:51:08.941 UTC [86] LOG:  statement: 
	    SELECT
	      r.specific_name as id,
	      r.routine_schema as routine_schema,
	      r.routine_name as name,
	      r.routine_type as routine_type,
	      r.data_type as data_type
	    FROM INFORMATION_SCHEMA.ROUTINES r
	    where r.routine_schema not in ('sys', 'information_schema',
	                                'pg_catalog', 'performance_schema')
	    
	    ORDER BY routine_schema, routine_name
	  
2023-07-06 13:51:08.947 UTC [86] LOG:  statement: 
	    select
	        r.routine_schema as routine_schema,
	        r.specific_name as specific_name,
	        p.parameter_name as parameter_name,
	        p.character_maximum_length as char_length,
	        p.data_type as data_type
	  from information_schema.routines r
	  left join information_schema.parameters p
	            on p.specific_schema = r.routine_schema
	            and p.specific_name = r.specific_name
	  where r.routine_schema not in ('sys', 'information_schema',
	                                'pg_catalog', 'performance_schema')
	    
	
	      AND p.parameter_mode = 'IN'
	  order by r.routine_schema,
	          r.specific_name,
	          p.ordinal_position;
	
	  
2023-07-06 13:51:08.968 UTC [85] LOG:  statement: 
	    SELECT
	      table_schema as schema,
	      table_name as name
	    FROM information_schema.views
	    
	    ORDER BY table_schema, table_name
	  
2023-07-06 13:51:08.974 UTC [85] LOG:  statement: select version()
2023-07-06 13:51:08.977 UTC [85] LOG:  statement: 
	    SELECT
	      schemaname as schema,
	      matviewname as name
	    FROM pg_matviews
	    
	    order by schemaname, matviewname;
	  
2023-07-06 13:51:09.043 UTC [85] LOG:  statement: select version()
2023-07-06 13:51:09.068 UTC [85] LOG:  statement: 
	    SELECT * 
	    FROM "public"."AlunoDisciplina"
	    
	  
	    order by "id" asc
	    LIMIT 100
	    OFFSET 0
	    
2023-07-06 13:51:09.093 UTC [85] LOG:  execute <unnamed>: 
	    SELECT
	      table_schema,
	      table_name,
	      column_name,
	      is_nullable,
	      ordinal_position,
	      column_default,
	      CASE
	        WHEN character_maximum_length is not null  and udt_name != 'text'
	          THEN CONCAT(udt_name, concat('(', concat(character_maximum_length::varchar(255), ')')))
	        WHEN datetime_precision is not null THEN
	          CONCAT(udt_name, concat('(', concat(datetime_precision::varchar(255), ')')))
	        ELSE udt_name
	      END as data_type
	    FROM information_schema.columns
	    WHERE table_schema = $1 AND table_name = $2
	    ORDER BY table_schema, table_name, ordinal_position
	  
2023-07-06 13:51:09.093 UTC [85] DETAIL:  parameters: $1 = 'public', $2 = 'AlunoDisciplina'
2023-07-06 13:51:09.133 UTC [85] LOG:  statement: select version()
2023-07-06 13:51:09.133 UTC [86] LOG:  statement: select version()
2023-07-06 13:51:09.147 UTC [85] LOG:  statement: 
	    SELECT * 
	    FROM "public"."AlunoDisciplina"
	    
	  
	    order by "id" asc
	    LIMIT 100
	    OFFSET 0
	    
2023-07-06 13:51:09.149 UTC [86] LOG:  statement: 
	    SELECT * 
	    FROM "public"."AlunoDisciplina"
	    
	  
	    order by "id" asc
	    LIMIT 100
	    OFFSET 0
	    
2023-07-06 13:51:09.153 UTC [85] LOG:  statement: select version()
2023-07-06 13:51:09.157 UTC [85] LOG:  statement: 
	    SELECT * 
	    FROM "public"."AlunoDisciplina"
	    
	  
	    order by "id" asc
	    LIMIT 100
	    OFFSET 0
	    
2023-07-06 13:51:17.595 UTC [83] LOG:  statement: SELECT 1
2023-07-06 13:51:17.598 UTC [83] LOG:  execute s0: SELECT "public"."AlunoDisciplina"."id", "public"."AlunoDisciplina"."id_disciplina" FROM "public"."AlunoDisciplina" WHERE "public"."AlunoDisciplina"."id_aluno" = $1 OFFSET $2
2023-07-06 13:51:17.598 UTC [83] DETAIL:  parameters: $1 = '49fa7012-7adb-41d9-a6b0-a951e3cab351', $2 = '0'
2023-07-06 13:51:17.602 UTC [83] LOG:  statement: BEGIN
2023-07-06 13:51:17.606 UTC [83] LOG:  execute s4: SELECT "public"."AlunoDisciplina"."id" FROM "public"."AlunoDisciplina" WHERE ("public"."AlunoDisciplina"."id_aluno" = $1 AND "public"."AlunoDisciplina"."id_disciplina" IN ($2,$3)) OFFSET $4
2023-07-06 13:51:17.606 UTC [83] DETAIL:  parameters: $1 = '49fa7012-7adb-41d9-a6b0-a951e3cab351', $2 = '2', $3 = '4', $4 = '0'
2023-07-06 13:51:17.610 UTC [83] LOG:  execute s5: SELECT "public"."AlunoDisciplina"."id" FROM "public"."AlunoDisciplina" WHERE ("public"."AlunoDisciplina"."id_aluno" = $1 AND "public"."AlunoDisciplina"."id_disciplina" IN ($2,$3))
2023-07-06 13:51:17.610 UTC [83] DETAIL:  parameters: $1 = '49fa7012-7adb-41d9-a6b0-a951e3cab351', $2 = '2', $3 = '4'
2023-07-06 13:51:17.614 UTC [83] LOG:  execute s6: DELETE FROM "public"."AlunoDisciplina" WHERE ("public"."AlunoDisciplina"."id" IN ($1,$2) AND ("public"."AlunoDisciplina"."id_aluno" = $3 AND "public"."AlunoDisciplina"."id_disciplina" IN ($4,$5)))
2023-07-06 13:51:17.614 UTC [83] DETAIL:  parameters: $1 = '38', $2 = '39', $3 = '49fa7012-7adb-41d9-a6b0-a951e3cab351', $4 = '2', $5 = '4'
2023-07-06 13:51:17.618 UTC [83] LOG:  execute s7: INSERT INTO "public"."AlunoDisciplina" ("id_disciplina","id_aluno") VALUES ($1,$2), ($3,$4), ($5,$6)
2023-07-06 13:51:17.618 UTC [83] DETAIL:  parameters: $1 = '1', $2 = '49fa7012-7adb-41d9-a6b0-a951e3cab351', $3 = '3', $4 = '49fa7012-7adb-41d9-a6b0-a951e3cab351', $5 = '5', $6 = '49fa7012-7adb-41d9-a6b0-a951e3cab351'
2023-07-06 13:51:17.619 UTC [83] ERROR:  insert or update on table "AlunoDisciplina" violates foreign key constraint "AlunoDisciplina_id_disciplina_fkey"
2023-07-06 13:51:17.619 UTC [83] DETAIL:  Key (id_disciplina)=(5) is not present in table "Disciplina".
2023-07-06 13:51:17.619 UTC [83] STATEMENT:  INSERT INTO "public"."AlunoDisciplina" ("id_disciplina","id_aluno") VALUES ($1,$2), ($3,$4), ($5,$6)
2023-07-06 13:51:17.621 UTC [83] LOG:  statement: ROLLBACK
2023-07-06 13:51:18.964 UTC [28] LOG:  checkpoint starting: time
2023-07-06 13:51:20.312 UTC [28] LOG:  checkpoint complete: wrote 13 buffers (0.0%); 0 WAL file(s) added, 0 removed, 0 recycled; write=1.240 s, sync=0.027 s, total=1.348 s; sync files=11, longest=0.006 s, average=0.003 s; distance=41 kB, estimate=41 kB
2023-07-06 13:51:20.560 UTC [85] LOG:  statement: select version()
2023-07-06 13:51:20.561 UTC [86] LOG:  statement: select version()
2023-07-06 13:51:20.564 UTC [85] LOG:  statement: 
	    SELECT
	      r.specific_name as id,
	      r.routine_schema as routine_schema,
	      r.routine_name as name,
	      r.routine_type as routine_type,
	      r.data_type as data_type
	    FROM INFORMATION_SCHEMA.ROUTINES r
	    where r.routine_schema not in ('sys', 'information_schema',
	                                'pg_catalog', 'performance_schema')
	    
	    ORDER BY routine_schema, routine_name
	  
2023-07-06 13:51:20.566 UTC [86] LOG:  statement: 
	    SELECT
	      t.table_schema as schema,
	      t.table_name as name,
	  
	        pc.relkind as tabletype
	      FROM information_schema.tables AS t
	      JOIN pg_class AS pc
	        ON t.table_name = pc.relname AND quote_ident(t.table_schema) = pc.relnamespace::regnamespace::text
	      LEFT OUTER JOIN pg_inherits AS i
	        ON pc.oid = i.inhrelid
	      WHERE t.table_type NOT LIKE '%VIEW%'
	      AND i.inhrelid::regclass IS NULL
	    
	    
	    ORDER BY t.table_schema, t.table_name
	  
2023-07-06 13:51:20.577 UTC [86] LOG:  statement: 
	    SELECT
	      table_schema as schema,
	      table_name as name
	    FROM information_schema.views
	    
	    ORDER BY table_schema, table_name
	  
2023-07-06 13:51:20.578 UTC [85] LOG:  statement: 
	    select
	        r.routine_schema as routine_schema,
	        r.specific_name as specific_name,
	        p.parameter_name as parameter_name,
	        p.character_maximum_length as char_length,
	        p.data_type as data_type
	  from information_schema.routines r
	  left join information_schema.parameters p
	            on p.specific_schema = r.routine_schema
	            and p.specific_name = r.specific_name
	  where r.routine_schema not in ('sys', 'information_schema',
	                                'pg_catalog', 'performance_schema')
	    
	
	      AND p.parameter_mode = 'IN'
	  order by r.routine_schema,
	          r.specific_name,
	          p.ordinal_position;
	
	  
2023-07-06 13:51:20.583 UTC [86] LOG:  statement: select version()
2023-07-06 13:51:20.585 UTC [86] LOG:  statement: 
	    SELECT
	      schemaname as schema,
	      matviewname as name
	    FROM pg_matviews
	    
	    order by schemaname, matviewname;
	  
2023-07-06 13:51:20.654 UTC [86] LOG:  statement: select version()
2023-07-06 13:51:20.677 UTC [86] LOG:  statement: 
	    SELECT * 
	    FROM "public"."AlunoDisciplina"
	    
	  
	    order by "id" asc
	    LIMIT 100
	    OFFSET 0
	    
2023-07-06 13:51:20.701 UTC [86] LOG:  execute <unnamed>: 
	    SELECT
	      table_schema,
	      table_name,
	      column_name,
	      is_nullable,
	      ordinal_position,
	      column_default,
	      CASE
	        WHEN character_maximum_length is not null  and udt_name != 'text'
	          THEN CONCAT(udt_name, concat('(', concat(character_maximum_length::varchar(255), ')')))
	        WHEN datetime_precision is not null THEN
	          CONCAT(udt_name, concat('(', concat(datetime_precision::varchar(255), ')')))
	        ELSE udt_name
	      END as data_type
	    FROM information_schema.columns
	    WHERE table_schema = $1 AND table_name = $2
	    ORDER BY table_schema, table_name, ordinal_position
	  
2023-07-06 13:51:20.701 UTC [86] DETAIL:  parameters: $1 = 'public', $2 = 'AlunoDisciplina'
2023-07-06 13:51:20.749 UTC [86] LOG:  statement: select version()
2023-07-06 13:51:20.781 UTC [86] LOG:  statement: 
	    SELECT * 
	    FROM "public"."AlunoDisciplina"
	    
	  
	    order by "id" asc
	    LIMIT 100
	    OFFSET 0
	    
2023-07-06 13:51:20.788 UTC [86] LOG:  statement: select version()
2023-07-06 13:51:20.791 UTC [86] LOG:  statement: 
	    SELECT * 
	    FROM "public"."AlunoDisciplina"
	    
	  
	    order by "id" asc
	    LIMIT 100
	    OFFSET 0
	    
2023-07-06 13:51:20.937 UTC [88] LOG:  statement: select version()
2023-07-06 13:51:20.940 UTC [88] LOG:  statement: 
	    SELECT * 
	    FROM "public"."AlunoDisciplina"
	    
	  
	    order by "id" asc
	    LIMIT 100
	    OFFSET 0
	    
2023-07-06 13:51:22.175 UTC [88] LOG:  statement: select version()
2023-07-06 13:51:22.178 UTC [86] LOG:  statement: select version()
2023-07-06 13:51:22.180 UTC [88] LOG:  statement: 
	    SELECT
	      r.specific_name as id,
	      r.routine_schema as routine_schema,
	      r.routine_name as name,
	      r.routine_type as routine_type,
	      r.data_type as data_type
	    FROM INFORMATION_SCHEMA.ROUTINES r
	    where r.routine_schema not in ('sys', 'information_schema',
	                                'pg_catalog', 'performance_schema')
	    
	    ORDER BY routine_schema, routine_name
	  
2023-07-06 13:51:22.181 UTC [86] LOG:  statement: 
	    SELECT
	      t.table_schema as schema,
	      t.table_name as name,
	  
	        pc.relkind as tabletype
	      FROM information_schema.tables AS t
	      JOIN pg_class AS pc
	        ON t.table_name = pc.relname AND quote_ident(t.table_schema) = pc.relnamespace::regnamespace::text
	      LEFT OUTER JOIN pg_inherits AS i
	        ON pc.oid = i.inhrelid
	      WHERE t.table_type NOT LIKE '%VIEW%'
	      AND i.inhrelid::regclass IS NULL
	    
	    
	    ORDER BY t.table_schema, t.table_name
	  
2023-07-06 13:51:22.190 UTC [86] LOG:  statement: 
	    SELECT
	      table_schema as schema,
	      table_name as name
	    FROM information_schema.views
	    
	    ORDER BY table_schema, table_name
	  
2023-07-06 13:51:22.196 UTC [86] LOG:  statement: select version()
2023-07-06 13:51:22.199 UTC [86] LOG:  statement: 
	    SELECT
	      schemaname as schema,
	      matviewname as name
	    FROM pg_matviews
	    
	    order by schemaname, matviewname;
	  
2023-07-06 13:51:22.241 UTC [86] LOG:  statement: select version()
2023-07-06 13:51:22.256 UTC [88] LOG:  statement: 
	    select
	        r.routine_schema as routine_schema,
	        r.specific_name as specific_name,
	        p.parameter_name as parameter_name,
	        p.character_maximum_length as char_length,
	        p.data_type as data_type
	  from information_schema.routines r
	  left join information_schema.parameters p
	            on p.specific_schema = r.routine_schema
	            and p.specific_name = r.specific_name
	  where r.routine_schema not in ('sys', 'information_schema',
	                                'pg_catalog', 'performance_schema')
	    
	
	      AND p.parameter_mode = 'IN'
	  order by r.routine_schema,
	          r.specific_name,
	          p.ordinal_position;
	
	  
2023-07-06 13:51:22.260 UTC [86] LOG:  statement: 
	    SELECT * 
	    FROM "public"."AlunoDisciplina"
	    
	  
	    order by "id" asc
	    LIMIT 100
	    OFFSET 0
	    
2023-07-06 13:51:22.272 UTC [86] LOG:  execute <unnamed>: 
	    SELECT
	      table_schema,
	      table_name,
	      column_name,
	      is_nullable,
	      ordinal_position,
	      column_default,
	      CASE
	        WHEN character_maximum_length is not null  and udt_name != 'text'
	          THEN CONCAT(udt_name, concat('(', concat(character_maximum_length::varchar(255), ')')))
	        WHEN datetime_precision is not null THEN
	          CONCAT(udt_name, concat('(', concat(datetime_precision::varchar(255), ')')))
	        ELSE udt_name
	      END as data_type
	    FROM information_schema.columns
	    WHERE table_schema = $1 AND table_name = $2
	    ORDER BY table_schema, table_name, ordinal_position
	  
2023-07-06 13:51:22.272 UTC [86] DETAIL:  parameters: $1 = 'public', $2 = 'AlunoDisciplina'
2023-07-06 13:51:22.329 UTC [86] LOG:  statement: select version()
2023-07-06 13:51:22.329 UTC [85] LOG:  statement: select version()
2023-07-06 13:51:22.338 UTC [86] LOG:  statement: 
	    SELECT * 
	    FROM "public"."AlunoDisciplina"
	    
	  
	    order by "id" asc
	    LIMIT 100
	    OFFSET 0
	    
2023-07-06 13:51:22.339 UTC [85] LOG:  statement: 
	    SELECT * 
	    FROM "public"."AlunoDisciplina"
	    
	  
	    order by "id" asc
	    LIMIT 100
	    OFFSET 0
	    
2023-07-06 13:51:22.348 UTC [86] LOG:  statement: select version()
2023-07-06 13:51:22.357 UTC [86] LOG:  statement: 
	    SELECT * 
	    FROM "public"."AlunoDisciplina"
	    
	  
	    order by "id" asc
	    LIMIT 100
	    OFFSET 0
	    
2023-07-06 13:51:23.064 UTC [88] LOG:  statement: select version()
2023-07-06 13:51:23.065 UTC [86] LOG:  statement: select version()
2023-07-06 13:51:23.069 UTC [88] LOG:  statement: 
	    SELECT
	      r.specific_name as id,
	      r.routine_schema as routine_schema,
	      r.routine_name as name,
	      r.routine_type as routine_type,
	      r.data_type as data_type
	    FROM INFORMATION_SCHEMA.ROUTINES r
	    where r.routine_schema not in ('sys', 'information_schema',
	                                'pg_catalog', 'performance_schema')
	    
	    ORDER BY routine_schema, routine_name
	  
2023-07-06 13:51:23.070 UTC [86] LOG:  statement: 
	    SELECT
	      t.table_schema as schema,
	      t.table_name as name,
	  
	        pc.relkind as tabletype
	      FROM information_schema.tables AS t
	      JOIN pg_class AS pc
	        ON t.table_name = pc.relname AND quote_ident(t.table_schema) = pc.relnamespace::regnamespace::text
	      LEFT OUTER JOIN pg_inherits AS i
	        ON pc.oid = i.inhrelid
	      WHERE t.table_type NOT LIKE '%VIEW%'
	      AND i.inhrelid::regclass IS NULL
	    
	    
	    ORDER BY t.table_schema, t.table_name
	  
2023-07-06 13:51:23.076 UTC [88] LOG:  statement: 
	    select
	        r.routine_schema as routine_schema,
	        r.specific_name as specific_name,
	        p.parameter_name as parameter_name,
	        p.character_maximum_length as char_length,
	        p.data_type as data_type
	  from information_schema.routines r
	  left join information_schema.parameters p
	            on p.specific_schema = r.routine_schema
	            and p.specific_name = r.specific_name
	  where r.routine_schema not in ('sys', 'information_schema',
	                                'pg_catalog', 'performance_schema')
	    
	
	      AND p.parameter_mode = 'IN'
	  order by r.routine_schema,
	          r.specific_name,
	          p.ordinal_position;
	
	  
2023-07-06 13:51:23.083 UTC [86] LOG:  statement: 
	    SELECT
	      table_schema as schema,
	      table_name as name
	    FROM information_schema.views
	    
	    ORDER BY table_schema, table_name
	  
2023-07-06 13:51:23.087 UTC [86] LOG:  statement: select version()
2023-07-06 13:51:23.089 UTC [86] LOG:  statement: 
	    SELECT
	      schemaname as schema,
	      matviewname as name
	    FROM pg_matviews
	    
	    order by schemaname, matviewname;
	  
2023-07-06 13:51:23.157 UTC [86] LOG:  statement: select version()
2023-07-06 13:51:23.180 UTC [86] LOG:  statement: 
	    SELECT * 
	    FROM "public"."AlunoDisciplina"
	    
	  
	    order by "id" asc
	    LIMIT 100
	    OFFSET 0
	    
2023-07-06 13:51:23.195 UTC [86] LOG:  execute <unnamed>: 
	    SELECT
	      table_schema,
	      table_name,
	      column_name,
	      is_nullable,
	      ordinal_position,
	      column_default,
	      CASE
	        WHEN character_maximum_length is not null  and udt_name != 'text'
	          THEN CONCAT(udt_name, concat('(', concat(character_maximum_length::varchar(255), ')')))
	        WHEN datetime_precision is not null THEN
	          CONCAT(udt_name, concat('(', concat(datetime_precision::varchar(255), ')')))
	        ELSE udt_name
	      END as data_type
	    FROM information_schema.columns
	    WHERE table_schema = $1 AND table_name = $2
	    ORDER BY table_schema, table_name, ordinal_position
	  
2023-07-06 13:51:23.195 UTC [86] DETAIL:  parameters: $1 = 'public', $2 = 'AlunoDisciplina'
2023-07-06 13:51:23.234 UTC [85] LOG:  statement: select version()
2023-07-06 13:51:23.234 UTC [86] LOG:  statement: select version()
2023-07-06 13:51:23.252 UTC [85] LOG:  statement: 
	    SELECT * 
	    FROM "public"."AlunoDisciplina"
	    
	  
	    order by "id" asc
	    LIMIT 100
	    OFFSET 0
	    
2023-07-06 13:51:23.252 UTC [86] LOG:  statement: 
	    SELECT * 
	    FROM "public"."AlunoDisciplina"
	    
	  
	    order by "id" asc
	    LIMIT 100
	    OFFSET 0
	    
2023-07-06 13:51:23.260 UTC [86] LOG:  statement: select version()
2023-07-06 13:51:23.267 UTC [86] LOG:  statement: 
	    SELECT * 
	    FROM "public"."AlunoDisciplina"
	    
	  
	    order by "id" asc
	    LIMIT 100
	    OFFSET 0
	    
2023-07-06 13:51:23.879 UTC [86] LOG:  statement: select version()
2023-07-06 13:51:23.880 UTC [85] LOG:  statement: select version()
2023-07-06 13:51:23.883 UTC [86] LOG:  statement: 
	    SELECT
	      r.specific_name as id,
	      r.routine_schema as routine_schema,
	      r.routine_name as name,
	      r.routine_type as routine_type,
	      r.data_type as data_type
	    FROM INFORMATION_SCHEMA.ROUTINES r
	    where r.routine_schema not in ('sys', 'information_schema',
	                                'pg_catalog', 'performance_schema')
	    
	    ORDER BY routine_schema, routine_name
	  
2023-07-06 13:51:23.885 UTC [85] LOG:  statement: 
	    SELECT
	      t.table_schema as schema,
	      t.table_name as name,
	  
	        pc.relkind as tabletype
	      FROM information_schema.tables AS t
	      JOIN pg_class AS pc
	        ON t.table_name = pc.relname AND quote_ident(t.table_schema) = pc.relnamespace::regnamespace::text
	      LEFT OUTER JOIN pg_inherits AS i
	        ON pc.oid = i.inhrelid
	      WHERE t.table_type NOT LIKE '%VIEW%'
	      AND i.inhrelid::regclass IS NULL
	    
	    
	    ORDER BY t.table_schema, t.table_name
	  
2023-07-06 13:51:23.891 UTC [86] LOG:  statement: 
	    select
	        r.routine_schema as routine_schema,
	        r.specific_name as specific_name,
	        p.parameter_name as parameter_name,
	        p.character_maximum_length as char_length,
	        p.data_type as data_type
	  from information_schema.routines r
	  left join information_schema.parameters p
	            on p.specific_schema = r.routine_schema
	            and p.specific_name = r.specific_name
	  where r.routine_schema not in ('sys', 'information_schema',
	                                'pg_catalog', 'performance_schema')
	    
	
	      AND p.parameter_mode = 'IN'
	  order by r.routine_schema,
	          r.specific_name,
	          p.ordinal_position;
	
	  
2023-07-06 13:51:23.895 UTC [85] LOG:  statement: 
	    SELECT
	      table_schema as schema,
	      table_name as name
	    FROM information_schema.views
	    
	    ORDER BY table_schema, table_name
	  
2023-07-06 13:51:23.900 UTC [85] LOG:  statement: select version()
2023-07-06 13:51:23.902 UTC [85] LOG:  statement: 
	    SELECT
	      schemaname as schema,
	      matviewname as name
	    FROM pg_matviews
	    
	    order by schemaname, matviewname;
	  
2023-07-06 13:51:23.990 UTC [85] LOG:  statement: select version()
2023-07-06 13:51:24.041 UTC [85] LOG:  statement: 
	    SELECT * 
	    FROM "public"."AlunoDisciplina"
	    
	  
	    order by "id" asc
	    LIMIT 100
	    OFFSET 0
	    
2023-07-06 13:51:24.085 UTC [85] LOG:  execute <unnamed>: 
	    SELECT
	      table_schema,
	      table_name,
	      column_name,
	      is_nullable,
	      ordinal_position,
	      column_default,
	      CASE
	        WHEN character_maximum_length is not null  and udt_name != 'text'
	          THEN CONCAT(udt_name, concat('(', concat(character_maximum_length::varchar(255), ')')))
	        WHEN datetime_precision is not null THEN
	          CONCAT(udt_name, concat('(', concat(datetime_precision::varchar(255), ')')))
	        ELSE udt_name
	      END as data_type
	    FROM information_schema.columns
	    WHERE table_schema = $1 AND table_name = $2
	    ORDER BY table_schema, table_name, ordinal_position
	  
2023-07-06 13:51:24.085 UTC [85] DETAIL:  parameters: $1 = 'public', $2 = 'AlunoDisciplina'
2023-07-06 13:51:24.119 UTC [86] LOG:  statement: select version()
2023-07-06 13:51:24.119 UTC [85] LOG:  statement: select version()
2023-07-06 13:51:24.125 UTC [85] LOG:  statement: 
	    SELECT * 
	    FROM "public"."AlunoDisciplina"
	    
	  
	    order by "id" asc
	    LIMIT 100
	    OFFSET 0
	    
2023-07-06 13:51:24.129 UTC [86] LOG:  statement: 
	    SELECT * 
	    FROM "public"."AlunoDisciplina"
	    
	  
	    order by "id" asc
	    LIMIT 100
	    OFFSET 0
	    
2023-07-06 13:51:24.135 UTC [85] LOG:  statement: select version()
2023-07-06 13:51:24.141 UTC [85] LOG:  statement: 
	    SELECT * 
	    FROM "public"."AlunoDisciplina"
	    
	  
	    order by "id" asc
	    LIMIT 100
	    OFFSET 0
	    
2023-07-06 13:51:25.041 UTC [86] LOG:  statement: select version()
2023-07-06 13:51:25.043 UTC [85] LOG:  statement: select version()
2023-07-06 13:51:25.047 UTC [86] LOG:  statement: 
	    SELECT
	      t.table_schema as schema,
	      t.table_name as name,
	  
	        pc.relkind as tabletype
	      FROM information_schema.tables AS t
	      JOIN pg_class AS pc
	        ON t.table_name = pc.relname AND quote_ident(t.table_schema) = pc.relnamespace::regnamespace::text
	      LEFT OUTER JOIN pg_inherits AS i
	        ON pc.oid = i.inhrelid
	      WHERE t.table_type NOT LIKE '%VIEW%'
	      AND i.inhrelid::regclass IS NULL
	    
	    
	    ORDER BY t.table_schema, t.table_name
	  
2023-07-06 13:51:25.049 UTC [85] LOG:  statement: 
	    SELECT
	      r.specific_name as id,
	      r.routine_schema as routine_schema,
	      r.routine_name as name,
	      r.routine_type as routine_type,
	      r.data_type as data_type
	    FROM INFORMATION_SCHEMA.ROUTINES r
	    where r.routine_schema not in ('sys', 'information_schema',
	                                'pg_catalog', 'performance_schema')
	    
	    ORDER BY routine_schema, routine_name
	  
2023-07-06 13:51:25.055 UTC [85] LOG:  statement: 
	    select
	        r.routine_schema as routine_schema,
	        r.specific_name as specific_name,
	        p.parameter_name as parameter_name,
	        p.character_maximum_length as char_length,
	        p.data_type as data_type
	  from information_schema.routines r
	  left join information_schema.parameters p
	            on p.specific_schema = r.routine_schema
	            and p.specific_name = r.specific_name
	  where r.routine_schema not in ('sys', 'information_schema',
	                                'pg_catalog', 'performance_schema')
	    
	
	      AND p.parameter_mode = 'IN'
	  order by r.routine_schema,
	          r.specific_name,
	          p.ordinal_position;
	
	  
2023-07-06 13:51:25.059 UTC [86] LOG:  statement: 
	    SELECT
	      table_schema as schema,
	      table_name as name
	    FROM information_schema.views
	    
	    ORDER BY table_schema, table_name
	  
2023-07-06 13:51:25.064 UTC [86] LOG:  statement: select version()
2023-07-06 13:51:25.068 UTC [86] LOG:  statement: 
	    SELECT
	      schemaname as schema,
	      matviewname as name
	    FROM pg_matviews
	    
	    order by schemaname, matviewname;
	  
2023-07-06 13:51:25.130 UTC [86] LOG:  statement: select version()
2023-07-06 13:51:25.151 UTC [86] LOG:  statement: 
	    SELECT * 
	    FROM "public"."AlunoDisciplina"
	    
	  
	    order by "id" asc
	    LIMIT 100
	    OFFSET 0
	    
2023-07-06 13:51:25.163 UTC [86] LOG:  execute <unnamed>: 
	    SELECT
	      table_schema,
	      table_name,
	      column_name,
	      is_nullable,
	      ordinal_position,
	      column_default,
	      CASE
	        WHEN character_maximum_length is not null  and udt_name != 'text'
	          THEN CONCAT(udt_name, concat('(', concat(character_maximum_length::varchar(255), ')')))
	        WHEN datetime_precision is not null THEN
	          CONCAT(udt_name, concat('(', concat(datetime_precision::varchar(255), ')')))
	        ELSE udt_name
	      END as data_type
	    FROM information_schema.columns
	    WHERE table_schema = $1 AND table_name = $2
	    ORDER BY table_schema, table_name, ordinal_position
	  
2023-07-06 13:51:25.163 UTC [86] DETAIL:  parameters: $1 = 'public', $2 = 'AlunoDisciplina'
2023-07-06 13:51:25.206 UTC [85] LOG:  statement: select version()
2023-07-06 13:51:25.206 UTC [86] LOG:  statement: select version()
2023-07-06 13:51:25.213 UTC [85] LOG:  statement: 
	    SELECT * 
	    FROM "public"."AlunoDisciplina"
	    
	  
	    order by "id" asc
	    LIMIT 100
	    OFFSET 0
	    
2023-07-06 13:51:25.215 UTC [86] LOG:  statement: 
	    SELECT * 
	    FROM "public"."AlunoDisciplina"
	    
	  
	    order by "id" asc
	    LIMIT 100
	    OFFSET 0
	    
2023-07-06 13:51:25.252 UTC [86] LOG:  statement: select version()
2023-07-06 13:51:25.255 UTC [86] LOG:  statement: 
	    SELECT * 
	    FROM "public"."AlunoDisciplina"
	    
	  
	    order by "id" asc
	    LIMIT 100
	    OFFSET 0
	    
2023-07-06 13:51:25.854 UTC [86] LOG:  statement: select version()
2023-07-06 13:51:25.856 UTC [85] LOG:  statement: select version()
2023-07-06 13:51:25.860 UTC [86] LOG:  statement: 
	    SELECT
	      r.specific_name as id,
	      r.routine_schema as routine_schema,
	      r.routine_name as name,
	      r.routine_type as routine_type,
	      r.data_type as data_type
	    FROM INFORMATION_SCHEMA.ROUTINES r
	    where r.routine_schema not in ('sys', 'information_schema',
	                                'pg_catalog', 'performance_schema')
	    
	    ORDER BY routine_schema, routine_name
	  
2023-07-06 13:51:25.861 UTC [85] LOG:  statement: 
	    SELECT
	      t.table_schema as schema,
	      t.table_name as name,
	  
	        pc.relkind as tabletype
	      FROM information_schema.tables AS t
	      JOIN pg_class AS pc
	        ON t.table_name = pc.relname AND quote_ident(t.table_schema) = pc.relnamespace::regnamespace::text
	      LEFT OUTER JOIN pg_inherits AS i
	        ON pc.oid = i.inhrelid
	      WHERE t.table_type NOT LIKE '%VIEW%'
	      AND i.inhrelid::regclass IS NULL
	    
	    
	    ORDER BY t.table_schema, t.table_name
	  
2023-07-06 13:51:25.866 UTC [86] LOG:  statement: 
	    select
	        r.routine_schema as routine_schema,
	        r.specific_name as specific_name,
	        p.parameter_name as parameter_name,
	        p.character_maximum_length as char_length,
	        p.data_type as data_type
	  from information_schema.routines r
	  left join information_schema.parameters p
	            on p.specific_schema = r.routine_schema
	            and p.specific_name = r.specific_name
	  where r.routine_schema not in ('sys', 'information_schema',
	                                'pg_catalog', 'performance_schema')
	    
	
	      AND p.parameter_mode = 'IN'
	  order by r.routine_schema,
	          r.specific_name,
	          p.ordinal_position;
	
	  
2023-07-06 13:51:25.871 UTC [85] LOG:  statement: 
	    SELECT
	      table_schema as schema,
	      table_name as name
	    FROM information_schema.views
	    
	    ORDER BY table_schema, table_name
	  
2023-07-06 13:51:25.877 UTC [85] LOG:  statement: select version()
2023-07-06 13:51:25.879 UTC [85] LOG:  statement: 
	    SELECT
	      schemaname as schema,
	      matviewname as name
	    FROM pg_matviews
	    
	    order by schemaname, matviewname;
	  
2023-07-06 13:51:25.932 UTC [85] LOG:  statement: select version()
2023-07-06 13:51:25.951 UTC [85] LOG:  statement: 
	    SELECT * 
	    FROM "public"."AlunoDisciplina"
	    
	  
	    order by "id" asc
	    LIMIT 100
	    OFFSET 0
	    
2023-07-06 13:51:25.967 UTC [85] LOG:  execute <unnamed>: 
	    SELECT
	      table_schema,
	      table_name,
	      column_name,
	      is_nullable,
	      ordinal_position,
	      column_default,
	      CASE
	        WHEN character_maximum_length is not null  and udt_name != 'text'
	          THEN CONCAT(udt_name, concat('(', concat(character_maximum_length::varchar(255), ')')))
	        WHEN datetime_precision is not null THEN
	          CONCAT(udt_name, concat('(', concat(datetime_precision::varchar(255), ')')))
	        ELSE udt_name
	      END as data_type
	    FROM information_schema.columns
	    WHERE table_schema = $1 AND table_name = $2
	    ORDER BY table_schema, table_name, ordinal_position
	  
2023-07-06 13:51:25.967 UTC [85] DETAIL:  parameters: $1 = 'public', $2 = 'AlunoDisciplina'
2023-07-06 13:51:26.004 UTC [85] LOG:  statement: select version()
2023-07-06 13:51:26.004 UTC [88] LOG:  statement: select version()
2023-07-06 13:51:26.035 UTC [88] LOG:  statement: 
	    SELECT * 
	    FROM "public"."AlunoDisciplina"
	    
	  
	    order by "id" asc
	    LIMIT 100
	    OFFSET 0
	    
2023-07-06 13:51:26.038 UTC [85] LOG:  statement: 
	    SELECT * 
	    FROM "public"."AlunoDisciplina"
	    
	  
	    order by "id" asc
	    LIMIT 100
	    OFFSET 0
	    
2023-07-06 13:51:26.072 UTC [85] LOG:  statement: select version()
2023-07-06 13:51:26.074 UTC [85] LOG:  statement: 
	    SELECT * 
	    FROM "public"."AlunoDisciplina"
	    
	  
	    order by "id" asc
	    LIMIT 100
	    OFFSET 0
	    
2023-07-06 13:51:55.450 UTC [83] LOG:  statement: SELECT 1
2023-07-06 13:51:55.452 UTC [83] LOG:  execute s0: SELECT "public"."AlunoDisciplina"."id", "public"."AlunoDisciplina"."id_disciplina" FROM "public"."AlunoDisciplina" WHERE "public"."AlunoDisciplina"."id_aluno" = $1 OFFSET $2
2023-07-06 13:51:55.452 UTC [83] DETAIL:  parameters: $1 = '49fa7012-7adb-41d9-a6b0-a951e3cab351', $2 = '0'
2023-07-06 13:51:55.458 UTC [83] LOG:  statement: BEGIN
2023-07-06 13:51:55.461 UTC [83] LOG:  execute s4: SELECT "public"."AlunoDisciplina"."id" FROM "public"."AlunoDisciplina" WHERE ("public"."AlunoDisciplina"."id_aluno" = $1 AND "public"."AlunoDisciplina"."id_disciplina" IN ($2,$3)) OFFSET $4
2023-07-06 13:51:55.461 UTC [83] DETAIL:  parameters: $1 = '49fa7012-7adb-41d9-a6b0-a951e3cab351', $2 = '2', $3 = '4', $4 = '0'
2023-07-06 13:51:55.462 UTC [83] LOG:  execute s5: SELECT "public"."AlunoDisciplina"."id" FROM "public"."AlunoDisciplina" WHERE ("public"."AlunoDisciplina"."id_aluno" = $1 AND "public"."AlunoDisciplina"."id_disciplina" IN ($2,$3))
2023-07-06 13:51:55.462 UTC [83] DETAIL:  parameters: $1 = '49fa7012-7adb-41d9-a6b0-a951e3cab351', $2 = '2', $3 = '4'
2023-07-06 13:51:55.464 UTC [83] LOG:  execute s6: DELETE FROM "public"."AlunoDisciplina" WHERE ("public"."AlunoDisciplina"."id" IN ($1,$2) AND ("public"."AlunoDisciplina"."id_aluno" = $3 AND "public"."AlunoDisciplina"."id_disciplina" IN ($4,$5)))
2023-07-06 13:51:55.464 UTC [83] DETAIL:  parameters: $1 = '38', $2 = '39', $3 = '49fa7012-7adb-41d9-a6b0-a951e3cab351', $4 = '2', $5 = '4'
2023-07-06 13:51:55.467 UTC [83] LOG:  execute s8: INSERT INTO "public"."AlunoDisciplina" ("id_aluno","id_disciplina") VALUES ($1,$2), ($3,$4)
2023-07-06 13:51:55.467 UTC [83] DETAIL:  parameters: $1 = '49fa7012-7adb-41d9-a6b0-a951e3cab351', $2 = '1', $3 = '49fa7012-7adb-41d9-a6b0-a951e3cab351', $4 = '3'
2023-07-06 13:51:55.469 UTC [83] LOG:  statement: COMMIT
2023-07-06 13:51:55.484 UTC [83] LOG:  execute s0: SELECT "public"."AlunoDisciplina"."id", "public"."AlunoDisciplina"."id_disciplina" FROM "public"."AlunoDisciplina" WHERE "public"."AlunoDisciplina"."id_aluno" = $1 OFFSET $2
2023-07-06 13:51:55.484 UTC [83] DETAIL:  parameters: $1 = '49fa7012-7adb-41d9-a6b0-a951e3cab351', $2 = '0'
2023-07-06 13:51:58.998 UTC [90] LOG:  statement: select version()
2023-07-06 13:51:59.000 UTC [90] LOG:  statement: 
	    SELECT
	      r.specific_name as id,
	      r.routine_schema as routine_schema,
	      r.routine_name as name,
	      r.routine_type as routine_type,
	      r.data_type as data_type
	    FROM INFORMATION_SCHEMA.ROUTINES r
	    where r.routine_schema not in ('sys', 'information_schema',
	                                'pg_catalog', 'performance_schema')
	    
	    ORDER BY routine_schema, routine_name
	  
2023-07-06 13:51:59.027 UTC [90] LOG:  statement: 
	    select
	        r.routine_schema as routine_schema,
	        r.specific_name as specific_name,
	        p.parameter_name as parameter_name,
	        p.character_maximum_length as char_length,
	        p.data_type as data_type
	  from information_schema.routines r
	  left join information_schema.parameters p
	            on p.specific_schema = r.routine_schema
	            and p.specific_name = r.specific_name
	  where r.routine_schema not in ('sys', 'information_schema',
	                                'pg_catalog', 'performance_schema')
	    
	
	      AND p.parameter_mode = 'IN'
	  order by r.routine_schema,
	          r.specific_name,
	          p.ordinal_position;
	
	  
2023-07-06 13:51:59.076 UTC [91] LOG:  statement: select version()
2023-07-06 13:51:59.079 UTC [91] LOG:  statement: 
	    SELECT
	      t.table_schema as schema,
	      t.table_name as name,
	  
	        pc.relkind as tabletype
	      FROM information_schema.tables AS t
	      JOIN pg_class AS pc
	        ON t.table_name = pc.relname AND quote_ident(t.table_schema) = pc.relnamespace::regnamespace::text
	      LEFT OUTER JOIN pg_inherits AS i
	        ON pc.oid = i.inhrelid
	      WHERE t.table_type NOT LIKE '%VIEW%'
	      AND i.inhrelid::regclass IS NULL
	    
	    
	    ORDER BY t.table_schema, t.table_name
	  
2023-07-06 13:51:59.104 UTC [91] LOG:  statement: 
	    SELECT
	      table_schema as schema,
	      table_name as name
	    FROM information_schema.views
	    
	    ORDER BY table_schema, table_name
	  
2023-07-06 13:51:59.110 UTC [91] LOG:  statement: select version()
2023-07-06 13:51:59.112 UTC [91] LOG:  statement: 
	    SELECT
	      schemaname as schema,
	      matviewname as name
	    FROM pg_matviews
	    
	    order by schemaname, matviewname;
	  
2023-07-06 13:51:59.175 UTC [91] LOG:  statement: select version()
2023-07-06 13:51:59.205 UTC [91] LOG:  statement: 
	    SELECT * 
	    FROM "public"."AlunoDisciplina"
	    
	  
	    order by "id" asc
	    LIMIT 100
	    OFFSET 0
	    
2023-07-06 13:51:59.245 UTC [91] LOG:  execute <unnamed>: 
	    SELECT
	      table_schema,
	      table_name,
	      column_name,
	      is_nullable,
	      ordinal_position,
	      column_default,
	      CASE
	        WHEN character_maximum_length is not null  and udt_name != 'text'
	          THEN CONCAT(udt_name, concat('(', concat(character_maximum_length::varchar(255), ')')))
	        WHEN datetime_precision is not null THEN
	          CONCAT(udt_name, concat('(', concat(datetime_precision::varchar(255), ')')))
	        ELSE udt_name
	      END as data_type
	    FROM information_schema.columns
	    WHERE table_schema = $1 AND table_name = $2
	    ORDER BY table_schema, table_name, ordinal_position
	  
2023-07-06 13:51:59.245 UTC [91] DETAIL:  parameters: $1 = 'public', $2 = 'AlunoDisciplina'
2023-07-06 13:51:59.278 UTC [90] LOG:  statement: select version()
2023-07-06 13:51:59.278 UTC [91] LOG:  statement: select version()
2023-07-06 13:51:59.284 UTC [90] LOG:  statement: 
	    SELECT * 
	    FROM "public"."AlunoDisciplina"
	    
	  
	    order by "id" asc
	    LIMIT 100
	    OFFSET 0
	    
2023-07-06 13:51:59.286 UTC [91] LOG:  statement: 
	    SELECT * 
	    FROM "public"."AlunoDisciplina"
	    
	  
	    order by "id" asc
	    LIMIT 100
	    OFFSET 0
	    
2023-07-06 13:51:59.293 UTC [91] LOG:  statement: select version()
2023-07-06 13:51:59.300 UTC [91] LOG:  statement: 
	    SELECT * 
	    FROM "public"."AlunoDisciplina"
	    
	  
	    order by "id" asc
	    LIMIT 100
	    OFFSET 0
	    
2023-07-06 13:55:16.856 UTC [83] LOG:  statement: SELECT 1
2023-07-06 13:55:16.859 UTC [83] LOG:  execute s0: SELECT "public"."AlunoDisciplina"."id", "public"."AlunoDisciplina"."id_disciplina" FROM "public"."AlunoDisciplina" WHERE "public"."AlunoDisciplina"."id_aluno" = $1 OFFSET $2
2023-07-06 13:55:16.859 UTC [83] DETAIL:  parameters: $1 = '49fa7012-7adb-41d9-a6b0-a951e3cab351', $2 = '0'
2023-07-06 13:55:16.863 UTC [83] LOG:  statement: BEGIN
2023-07-06 13:55:16.865 UTC [83] LOG:  execute s4: SELECT "public"."AlunoDisciplina"."id" FROM "public"."AlunoDisciplina" WHERE ("public"."AlunoDisciplina"."id_aluno" = $1 AND "public"."AlunoDisciplina"."id_disciplina" IN ($2,$3)) OFFSET $4
2023-07-06 13:55:16.865 UTC [83] DETAIL:  parameters: $1 = '49fa7012-7adb-41d9-a6b0-a951e3cab351', $2 = '1', $3 = '3', $4 = '0'
2023-07-06 13:55:16.867 UTC [83] LOG:  execute s5: SELECT "public"."AlunoDisciplina"."id" FROM "public"."AlunoDisciplina" WHERE ("public"."AlunoDisciplina"."id_aluno" = $1 AND "public"."AlunoDisciplina"."id_disciplina" IN ($2,$3))
2023-07-06 13:55:16.867 UTC [83] DETAIL:  parameters: $1 = '49fa7012-7adb-41d9-a6b0-a951e3cab351', $2 = '1', $3 = '3'
2023-07-06 13:55:16.869 UTC [83] LOG:  execute s6: DELETE FROM "public"."AlunoDisciplina" WHERE ("public"."AlunoDisciplina"."id" IN ($1,$2) AND ("public"."AlunoDisciplina"."id_aluno" = $3 AND "public"."AlunoDisciplina"."id_disciplina" IN ($4,$5)))
2023-07-06 13:55:16.869 UTC [83] DETAIL:  parameters: $1 = '44', $2 = '45', $3 = '49fa7012-7adb-41d9-a6b0-a951e3cab351', $4 = '1', $5 = '3'
2023-07-06 13:55:16.870 UTC [83] LOG:  statement: COMMIT
2023-07-06 13:55:16.877 UTC [83] LOG:  execute s0: SELECT "public"."AlunoDisciplina"."id", "public"."AlunoDisciplina"."id_disciplina" FROM "public"."AlunoDisciplina" WHERE "public"."AlunoDisciplina"."id_aluno" = $1 OFFSET $2
2023-07-06 13:55:16.877 UTC [83] DETAIL:  parameters: $1 = '49fa7012-7adb-41d9-a6b0-a951e3cab351', $2 = '0'
2023-07-06 13:55:20.091 UTC [100] LOG:  statement: select version()
2023-07-06 13:55:20.094 UTC [100] LOG:  statement: 
	    SELECT
	      t.table_schema as schema,
	      t.table_name as name,
	  
	        pc.relkind as tabletype
	      FROM information_schema.tables AS t
	      JOIN pg_class AS pc
	        ON t.table_name = pc.relname AND quote_ident(t.table_schema) = pc.relnamespace::regnamespace::text
	      LEFT OUTER JOIN pg_inherits AS i
	        ON pc.oid = i.inhrelid
	      WHERE t.table_type NOT LIKE '%VIEW%'
	      AND i.inhrelid::regclass IS NULL
	    
	    
	    ORDER BY t.table_schema, t.table_name
	  
2023-07-06 13:55:20.126 UTC [100] LOG:  statement: 
	    SELECT
	      table_schema as schema,
	      table_name as name
	    FROM information_schema.views
	    
	    ORDER BY table_schema, table_name
	  
2023-07-06 13:55:20.131 UTC [100] LOG:  statement: select version()
2023-07-06 13:55:20.133 UTC [100] LOG:  statement: 
	    SELECT
	      schemaname as schema,
	      matviewname as name
	    FROM pg_matviews
	    
	    order by schemaname, matviewname;
	  
2023-07-06 13:55:20.200 UTC [100] LOG:  statement: select version()
2023-07-06 13:55:20.213 UTC [99] LOG:  statement: select version()
2023-07-06 13:55:20.216 UTC [100] LOG:  statement: 
	    SELECT * 
	    FROM "public"."AlunoDisciplina"
	    
	  
	    order by "id" asc
	    LIMIT 100
	    OFFSET 0
	    
2023-07-06 13:55:20.219 UTC [99] LOG:  statement: 
	    SELECT
	      r.specific_name as id,
	      r.routine_schema as routine_schema,
	      r.routine_name as name,
	      r.routine_type as routine_type,
	      r.data_type as data_type
	    FROM INFORMATION_SCHEMA.ROUTINES r
	    where r.routine_schema not in ('sys', 'information_schema',
	                                'pg_catalog', 'performance_schema')
	    
	    ORDER BY routine_schema, routine_name
	  
2023-07-06 13:55:20.244 UTC [99] LOG:  statement: 
	    select
	        r.routine_schema as routine_schema,
	        r.specific_name as specific_name,
	        p.parameter_name as parameter_name,
	        p.character_maximum_length as char_length,
	        p.data_type as data_type
	  from information_schema.routines r
	  left join information_schema.parameters p
	            on p.specific_schema = r.routine_schema
	            and p.specific_name = r.specific_name
	  where r.routine_schema not in ('sys', 'information_schema',
	                                'pg_catalog', 'performance_schema')
	    
	
	      AND p.parameter_mode = 'IN'
	  order by r.routine_schema,
	          r.specific_name,
	          p.ordinal_position;
	
	  
2023-07-06 13:55:20.257 UTC [100] LOG:  execute <unnamed>: 
	    SELECT
	      table_schema,
	      table_name,
	      column_name,
	      is_nullable,
	      ordinal_position,
	      column_default,
	      CASE
	        WHEN character_maximum_length is not null  and udt_name != 'text'
	          THEN CONCAT(udt_name, concat('(', concat(character_maximum_length::varchar(255), ')')))
	        WHEN datetime_precision is not null THEN
	          CONCAT(udt_name, concat('(', concat(datetime_precision::varchar(255), ')')))
	        ELSE udt_name
	      END as data_type
	    FROM information_schema.columns
	    WHERE table_schema = $1 AND table_name = $2
	    ORDER BY table_schema, table_name, ordinal_position
	  
2023-07-06 13:55:20.257 UTC [100] DETAIL:  parameters: $1 = 'public', $2 = 'AlunoDisciplina'
2023-07-06 13:55:20.335 UTC [100] LOG:  statement: select version()
2023-07-06 13:55:20.349 UTC [100] LOG:  statement: 
	    SELECT * 
	    FROM "public"."AlunoDisciplina"
	    
	  
	    order by "id" asc
	    LIMIT 100
	    OFFSET 0
	    
2023-07-06 13:55:20.358 UTC [100] LOG:  statement: select version()
2023-07-06 13:55:20.364 UTC [100] LOG:  statement: 
	    SELECT * 
	    FROM "public"."AlunoDisciplina"
	    
	  
	    order by "id" asc
	    LIMIT 100
	    OFFSET 0
	    
2023-07-06 13:55:20.515 UTC [101] LOG:  statement: select version()
2023-07-06 13:55:20.517 UTC [101] LOG:  statement: 
	    SELECT * 
	    FROM "public"."AlunoDisciplina"
	    
	  
	    order by "id" asc
	    LIMIT 100
	    OFFSET 0
	    
2023-07-06 13:55:28.279 UTC [83] LOG:  execute s0: SELECT "public"."AlunoDisciplina"."id", "public"."AlunoDisciplina"."id_disciplina" FROM "public"."AlunoDisciplina" WHERE "public"."AlunoDisciplina"."id_aluno" = $1 OFFSET $2
2023-07-06 13:55:28.279 UTC [83] DETAIL:  parameters: $1 = '49fa7012-7adb-41d9-a6b0-a951e3cab351', $2 = '0'
2023-07-06 13:55:28.282 UTC [83] LOG:  statement: BEGIN
2023-07-06 13:55:28.284 UTC [83] LOG:  execute s1: SELECT "public"."AlunoDisciplina"."id" FROM "public"."AlunoDisciplina" WHERE ("public"."AlunoDisciplina"."id_aluno" = $1 AND 1=0) OFFSET $2
2023-07-06 13:55:28.284 UTC [83] DETAIL:  parameters: $1 = '49fa7012-7adb-41d9-a6b0-a951e3cab351', $2 = '0'
2023-07-06 13:55:28.286 UTC [83] LOG:  execute s2: SELECT "public"."AlunoDisciplina"."id" FROM "public"."AlunoDisciplina" WHERE ("public"."AlunoDisciplina"."id_aluno" = $1 AND 1=0)
2023-07-06 13:55:28.286 UTC [83] DETAIL:  parameters: $1 = '49fa7012-7adb-41d9-a6b0-a951e3cab351'
2023-07-06 13:55:28.288 UTC [83] LOG:  execute s8: INSERT INTO "public"."AlunoDisciplina" ("id_aluno","id_disciplina") VALUES ($1,$2), ($3,$4)
2023-07-06 13:55:28.288 UTC [83] DETAIL:  parameters: $1 = '49fa7012-7adb-41d9-a6b0-a951e3cab351', $2 = '1', $3 = '49fa7012-7adb-41d9-a6b0-a951e3cab351', $4 = '2'
2023-07-06 13:55:28.291 UTC [83] LOG:  statement: COMMIT
2023-07-06 13:55:28.296 UTC [83] LOG:  execute s0: SELECT "public"."AlunoDisciplina"."id", "public"."AlunoDisciplina"."id_disciplina" FROM "public"."AlunoDisciplina" WHERE "public"."AlunoDisciplina"."id_aluno" = $1 OFFSET $2
2023-07-06 13:55:28.296 UTC [83] DETAIL:  parameters: $1 = '49fa7012-7adb-41d9-a6b0-a951e3cab351', $2 = '0'
2023-07-06 13:56:18.420 UTC [28] LOG:  checkpoint starting: time
2023-07-06 13:56:19.071 UTC [28] LOG:  checkpoint complete: wrote 6 buffers (0.0%); 0 WAL file(s) added, 0 removed, 0 recycled; write=0.526 s, sync=0.024 s, total=0.651 s; sync files=6, longest=0.011 s, average=0.004 s; distance=8 kB, estimate=38 kB
2023-07-06 14:19:57.360 UTC [151] LOG:  execute <unnamed>: 
	    SELECT
	      table_schema,
	      table_name,
	      column_name,
	      is_nullable,
	      ordinal_position,
	      column_default,
	      CASE
	        WHEN character_maximum_length is not null  and udt_name != 'text'
	          THEN CONCAT(udt_name, concat('(', concat(character_maximum_length::varchar(255), ')')))
	        WHEN datetime_precision is not null THEN
	          CONCAT(udt_name, concat('(', concat(datetime_precision::varchar(255), ')')))
	        ELSE udt_name
	      END as data_type
	    FROM information_schema.columns
	    WHERE table_schema = $1 AND table_name = $2
	    ORDER BY table_schema, table_name, ordinal_position
	  
2023-07-06 14:19:57.360 UTC [151] DETAIL:  parameters: $1 = 'public', $2 = 'Aluno'
2023-07-06 14:19:57.401 UTC [151] LOG:  execute <unnamed>: 
	    SELECT
	        tc.table_schema as from_schema,
	        tc.table_name as from_table,
	        kcu.column_name as from_column,
	        ccu.table_schema AS to_schema,
	        ccu.table_name AS to_table,
	        ccu.column_name AS to_column,
	        tc.constraint_name,
	        rc.update_rule as update_rule,
	        rc.delete_rule as delete_rule
	    FROM
	        information_schema.table_constraints AS tc
	        JOIN information_schema.key_column_usage AS kcu
	          ON tc.constraint_name = kcu.constraint_name
	          AND tc.table_schema = kcu.table_schema
	        JOIN information_schema.constraint_column_usage AS ccu
	          ON ccu.constraint_name = tc.constraint_name
	          AND ccu.table_schema = tc.table_schema
	         JOIN information_schema.referential_constraints rc
	          on tc.constraint_name = rc.constraint_name
	          and tc.table_schema = rc.constraint_schema
	    WHERE tc.constraint_type = 'FOREIGN KEY'
	    AND tc.table_name= $1 and tc.table_schema = $2;
	
	  
2023-07-06 14:19:57.401 UTC [151] DETAIL:  parameters: $1 = 'Aluno', $2 = 'public'
2023-07-06 14:19:57.408 UTC [151] LOG:  statement: select version()
2023-07-06 14:19:57.410 UTC [151] LOG:  statement: 
	    SELECT
	      a.attname as column_name,
	      format_type(a.atttypid, a.atttypmod) AS data_type,
	      a.attnum as position
	    FROM   pg_index i
	    JOIN   pg_attribute a ON a.attrelid = i.indrelid
	                        AND a.attnum = ANY(i.indkey)
	    WHERE  i.indrelid = '"public"."Aluno"'::regclass
	    AND    i.indisprimary
	    ORDER BY a.attnum
	  
2023-07-06 14:19:57.486 UTC [151] LOG:  statement: select version()
2023-07-06 14:19:57.492 UTC [151] LOG:  statement: 
	    SELECT * 
	    FROM "public"."Aluno"
	    
	  
	    order by "id" asc
	    LIMIT 100
	    OFFSET 0
	    
2023-07-06 14:19:58.755 UTC [151] LOG:  statement: select version()
2023-07-06 14:19:58.760 UTC [151] LOG:  statement: 
	    SELECT
	      r.specific_name as id,
	      r.routine_schema as routine_schema,
	      r.routine_name as name,
	      r.routine_type as routine_type,
	      r.data_type as data_type
	    FROM INFORMATION_SCHEMA.ROUTINES r
	    where r.routine_schema not in ('sys', 'information_schema',
	                                'pg_catalog', 'performance_schema')
	    
	    ORDER BY routine_schema, routine_name
	  
2023-07-06 14:19:58.783 UTC [151] LOG:  statement: 
	    select
	        r.routine_schema as routine_schema,
	        r.specific_name as specific_name,
	        p.parameter_name as parameter_name,
	        p.character_maximum_length as char_length,
	        p.data_type as data_type
	  from information_schema.routines r
	  left join information_schema.parameters p
	            on p.specific_schema = r.routine_schema
	            and p.specific_name = r.specific_name
	  where r.routine_schema not in ('sys', 'information_schema',
	                                'pg_catalog', 'performance_schema')
	    
	
	      AND p.parameter_mode = 'IN'
	  order by r.routine_schema,
	          r.specific_name,
	          p.ordinal_position;
	
	  
2023-07-06 14:19:58.923 UTC [152] LOG:  statement: select version()
2023-07-06 14:19:58.926 UTC [152] LOG:  statement: 
	    SELECT
	      t.table_schema as schema,
	      t.table_name as name,
	  
	        pc.relkind as tabletype
	      FROM information_schema.tables AS t
	      JOIN pg_class AS pc
	        ON t.table_name = pc.relname AND quote_ident(t.table_schema) = pc.relnamespace::regnamespace::text
	      LEFT OUTER JOIN pg_inherits AS i
	        ON pc.oid = i.inhrelid
	      WHERE t.table_type NOT LIKE '%VIEW%'
	      AND i.inhrelid::regclass IS NULL
	    
	    
	    ORDER BY t.table_schema, t.table_name
	  
2023-07-06 14:19:58.946 UTC [152] LOG:  statement: 
	    SELECT
	      table_schema as schema,
	      table_name as name
	    FROM information_schema.views
	    
	    ORDER BY table_schema, table_name
	  
2023-07-06 14:19:58.952 UTC [152] LOG:  statement: select version()
2023-07-06 14:19:58.954 UTC [152] LOG:  statement: 
	    SELECT
	      schemaname as schema,
	      matviewname as name
	    FROM pg_matviews
	    
	    order by schemaname, matviewname;
	  
2023-07-06 14:19:59.007 UTC [152] LOG:  statement: select version()
2023-07-06 14:19:59.007 UTC [151] LOG:  statement: select version()
2023-07-06 14:19:59.024 UTC [151] LOG:  statement: 
	    SELECT * 
	    FROM "public"."Aluno"
	    
	  
	    order by "id" asc
	    LIMIT 100
	    OFFSET 0
	    
2023-07-06 14:19:59.028 UTC [152] LOG:  statement: 
	    SELECT * 
	    FROM "public"."AlunoDisciplina"
	    
	  
	    order by "id" asc
	    LIMIT 100
	    OFFSET 0
	    
2023-07-06 14:19:59.039 UTC [151] LOG:  execute <unnamed>: 
	    SELECT
	      table_schema,
	      table_name,
	      column_name,
	      is_nullable,
	      ordinal_position,
	      column_default,
	      CASE
	        WHEN character_maximum_length is not null  and udt_name != 'text'
	          THEN CONCAT(udt_name, concat('(', concat(character_maximum_length::varchar(255), ')')))
	        WHEN datetime_precision is not null THEN
	          CONCAT(udt_name, concat('(', concat(datetime_precision::varchar(255), ')')))
	        ELSE udt_name
	      END as data_type
	    FROM information_schema.columns
	    WHERE table_schema = $1 AND table_name = $2
	    ORDER BY table_schema, table_name, ordinal_position
	  
2023-07-06 14:19:59.039 UTC [151] DETAIL:  parameters: $1 = 'public', $2 = 'Aluno'
2023-07-06 14:19:59.062 UTC [152] LOG:  execute <unnamed>: 
	    SELECT
	      table_schema,
	      table_name,
	      column_name,
	      is_nullable,
	      ordinal_position,
	      column_default,
	      CASE
	        WHEN character_maximum_length is not null  and udt_name != 'text'
	          THEN CONCAT(udt_name, concat('(', concat(character_maximum_length::varchar(255), ')')))
	        WHEN datetime_precision is not null THEN
	          CONCAT(udt_name, concat('(', concat(datetime_precision::varchar(255), ')')))
	        ELSE udt_name
	      END as data_type
	    FROM information_schema.columns
	    WHERE table_schema = $1 AND table_name = $2
	    ORDER BY table_schema, table_name, ordinal_position
	  
2023-07-06 14:19:59.062 UTC [152] DETAIL:  parameters: $1 = 'public', $2 = 'AlunoDisciplina'
2023-07-06 14:19:59.102 UTC [151] LOG:  statement: select version()
2023-07-06 14:19:59.127 UTC [152] LOG:  statement: select version()
2023-07-06 14:19:59.140 UTC [151] LOG:  statement: 
	    SELECT * 
	    FROM "public"."Aluno"
	    
	  
	    order by "id" asc
	    LIMIT 100
	    OFFSET 0
	    
2023-07-06 14:19:59.143 UTC [152] LOG:  statement: 
	    SELECT * 
	    FROM "public"."AlunoDisciplina"
	    
	  
	    order by "id" asc
	    LIMIT 100
	    OFFSET 0
	    
2023-07-06 14:19:59.151 UTC [151] LOG:  statement: select version()
2023-07-06 14:19:59.163 UTC [152] LOG:  statement: select version()
2023-07-06 14:19:59.164 UTC [151] LOG:  statement: 
	    SELECT * 
	    FROM "public"."Aluno"
	    
	  
	    order by "id" asc
	    LIMIT 100
	    OFFSET 0
	    
2023-07-06 14:19:59.168 UTC [152] LOG:  statement: 
	    SELECT * 
	    FROM "public"."AlunoDisciplina"
	    
	  
	    order by "id" asc
	    LIMIT 100
	    OFFSET 0
	    
2023-07-06 14:19:59.335 UTC [154] LOG:  statement: select version()
2023-07-06 14:19:59.338 UTC [154] LOG:  statement: 
	    SELECT * 
	    FROM "public"."AlunoDisciplina"
	    
	  
	    order by "id" asc
	    LIMIT 100
	    OFFSET 0
	    
2023-07-06 14:19:59.403 UTC [153] LOG:  statement: select version()
2023-07-06 14:19:59.405 UTC [153] LOG:  statement: 
	    SELECT * 
	    FROM "public"."Aluno"
	    
	  
	    order by "id" asc
	    LIMIT 100
	    OFFSET 0
	    
2023-07-06 14:21:24.958 UTC [158] LOG:  execute s0: SELECT "public"."AlunoDisciplina"."id", "public"."AlunoDisciplina"."id_disciplina" FROM "public"."AlunoDisciplina" WHERE "public"."AlunoDisciplina"."id_aluno" = $1 OFFSET $2
2023-07-06 14:21:24.958 UTC [158] DETAIL:  parameters: $1 = '49fa7012-7adb-41d9-a6b0-a951e3cab351', $2 = '0'
2023-07-06 14:21:24.965 UTC [158] LOG:  statement: BEGIN
2023-07-06 14:21:24.969 UTC [158] LOG:  execute s1: SELECT "public"."AlunoDisciplina"."id" FROM "public"."AlunoDisciplina" WHERE ("public"."AlunoDisciplina"."id_aluno" = $1 AND 1=0) OFFSET $2
2023-07-06 14:21:24.969 UTC [158] DETAIL:  parameters: $1 = '49fa7012-7adb-41d9-a6b0-a951e3cab351', $2 = '0'
2023-07-06 14:21:24.972 UTC [158] LOG:  execute s2: SELECT "public"."AlunoDisciplina"."id" FROM "public"."AlunoDisciplina" WHERE ("public"."AlunoDisciplina"."id_aluno" = $1 AND 1=0)
2023-07-06 14:21:24.972 UTC [158] DETAIL:  parameters: $1 = '49fa7012-7adb-41d9-a6b0-a951e3cab351'
2023-07-06 14:21:24.974 UTC [158] LOG:  statement: COMMIT
2023-07-06 14:21:24.979 UTC [158] LOG:  execute s0: SELECT "public"."AlunoDisciplina"."id", "public"."AlunoDisciplina"."id_disciplina" FROM "public"."AlunoDisciplina" WHERE "public"."AlunoDisciplina"."id_aluno" = $1 OFFSET $2
2023-07-06 14:21:24.979 UTC [158] DETAIL:  parameters: $1 = '49fa7012-7adb-41d9-a6b0-a951e3cab351', $2 = '0'
2023-07-06 14:24:29.731 UTC [158] LOG:  statement: SELECT 1
2023-07-06 14:24:29.735 UTC [158] LOG:  execute s3: SELECT "public"."AlunoDisciplina"."id", "public"."AlunoDisciplina"."id_aluno", "public"."AlunoDisciplina"."id_disciplina" FROM "public"."AlunoDisciplina" WHERE "public"."AlunoDisciplina"."id_aluno" = $1 OFFSET $2
2023-07-06 14:24:29.735 UTC [158] DETAIL:  parameters: $1 = '49fa7012-7adb-41d9-a6b0-a951e3cab351', $2 = '0'
2023-07-06 14:24:48.513 UTC [158] LOG:  statement: SELECT 1
2023-07-06 14:24:48.515 UTC [158] LOG:  execute s3: SELECT "public"."AlunoDisciplina"."id", "public"."AlunoDisciplina"."id_aluno", "public"."AlunoDisciplina"."id_disciplina" FROM "public"."AlunoDisciplina" WHERE "public"."AlunoDisciplina"."id_aluno" = $1 OFFSET $2
2023-07-06 14:24:48.515 UTC [158] DETAIL:  parameters: $1 = '49fa7012-7adb-41d9-a6b0-a951e3cab351', $2 = '0'
2023-07-06 14:24:50.434 UTC [158] LOG:  execute s3: SELECT "public"."AlunoDisciplina"."id", "public"."AlunoDisciplina"."id_aluno", "public"."AlunoDisciplina"."id_disciplina" FROM "public"."AlunoDisciplina" WHERE "public"."AlunoDisciplina"."id_aluno" = $1 OFFSET $2
2023-07-06 14:24:50.434 UTC [158] DETAIL:  parameters: $1 = '49fa7012-7adb-41d9-a6b0-a951e3cab351', $2 = '0'
2023-07-06 14:26:13.972 UTC [168] LOG:  execute s0: SELECT "public"."AlunoDisciplina"."id", "public"."AlunoDisciplina"."id_aluno", "public"."AlunoDisciplina"."id_disciplina" FROM "public"."AlunoDisciplina" WHERE "public"."AlunoDisciplina"."id_aluno" = $1 OFFSET $2
2023-07-06 14:26:13.972 UTC [168] DETAIL:  parameters: $1 = '49fa7012-7adb-41d9-a6b0-a951e3cab351', $2 = '0'
2023-07-06 14:26:13.983 UTC [168] LOG:  execute s1: SELECT "public"."Disciplina"."id", "public"."Disciplina"."nome" FROM "public"."Disciplina" WHERE "public"."Disciplina"."id" IN ($1,$2) OFFSET $3
2023-07-06 14:26:13.983 UTC [168] DETAIL:  parameters: $1 = '1', $2 = '2', $3 = '0'
2023-07-06 14:28:50.539 UTC [175] LOG:  execute s0: SELECT "public"."AlunoDisciplina"."id", "public"."AlunoDisciplina"."id_disciplina" FROM "public"."AlunoDisciplina" WHERE "public"."AlunoDisciplina"."id_aluno" = $1 OFFSET $2
2023-07-06 14:28:50.539 UTC [175] DETAIL:  parameters: $1 = '49fa7012-7adb-41d9-a6b0-a951e3cab351', $2 = '0'
2023-07-06 14:28:50.548 UTC [175] LOG:  execute s1: SELECT "public"."Disciplina"."id", "public"."Disciplina"."nome" FROM "public"."Disciplina" WHERE "public"."Disciplina"."id" IN ($1,$2) OFFSET $3
2023-07-06 14:28:50.548 UTC [175] DETAIL:  parameters: $1 = '1', $2 = '2', $3 = '0'
2023-07-06 14:40:49.624 UTC [199] LOG:  execute s0: SELECT "public"."AlunoDisciplina"."id", "public"."AlunoDisciplina"."id_disciplina" FROM "public"."AlunoDisciplina" WHERE "public"."AlunoDisciplina"."id_aluno" = $1 OFFSET $2
2023-07-06 14:40:49.624 UTC [199] DETAIL:  parameters: $1 = '49fa7012-7adb-41d9-a6b0-a951e3cab351', $2 = '0'
2023-07-06 14:40:49.632 UTC [199] LOG:  execute s1: SELECT "public"."Disciplina"."id", "public"."Disciplina"."nome" FROM "public"."Disciplina" WHERE "public"."Disciplina"."id" IN ($1,$2) OFFSET $3
2023-07-06 14:40:49.632 UTC [199] DETAIL:  parameters: $1 = '1', $2 = '2', $3 = '0'
2023-07-06 14:41:36.678 UTC [202] LOG:  execute s0: SELECT "public"."AlunoDisciplina"."id", "public"."AlunoDisciplina"."id_disciplina" FROM "public"."AlunoDisciplina" WHERE "public"."AlunoDisciplina"."id_aluno" = $1 OFFSET $2
2023-07-06 14:41:36.678 UTC [202] DETAIL:  parameters: $1 = '49fa7012-7adb-41d9-a6b0-a951e3cab351', $2 = '0'
2023-07-06 14:41:36.684 UTC [202] LOG:  execute s1: SELECT "public"."Disciplina"."id", "public"."Disciplina"."nome" FROM "public"."Disciplina" WHERE "public"."Disciplina"."id" IN ($1,$2) OFFSET $3
2023-07-06 14:41:36.684 UTC [202] DETAIL:  parameters: $1 = '1', $2 = '2', $3 = '0'
2023-07-06 14:42:18.573 UTC [204] LOG:  execute s0: SELECT "public"."AlunoDisciplina"."id", "public"."AlunoDisciplina"."id_disciplina" FROM "public"."AlunoDisciplina" WHERE "public"."AlunoDisciplina"."id_aluno" = $1 OFFSET $2
2023-07-06 14:42:18.573 UTC [204] DETAIL:  parameters: $1 = '49fa7012-7adb-41d9-a6b0-a951e3cab351', $2 = '0'
2023-07-06 14:42:18.579 UTC [204] LOG:  execute s1: SELECT "public"."Disciplina"."id", "public"."Disciplina"."nome" FROM "public"."Disciplina" WHERE "public"."Disciplina"."id" IN ($1,$2) OFFSET $3
2023-07-06 14:42:18.579 UTC [204] DETAIL:  parameters: $1 = '1', $2 = '2', $3 = '0'
2023-07-06 14:48:53.288 UTC [1] LOG:  received fast shutdown request
2023-07-06 14:48:53.295 UTC [1] LOG:  aborting any active transactions
2023-07-06 14:48:53.301 UTC [1] LOG:  background worker "logical replication launcher" (PID 33) exited with exit code 1
2023-07-06 14:48:53.301 UTC [28] LOG:  shutting down
2023-07-06 14:48:53.306 UTC [28] LOG:  checkpoint starting: shutdown immediate
2023-07-06 14:48:53.392 UTC [28] LOG:  checkpoint complete: wrote 0 buffers (0.0%); 0 WAL file(s) added, 0 removed, 0 recycled; write=0.024 s, sync=0.001 s, total=0.092 s; sync files=0, longest=0.000 s, average=0.000 s; distance=0 kB, estimate=34 kB
2023-07-06 14:48:53.433 UTC [1] LOG:  database system is shut down
