2023-07-10 13:18:17.437 UTC [1] LOG:  starting PostgreSQL 15.3 (Debian 15.3-1.pgdg120+1) on x86_64-pc-linux-gnu, compiled by gcc (Debian 12.2.0-14) 12.2.0, 64-bit
2023-07-10 13:18:17.438 UTC [1] LOG:  listening on IPv4 address "0.0.0.0", port 5432
2023-07-10 13:18:17.438 UTC [1] LOG:  listening on IPv6 address "::", port 5432
2023-07-10 13:18:17.450 UTC [1] LOG:  listening on Unix socket "/var/run/postgresql/.s.PGSQL.5432"
2023-07-10 13:18:17.518 UTC [30] LOG:  database system was interrupted; last known up at 2023-07-09 13:28:16 UTC
2023-07-10 13:18:27.537 UTC [30] LOG:  syncing data directory (pre-fsync), elapsed time: 10.01 s, current path: ./base/4/1417
2023-07-10 13:18:37.539 UTC [30] LOG:  syncing data directory (pre-fsync), elapsed time: 20.01 s, current path: ./base/5/2673
2023-07-10 13:18:47.621 UTC [30] LOG:  syncing data directory (pre-fsync), elapsed time: 30.09 s, current path: ./base/5/PG_VERSION
2023-07-10 13:19:07.036 UTC [30] LOG:  syncing data directory (fsync), elapsed time: 10.08 s, current path: ./base/16384/2687
2023-07-10 13:19:16.962 UTC [30] LOG:  syncing data directory (fsync), elapsed time: 20.00 s, current path: ./base/16906/549
2023-07-10 13:19:23.022 UTC [30] LOG:  database system was not properly shut down; automatic recovery in progress
2023-07-10 13:19:23.139 UTC [30] LOG:  redo starts at 0/4A7F4C8
2023-07-10 13:19:23.141 UTC [30] LOG:  invalid record length at 0/4A7F5B0: wanted 24, got 0
2023-07-10 13:19:23.141 UTC [30] LOG:  redo done at 0/4A7F578 system usage: CPU: user: 0.00 s, system: 0.00 s, elapsed: 0.00 s
2023-07-10 13:19:23.318 UTC [28] LOG:  checkpoint starting: end-of-recovery immediate wait
2023-07-10 13:19:23.501 UTC [28] LOG:  checkpoint complete: wrote 2 buffers (0.0%); 0 WAL file(s) added, 0 removed, 0 recycled; write=0.033 s, sync=0.018 s, total=0.189 s; sync files=3, longest=0.007 s, average=0.006 s; distance=0 kB, estimate=0 kB
2023-07-10 13:19:23.653 UTC [1] LOG:  database system is ready to accept connections
2023-07-10 14:41:06.569 UTC [36] LOG:  statement: SELECT CURRENT_SCHEMA() AS schema
2023-07-10 14:41:06.654 UTC [36] LOG:  statement: select version()
2023-07-10 14:41:06.659 UTC [36] LOG:  statement: 
	      SELECT      n.nspname as schema, t.typname as typename, t.oid::int4 as typeid
	      FROM        pg_type t
	      LEFT JOIN   pg_catalog.pg_namespace n ON n.oid = t.typnamespace
	      WHERE       (t.typrelid = 0 OR (SELECT c.relkind = 'c' FROM pg_catalog.pg_class c WHERE c.oid = t.typrelid))
	      AND     NOT EXISTS(SELECT 1 FROM pg_catalog.pg_type el WHERE el.oid = t.typelem AND el.typarray = t.oid)
	      AND     n.nspname NOT IN ('pg_catalog', 'information_schema');
	    
2023-07-10 14:41:06.892 UTC [36] LOG:  statement: select version()
2023-07-10 14:41:07.183 UTC [36] LOG:  execute <unnamed>: 
	    SELECT datname
	    FROM pg_database
	    WHERE datistemplate = $1
	    
	    ORDER BY datname
	  
2023-07-10 14:41:07.183 UTC [36] DETAIL:  parameters: $1 = 'f'
2023-07-10 14:41:07.507 UTC [37] LOG:  statement: select version()
2023-07-10 14:41:07.511 UTC [37] LOG:  statement: 
	    SELECT
	      t.table_schema as schema,
	      t.table_name as name,
	  
	        pc.relkind as tabletype
	      FROM information_schema.tables AS t
	      JOIN pg_class AS pc
	        ON t.table_name = pc.relname AND quote_ident(t.table_schema) = pc.relnamespace::regnamespace::text
	      LEFT OUTER JOIN pg_inherits AS i
	        ON pc.oid = i.inhrelid
	      WHERE t.table_type NOT LIKE '%VIEW%'
	      AND i.inhrelid::regclass IS NULL
	    
	    
	    ORDER BY t.table_schema, t.table_name
	  
2023-07-10 14:41:07.691 UTC [37] LOG:  statement: 
	    SELECT
	      table_schema as schema,
	      table_name as name
	    FROM information_schema.views
	    
	    ORDER BY table_schema, table_name
	  
2023-07-10 14:41:07.701 UTC [37] LOG:  statement: select version()
2023-07-10 14:41:07.704 UTC [37] LOG:  statement: 
	    SELECT
	      schemaname as schema,
	      matviewname as name
	    FROM pg_matviews
	    
	    order by schemaname, matviewname;
	  
2023-07-10 14:41:07.783 UTC [37] LOG:  statement: select version()
2023-07-10 14:41:07.802 UTC [37] LOG:  statement: 
	    SELECT
	      r.specific_name as id,
	      r.routine_schema as routine_schema,
	      r.routine_name as name,
	      r.routine_type as routine_type,
	      r.data_type as data_type
	    FROM INFORMATION_SCHEMA.ROUTINES r
	    where r.routine_schema not in ('sys', 'information_schema',
	                                'pg_catalog', 'performance_schema')
	    
	    ORDER BY routine_schema, routine_name
	  
2023-07-10 14:41:07.918 UTC [37] LOG:  statement: 
	    select
	        r.routine_schema as routine_schema,
	        r.specific_name as specific_name,
	        p.parameter_name as parameter_name,
	        p.character_maximum_length as char_length,
	        p.data_type as data_type
	  from information_schema.routines r
	  left join information_schema.parameters p
	            on p.specific_schema = r.routine_schema
	            and p.specific_name = r.specific_name
	  where r.routine_schema not in ('sys', 'information_schema',
	                                'pg_catalog', 'performance_schema')
	    
	
	      AND p.parameter_mode = 'IN'
	  order by r.routine_schema,
	          r.specific_name,
	          p.ordinal_position;
	
	  
2023-07-10 14:41:09.984 UTC [37] LOG:  execute <unnamed>: 
	    SELECT
	      table_schema,
	      table_name,
	      column_name,
	      is_nullable,
	      ordinal_position,
	      column_default,
	      CASE
	        WHEN character_maximum_length is not null  and udt_name != 'text'
	          THEN CONCAT(udt_name, concat('(', concat(character_maximum_length::varchar(255), ')')))
	        WHEN datetime_precision is not null THEN
	          CONCAT(udt_name, concat('(', concat(datetime_precision::varchar(255), ')')))
	        ELSE udt_name
	      END as data_type
	    FROM information_schema.columns
	    WHERE table_schema = $1 AND table_name = $2
	    ORDER BY table_schema, table_name, ordinal_position
	  
2023-07-10 14:41:09.984 UTC [37] DETAIL:  parameters: $1 = 'public', $2 = 'Aluno'
2023-07-10 14:41:10.114 UTC [37] LOG:  execute <unnamed>: 
	    SELECT
	        tc.table_schema as from_schema,
	        tc.table_name as from_table,
	        kcu.column_name as from_column,
	        ccu.table_schema AS to_schema,
	        ccu.table_name AS to_table,
	        ccu.column_name AS to_column,
	        tc.constraint_name,
	        rc.update_rule as update_rule,
	        rc.delete_rule as delete_rule
	    FROM
	        information_schema.table_constraints AS tc
	        JOIN information_schema.key_column_usage AS kcu
	          ON tc.constraint_name = kcu.constraint_name
	          AND tc.table_schema = kcu.table_schema
	        JOIN information_schema.constraint_column_usage AS ccu
	          ON ccu.constraint_name = tc.constraint_name
	          AND ccu.table_schema = tc.table_schema
	         JOIN information_schema.referential_constraints rc
	          on tc.constraint_name = rc.constraint_name
	          and tc.table_schema = rc.constraint_schema
	    WHERE tc.constraint_type = 'FOREIGN KEY'
	    AND tc.table_name= $1 and tc.table_schema = $2;
	
	  
2023-07-10 14:41:10.114 UTC [37] DETAIL:  parameters: $1 = 'Aluno', $2 = 'public'
2023-07-10 14:41:10.131 UTC [37] LOG:  statement: select version()
2023-07-10 14:41:10.135 UTC [37] LOG:  statement: 
	    SELECT
	      a.attname as column_name,
	      format_type(a.atttypid, a.atttypmod) AS data_type,
	      a.attnum as position
	    FROM   pg_index i
	    JOIN   pg_attribute a ON a.attrelid = i.indrelid
	                        AND a.attnum = ANY(i.indkey)
	    WHERE  i.indrelid = '"public"."Aluno"'::regclass
	    AND    i.indisprimary
	    ORDER BY a.attnum
	  
2023-07-10 14:41:10.272 UTC [37] LOG:  statement: select version()
2023-07-10 14:41:10.280 UTC [37] LOG:  statement: 
	    SELECT * 
	    FROM "public"."Aluno"
	    
	  
	    order by "id" asc
	    LIMIT 100
	    OFFSET 0
	    
2023-07-10 14:41:11.937 UTC [37] LOG:  execute <unnamed>: 
	    SELECT
	      table_schema,
	      table_name,
	      column_name,
	      is_nullable,
	      ordinal_position,
	      column_default,
	      CASE
	        WHEN character_maximum_length is not null  and udt_name != 'text'
	          THEN CONCAT(udt_name, concat('(', concat(character_maximum_length::varchar(255), ')')))
	        WHEN datetime_precision is not null THEN
	          CONCAT(udt_name, concat('(', concat(datetime_precision::varchar(255), ')')))
	        ELSE udt_name
	      END as data_type
	    FROM information_schema.columns
	    WHERE table_schema = $1 AND table_name = $2
	    ORDER BY table_schema, table_name, ordinal_position
	  
2023-07-10 14:41:11.937 UTC [37] DETAIL:  parameters: $1 = 'public', $2 = 'Curso'
2023-07-10 14:41:12.025 UTC [37] LOG:  execute <unnamed>: 
	    SELECT
	        tc.table_schema as from_schema,
	        tc.table_name as from_table,
	        kcu.column_name as from_column,
	        ccu.table_schema AS to_schema,
	        ccu.table_name AS to_table,
	        ccu.column_name AS to_column,
	        tc.constraint_name,
	        rc.update_rule as update_rule,
	        rc.delete_rule as delete_rule
	    FROM
	        information_schema.table_constraints AS tc
	        JOIN information_schema.key_column_usage AS kcu
	          ON tc.constraint_name = kcu.constraint_name
	          AND tc.table_schema = kcu.table_schema
	        JOIN information_schema.constraint_column_usage AS ccu
	          ON ccu.constraint_name = tc.constraint_name
	          AND ccu.table_schema = tc.table_schema
	         JOIN information_schema.referential_constraints rc
	          on tc.constraint_name = rc.constraint_name
	          and tc.table_schema = rc.constraint_schema
	    WHERE tc.constraint_type = 'FOREIGN KEY'
	    AND tc.table_name= $1 and tc.table_schema = $2;
	
	  
2023-07-10 14:41:12.025 UTC [37] DETAIL:  parameters: $1 = 'Curso', $2 = 'public'
2023-07-10 14:41:12.037 UTC [37] LOG:  statement: select version()
2023-07-10 14:41:12.039 UTC [37] LOG:  statement: 
	    SELECT
	      a.attname as column_name,
	      format_type(a.atttypid, a.atttypmod) AS data_type,
	      a.attnum as position
	    FROM   pg_index i
	    JOIN   pg_attribute a ON a.attrelid = i.indrelid
	                        AND a.attnum = ANY(i.indkey)
	    WHERE  i.indrelid = '"public"."Curso"'::regclass
	    AND    i.indisprimary
	    ORDER BY a.attnum
	  
2023-07-10 14:41:12.097 UTC [37] LOG:  statement: select version()
2023-07-10 14:41:12.103 UTC [37] LOG:  statement: 
	    SELECT * 
	    FROM "public"."Curso"
	    
	  
	    order by "id" asc
	    LIMIT 100
	    OFFSET 0
	    
2023-07-10 14:43:31.180 UTC [41] LOG:  execute s0: SELECT "public"."Curso"."id", "public"."Curso"."nome", "public"."Curso"."id_departamento" FROM "public"."Curso" WHERE 1=1 OFFSET $1
2023-07-10 14:43:31.180 UTC [41] DETAIL:  parameters: $1 = '0'
2023-07-10 14:43:56.337 UTC [41] LOG:  statement: SELECT 1
2023-07-10 14:43:56.343 UTC [41] LOG:  execute s1: SELECT "public"."Curso"."id", "public"."Curso"."nome", "public"."Curso"."id_departamento" FROM "public"."Curso" WHERE "public"."Curso"."nome" = $1 LIMIT $2 OFFSET $3
2023-07-10 14:43:56.343 UTC [41] DETAIL:  parameters: $1 = 'analise de algoritimos', $2 = '1', $3 = '0'
2023-07-10 14:43:56.348 UTC [41] LOG:  execute s1: SELECT "public"."Curso"."id", "public"."Curso"."nome", "public"."Curso"."id_departamento" FROM "public"."Curso" WHERE "public"."Curso"."nome" = $1 LIMIT $2 OFFSET $3
2023-07-10 14:43:56.348 UTC [41] DETAIL:  parameters: $1 = 'canaa', $2 = '1', $3 = '0'
2023-07-10 14:46:01.986 UTC [44] LOG:  execute s0: SELECT "public"."Curso"."id", "public"."Curso"."nome", "public"."Curso"."id_departamento" FROM "public"."Curso" WHERE "public"."Curso"."nome" = $1 LIMIT $2 OFFSET $3
2023-07-10 14:46:01.986 UTC [44] DETAIL:  parameters: $1 = 'analise de algoritimos', $2 = '1', $3 = '0'
2023-07-10 14:46:01.993 UTC [44] LOG:  execute s0: SELECT "public"."Curso"."id", "public"."Curso"."nome", "public"."Curso"."id_departamento" FROM "public"."Curso" WHERE "public"."Curso"."nome" = $1 LIMIT $2 OFFSET $3
2023-07-10 14:46:01.993 UTC [44] DETAIL:  parameters: $1 = 'canaa', $2 = '1', $3 = '0'
2023-07-10 14:46:29.480 UTC [46] LOG:  execute s0: SELECT "public"."Curso"."id", "public"."Curso"."nome", "public"."Curso"."id_departamento" FROM "public"."Curso" WHERE "public"."Curso"."nome" = $1 LIMIT $2 OFFSET $3
2023-07-10 14:46:29.480 UTC [46] DETAIL:  parameters: $1 = 'analise de algoritimos', $2 = '1', $3 = '0'
2023-07-10 14:46:29.485 UTC [46] LOG:  execute s0: SELECT "public"."Curso"."id", "public"."Curso"."nome", "public"."Curso"."id_departamento" FROM "public"."Curso" WHERE "public"."Curso"."nome" = $1 LIMIT $2 OFFSET $3
2023-07-10 14:46:29.485 UTC [46] DETAIL:  parameters: $1 = 'canaa', $2 = '1', $3 = '0'
2023-07-10 14:48:09.008 UTC [48] LOG:  execute s0: SELECT "public"."Curso"."id", "public"."Curso"."nome", "public"."Curso"."id_departamento" FROM "public"."Curso" WHERE "public"."Curso"."nome" = $1 LIMIT $2 OFFSET $3
2023-07-10 14:48:09.008 UTC [48] DETAIL:  parameters: $1 = 'analise de algoritimos', $2 = '1', $3 = '0'
2023-07-10 14:48:09.013 UTC [48] LOG:  execute s0: SELECT "public"."Curso"."id", "public"."Curso"."nome", "public"."Curso"."id_departamento" FROM "public"."Curso" WHERE "public"."Curso"."nome" = $1 LIMIT $2 OFFSET $3
2023-07-10 14:48:09.013 UTC [48] DETAIL:  parameters: $1 = 'canaa', $2 = '1', $3 = '0'
2023-07-10 14:48:09.025 UTC [48] LOG:  statement: BEGIN
2023-07-10 14:48:09.033 UTC [48] LOG:  execute s1: SELECT "public"."Curso"."id" FROM "public"."Curso" WHERE ("public"."Curso"."nome" = $1 AND 1=1)
2023-07-10 14:48:09.033 UTC [48] DETAIL:  parameters: $1 = 'analise de algoritimos'
2023-07-10 14:48:09.039 UTC [48] LOG:  execute s2: UPDATE "public"."Curso" SET "nome" = $1 WHERE ("public"."Curso"."id" IN ($2) AND ("public"."Curso"."nome" = $3 AND 1=1))
2023-07-10 14:48:09.039 UTC [48] DETAIL:  parameters: $1 = 'canaa', $2 = '5', $3 = 'analise de algoritimos'
2023-07-10 14:48:09.071 UTC [48] LOG:  execute s3: SELECT "public"."Curso"."id", "public"."Curso"."nome", "public"."Curso"."id_departamento" FROM "public"."Curso" WHERE "public"."Curso"."id" = $1 LIMIT $2 OFFSET $3
2023-07-10 14:48:09.071 UTC [48] DETAIL:  parameters: $1 = '5', $2 = '1', $3 = '0'
2023-07-10 14:48:09.073 UTC [48] LOG:  statement: COMMIT
2023-07-10 14:48:26.456 UTC [48] LOG:  statement: SELECT 1
2023-07-10 14:48:26.459 UTC [48] LOG:  execute s4: SELECT "public"."Curso"."id", "public"."Curso"."nome", "public"."Curso"."id_departamento" FROM "public"."Curso" WHERE 1=1 OFFSET $1
2023-07-10 14:48:26.459 UTC [48] DETAIL:  parameters: $1 = '0'
2023-07-10 14:48:33.194 UTC [48] LOG:  execute s0: SELECT "public"."Curso"."id", "public"."Curso"."nome", "public"."Curso"."id_departamento" FROM "public"."Curso" WHERE "public"."Curso"."nome" = $1 LIMIT $2 OFFSET $3
2023-07-10 14:48:33.194 UTC [48] DETAIL:  parameters: $1 = 'analise de algoritimos', $2 = '1', $3 = '0'
2023-07-10 14:48:33.201 UTC [48] LOG:  execute s0: SELECT "public"."Curso"."id", "public"."Curso"."nome", "public"."Curso"."id_departamento" FROM "public"."Curso" WHERE "public"."Curso"."nome" = $1 LIMIT $2 OFFSET $3
2023-07-10 14:48:33.201 UTC [48] DETAIL:  parameters: $1 = 'canaa', $2 = '1', $3 = '0'
2023-07-10 14:49:09.208 UTC [48] LOG:  statement: SELECT 1
2023-07-10 14:49:09.212 UTC [48] LOG:  execute s0: SELECT "public"."Curso"."id", "public"."Curso"."nome", "public"."Curso"."id_departamento" FROM "public"."Curso" WHERE "public"."Curso"."nome" = $1 LIMIT $2 OFFSET $3
2023-07-10 14:49:09.212 UTC [48] DETAIL:  parameters: $1 = 'canaa', $2 = '1', $3 = '0'
2023-07-10 14:49:09.218 UTC [48] LOG:  execute s0: SELECT "public"."Curso"."id", "public"."Curso"."nome", "public"."Curso"."id_departamento" FROM "public"."Curso" WHERE "public"."Curso"."nome" = $1 LIMIT $2 OFFSET $3
2023-07-10 14:49:09.218 UTC [48] DETAIL:  parameters: $1 = 'BCC', $2 = '1', $3 = '0'
2023-07-10 14:49:20.329 UTC [48] LOG:  execute s0: SELECT "public"."Curso"."id", "public"."Curso"."nome", "public"."Curso"."id_departamento" FROM "public"."Curso" WHERE "public"."Curso"."nome" = $1 LIMIT $2 OFFSET $3
2023-07-10 14:49:20.329 UTC [48] DETAIL:  parameters: $1 = 'Bacharelado em ciencias da computação', $2 = '1', $3 = '0'
2023-07-10 14:49:24.745 UTC [28] LOG:  checkpoint starting: time
2023-07-10 14:49:25.149 UTC [28] LOG:  checkpoint complete: wrote 4 buffers (0.0%); 0 WAL file(s) added, 0 removed, 0 recycled; write=0.328 s, sync=0.008 s, total=0.404 s; sync files=4, longest=0.005 s, average=0.002 s; distance=1 kB, estimate=1 kB
2023-07-10 14:49:33.260 UTC [48] LOG:  statement: SELECT 1
2023-07-10 14:49:33.263 UTC [48] LOG:  execute s0: SELECT "public"."Curso"."id", "public"."Curso"."nome", "public"."Curso"."id_departamento" FROM "public"."Curso" WHERE "public"."Curso"."nome" = $1 LIMIT $2 OFFSET $3
2023-07-10 14:49:33.263 UTC [48] DETAIL:  parameters: $1 = 'canaa', $2 = '1', $3 = '0'
2023-07-10 14:49:33.268 UTC [48] LOG:  statement: BEGIN
2023-07-10 14:49:33.271 UTC [48] LOG:  execute s5: SELECT "public"."Curso"."id", "public"."Curso"."nome", "public"."Curso"."id_departamento" FROM "public"."Curso" WHERE ("public"."Curso"."nome" = $1 AND 1=1) LIMIT $2 OFFSET $3
2023-07-10 14:49:33.271 UTC [48] DETAIL:  parameters: $1 = 'canaa', $2 = '1', $3 = '0'
2023-07-10 14:49:33.303 UTC [48] LOG:  execute s7: SELECT t.typname, t.typtype, t.typelem, r.rngsubtype, t.typbasetype, n.nspname, t.typrelid
	FROM pg_catalog.pg_type t
	LEFT OUTER JOIN pg_catalog.pg_range r ON r.rngtypid = t.oid
	INNER JOIN pg_catalog.pg_namespace n ON t.typnamespace = n.oid
	WHERE t.oid = $1
	
2023-07-10 14:49:33.303 UTC [48] DETAIL:  parameters: $1 = '16419'
2023-07-10 14:49:33.331 UTC [48] LOG:  execute s8: SELECT enumlabel
	FROM pg_catalog.pg_enum
	WHERE enumtypid = $1
	ORDER BY enumsortorder
	
2023-07-10 14:49:33.331 UTC [48] DETAIL:  parameters: $1 = '16419'
2023-07-10 14:49:33.334 UTC [48] LOG:  execute s6: SELECT "public"."Aluno"."id", "public"."Aluno"."nome", "public"."Aluno"."email", "public"."Aluno"."cpf", "public"."Aluno"."sexo", "public"."Aluno"."telefone", "public"."Aluno"."createdAt", "public"."Aluno"."id_turma", "public"."Aluno"."id_curso" FROM "public"."Aluno" WHERE "public"."Aluno"."id_curso" IN ($1) OFFSET $2
2023-07-10 14:49:33.334 UTC [48] DETAIL:  parameters: $1 = '5', $2 = '0'
2023-07-10 14:49:33.360 UTC [48] LOG:  execute s9: SELECT "public"."Turma"."id", "public"."Turma"."nome", "public"."Turma"."id_curso" FROM "public"."Turma" WHERE "public"."Turma"."id_curso" IN ($1) OFFSET $2
2023-07-10 14:49:33.360 UTC [48] DETAIL:  parameters: $1 = '5', $2 = '0'
2023-07-10 14:49:33.373 UTC [48] LOG:  execute s10: SELECT "public"."CursoDisciplina"."id", "public"."CursoDisciplina"."id_curso", "public"."CursoDisciplina"."id_disciplina" FROM "public"."CursoDisciplina" WHERE "public"."CursoDisciplina"."id_curso" IN ($1) OFFSET $2
2023-07-10 14:49:33.373 UTC [48] DETAIL:  parameters: $1 = '5', $2 = '0'
2023-07-10 14:49:33.376 UTC [48] LOG:  execute s1: SELECT "public"."Curso"."id" FROM "public"."Curso" WHERE ("public"."Curso"."nome" = $1 AND 1=1)
2023-07-10 14:49:33.376 UTC [48] DETAIL:  parameters: $1 = 'canaa'
2023-07-10 14:49:33.379 UTC [48] LOG:  execute s11: DELETE FROM "public"."Curso" WHERE ("public"."Curso"."id" IN ($1) AND ("public"."Curso"."nome" = $2 AND 1=1))
2023-07-10 14:49:33.379 UTC [48] DETAIL:  parameters: $1 = '5', $2 = 'canaa'
2023-07-10 14:49:33.430 UTC [48] LOG:  statement: COMMIT
2023-07-10 14:50:09.150 UTC [48] LOG:  statement: SELECT 1
2023-07-10 14:50:09.153 UTC [48] LOG:  execute s4: SELECT "public"."Curso"."id", "public"."Curso"."nome", "public"."Curso"."id_departamento" FROM "public"."Curso" WHERE 1=1 OFFSET $1
2023-07-10 14:50:09.153 UTC [48] DETAIL:  parameters: $1 = '0'
2023-07-10 14:50:22.233 UTC [48] LOG:  execute s0: SELECT "public"."Curso"."id", "public"."Curso"."nome", "public"."Curso"."id_departamento" FROM "public"."Curso" WHERE "public"."Curso"."nome" = $1 LIMIT $2 OFFSET $3
2023-07-10 14:50:22.233 UTC [48] DETAIL:  parameters: $1 = 'aquicultura', $2 = '1', $3 = '0'
2023-07-10 14:50:22.237 UTC [48] LOG:  statement: BEGIN
2023-07-10 14:50:22.275 UTC [48] LOG:  execute s12: SELECT "public"."Departamento"."id" FROM "public"."Departamento" WHERE ("public"."Departamento"."id" = $1 AND 1=1) OFFSET $2
2023-07-10 14:50:22.275 UTC [48] DETAIL:  parameters: $1 = '1', $2 = '0'
2023-07-10 14:50:22.280 UTC [48] LOG:  execute s13: INSERT INTO "public"."Curso" ("nome","id_departamento") VALUES ($1,$2) RETURNING "public"."Curso"."id"
2023-07-10 14:50:22.280 UTC [48] DETAIL:  parameters: $1 = 'aquicultura', $2 = '1'
2023-07-10 14:50:22.298 UTC [48] LOG:  execute s3: SELECT "public"."Curso"."id", "public"."Curso"."nome", "public"."Curso"."id_departamento" FROM "public"."Curso" WHERE "public"."Curso"."id" = $1 LIMIT $2 OFFSET $3
2023-07-10 14:50:22.298 UTC [48] DETAIL:  parameters: $1 = '7', $2 = '1', $3 = '0'
2023-07-10 14:50:22.300 UTC [48] LOG:  statement: COMMIT
2023-07-10 14:50:24.309 UTC [48] LOG:  statement: SELECT 1
2023-07-10 14:50:24.311 UTC [48] LOG:  execute s0: SELECT "public"."Curso"."id", "public"."Curso"."nome", "public"."Curso"."id_departamento" FROM "public"."Curso" WHERE "public"."Curso"."nome" = $1 LIMIT $2 OFFSET $3
2023-07-10 14:50:24.311 UTC [48] DETAIL:  parameters: $1 = 'aquicultura', $2 = '1', $3 = '0'
2023-07-10 14:50:52.906 UTC [48] LOG:  statement: SELECT 1
2023-07-10 14:50:52.908 UTC [48] LOG:  execute s0: SELECT "public"."Curso"."id", "public"."Curso"."nome", "public"."Curso"."id_departamento" FROM "public"."Curso" WHERE "public"."Curso"."nome" = $1 LIMIT $2 OFFSET $3
2023-07-10 14:50:52.908 UTC [48] DETAIL:  parameters: $1 = 'aquicultura', $2 = '1', $3 = '0'
2023-07-10 14:51:08.291 UTC [52] LOG:  execute s0: SELECT "public"."Curso"."id", "public"."Curso"."nome", "public"."Curso"."id_departamento" FROM "public"."Curso" WHERE "public"."Curso"."nome" = $1 LIMIT $2 OFFSET $3
2023-07-10 14:51:08.291 UTC [52] DETAIL:  parameters: $1 = 'aquicultura', $2 = '1', $3 = '0'
