2023-10-20 00:08:25.267 UTC [173] LOG:  execute s1: SELECT t.typname, t.typtype, t.typelem, r.rngsubtype, t.typbasetype, n.nspname, t.typrelid
	FROM pg_catalog.pg_type t
	LEFT OUTER JOIN pg_catalog.pg_range r ON r.rngtypid = t.oid
	INNER JOIN pg_catalog.pg_namespace n ON t.typnamespace = n.oid
	WHERE t.oid = $1
	
2023-10-20 00:08:25.267 UTC [173] DETAIL:  parameters: $1 = '16537'
2023-10-20 00:08:25.277 UTC [173] LOG:  execute s2: SELECT enumlabel
	FROM pg_catalog.pg_enum
	WHERE enumtypid = $1
	ORDER BY enumsortorder
	
2023-10-20 00:08:25.277 UTC [173] DETAIL:  parameters: $1 = '16537'
2023-10-20 00:08:25.282 UTC [173] LOG:  execute s0: SELECT "public"."User"."id", "public"."User"."email", "public"."User"."status" FROM "public"."User" WHERE ("public"."User"."id_aluno" = $1 OR "public"."User"."id_professor" = $2 OR "public"."User"."id_departamento" = $3) LIMIT $4 OFFSET $5
2023-10-20 00:08:25.282 UTC [173] DETAIL:  parameters: $1 = '1', $2 = '1', $3 = '1', $4 = '1', $5 = '0'
2023-10-20 00:08:25.298 UTC [173] LOG:  execute s3: SELECT "public"."Turma"."id", "public"."Turma"."nome", "public"."Turma"."id_curso" FROM "public"."Turma" WHERE ("public"."Turma"."nome" = $1 AND "public"."Turma"."id_curso" = $2) LIMIT $3 OFFSET $4
2023-10-20 00:08:25.298 UTC [173] DETAIL:  parameters: $1 = '2024.2', $2 = '92', $3 = '1', $4 = '0'
2023-10-20 00:08:28.477 UTC [173] LOG:  execute s0: SELECT "public"."User"."id", "public"."User"."email", "public"."User"."status" FROM "public"."User" WHERE ("public"."User"."id_aluno" = $1 OR "public"."User"."id_professor" = $2 OR "public"."User"."id_departamento" = $3) LIMIT $4 OFFSET $5
2023-10-20 00:08:28.477 UTC [173] DETAIL:  parameters: $1 = '1', $2 = '1', $3 = '1', $4 = '1', $5 = '0'
2023-10-20 00:08:28.484 UTC [173] LOG:  execute s4: SELECT "public"."Turma"."id", "public"."Turma"."nome", "public"."Turma"."id_curso" FROM "public"."Turma" WHERE "public"."Turma"."id" = $1 LIMIT $2 OFFSET $3
2023-10-20 00:08:28.484 UTC [173] DETAIL:  parameters: $1 = '22', $2 = '1', $3 = '0'
2023-10-20 00:08:28.487 UTC [173] LOG:  execute s3: SELECT "public"."Turma"."id", "public"."Turma"."nome", "public"."Turma"."id_curso" FROM "public"."Turma" WHERE ("public"."Turma"."nome" = $1 AND "public"."Turma"."id_curso" = $2) LIMIT $3 OFFSET $4
2023-10-20 00:08:28.487 UTC [173] DETAIL:  parameters: $1 = '2024.1', $2 = '92', $3 = '1', $4 = '0'
2023-10-20 00:08:34.867 UTC [173] LOG:  execute s0: SELECT "public"."User"."id", "public"."User"."email", "public"."User"."status" FROM "public"."User" WHERE ("public"."User"."id_aluno" = $1 OR "public"."User"."id_professor" = $2 OR "public"."User"."id_departamento" = $3) LIMIT $4 OFFSET $5
2023-10-20 00:08:34.867 UTC [173] DETAIL:  parameters: $1 = '1', $2 = '1', $3 = '1', $4 = '1', $5 = '0'
2023-10-20 00:08:34.874 UTC [173] LOG:  execute s4: SELECT "public"."Turma"."id", "public"."Turma"."nome", "public"."Turma"."id_curso" FROM "public"."Turma" WHERE "public"."Turma"."id" = $1 LIMIT $2 OFFSET $3
2023-10-20 00:08:34.874 UTC [173] DETAIL:  parameters: $1 = '22', $2 = '1', $3 = '0'
2023-10-20 00:08:34.878 UTC [173] LOG:  execute s3: SELECT "public"."Turma"."id", "public"."Turma"."nome", "public"."Turma"."id_curso" FROM "public"."Turma" WHERE ("public"."Turma"."nome" = $1 AND "public"."Turma"."id_curso" = $2) LIMIT $3 OFFSET $4
2023-10-20 00:08:34.878 UTC [173] DETAIL:  parameters: $1 = '2024.4', $2 = '92', $3 = '1', $4 = '0'
2023-10-20 00:08:34.883 UTC [173] LOG:  statement: BEGIN
2023-10-20 00:08:34.887 UTC [173] LOG:  execute s5: SELECT "public"."Turma"."id" FROM "public"."Turma" WHERE ("public"."Turma"."id" = $1 AND 1=1)
2023-10-20 00:08:34.887 UTC [173] DETAIL:  parameters: $1 = '22'
2023-10-20 00:08:34.892 UTC [173] LOG:  execute s6: UPDATE "public"."Turma" SET "nome" = $1 WHERE ("public"."Turma"."id" IN ($2) AND ("public"."Turma"."id" = $3 AND 1=1))
2023-10-20 00:08:34.892 UTC [173] DETAIL:  parameters: $1 = '2024.4', $2 = '22', $3 = '22'
2023-10-20 00:08:34.895 UTC [173] LOG:  execute s4: SELECT "public"."Turma"."id", "public"."Turma"."nome", "public"."Turma"."id_curso" FROM "public"."Turma" WHERE "public"."Turma"."id" = $1 LIMIT $2 OFFSET $3
2023-10-20 00:08:34.895 UTC [173] DETAIL:  parameters: $1 = '22', $2 = '1', $3 = '0'
2023-10-20 00:08:34.897 UTC [173] LOG:  statement: COMMIT
2023-10-20 00:08:38.291 UTC [173] LOG:  execute s0: SELECT "public"."User"."id", "public"."User"."email", "public"."User"."status" FROM "public"."User" WHERE ("public"."User"."id_aluno" = $1 OR "public"."User"."id_professor" = $2 OR "public"."User"."id_departamento" = $3) LIMIT $4 OFFSET $5
2023-10-20 00:08:38.291 UTC [173] DETAIL:  parameters: $1 = '1', $2 = '1', $3 = '1', $4 = '1', $5 = '0'
2023-10-20 00:08:38.296 UTC [173] LOG:  execute s7: SELECT "public"."Turma"."id", "public"."Turma"."nome", "public"."Turma"."id_curso" FROM "public"."Turma" WHERE 1=1 OFFSET $1
2023-10-20 00:08:38.296 UTC [173] DETAIL:  parameters: $1 = '0'
2023-10-20 00:08:46.516 UTC [173] LOG:  statement: SELECT 1
2023-10-20 00:08:46.518 UTC [173] LOG:  execute s0: SELECT "public"."User"."id", "public"."User"."email", "public"."User"."status" FROM "public"."User" WHERE ("public"."User"."id_aluno" = $1 OR "public"."User"."id_professor" = $2 OR "public"."User"."id_departamento" = $3) LIMIT $4 OFFSET $5
2023-10-20 00:08:46.518 UTC [173] DETAIL:  parameters: $1 = '1', $2 = '1', $3 = '1', $4 = '1', $5 = '0'
2023-10-20 00:08:46.525 UTC [173] LOG:  execute s4: SELECT "public"."Turma"."id", "public"."Turma"."nome", "public"."Turma"."id_curso" FROM "public"."Turma" WHERE "public"."Turma"."id" = $1 LIMIT $2 OFFSET $3
2023-10-20 00:08:46.525 UTC [173] DETAIL:  parameters: $1 = '23', $2 = '1', $3 = '0'
2023-10-20 00:08:46.529 UTC [173] LOG:  statement: BEGIN
2023-10-20 00:08:46.532 UTC [173] LOG:  execute s8: SELECT "public"."Turma"."id" FROM "public"."Turma" WHERE "public"."Turma"."id" = $1 OFFSET $2
2023-10-20 00:08:46.532 UTC [173] DETAIL:  parameters: $1 = '23', $2 = '0'
2023-10-20 00:08:46.536 UTC [173] LOG:  execute s9: SELECT "public"."Turma"."id" FROM "public"."Turma" WHERE "public"."Turma"."id" = $1
2023-10-20 00:08:46.536 UTC [173] DETAIL:  parameters: $1 = '23'
2023-10-20 00:08:46.541 UTC [173] LOG:  execute s10: DELETE FROM "public"."Turma" WHERE ("public"."Turma"."id" IN ($1) AND "public"."Turma"."id" = $2)
2023-10-20 00:08:46.541 UTC [173] DETAIL:  parameters: $1 = '23', $2 = '23'
2023-10-20 00:08:46.546 UTC [173] LOG:  statement: COMMIT
2023-10-20 00:08:49.053 UTC [173] LOG:  execute s0: SELECT "public"."User"."id", "public"."User"."email", "public"."User"."status" FROM "public"."User" WHERE ("public"."User"."id_aluno" = $1 OR "public"."User"."id_professor" = $2 OR "public"."User"."id_departamento" = $3) LIMIT $4 OFFSET $5
2023-10-20 00:08:49.053 UTC [173] DETAIL:  parameters: $1 = '1', $2 = '1', $3 = '1', $4 = '1', $5 = '0'
2023-10-20 00:08:49.057 UTC [173] LOG:  execute s7: SELECT "public"."Turma"."id", "public"."Turma"."nome", "public"."Turma"."id_curso" FROM "public"."Turma" WHERE 1=1 OFFSET $1
2023-10-20 00:08:49.057 UTC [173] DETAIL:  parameters: $1 = '0'
2023-10-20 00:10:04.562 UTC [173] LOG:  statement: SELECT 1
2023-10-20 00:10:04.565 UTC [173] LOG:  execute s0: SELECT "public"."User"."id", "public"."User"."email", "public"."User"."status" FROM "public"."User" WHERE ("public"."User"."id_aluno" = $1 OR "public"."User"."id_professor" = $2 OR "public"."User"."id_departamento" = $3) LIMIT $4 OFFSET $5
2023-10-20 00:10:04.565 UTC [173] DETAIL:  parameters: $1 = '1', $2 = '1', $3 = '1', $4 = '1', $5 = '0'
2023-10-20 00:10:04.575 UTC [173] LOG:  execute s11: SELECT "public"."Curso"."id", "public"."Curso"."nome", "public"."Curso"."id_departamento" FROM "public"."Curso" WHERE 1=1 OFFSET $1
2023-10-20 00:10:04.575 UTC [173] DETAIL:  parameters: $1 = '0'
